running egg_info
creating ../../../build/teleop_agv_keyboard/teleop_agv_keyboard.egg-info
writing ../../../build/teleop_agv_keyboard/teleop_agv_keyboard.egg-info/PKG-INFO
writing dependency_links to ../../../build/teleop_agv_keyboard/teleop_agv_keyboard.egg-info/dependency_links.txt
writing entry points to ../../../build/teleop_agv_keyboard/teleop_agv_keyboard.egg-info/entry_points.txt
writing requirements to ../../../build/teleop_agv_keyboard/teleop_agv_keyboard.egg-info/requires.txt
writing top-level names to ../../../build/teleop_agv_keyboard/teleop_agv_keyboard.egg-info/top_level.txt
writing manifest file '../../../build/teleop_agv_keyboard/teleop_agv_keyboard.egg-info/SOURCES.txt'
reading manifest file '../../../build/teleop_agv_keyboard/teleop_agv_keyboard.egg-info/SOURCES.txt'
writing manifest file '../../../build/teleop_agv_keyboard/teleop_agv_keyboard.egg-info/SOURCES.txt'
running build
running build_py
creating /home/navaneeth/Documents/course/opencv/object_detection_in_gazebo_ros2_ws/build/teleop_agv_keyboard/build
creating /home/navaneeth/Documents/course/opencv/object_detection_in_gazebo_ros2_ws/build/teleop_agv_keyboard/build/lib
copying teleop_agv_keyboard.py -> /home/navaneeth/Documents/course/opencv/object_detection_in_gazebo_ros2_ws/build/teleop_agv_keyboard/build/lib
running install
/usr/lib/python3/dist-packages/setuptools/command/install.py:34: SetuptoolsDeprecationWarning: setup.py install is deprecated. Use build and pip and other standards-based tools.
  warnings.warn(
running install_lib
copying /home/navaneeth/Documents/course/opencv/object_detection_in_gazebo_ros2_ws/build/teleop_agv_keyboard/build/lib/teleop_agv_keyboard.py -> /home/navaneeth/Documents/course/opencv/object_detection_in_gazebo_ros2_ws/install/teleop_agv_keyboard/lib/python3.10/site-packages
byte-compiling /home/navaneeth/Documents/course/opencv/object_detection_in_gazebo_ros2_ws/install/teleop_agv_keyboard/lib/python3.10/site-packages/teleop_agv_keyboard.py to teleop_agv_keyboard.cpython-310.pyc
running install_data
creating /home/navaneeth/Documents/course/opencv/object_detection_in_gazebo_ros2_ws/install/teleop_agv_keyboard/share/ament_index
creating /home/navaneeth/Documents/course/opencv/object_detection_in_gazebo_ros2_ws/install/teleop_agv_keyboard/share/ament_index/resource_index
creating /home/navaneeth/Documents/course/opencv/object_detection_in_gazebo_ros2_ws/install/teleop_agv_keyboard/share/ament_index/resource_index/packages
copying resource/teleop_agv_keyboard -> /home/navaneeth/Documents/course/opencv/object_detection_in_gazebo_ros2_ws/install/teleop_agv_keyboard/share/ament_index/resource_index/packages
copying package.xml -> /home/navaneeth/Documents/course/opencv/object_detection_in_gazebo_ros2_ws/install/teleop_agv_keyboard/share/teleop_agv_keyboard
running install_egg_info
Copying ../../../build/teleop_agv_keyboard/teleop_agv_keyboard.egg-info to /home/navaneeth/Documents/course/opencv/object_detection_in_gazebo_ros2_ws/install/teleop_agv_keyboard/lib/python3.10/site-packages/teleop_agv_keyboard-2.3.2-py3.10.egg-info
running install_scripts
Installing teleop_agv_keyboard script to /home/navaneeth/Documents/course/opencv/object_detection_in_gazebo_ros2_ws/install/teleop_agv_keyboard/lib/teleop_agv_keyboard
writing list of installed files to '/home/navaneeth/Documents/course/opencv/object_detection_in_gazebo_ros2_ws/build/teleop_agv_keyboard/install.log'
