[0.944s] Invoking command in '/home/navaneeth/Documents/course/opencv/object_detection_in_gazebo_ros2_ws/src/packages/teleop_agv_keyboard': PYTHONPATH=/home/navaneeth/Documents/course/opencv/object_detection_in_gazebo_ros2_ws/build/teleop_agv_keyboard/prefix_override:/home/navaneeth/Documents/course/opencv/object_detection_in_gazebo_ros2_ws/install/teleop_agv_keyboard/lib/python3.10/site-packages:${PYTHONPATH} /usr/bin/python3 setup.py egg_info --egg-base ../../../build/teleop_agv_keyboard build --build-base /home/navaneeth/Documents/course/opencv/object_detection_in_gazebo_ros2_ws/build/teleop_agv_keyboard/build install --record /home/navaneeth/Documents/course/opencv/object_detection_in_gazebo_ros2_ws/build/teleop_agv_keyboard/install.log --single-version-externally-managed
[1.203s] running egg_info
[1.204s] creating ../../../build/teleop_agv_keyboard/teleop_agv_keyboard.egg-info
[1.204s] writing ../../../build/teleop_agv_keyboard/teleop_agv_keyboard.egg-info/PKG-INFO
[1.204s] writing dependency_links to ../../../build/teleop_agv_keyboard/teleop_agv_keyboard.egg-info/dependency_links.txt
[1.204s] writing entry points to ../../../build/teleop_agv_keyboard/teleop_agv_keyboard.egg-info/entry_points.txt
[1.204s] writing requirements to ../../../build/teleop_agv_keyboard/teleop_agv_keyboard.egg-info/requires.txt
[1.204s] writing top-level names to ../../../build/teleop_agv_keyboard/teleop_agv_keyboard.egg-info/top_level.txt
[1.204s] writing manifest file '../../../build/teleop_agv_keyboard/teleop_agv_keyboard.egg-info/SOURCES.txt'
[1.207s] reading manifest file '../../../build/teleop_agv_keyboard/teleop_agv_keyboard.egg-info/SOURCES.txt'
[1.207s] writing manifest file '../../../build/teleop_agv_keyboard/teleop_agv_keyboard.egg-info/SOURCES.txt'
[1.208s] running build
[1.208s] running build_py
[1.208s] creating /home/navaneeth/Documents/course/opencv/object_detection_in_gazebo_ros2_ws/build/teleop_agv_keyboard/build
[1.208s] creating /home/navaneeth/Documents/course/opencv/object_detection_in_gazebo_ros2_ws/build/teleop_agv_keyboard/build/lib
[1.208s] copying teleop_agv_keyboard.py -> /home/navaneeth/Documents/course/opencv/object_detection_in_gazebo_ros2_ws/build/teleop_agv_keyboard/build/lib
[1.208s] running install
[1.208s] /usr/lib/python3/dist-packages/setuptools/command/install.py:34: SetuptoolsDeprecationWarning: setup.py install is deprecated. Use build and pip and other standards-based tools.
[1.208s]   warnings.warn(
[1.208s] running install_lib
[1.209s] copying /home/navaneeth/Documents/course/opencv/object_detection_in_gazebo_ros2_ws/build/teleop_agv_keyboard/build/lib/teleop_agv_keyboard.py -> /home/navaneeth/Documents/course/opencv/object_detection_in_gazebo_ros2_ws/install/teleop_agv_keyboard/lib/python3.10/site-packages
[1.209s] byte-compiling /home/navaneeth/Documents/course/opencv/object_detection_in_gazebo_ros2_ws/install/teleop_agv_keyboard/lib/python3.10/site-packages/teleop_agv_keyboard.py to teleop_agv_keyboard.cpython-310.pyc
[1.211s] running install_data
[1.212s] creating /home/navaneeth/Documents/course/opencv/object_detection_in_gazebo_ros2_ws/install/teleop_agv_keyboard/share/ament_index
[1.212s] creating /home/navaneeth/Documents/course/opencv/object_detection_in_gazebo_ros2_ws/install/teleop_agv_keyboard/share/ament_index/resource_index
[1.212s] creating /home/navaneeth/Documents/course/opencv/object_detection_in_gazebo_ros2_ws/install/teleop_agv_keyboard/share/ament_index/resource_index/packages
[1.212s] copying resource/teleop_agv_keyboard -> /home/navaneeth/Documents/course/opencv/object_detection_in_gazebo_ros2_ws/install/teleop_agv_keyboard/share/ament_index/resource_index/packages
[1.213s] copying package.xml -> /home/navaneeth/Documents/course/opencv/object_detection_in_gazebo_ros2_ws/install/teleop_agv_keyboard/share/teleop_agv_keyboard
[1.213s] running install_egg_info
[1.214s] Copying ../../../build/teleop_agv_keyboard/teleop_agv_keyboard.egg-info to /home/navaneeth/Documents/course/opencv/object_detection_in_gazebo_ros2_ws/install/teleop_agv_keyboard/lib/python3.10/site-packages/teleop_agv_keyboard-2.3.2-py3.10.egg-info
[1.215s] running install_scripts
[1.232s] Installing teleop_agv_keyboard script to /home/navaneeth/Documents/course/opencv/object_detection_in_gazebo_ros2_ws/install/teleop_agv_keyboard/lib/teleop_agv_keyboard
[1.232s] writing list of installed files to '/home/navaneeth/Documents/course/opencv/object_detection_in_gazebo_ros2_ws/build/teleop_agv_keyboard/install.log'
[1.268s] Invoked command in '/home/navaneeth/Documents/course/opencv/object_detection_in_gazebo_ros2_ws/src/packages/teleop_agv_keyboard' returned '0': PYTHONPATH=/home/navaneeth/Documents/course/opencv/object_detection_in_gazebo_ros2_ws/build/teleop_agv_keyboard/prefix_override:/home/navaneeth/Documents/course/opencv/object_detection_in_gazebo_ros2_ws/install/teleop_agv_keyboard/lib/python3.10/site-packages:${PYTHONPATH} /usr/bin/python3 setup.py egg_info --egg-base ../../../build/teleop_agv_keyboard build --build-base /home/navaneeth/Documents/course/opencv/object_detection_in_gazebo_ros2_ws/build/teleop_agv_keyboard/build install --record /home/navaneeth/Documents/course/opencv/object_detection_in_gazebo_ros2_ws/build/teleop_agv_keyboard/install.log --single-version-externally-managed
