[0.152s] Invoking command in '/home/vboxuser/Desktop/ROS2Humble/urdf_ws/build/my_first_pkg': CMAKE_PREFIX_PATH=${CMAKE_PREFIX_PATH}:/home/vboxuser/Desktop/ROS2Humble/urdf_ws/install/teleop_agv_keyboard:/opt/ros/humble /usr/bin/cmake /home/vboxuser/Desktop/ROS2Humble/urdf_ws/src/my_first_pkg -DCMAKE_INSTALL_PREFIX=/home/vboxuser/Desktop/ROS2Humble/urdf_ws/install/my_first_pkg
[0.777s] -- Found ament_cmake: 1.3.11 (/opt/ros/humble/share/ament_cmake/cmake)
[1.826s] -- Override CMake install command with custom implementation using symlinks instead of copying resources
[2.435s] -- Found ament_lint_auto: 0.12.11 (/opt/ros/humble/share/ament_lint_auto/cmake)
[3.051s] -- Added test 'copyright' to check source files copyright and LICENSE
[3.102s] -- Added test 'cppcheck' to perform static code analysis on C / C++ code
[3.112s] -- Configured cppcheck include dirs: $<BUILD_INTERFACE:/home/vboxuser/Desktop/ROS2Humble/urdf_ws/src/my_first_pkg/include>
[3.113s] -- Configured cppcheck exclude dirs and/or files: 
[3.113s] -- Added test 'cpplint' to check C / C++ code against the Google style
[3.117s] -- Configured cpplint exclude dirs and/or files: 
[3.121s] -- Added test 'flake8' to check Python code syntax and style conventions
[3.176s] -- Added test 'lint_cmake' to check CMake code style
[3.176s] -- Added test 'pep257' to check Python code against some of the docstring style conventions in PEP 257
[3.179s] -- Added test 'uncrustify' to check C / C++ code style
[3.179s] -- Configured uncrustify additional arguments: 
[3.201s] -- Added test 'xmllint' to check XML markup files
[3.230s] -- Configuring done
[3.474s] -- Generating done
[3.497s] -- Build files have been written to: /home/vboxuser/Desktop/ROS2Humble/urdf_ws/build/my_first_pkg
[3.611s] Invoked command in '/home/vboxuser/Desktop/ROS2Humble/urdf_ws/build/my_first_pkg' returned '0': CMAKE_PREFIX_PATH=${CMAKE_PREFIX_PATH}:/home/vboxuser/Desktop/ROS2Humble/urdf_ws/install/teleop_agv_keyboard:/opt/ros/humble /usr/bin/cmake /home/vboxuser/Desktop/ROS2Humble/urdf_ws/src/my_first_pkg -DCMAKE_INSTALL_PREFIX=/home/vboxuser/Desktop/ROS2Humble/urdf_ws/install/my_first_pkg
[3.621s] Invoking command in '/home/vboxuser/Desktop/ROS2Humble/urdf_ws/build/my_first_pkg': CMAKE_PREFIX_PATH=${CMAKE_PREFIX_PATH}:/home/vboxuser/Desktop/ROS2Humble/urdf_ws/install/teleop_agv_keyboard:/opt/ros/humble /usr/bin/cmake --build /home/vboxuser/Desktop/ROS2Humble/urdf_ws/build/my_first_pkg -- -j7 -l7
[4.252s] [35m[1mConsolidate compiler generated dependencies of target my_node[0m
[4.462s] [100%] Built target my_node
[4.662s] Invoked command in '/home/vboxuser/Desktop/ROS2Humble/urdf_ws/build/my_first_pkg' returned '0': CMAKE_PREFIX_PATH=${CMAKE_PREFIX_PATH}:/home/vboxuser/Desktop/ROS2Humble/urdf_ws/install/teleop_agv_keyboard:/opt/ros/humble /usr/bin/cmake --build /home/vboxuser/Desktop/ROS2Humble/urdf_ws/build/my_first_pkg -- -j7 -l7
[4.796s] Invoking command in '/home/vboxuser/Desktop/ROS2Humble/urdf_ws/build/my_first_pkg': CMAKE_PREFIX_PATH=${CMAKE_PREFIX_PATH}:/home/vboxuser/Desktop/ROS2Humble/urdf_ws/install/teleop_agv_keyboard:/opt/ros/humble /usr/bin/cmake --install /home/vboxuser/Desktop/ROS2Humble/urdf_ws/build/my_first_pkg
[4.848s] -- Install configuration: ""
[4.848s] -- Execute custom install script
[4.851s] -- Up-to-date symlink: /home/vboxuser/Desktop/ROS2Humble/urdf_ws/install/my_first_pkg/lib/my_first_pkg/my_node
[4.852s] -- Up-to-date symlink: /home/vboxuser/Desktop/ROS2Humble/urdf_ws/install/my_first_pkg/share/my_first_pkg//launch/display.launch.py
[4.852s] -- Up-to-date symlink: /home/vboxuser/Desktop/ROS2Humble/urdf_ws/install/my_first_pkg/share/my_first_pkg//launch/gazebo.launch.py
[4.861s] -- Up-to-date symlink: /home/vboxuser/Desktop/ROS2Humble/urdf_ws/install/my_first_pkg/share/my_first_pkg//launch/gazebo_world.launch.py
[4.861s] -- Up-to-date symlink: /home/vboxuser/Desktop/ROS2Humble/urdf_ws/install/my_first_pkg/share/my_first_pkg//urdf/my_robot.urdf
[4.861s] -- Up-to-date symlink: /home/vboxuser/Desktop/ROS2Humble/urdf_ws/install/my_first_pkg/share/my_first_pkg//rviz/config.rviz
[4.861s] -- Up-to-date symlink: /home/vboxuser/Desktop/ROS2Humble/urdf_ws/install/my_first_pkg/share/ament_index/resource_index/package_run_dependencies/my_first_pkg
[4.896s] -- Up-to-date symlink: /home/vboxuser/Desktop/ROS2Humble/urdf_ws/install/my_first_pkg/share/ament_index/resource_index/parent_prefix_path/my_first_pkg
[4.897s] -- Up-to-date symlink: /home/vboxuser/Desktop/ROS2Humble/urdf_ws/install/my_first_pkg/share/my_first_pkg/environment/ament_prefix_path.sh
[4.897s] -- Up-to-date symlink: /home/vboxuser/Desktop/ROS2Humble/urdf_ws/install/my_first_pkg/share/my_first_pkg/environment/ament_prefix_path.dsv
[4.897s] -- Up-to-date symlink: /home/vboxuser/Desktop/ROS2Humble/urdf_ws/install/my_first_pkg/share/my_first_pkg/environment/path.sh
[4.898s] -- Up-to-date symlink: /home/vboxuser/Desktop/ROS2Humble/urdf_ws/install/my_first_pkg/share/my_first_pkg/environment/path.dsv
[4.901s] -- Up-to-date symlink: /home/vboxuser/Desktop/ROS2Humble/urdf_ws/install/my_first_pkg/share/my_first_pkg/local_setup.bash
[4.902s] -- Up-to-date symlink: /home/vboxuser/Desktop/ROS2Humble/urdf_ws/install/my_first_pkg/share/my_first_pkg/local_setup.sh
[4.902s] -- Up-to-date symlink: /home/vboxuser/Desktop/ROS2Humble/urdf_ws/install/my_first_pkg/share/my_first_pkg/local_setup.zsh
[4.902s] -- Up-to-date symlink: /home/vboxuser/Desktop/ROS2Humble/urdf_ws/install/my_first_pkg/share/my_first_pkg/local_setup.dsv
[4.902s] -- Symlinking: /home/vboxuser/Desktop/ROS2Humble/urdf_ws/install/my_first_pkg/share/my_first_pkg/package.dsv
[5.104s] -- Up-to-date symlink: /home/vboxuser/Desktop/ROS2Humble/urdf_ws/install/my_first_pkg/share/ament_index/resource_index/packages/my_first_pkg
[5.104s] -- Up-to-date symlink: /home/vboxuser/Desktop/ROS2Humble/urdf_ws/install/my_first_pkg/share/my_first_pkg/cmake/my_first_pkgConfig.cmake
[5.104s] -- Up-to-date symlink: /home/vboxuser/Desktop/ROS2Humble/urdf_ws/install/my_first_pkg/share/my_first_pkg/cmake/my_first_pkgConfig-version.cmake
[5.104s] -- Up-to-date symlink: /home/vboxuser/Desktop/ROS2Humble/urdf_ws/install/my_first_pkg/share/my_first_pkg/package.xml
[5.138s] Invoked command in '/home/vboxuser/Desktop/ROS2Humble/urdf_ws/build/my_first_pkg' returned '0': CMAKE_PREFIX_PATH=${CMAKE_PREFIX_PATH}:/home/vboxuser/Desktop/ROS2Humble/urdf_ws/install/teleop_agv_keyboard:/opt/ros/humble /usr/bin/cmake --install /home/vboxuser/Desktop/ROS2Humble/urdf_ws/build/my_first_pkg
