running egg_info
writing ../../build/action_py/action_py.egg-info/PKG-INFO
writing dependency_links to ../../build/action_py/action_py.egg-info/dependency_links.txt
writing entry points to ../../build/action_py/action_py.egg-info/entry_points.txt
writing requirements to ../../build/action_py/action_py.egg-info/requires.txt
writing top-level names to ../../build/action_py/action_py.egg-info/top_level.txt
reading manifest file '../../build/action_py/action_py.egg-info/SOURCES.txt'
writing manifest file '../../build/action_py/action_py.egg-info/SOURCES.txt'
running build
running build_py
copying action_py/count_until_server.py -> /home/ueux/Desktop/ROS2Humble/basic_ws/build/action_py/build/lib/action_py
running install
running install_lib
copying /home/ueux/Desktop/ROS2Humble/basic_ws/build/action_py/build/lib/action_py/count_until_server.py -> /home/ueux/Desktop/ROS2Humble/basic_ws/install/action_py/lib/python3.10/site-packages/action_py
byte-compiling /home/ueux/Desktop/ROS2Humble/basic_ws/install/action_py/lib/python3.10/site-packages/action_py/count_until_server.py to count_until_server.cpython-310.pyc
running install_data
running install_egg_info
removing '/home/ueux/Desktop/ROS2Humble/basic_ws/install/action_py/lib/python3.10/site-packages/action_py-0.0.0-py3.10.egg-info' (and everything under it)
Copying ../../build/action_py/action_py.egg-info to /home/ueux/Desktop/ROS2Humble/basic_ws/install/action_py/lib/python3.10/site-packages/action_py-0.0.0-py3.10.egg-info
running install_scripts
writing list of installed files to '/home/ueux/Desktop/ROS2Humble/basic_ws/build/action_py/install.log'
