[0.254s] DEBUG:colcon:Command line arguments: ['/usr/bin/colcon', 'build']
[0.255s] DEBUG:colcon:Parsed command line arguments: Namespace(log_base=None, log_level=None, verb_name='build', build_base='build', install_base='install', merge_install=False, symlink_install=False, test_result_base=None, continue_on_error=False, executor='parallel', parallel_workers=7, event_handlers=None, ignore_user_meta=False, metas=['./colcon.meta'], base_paths=['.'], packages_ignore=None, packages_ignore_regex=None, paths=None, packages_up_to=None, packages_up_to_regex=None, packages_above=None, packages_above_and_dependencies=None, packages_above_depth=None, packages_select_by_dep=None, packages_skip_by_dep=None, packages_skip_up_to=None, packages_select_build_failed=False, packages_skip_build_finished=False, packages_select_test_failures=False, packages_skip_test_passed=False, packages_select=None, packages_skip=None, packages_select_regex=None, packages_skip_regex=None, packages_start=None, packages_end=None, allow_overriding=[], cmake_args=None, cmake_target=None, cmake_target_skip_unavailable=False, cmake_clean_cache=False, cmake_clean_first=False, cmake_force_configure=False, ament_cmake_args=None, catkin_cmake_args=None, catkin_skip_building_tests=False, mixin_files=None, mixin=None, verb_parser=<colcon_mixin.mixin.mixin_argument.MixinArgumentDecorator object at 0x7393cac5d7e0>, verb_extension=<colcon_core.verb.build.BuildVerb object at 0x7393cad6a770>, main=<bound method BuildVerb.main of <colcon_core.verb.build.BuildVerb object at 0x7393cad6a770>>, mixin_verb=('build',))
[0.542s] Level 1:colcon.colcon_core.package_discovery:discover_packages(colcon_meta) check parameters
[0.542s] Level 1:colcon.colcon_core.package_discovery:discover_packages(recursive) check parameters
[0.542s] Level 1:colcon.colcon_core.package_discovery:discover_packages(ignore) check parameters
[0.542s] Level 1:colcon.colcon_core.package_discovery:discover_packages(path) check parameters
[0.542s] Level 1:colcon.colcon_core.package_discovery:discover_packages(colcon_meta) discover
[0.542s] Level 1:colcon.colcon_core.package_discovery:discover_packages(recursive) discover
[0.542s] INFO:colcon.colcon_core.package_discovery:Crawling recursively for packages in '/home/vboxuser/Desktop/ROS2Humble/urdf_ws'
[0.543s] Level 1:colcon.colcon_core.package_identification:_identify(.) by extensions ['ignore', 'ignore_ament_install']
[0.543s] Level 1:colcon.colcon_core.package_identification:_identify(.) by extension 'ignore'
[0.543s] Level 1:colcon.colcon_core.package_identification:_identify(.) by extension 'ignore_ament_install'
[0.543s] Level 1:colcon.colcon_core.package_identification:_identify(.) by extensions ['colcon_pkg']
[0.543s] Level 1:colcon.colcon_core.package_identification:_identify(.) by extension 'colcon_pkg'
[0.543s] Level 1:colcon.colcon_core.package_identification:_identify(.) by extensions ['colcon_meta']
[0.543s] Level 1:colcon.colcon_core.package_identification:_identify(.) by extension 'colcon_meta'
[0.543s] Level 1:colcon.colcon_core.package_identification:_identify(.) by extensions ['ros']
[0.543s] Level 1:colcon.colcon_core.package_identification:_identify(.) by extension 'ros'
[0.567s] Level 1:colcon.colcon_core.package_identification:_identify(.) by extensions ['cmake', 'python']
[0.568s] Level 1:colcon.colcon_core.package_identification:_identify(.) by extension 'cmake'
[0.568s] Level 1:colcon.colcon_core.package_identification:_identify(.) by extension 'python'
[0.568s] Level 1:colcon.colcon_core.package_identification:_identify(.) by extensions ['python_setup_py']
[0.568s] Level 1:colcon.colcon_core.package_identification:_identify(.) by extension 'python_setup_py'
[0.568s] Level 1:colcon.colcon_core.package_identification:_identify(build) by extensions ['ignore', 'ignore_ament_install']
[0.568s] Level 1:colcon.colcon_core.package_identification:_identify(build) by extension 'ignore'
[0.568s] Level 1:colcon.colcon_core.package_identification:_identify(build) ignored
[0.569s] Level 1:colcon.colcon_core.package_identification:_identify(install) by extensions ['ignore', 'ignore_ament_install']
[0.569s] Level 1:colcon.colcon_core.package_identification:_identify(install) by extension 'ignore'
[0.569s] Level 1:colcon.colcon_core.package_identification:_identify(install) ignored
[0.569s] Level 1:colcon.colcon_core.package_identification:_identify(log) by extensions ['ignore', 'ignore_ament_install']
[0.569s] Level 1:colcon.colcon_core.package_identification:_identify(log) by extension 'ignore'
[0.569s] Level 1:colcon.colcon_core.package_identification:_identify(log) ignored
[0.569s] Level 1:colcon.colcon_core.package_identification:_identify(src) by extensions ['ignore', 'ignore_ament_install']
[0.569s] Level 1:colcon.colcon_core.package_identification:_identify(src) by extension 'ignore'
[0.569s] Level 1:colcon.colcon_core.package_identification:_identify(src) by extension 'ignore_ament_install'
[0.569s] Level 1:colcon.colcon_core.package_identification:_identify(src) by extensions ['colcon_pkg']
[0.569s] Level 1:colcon.colcon_core.package_identification:_identify(src) by extension 'colcon_pkg'
[0.569s] Level 1:colcon.colcon_core.package_identification:_identify(src) by extensions ['colcon_meta']
[0.569s] Level 1:colcon.colcon_core.package_identification:_identify(src) by extension 'colcon_meta'
[0.569s] Level 1:colcon.colcon_core.package_identification:_identify(src) by extensions ['ros']
[0.569s] Level 1:colcon.colcon_core.package_identification:_identify(src) by extension 'ros'
[0.569s] Level 1:colcon.colcon_core.package_identification:_identify(src) by extensions ['cmake', 'python']
[0.569s] Level 1:colcon.colcon_core.package_identification:_identify(src) by extension 'cmake'
[0.569s] Level 1:colcon.colcon_core.package_identification:_identify(src) by extension 'python'
[0.569s] Level 1:colcon.colcon_core.package_identification:_identify(src) by extensions ['python_setup_py']
[0.569s] Level 1:colcon.colcon_core.package_identification:_identify(src) by extension 'python_setup_py'
[0.570s] Level 1:colcon.colcon_core.package_identification:_identify(src/my_first_pkg) by extensions ['ignore', 'ignore_ament_install']
[0.570s] Level 1:colcon.colcon_core.package_identification:_identify(src/my_first_pkg) by extension 'ignore'
[0.570s] Level 1:colcon.colcon_core.package_identification:_identify(src/my_first_pkg) by extension 'ignore_ament_install'
[0.570s] Level 1:colcon.colcon_core.package_identification:_identify(src/my_first_pkg) by extensions ['colcon_pkg']
[0.570s] Level 1:colcon.colcon_core.package_identification:_identify(src/my_first_pkg) by extension 'colcon_pkg'
[0.570s] Level 1:colcon.colcon_core.package_identification:_identify(src/my_first_pkg) by extensions ['colcon_meta']
[0.570s] Level 1:colcon.colcon_core.package_identification:_identify(src/my_first_pkg) by extension 'colcon_meta'
[0.570s] Level 1:colcon.colcon_core.package_identification:_identify(src/my_first_pkg) by extensions ['ros']
[0.570s] Level 1:colcon.colcon_core.package_identification:_identify(src/my_first_pkg) by extension 'ros'
[0.573s] DEBUG:colcon.colcon_core.package_identification:Package 'src/my_first_pkg' with type 'ros.ament_cmake' and name 'my_first_pkg'
[0.573s] Level 1:colcon.colcon_core.package_identification:_identify(src/teleop_agv_keyboard) by extensions ['ignore', 'ignore_ament_install']
[0.573s] Level 1:colcon.colcon_core.package_identification:_identify(src/teleop_agv_keyboard) by extension 'ignore'
[0.573s] Level 1:colcon.colcon_core.package_identification:_identify(src/teleop_agv_keyboard) by extension 'ignore_ament_install'
[0.573s] Level 1:colcon.colcon_core.package_identification:_identify(src/teleop_agv_keyboard) by extensions ['colcon_pkg']
[0.573s] Level 1:colcon.colcon_core.package_identification:_identify(src/teleop_agv_keyboard) by extension 'colcon_pkg'
[0.573s] Level 1:colcon.colcon_core.package_identification:_identify(src/teleop_agv_keyboard) by extensions ['colcon_meta']
[0.573s] Level 1:colcon.colcon_core.package_identification:_identify(src/teleop_agv_keyboard) by extension 'colcon_meta'
[0.573s] Level 1:colcon.colcon_core.package_identification:_identify(src/teleop_agv_keyboard) by extensions ['ros']
[0.573s] Level 1:colcon.colcon_core.package_identification:_identify(src/teleop_agv_keyboard) by extension 'ros'
[0.574s] DEBUG:colcon.colcon_core.package_identification:Package 'src/teleop_agv_keyboard' with type 'ros.ament_python' and name 'teleop_agv_keyboard'
[0.574s] Level 1:colcon.colcon_core.package_discovery:discover_packages(recursive) using defaults
[0.574s] Level 1:colcon.colcon_core.package_discovery:discover_packages(ignore) discover
[0.574s] Level 1:colcon.colcon_core.package_discovery:discover_packages(ignore) using defaults
[0.574s] Level 1:colcon.colcon_core.package_discovery:discover_packages(path) discover
[0.574s] Level 1:colcon.colcon_core.package_discovery:discover_packages(path) using defaults
[0.627s] Level 1:colcon.colcon_core.package_discovery:discover_packages(prefix_path) check parameters
[0.627s] Level 1:colcon.colcon_core.package_discovery:discover_packages(prefix_path) discover
[0.628s] WARNING:colcon.colcon_ros.prefix_path.ament:The path '/home/vboxuser/Desktop/ROS2Humble/urdf_ws/install/teleop_agv_keyboard' in the environment variable AMENT_PREFIX_PATH doesn't exist
[0.629s] WARNING:colcon.colcon_ros.prefix_path.ament:The path '/home/vboxuser/Desktop/ROS2Humble/urdf_ws/install/my_first_pkg' in the environment variable AMENT_PREFIX_PATH doesn't exist
[0.629s] WARNING:colcon.colcon_ros.prefix_path.catkin:The path '/home/vboxuser/Desktop/ROS2Humble/urdf_ws/install/my_first_pkg' in the environment variable CMAKE_PREFIX_PATH doesn't exist
[0.629s] DEBUG:colcon.colcon_installed_package_information.package_discovery:Found 2 installed packages in /home/vboxuser/Desktop/ROS2Humble/basic_ws/install
[0.630s] DEBUG:colcon.colcon_installed_package_information.package_discovery:Found 1 installed packages in /home/vboxuser/Desktop/ROS2Humble/ros2_ws/install
[0.630s] DEBUG:colcon.colcon_installed_package_information.package_discovery:Found 0 installed packages in /home/vboxuser/Desktop/ROS2Humble/urdf_ws/install
[0.631s] DEBUG:colcon.colcon_installed_package_information.package_discovery:Found 276 installed packages in /opt/ros/humble
[0.632s] Level 1:colcon.colcon_core.package_discovery:discover_packages(prefix_path) using defaults
[0.695s] Level 5:colcon.colcon_core.verb:set package 'my_first_pkg' build argument 'cmake_args' from command line to 'None'
[0.695s] Level 5:colcon.colcon_core.verb:set package 'my_first_pkg' build argument 'cmake_target' from command line to 'None'
[0.695s] Level 5:colcon.colcon_core.verb:set package 'my_first_pkg' build argument 'cmake_target_skip_unavailable' from command line to 'False'
[0.695s] Level 5:colcon.colcon_core.verb:set package 'my_first_pkg' build argument 'cmake_clean_cache' from command line to 'False'
[0.695s] Level 5:colcon.colcon_core.verb:set package 'my_first_pkg' build argument 'cmake_clean_first' from command line to 'False'
[0.695s] Level 5:colcon.colcon_core.verb:set package 'my_first_pkg' build argument 'cmake_force_configure' from command line to 'False'
[0.695s] Level 5:colcon.colcon_core.verb:set package 'my_first_pkg' build argument 'ament_cmake_args' from command line to 'None'
[0.695s] Level 5:colcon.colcon_core.verb:set package 'my_first_pkg' build argument 'catkin_cmake_args' from command line to 'None'
[0.695s] Level 5:colcon.colcon_core.verb:set package 'my_first_pkg' build argument 'catkin_skip_building_tests' from command line to 'False'
[0.695s] DEBUG:colcon.colcon_core.verb:Building package 'my_first_pkg' with the following arguments: {'ament_cmake_args': None, 'build_base': '/home/vboxuser/Desktop/ROS2Humble/urdf_ws/build/my_first_pkg', 'catkin_cmake_args': None, 'catkin_skip_building_tests': False, 'cmake_args': None, 'cmake_clean_cache': False, 'cmake_clean_first': False, 'cmake_force_configure': False, 'cmake_target': None, 'cmake_target_skip_unavailable': False, 'install_base': '/home/vboxuser/Desktop/ROS2Humble/urdf_ws/install/my_first_pkg', 'merge_install': False, 'path': '/home/vboxuser/Desktop/ROS2Humble/urdf_ws/src/my_first_pkg', 'symlink_install': False, 'test_result_base': None}
[0.699s] Level 5:colcon.colcon_core.verb:set package 'teleop_agv_keyboard' build argument 'cmake_args' from command line to 'None'
[0.699s] Level 5:colcon.colcon_core.verb:set package 'teleop_agv_keyboard' build argument 'cmake_target' from command line to 'None'
[0.699s] Level 5:colcon.colcon_core.verb:set package 'teleop_agv_keyboard' build argument 'cmake_target_skip_unavailable' from command line to 'False'
[0.699s] Level 5:colcon.colcon_core.verb:set package 'teleop_agv_keyboard' build argument 'cmake_clean_cache' from command line to 'False'
[0.699s] Level 5:colcon.colcon_core.verb:set package 'teleop_agv_keyboard' build argument 'cmake_clean_first' from command line to 'False'
[0.699s] Level 5:colcon.colcon_core.verb:set package 'teleop_agv_keyboard' build argument 'cmake_force_configure' from command line to 'False'
[0.699s] Level 5:colcon.colcon_core.verb:set package 'teleop_agv_keyboard' build argument 'ament_cmake_args' from command line to 'None'
[0.699s] Level 5:colcon.colcon_core.verb:set package 'teleop_agv_keyboard' build argument 'catkin_cmake_args' from command line to 'None'
[0.699s] Level 5:colcon.colcon_core.verb:set package 'teleop_agv_keyboard' build argument 'catkin_skip_building_tests' from command line to 'False'
[0.699s] DEBUG:colcon.colcon_core.verb:Building package 'teleop_agv_keyboard' with the following arguments: {'ament_cmake_args': None, 'build_base': '/home/vboxuser/Desktop/ROS2Humble/urdf_ws/build/teleop_agv_keyboard', 'catkin_cmake_args': None, 'catkin_skip_building_tests': False, 'cmake_args': None, 'cmake_clean_cache': False, 'cmake_clean_first': False, 'cmake_force_configure': False, 'cmake_target': None, 'cmake_target_skip_unavailable': False, 'install_base': '/home/vboxuser/Desktop/ROS2Humble/urdf_ws/install/teleop_agv_keyboard', 'merge_install': False, 'path': '/home/vboxuser/Desktop/ROS2Humble/urdf_ws/src/teleop_agv_keyboard', 'symlink_install': False, 'test_result_base': None}
[0.699s] INFO:colcon.colcon_core.executor:Executing jobs using 'parallel' executor
[0.724s] DEBUG:colcon.colcon_parallel_executor.executor.parallel:run_until_complete
[0.724s] INFO:colcon.colcon_ros.task.ament_cmake.build:Building ROS package in '/home/vboxuser/Desktop/ROS2Humble/urdf_ws/src/my_first_pkg' with build type 'ament_cmake'
[0.724s] INFO:colcon.colcon_cmake.task.cmake.build:Building CMake package in '/home/vboxuser/Desktop/ROS2Humble/urdf_ws/src/my_first_pkg'
[0.727s] INFO:colcon.colcon_core.plugin_system:Skipping extension 'colcon_core.shell.bat': Not used on non-Windows systems
[0.729s] INFO:colcon.colcon_core.shell:Skip shell extension 'powershell' for command environment: Not usable outside of PowerShell
[0.729s] DEBUG:colcon.colcon_core.shell:Skip shell extension 'dsv' for command environment
[0.755s] INFO:colcon.colcon_ros.task.ament_python.build:Building ROS package in '/home/vboxuser/Desktop/ROS2Humble/urdf_ws/src/teleop_agv_keyboard' with build type 'ament_python'
[0.757s] Level 1:colcon.colcon_core.shell:create_environment_hook('teleop_agv_keyboard', 'ament_prefix_path')
[0.757s] INFO:colcon.colcon_core.shell:Creating environment hook '/home/vboxuser/Desktop/ROS2Humble/urdf_ws/install/teleop_agv_keyboard/share/teleop_agv_keyboard/hook/ament_prefix_path.ps1'
[0.764s] INFO:colcon.colcon_core.shell:Creating environment descriptor '/home/vboxuser/Desktop/ROS2Humble/urdf_ws/install/teleop_agv_keyboard/share/teleop_agv_keyboard/hook/ament_prefix_path.dsv'
[0.765s] INFO:colcon.colcon_core.shell:Creating environment hook '/home/vboxuser/Desktop/ROS2Humble/urdf_ws/install/teleop_agv_keyboard/share/teleop_agv_keyboard/hook/ament_prefix_path.sh'
[0.766s] INFO:colcon.colcon_core.shell:Skip shell extension 'powershell' for command environment: Not usable outside of PowerShell
[0.766s] DEBUG:colcon.colcon_core.shell:Skip shell extension 'dsv' for command environment
[0.791s] DEBUG:colcon.colcon_core.event_handler.log_command:Invoking command in '/home/vboxuser/Desktop/ROS2Humble/urdf_ws/build/my_first_pkg': CMAKE_PREFIX_PATH=${CMAKE_PREFIX_PATH}:/home/vboxuser/Desktop/ROS2Humble/basic_ws/install/pubsub:/home/vboxuser/Desktop/ROS2Humble/ros2_ws/install/my_robot_controller:/home/vboxuser/Desktop/ROS2Humble/urdf_ws/install/teleop_agv_keyboard:/opt/ros/humble /usr/bin/cmake /home/vboxuser/Desktop/ROS2Humble/urdf_ws/src/my_first_pkg -DCMAKE_INSTALL_PREFIX=/home/vboxuser/Desktop/ROS2Humble/urdf_ws/install/my_first_pkg
[3.003s] INFO:colcon.colcon_core.task.python.build:Building Python package in '/home/vboxuser/Desktop/ROS2Humble/urdf_ws/src/teleop_agv_keyboard'
[3.005s] INFO:colcon.colcon_core.shell:Skip shell extension 'powershell' for command environment: Not usable outside of PowerShell
[3.005s] DEBUG:colcon.colcon_core.shell:Skip shell extension 'dsv' for command environment
[6.051s] DEBUG:colcon.colcon_core.event_handler.log_command:Invoking command in '/home/vboxuser/Desktop/ROS2Humble/urdf_ws/src/teleop_agv_keyboard': PYTHONPATH=/home/vboxuser/Desktop/ROS2Humble/urdf_ws/build/teleop_agv_keyboard/prefix_override:/usr/lib/python3/dist-packages/colcon_core/task/python/colcon_distutils_commands:/home/vboxuser/Desktop/ROS2Humble/urdf_ws/install/teleop_agv_keyboard/lib/python3.10/site-packages:${PYTHONPATH} /usr/bin/python3 -W ignore:setup.py install is deprecated -W ignore:easy_install command is deprecated setup.py egg_info --egg-base ../../build/teleop_agv_keyboard build --build-base /home/vboxuser/Desktop/ROS2Humble/urdf_ws/build/teleop_agv_keyboard/build install --record /home/vboxuser/Desktop/ROS2Humble/urdf_ws/build/teleop_agv_keyboard/install.log --single-version-externally-managed install_data
[9.400s] DEBUG:colcon.colcon_core.event_handler.log_command:Invoked command in '/home/vboxuser/Desktop/ROS2Humble/urdf_ws/src/teleop_agv_keyboard' returned '0': PYTHONPATH=/home/vboxuser/Desktop/ROS2Humble/urdf_ws/build/teleop_agv_keyboard/prefix_override:/usr/lib/python3/dist-packages/colcon_core/task/python/colcon_distutils_commands:/home/vboxuser/Desktop/ROS2Humble/urdf_ws/install/teleop_agv_keyboard/lib/python3.10/site-packages:${PYTHONPATH} /usr/bin/python3 -W ignore:setup.py install is deprecated -W ignore:easy_install command is deprecated setup.py egg_info --egg-base ../../build/teleop_agv_keyboard build --build-base /home/vboxuser/Desktop/ROS2Humble/urdf_ws/build/teleop_agv_keyboard/build install --record /home/vboxuser/Desktop/ROS2Humble/urdf_ws/build/teleop_agv_keyboard/install.log --single-version-externally-managed install_data
[9.419s] Level 1:colcon.colcon_core.environment:checking '/home/vboxuser/Desktop/ROS2Humble/urdf_ws/install/teleop_agv_keyboard' for CMake module files
[9.420s] Level 1:colcon.colcon_core.environment:checking '/home/vboxuser/Desktop/ROS2Humble/urdf_ws/install/teleop_agv_keyboard' for CMake config files
[9.421s] Level 1:colcon.colcon_core.environment:checking '/home/vboxuser/Desktop/ROS2Humble/urdf_ws/install/teleop_agv_keyboard/lib'
[9.422s] Level 1:colcon.colcon_core.environment:checking '/home/vboxuser/Desktop/ROS2Humble/urdf_ws/install/teleop_agv_keyboard/bin'
[9.422s] Level 1:colcon.colcon_core.environment:checking '/home/vboxuser/Desktop/ROS2Humble/urdf_ws/install/teleop_agv_keyboard/lib/pkgconfig/teleop_agv_keyboard.pc'
[9.422s] Level 1:colcon.colcon_core.environment:checking '/home/vboxuser/Desktop/ROS2Humble/urdf_ws/install/teleop_agv_keyboard/lib/python3.10/site-packages'
[9.424s] Level 1:colcon.colcon_core.shell:create_environment_hook('teleop_agv_keyboard', 'pythonpath')
[9.424s] INFO:colcon.colcon_core.shell:Creating environment hook '/home/vboxuser/Desktop/ROS2Humble/urdf_ws/install/teleop_agv_keyboard/share/teleop_agv_keyboard/hook/pythonpath.ps1'
[9.427s] INFO:colcon.colcon_core.shell:Creating environment descriptor '/home/vboxuser/Desktop/ROS2Humble/urdf_ws/install/teleop_agv_keyboard/share/teleop_agv_keyboard/hook/pythonpath.dsv'
[9.442s] INFO:colcon.colcon_core.shell:Creating environment hook '/home/vboxuser/Desktop/ROS2Humble/urdf_ws/install/teleop_agv_keyboard/share/teleop_agv_keyboard/hook/pythonpath.sh'
[9.444s] Level 1:colcon.colcon_core.environment:checking '/home/vboxuser/Desktop/ROS2Humble/urdf_ws/install/teleop_agv_keyboard/bin'
[9.445s] Level 1:colcon.colcon_core.environment:create_environment_scripts_only(teleop_agv_keyboard)
[9.445s] INFO:colcon.colcon_core.shell:Creating package script '/home/vboxuser/Desktop/ROS2Humble/urdf_ws/install/teleop_agv_keyboard/share/teleop_agv_keyboard/package.ps1'
[9.459s] INFO:colcon.colcon_core.shell:Creating package descriptor '/home/vboxuser/Desktop/ROS2Humble/urdf_ws/install/teleop_agv_keyboard/share/teleop_agv_keyboard/package.dsv'
[9.460s] INFO:colcon.colcon_core.shell:Creating package script '/home/vboxuser/Desktop/ROS2Humble/urdf_ws/install/teleop_agv_keyboard/share/teleop_agv_keyboard/package.sh'
[9.460s] INFO:colcon.colcon_core.shell:Creating package script '/home/vboxuser/Desktop/ROS2Humble/urdf_ws/install/teleop_agv_keyboard/share/teleop_agv_keyboard/package.bash'
[9.463s] INFO:colcon.colcon_core.shell:Creating package script '/home/vboxuser/Desktop/ROS2Humble/urdf_ws/install/teleop_agv_keyboard/share/teleop_agv_keyboard/package.zsh'
[9.473s] Level 1:colcon.colcon_core.environment:create_file_with_runtime_dependencies(/home/vboxuser/Desktop/ROS2Humble/urdf_ws/install/teleop_agv_keyboard/share/colcon-core/packages/teleop_agv_keyboard)
[15.749s] DEBUG:colcon.colcon_core.event_handler.log_command:Invoked command in '/home/vboxuser/Desktop/ROS2Humble/urdf_ws/build/my_first_pkg' returned '0': CMAKE_PREFIX_PATH=${CMAKE_PREFIX_PATH}:/home/vboxuser/Desktop/ROS2Humble/basic_ws/install/pubsub:/home/vboxuser/Desktop/ROS2Humble/ros2_ws/install/my_robot_controller:/home/vboxuser/Desktop/ROS2Humble/urdf_ws/install/teleop_agv_keyboard:/opt/ros/humble /usr/bin/cmake /home/vboxuser/Desktop/ROS2Humble/urdf_ws/src/my_first_pkg -DCMAKE_INSTALL_PREFIX=/home/vboxuser/Desktop/ROS2Humble/urdf_ws/install/my_first_pkg
[15.750s] DEBUG:colcon.colcon_core.event_handler.log_command:Invoking command in '/home/vboxuser/Desktop/ROS2Humble/urdf_ws/build/my_first_pkg': CMAKE_PREFIX_PATH=${CMAKE_PREFIX_PATH}:/home/vboxuser/Desktop/ROS2Humble/basic_ws/install/pubsub:/home/vboxuser/Desktop/ROS2Humble/ros2_ws/install/my_robot_controller:/home/vboxuser/Desktop/ROS2Humble/urdf_ws/install/teleop_agv_keyboard:/opt/ros/humble /usr/bin/cmake --build /home/vboxuser/Desktop/ROS2Humble/urdf_ws/build/my_first_pkg -- -j7 -l7
[18.045s] DEBUG:colcon.colcon_core.event_handler.log_command:Invoked command in '/home/vboxuser/Desktop/ROS2Humble/urdf_ws/build/my_first_pkg' returned '0': CMAKE_PREFIX_PATH=${CMAKE_PREFIX_PATH}:/home/vboxuser/Desktop/ROS2Humble/basic_ws/install/pubsub:/home/vboxuser/Desktop/ROS2Humble/ros2_ws/install/my_robot_controller:/home/vboxuser/Desktop/ROS2Humble/urdf_ws/install/teleop_agv_keyboard:/opt/ros/humble /usr/bin/cmake --build /home/vboxuser/Desktop/ROS2Humble/urdf_ws/build/my_first_pkg -- -j7 -l7
[18.206s] DEBUG:colcon.colcon_core.event_handler.log_command:Invoking command in '/home/vboxuser/Desktop/ROS2Humble/urdf_ws/build/my_first_pkg': CMAKE_PREFIX_PATH=${CMAKE_PREFIX_PATH}:/home/vboxuser/Desktop/ROS2Humble/basic_ws/install/pubsub:/home/vboxuser/Desktop/ROS2Humble/ros2_ws/install/my_robot_controller:/home/vboxuser/Desktop/ROS2Humble/urdf_ws/install/teleop_agv_keyboard:/opt/ros/humble /usr/bin/cmake --install /home/vboxuser/Desktop/ROS2Humble/urdf_ws/build/my_first_pkg
[18.309s] Level 1:colcon.colcon_core.environment:create_environment_scripts_only(my_first_pkg)
[18.309s] Level 1:colcon.colcon_core.environment:checking '/home/vboxuser/Desktop/ROS2Humble/urdf_ws/install/my_first_pkg' for CMake module files
[18.310s] Level 1:colcon.colcon_core.environment:checking '/home/vboxuser/Desktop/ROS2Humble/urdf_ws/install/my_first_pkg' for CMake config files
[18.310s] Level 1:colcon.colcon_core.shell:create_environment_hook('my_first_pkg', 'cmake_prefix_path')
[18.342s] DEBUG:colcon.colcon_core.event_handler.log_command:Invoked command in '/home/vboxuser/Desktop/ROS2Humble/urdf_ws/build/my_first_pkg' returned '0': CMAKE_PREFIX_PATH=${CMAKE_PREFIX_PATH}:/home/vboxuser/Desktop/ROS2Humble/basic_ws/install/pubsub:/home/vboxuser/Desktop/ROS2Humble/ros2_ws/install/my_robot_controller:/home/vboxuser/Desktop/ROS2Humble/urdf_ws/install/teleop_agv_keyboard:/opt/ros/humble /usr/bin/cmake --install /home/vboxuser/Desktop/ROS2Humble/urdf_ws/build/my_first_pkg
[18.343s] INFO:colcon.colcon_core.shell:Creating environment hook '/home/vboxuser/Desktop/ROS2Humble/urdf_ws/install/my_first_pkg/share/my_first_pkg/hook/cmake_prefix_path.ps1'
[18.347s] INFO:colcon.colcon_core.shell:Creating environment descriptor '/home/vboxuser/Desktop/ROS2Humble/urdf_ws/install/my_first_pkg/share/my_first_pkg/hook/cmake_prefix_path.dsv'
[18.347s] INFO:colcon.colcon_core.shell:Creating environment hook '/home/vboxuser/Desktop/ROS2Humble/urdf_ws/install/my_first_pkg/share/my_first_pkg/hook/cmake_prefix_path.sh'
[18.349s] Level 1:colcon.colcon_core.environment:checking '/home/vboxuser/Desktop/ROS2Humble/urdf_ws/install/my_first_pkg/lib'
[18.349s] Level 1:colcon.colcon_core.environment:checking '/home/vboxuser/Desktop/ROS2Humble/urdf_ws/install/my_first_pkg/bin'
[18.349s] Level 1:colcon.colcon_core.environment:checking '/home/vboxuser/Desktop/ROS2Humble/urdf_ws/install/my_first_pkg/lib/pkgconfig/my_first_pkg.pc'
[18.351s] Level 1:colcon.colcon_core.environment:checking '/home/vboxuser/Desktop/ROS2Humble/urdf_ws/install/my_first_pkg/lib/python3.10/site-packages'
[18.351s] Level 1:colcon.colcon_core.environment:checking '/home/vboxuser/Desktop/ROS2Humble/urdf_ws/install/my_first_pkg/bin'
[18.356s] INFO:colcon.colcon_core.shell:Creating package script '/home/vboxuser/Desktop/ROS2Humble/urdf_ws/install/my_first_pkg/share/my_first_pkg/package.ps1'
[18.359s] INFO:colcon.colcon_core.shell:Creating package descriptor '/home/vboxuser/Desktop/ROS2Humble/urdf_ws/install/my_first_pkg/share/my_first_pkg/package.dsv'
[18.369s] INFO:colcon.colcon_core.shell:Creating package script '/home/vboxuser/Desktop/ROS2Humble/urdf_ws/install/my_first_pkg/share/my_first_pkg/package.sh'
[18.380s] INFO:colcon.colcon_core.shell:Creating package script '/home/vboxuser/Desktop/ROS2Humble/urdf_ws/install/my_first_pkg/share/my_first_pkg/package.bash'
[18.382s] INFO:colcon.colcon_core.shell:Creating package script '/home/vboxuser/Desktop/ROS2Humble/urdf_ws/install/my_first_pkg/share/my_first_pkg/package.zsh'
[18.382s] Level 1:colcon.colcon_core.environment:create_file_with_runtime_dependencies(/home/vboxuser/Desktop/ROS2Humble/urdf_ws/install/my_first_pkg/share/colcon-core/packages/my_first_pkg)
[18.384s] Level 1:colcon.colcon_core.environment:create_environment_scripts_only(my_first_pkg)
[18.384s] Level 1:colcon.colcon_core.environment:checking '/home/vboxuser/Desktop/ROS2Humble/urdf_ws/install/my_first_pkg' for CMake module files
[18.385s] Level 1:colcon.colcon_core.environment:checking '/home/vboxuser/Desktop/ROS2Humble/urdf_ws/install/my_first_pkg' for CMake config files
[18.386s] Level 1:colcon.colcon_core.shell:create_environment_hook('my_first_pkg', 'cmake_prefix_path')
[18.386s] INFO:colcon.colcon_core.shell:Creating environment hook '/home/vboxuser/Desktop/ROS2Humble/urdf_ws/install/my_first_pkg/share/my_first_pkg/hook/cmake_prefix_path.ps1'
[18.390s] INFO:colcon.colcon_core.shell:Creating environment descriptor '/home/vboxuser/Desktop/ROS2Humble/urdf_ws/install/my_first_pkg/share/my_first_pkg/hook/cmake_prefix_path.dsv'
[18.391s] INFO:colcon.colcon_core.shell:Creating environment hook '/home/vboxuser/Desktop/ROS2Humble/urdf_ws/install/my_first_pkg/share/my_first_pkg/hook/cmake_prefix_path.sh'
[18.393s] Level 1:colcon.colcon_core.environment:checking '/home/vboxuser/Desktop/ROS2Humble/urdf_ws/install/my_first_pkg/lib'
[18.393s] Level 1:colcon.colcon_core.environment:checking '/home/vboxuser/Desktop/ROS2Humble/urdf_ws/install/my_first_pkg/bin'
[18.393s] Level 1:colcon.colcon_core.environment:checking '/home/vboxuser/Desktop/ROS2Humble/urdf_ws/install/my_first_pkg/lib/pkgconfig/my_first_pkg.pc'
[18.394s] Level 1:colcon.colcon_core.environment:checking '/home/vboxuser/Desktop/ROS2Humble/urdf_ws/install/my_first_pkg/lib/python3.10/site-packages'
[18.394s] Level 1:colcon.colcon_core.environment:checking '/home/vboxuser/Desktop/ROS2Humble/urdf_ws/install/my_first_pkg/bin'
[18.395s] INFO:colcon.colcon_core.shell:Creating package script '/home/vboxuser/Desktop/ROS2Humble/urdf_ws/install/my_first_pkg/share/my_first_pkg/package.ps1'
[18.405s] INFO:colcon.colcon_core.shell:Creating package descriptor '/home/vboxuser/Desktop/ROS2Humble/urdf_ws/install/my_first_pkg/share/my_first_pkg/package.dsv'
[18.407s] INFO:colcon.colcon_core.shell:Creating package script '/home/vboxuser/Desktop/ROS2Humble/urdf_ws/install/my_first_pkg/share/my_first_pkg/package.sh'
[18.409s] INFO:colcon.colcon_core.shell:Creating package script '/home/vboxuser/Desktop/ROS2Humble/urdf_ws/install/my_first_pkg/share/my_first_pkg/package.bash'
[18.411s] INFO:colcon.colcon_core.shell:Creating package script '/home/vboxuser/Desktop/ROS2Humble/urdf_ws/install/my_first_pkg/share/my_first_pkg/package.zsh'
[18.412s] Level 1:colcon.colcon_core.environment:create_file_with_runtime_dependencies(/home/vboxuser/Desktop/ROS2Humble/urdf_ws/install/my_first_pkg/share/colcon-core/packages/my_first_pkg)
[18.412s] DEBUG:colcon.colcon_parallel_executor.executor.parallel:closing loop
[18.414s] DEBUG:colcon.colcon_parallel_executor.executor.parallel:loop closed
[18.414s] DEBUG:colcon.colcon_parallel_executor.executor.parallel:run_until_complete finished with '0'
[18.414s] DEBUG:colcon.colcon_core.event_reactor:joining thread
[18.431s] INFO:colcon.colcon_core.plugin_system:Skipping extension 'colcon_notification.desktop_notification.terminal_notifier': Not used on non-Darwin systems
[18.431s] INFO:colcon.colcon_core.plugin_system:Skipping extension 'colcon_notification.desktop_notification.win32': Not used on non-Windows systems
[18.431s] INFO:colcon.colcon_notification.desktop_notification:Sending desktop notification using 'notify2'
[18.617s] DEBUG:colcon.colcon_core.event_reactor:joined thread
[18.618s] INFO:colcon.colcon_core.shell:Creating prefix script '/home/vboxuser/Desktop/ROS2Humble/urdf_ws/install/local_setup.ps1'
[18.620s] INFO:colcon.colcon_core.shell:Creating prefix util module '/home/vboxuser/Desktop/ROS2Humble/urdf_ws/install/_local_setup_util_ps1.py'
[18.623s] INFO:colcon.colcon_core.shell:Creating prefix chain script '/home/vboxuser/Desktop/ROS2Humble/urdf_ws/install/setup.ps1'
[18.625s] INFO:colcon.colcon_core.shell:Creating prefix script '/home/vboxuser/Desktop/ROS2Humble/urdf_ws/install/local_setup.sh'
[18.628s] INFO:colcon.colcon_core.shell:Creating prefix util module '/home/vboxuser/Desktop/ROS2Humble/urdf_ws/install/_local_setup_util_sh.py'
[18.628s] INFO:colcon.colcon_core.shell:Creating prefix chain script '/home/vboxuser/Desktop/ROS2Humble/urdf_ws/install/setup.sh'
[18.631s] INFO:colcon.colcon_core.shell:Creating prefix script '/home/vboxuser/Desktop/ROS2Humble/urdf_ws/install/local_setup.bash'
[18.632s] INFO:colcon.colcon_core.shell:Creating prefix chain script '/home/vboxuser/Desktop/ROS2Humble/urdf_ws/install/setup.bash'
[18.633s] INFO:colcon.colcon_core.shell:Creating prefix script '/home/vboxuser/Desktop/ROS2Humble/urdf_ws/install/local_setup.zsh'
[18.633s] INFO:colcon.colcon_core.shell:Creating prefix chain script '/home/vboxuser/Desktop/ROS2Humble/urdf_ws/install/setup.zsh'
