[6.320s] Invoking command in '/home/vboxuser/Desktop/ROS2Humble/turtlebot3_ws/src/turtlebot3/turtlebot3_teleop': PYTHONPATH=/home/vboxuser/Desktop/ROS2Humble/turtlebot3_ws/build/turtlebot3_teleop/prefix_override:/usr/lib/python3/dist-packages/colcon_core/task/python/colcon_distutils_commands:/home/vboxuser/Desktop/ROS2Humble/turtlebot3_ws/install/turtlebot3_teleop/lib/python3.10/site-packages:${PYTHONPATH} /usr/bin/python3 -W ignore:setup.py install is deprecated -W ignore:easy_install command is deprecated setup.py egg_info --egg-base ../../../build/turtlebot3_teleop build --build-base /home/vboxuser/Desktop/ROS2Humble/turtlebot3_ws/build/turtlebot3_teleop/build install --record /home/vboxuser/Desktop/ROS2Humble/turtlebot3_ws/build/turtlebot3_teleop/install.log --single-version-externally-managed install_data
[7.404s] running egg_info
[7.406s] writing ../../../build/turtlebot3_teleop/turtlebot3_teleop.egg-info/PKG-INFO
[7.409s] writing dependency_links to ../../../build/turtlebot3_teleop/turtlebot3_teleop.egg-info/dependency_links.txt
[7.410s] writing entry points to ../../../build/turtlebot3_teleop/turtlebot3_teleop.egg-info/entry_points.txt
[7.410s] writing requirements to ../../../build/turtlebot3_teleop/turtlebot3_teleop.egg-info/requires.txt
[7.410s] writing top-level names to ../../../build/turtlebot3_teleop/turtlebot3_teleop.egg-info/top_level.txt
[7.416s] reading manifest file '../../../build/turtlebot3_teleop/turtlebot3_teleop.egg-info/SOURCES.txt'
[7.418s] writing manifest file '../../../build/turtlebot3_teleop/turtlebot3_teleop.egg-info/SOURCES.txt'
[7.418s] running build
[7.418s] running build_py
[7.423s] running install
[7.423s] running install_lib
[7.429s] running install_data
[7.434s] running install_egg_info
[7.445s] removing '/home/vboxuser/Desktop/ROS2Humble/turtlebot3_ws/install/turtlebot3_teleop/lib/python3.10/site-packages/turtlebot3_teleop-2.1.5-py3.10.egg-info' (and everything under it)
[7.447s] Copying ../../../build/turtlebot3_teleop/turtlebot3_teleop.egg-info to /home/vboxuser/Desktop/ROS2Humble/turtlebot3_ws/install/turtlebot3_teleop/lib/python3.10/site-packages/turtlebot3_teleop-2.1.5-py3.10.egg-info
[7.465s] running install_scripts
[7.592s] Installing teleop_keyboard script to /home/vboxuser/Desktop/ROS2Humble/turtlebot3_ws/install/turtlebot3_teleop/lib/turtlebot3_teleop
[7.596s] writing list of installed files to '/home/vboxuser/Desktop/ROS2Humble/turtlebot3_ws/build/turtlebot3_teleop/install.log'
[7.821s] Invoked command in '/home/vboxuser/Desktop/ROS2Humble/turtlebot3_ws/src/turtlebot3/turtlebot3_teleop' returned '0': PYTHONPATH=/home/vboxuser/Desktop/ROS2Humble/turtlebot3_ws/build/turtlebot3_teleop/prefix_override:/usr/lib/python3/dist-packages/colcon_core/task/python/colcon_distutils_commands:/home/vboxuser/Desktop/ROS2Humble/turtlebot3_ws/install/turtlebot3_teleop/lib/python3.10/site-packages:${PYTHONPATH} /usr/bin/python3 -W ignore:setup.py install is deprecated -W ignore:easy_install command is deprecated setup.py egg_info --egg-base ../../../build/turtlebot3_teleop build --build-base /home/vboxuser/Desktop/ROS2Humble/turtlebot3_ws/build/turtlebot3_teleop/build install --record /home/vboxuser/Desktop/ROS2Humble/turtlebot3_ws/build/turtlebot3_teleop/install.log --single-version-externally-managed install_data
