running develop
Removing /home/vboxuser/Desktop/ROS2Humble/urdf_ws/install/teleop_agv_keyboard/lib/python3.10/site-packages/teleop-agv-keyboard.egg-link (link to .)
running egg_info
writing ../../build/teleop_agv_keyboard/teleop_agv_keyboard.egg-info/PKG-INFO
writing dependency_links to ../../build/teleop_agv_keyboard/teleop_agv_keyboard.egg-info/dependency_links.txt
writing entry points to ../../build/teleop_agv_keyboard/teleop_agv_keyboard.egg-info/entry_points.txt
writing requirements to ../../build/teleop_agv_keyboard/teleop_agv_keyboard.egg-info/requires.txt
writing top-level names to ../../build/teleop_agv_keyboard/teleop_agv_keyboard.egg-info/top_level.txt
reading manifest file '../../build/teleop_agv_keyboard/teleop_agv_keyboard.egg-info/SOURCES.txt'
writing manifest file '../../build/teleop_agv_keyboard/teleop_agv_keyboard.egg-info/SOURCES.txt'
running build
running build_py
running install
running install_lib
copying /home/vboxuser/Desktop/ROS2Humble/urdf_ws/build/teleop_agv_keyboard/build/lib/teleop_agv_keyboard.py -> /home/vboxuser/Desktop/ROS2Humble/urdf_ws/install/teleop_agv_keyboard/lib/python3.10/site-packages
byte-compiling /home/vboxuser/Desktop/ROS2Humble/urdf_ws/install/teleop_agv_keyboard/lib/python3.10/site-packages/teleop_agv_keyboard.py to teleop_agv_keyboard.cpython-310.pyc
running install_data
copying resource/teleop_agv_keyboard -> /home/vboxuser/Desktop/ROS2Humble/urdf_ws/install/teleop_agv_keyboard/share/ament_index/resource_index/packages
copying package.xml -> /home/vboxuser/Desktop/ROS2Humble/urdf_ws/install/teleop_agv_keyboard/share/teleop_agv_keyboard
running install_egg_info
Copying ../../build/teleop_agv_keyboard/teleop_agv_keyboard.egg-info to /home/vboxuser/Desktop/ROS2Humble/urdf_ws/install/teleop_agv_keyboard/lib/python3.10/site-packages/teleop_agv_keyboard-2.3.2-py3.10.egg-info
running install_scripts
Installing teleop_agv_keyboard script to /home/vboxuser/Desktop/ROS2Humble/urdf_ws/install/teleop_agv_keyboard/lib/teleop_agv_keyboard
writing list of installed files to '/home/vboxuser/Desktop/ROS2Humble/urdf_ws/build/teleop_agv_keyboard/install.log'
