-- Install configuration: ""
-- Execute custom install script
-- Up-to-date symlink: /home/ueux/Desktop/ROS2Humble/ddmobile_ws/install/mobile_dd_robot/share/mobile_dd_robot/launch/gazebo_model.launch.py
-- Up-to-date symlink: /home/ueux/Desktop/ROS2Humble/ddmobile_ws/install/mobile_dd_robot/share/mobile_dd_robot/model/robot.gazebo.xacro
-- Up-to-date symlink: /home/ueux/Desktop/ROS2Humble/ddmobile_ws/install/mobile_dd_robot/share/mobile_dd_robot/model/robot.xacro
-- Up-to-date symlink: /home/ueux/Desktop/ROS2Humble/ddmobile_ws/install/mobile_dd_robot/share/ament_index/resource_index/package_run_dependencies/mobile_dd_robot
-- Up-to-date symlink: /home/ueux/Desktop/ROS2Humble/ddmobile_ws/install/mobile_dd_robot/share/ament_index/resource_index/parent_prefix_path/mobile_dd_robot
-- Up-to-date symlink: /home/ueux/Desktop/ROS2Humble/ddmobile_ws/install/mobile_dd_robot/share/mobile_dd_robot/environment/ament_prefix_path.sh
-- Up-to-date symlink: /home/ueux/Desktop/ROS2Humble/ddmobile_ws/install/mobile_dd_robot/share/mobile_dd_robot/environment/ament_prefix_path.dsv
-- Up-to-date symlink: /home/ueux/Desktop/ROS2Humble/ddmobile_ws/install/mobile_dd_robot/share/mobile_dd_robot/environment/path.sh
-- Up-to-date symlink: /home/ueux/Desktop/ROS2Humble/ddmobile_ws/install/mobile_dd_robot/share/mobile_dd_robot/environment/path.dsv
-- Up-to-date symlink: /home/ueux/Desktop/ROS2Humble/ddmobile_ws/install/mobile_dd_robot/share/mobile_dd_robot/local_setup.bash
-- Up-to-date symlink: /home/ueux/Desktop/ROS2Humble/ddmobile_ws/install/mobile_dd_robot/share/mobile_dd_robot/local_setup.sh
-- Up-to-date symlink: /home/ueux/Desktop/ROS2Humble/ddmobile_ws/install/mobile_dd_robot/share/mobile_dd_robot/local_setup.zsh
-- Up-to-date symlink: /home/ueux/Desktop/ROS2Humble/ddmobile_ws/install/mobile_dd_robot/share/mobile_dd_robot/local_setup.dsv
-- Symlinking: /home/ueux/Desktop/ROS2Humble/ddmobile_ws/install/mobile_dd_robot/share/mobile_dd_robot/package.dsv
-- Up-to-date symlink: /home/ueux/Desktop/ROS2Humble/ddmobile_ws/install/mobile_dd_robot/share/ament_index/resource_index/packages/mobile_dd_robot
-- Up-to-date symlink: /home/ueux/Desktop/ROS2Humble/ddmobile_ws/install/mobile_dd_robot/share/mobile_dd_robot/cmake/mobile_dd_robotConfig.cmake
-- Up-to-date symlink: /home/ueux/Desktop/ROS2Humble/ddmobile_ws/install/mobile_dd_robot/share/mobile_dd_robot/cmake/mobile_dd_robotConfig-version.cmake
-- Up-to-date symlink: /home/ueux/Desktop/ROS2Humble/ddmobile_ws/install/mobile_dd_robot/share/mobile_dd_robot/package.xml
