[0.491s] Invoking command in '/home/ueux/Desktop/ROS2Humble/ddmobile_ws/build/mobile_dd_robot': CMAKE_PREFIX_PATH=${CMAKE_PREFIX_PATH}:/home/ueux/Desktop/ROS2Humble/basic_ws/install/my_robot_controller:/home/ueux/Desktop/ROS2Humble/basic_ws/install/action_py:/opt/ros/humble /usr/bin/cmake --build /home/ueux/Desktop/ROS2Humble/ddmobile_ws/build/mobile_dd_robot -- -j8 -l8
[1.379s] Invoked command in '/home/ueux/Desktop/ROS2Humble/ddmobile_ws/build/mobile_dd_robot' returned '0': CMAKE_PREFIX_PATH=${CMAKE_PREFIX_PATH}:/home/ueux/Desktop/ROS2Humble/basic_ws/install/my_robot_controller:/home/ueux/Desktop/ROS2Humble/basic_ws/install/action_py:/opt/ros/humble /usr/bin/cmake --build /home/ueux/Desktop/ROS2Humble/ddmobile_ws/build/mobile_dd_robot -- -j8 -l8
[1.635s] Invoking command in '/home/ueux/Desktop/ROS2Humble/ddmobile_ws/build/mobile_dd_robot': CMAKE_PREFIX_PATH=${CMAKE_PREFIX_PATH}:/home/ueux/Desktop/ROS2Humble/basic_ws/install/my_robot_controller:/home/ueux/Desktop/ROS2Humble/basic_ws/install/action_py:/opt/ros/humble /usr/bin/cmake --install /home/ueux/Desktop/ROS2Humble/ddmobile_ws/build/mobile_dd_robot
[1.765s] -- Install configuration: ""
[1.818s] -- Execute custom install script
[1.901s] -- Up-to-date symlink: /home/ueux/Desktop/ROS2Humble/ddmobile_ws/install/mobile_dd_robot/share/mobile_dd_robot/launch/gazebo_model.launch.py
[1.915s] -- Up-to-date symlink: /home/ueux/Desktop/ROS2Humble/ddmobile_ws/install/mobile_dd_robot/share/mobile_dd_robot/model/robot.gazebo.xacro
[1.916s] -- Up-to-date symlink: /home/ueux/Desktop/ROS2Humble/ddmobile_ws/install/mobile_dd_robot/share/mobile_dd_robot/model/robot.xacro
[1.916s] -- Up-to-date symlink: /home/ueux/Desktop/ROS2Humble/ddmobile_ws/install/mobile_dd_robot/share/ament_index/resource_index/package_run_dependencies/mobile_dd_robot
[1.925s] -- Up-to-date symlink: /home/ueux/Desktop/ROS2Humble/ddmobile_ws/install/mobile_dd_robot/share/ament_index/resource_index/parent_prefix_path/mobile_dd_robot
[1.932s] -- Up-to-date symlink: /home/ueux/Desktop/ROS2Humble/ddmobile_ws/install/mobile_dd_robot/share/mobile_dd_robot/environment/ament_prefix_path.sh
[1.932s] -- Up-to-date symlink: /home/ueux/Desktop/ROS2Humble/ddmobile_ws/install/mobile_dd_robot/share/mobile_dd_robot/environment/ament_prefix_path.dsv
[1.933s] -- Up-to-date symlink: /home/ueux/Desktop/ROS2Humble/ddmobile_ws/install/mobile_dd_robot/share/mobile_dd_robot/environment/path.sh
[1.933s] -- Up-to-date symlink: /home/ueux/Desktop/ROS2Humble/ddmobile_ws/install/mobile_dd_robot/share/mobile_dd_robot/environment/path.dsv
[1.933s] -- Up-to-date symlink: /home/ueux/Desktop/ROS2Humble/ddmobile_ws/install/mobile_dd_robot/share/mobile_dd_robot/local_setup.bash
[1.933s] -- Up-to-date symlink: /home/ueux/Desktop/ROS2Humble/ddmobile_ws/install/mobile_dd_robot/share/mobile_dd_robot/local_setup.sh
[1.933s] -- Up-to-date symlink: /home/ueux/Desktop/ROS2Humble/ddmobile_ws/install/mobile_dd_robot/share/mobile_dd_robot/local_setup.zsh
[1.933s] -- Up-to-date symlink: /home/ueux/Desktop/ROS2Humble/ddmobile_ws/install/mobile_dd_robot/share/mobile_dd_robot/local_setup.dsv
[1.933s] -- Symlinking: /home/ueux/Desktop/ROS2Humble/ddmobile_ws/install/mobile_dd_robot/share/mobile_dd_robot/package.dsv
[2.096s] -- Up-to-date symlink: /home/ueux/Desktop/ROS2Humble/ddmobile_ws/install/mobile_dd_robot/share/ament_index/resource_index/packages/mobile_dd_robot
[2.098s] -- Up-to-date symlink: /home/ueux/Desktop/ROS2Humble/ddmobile_ws/install/mobile_dd_robot/share/mobile_dd_robot/cmake/mobile_dd_robotConfig.cmake
[2.120s] -- Up-to-date symlink: /home/ueux/Desktop/ROS2Humble/ddmobile_ws/install/mobile_dd_robot/share/mobile_dd_robot/cmake/mobile_dd_robotConfig-version.cmake
[2.174s] -- Up-to-date symlink: /home/ueux/Desktop/ROS2Humble/ddmobile_ws/install/mobile_dd_robot/share/mobile_dd_robot/package.xml
[2.175s] Invoked command in '/home/ueux/Desktop/ROS2Humble/ddmobile_ws/build/mobile_dd_robot' returned '0': CMAKE_PREFIX_PATH=${CMAKE_PREFIX_PATH}:/home/ueux/Desktop/ROS2Humble/basic_ws/install/my_robot_controller:/home/ueux/Desktop/ROS2Humble/basic_ws/install/action_py:/opt/ros/humble /usr/bin/cmake --install /home/ueux/Desktop/ROS2Humble/ddmobile_ws/build/mobile_dd_robot
