[0.110s] Invoking command in '/home/ueux/Desktop/ROS2Humble/basic_ws/build/my_robot_interfaces': CMAKE_PREFIX_PATH=${CMAKE_PREFIX_PATH}:/home/ueux/Desktop/ROS2Humble/basic_ws/install/my_robot_controller:/opt/ros/humble /usr/bin/cmake /home/ueux/Desktop/ROS2Humble/basic_ws/src/my_robot_interfaces -DCMAKE_INSTALL_PREFIX=/home/ueux/Desktop/ROS2Humble/basic_ws/install/my_robot_interfaces
[0.332s] -- Found ament_cmake: 1.3.11 (/opt/ros/humble/share/ament_cmake/cmake)
[0.872s] -- Override CMake install command with custom implementation using symlinks instead of copying resources
[1.044s] [31mCMake Error at CMakeLists.txt:14 (find_package):
[1.045s]   By not providing "Findament_cmake_generators.cmake" in CMAKE_MODULE_PATH
[1.045s]   this project has asked CMake to find a package configuration file provided
[1.045s]   by "ament_cmake_generators", but CMake did not find one.
[1.045s] 
[1.045s]   Could not find a package configuration file provided by
[1.045s]   "ament_cmake_generators" with any of the following names:
[1.045s] 
[1.045s]     ament_cmake_generatorsConfig.cmake
[1.045s]     ament_cmake_generators-config.cmake
[1.045s] 
[1.045s]   Add the installation prefix of "ament_cmake_generators" to
[1.045s]   CMAKE_PREFIX_PATH or set "ament_cmake_generators_DIR" to a directory
[1.045s]   containing one of the above files.  If "ament_cmake_generators" provides a
[1.045s]   separate development package or SDK, be sure it has been installed.
[1.045s] 
[1.045s] [0m
[1.045s] -- Configuring incomplete, errors occurred!
[1.045s] See also "/home/ueux/Desktop/ROS2Humble/basic_ws/build/my_robot_interfaces/CMakeFiles/CMakeOutput.log".
[1.056s] Invoked command in '/home/ueux/Desktop/ROS2Humble/basic_ws/build/my_robot_interfaces' returned '1': CMAKE_PREFIX_PATH=${CMAKE_PREFIX_PATH}:/home/ueux/Desktop/ROS2Humble/basic_ws/install/my_robot_controller:/opt/ros/humble /usr/bin/cmake /home/ueux/Desktop/ROS2Humble/basic_ws/src/my_robot_interfaces -DCMAKE_INSTALL_PREFIX=/home/ueux/Desktop/ROS2Humble/basic_ws/install/my_robot_interfaces
