[0.198s] Invoking command in '/home/vboxuser/Desktop/ROS2Humble/turtlebot3_ws/build/turtlebot3_node': AMENT_PREFIX_PATH=/home/vboxuser/Desktop/ROS2Humble/turtlebot3_ws/install/turtlebot3_msgs:/home/vboxuser/Desktop/ROS2Humble/turtlebot3_ws/install/dynamixel_sdk:${AMENT_PREFIX_PATH} CMAKE_PREFIX_PATH=/home/vboxuser/Desktop/ROS2Humble/turtlebot3_ws/install/turtlebot3_msgs:/home/vboxuser/Desktop/ROS2Humble/turtlebot3_ws/install/dynamixel_sdk:/home/vboxuser/Desktop/ROS2Humble/basic_ws/install/cpp_pubsub:/home/vboxuser/Desktop/ROS2Humble/urdf_ws/install/my_first_pkg:/home/vboxuser/Desktop/ROS2Humble/basic_ws/install/pubsub:/home/vboxuser/Desktop/ROS2Humble/ros2_ws/install/my_robot_controller:/home/vboxuser/Desktop/ROS2Humble/urdf_ws/install/teleop_agv_keyboard:/opt/ros/humble LD_LIBRARY_PATH=/home/vboxuser/Desktop/ROS2Humble/turtlebot3_ws/install/turtlebot3_msgs/lib:/home/vboxuser/Desktop/ROS2Humble/turtlebot3_ws/install/dynamixel_sdk/lib:${LD_LIBRARY_PATH} PYTHONPATH=/home/vboxuser/Desktop/ROS2Humble/turtlebot3_ws/install/turtlebot3_msgs/local/lib/python3.10/dist-packages:${PYTHONPATH} /usr/bin/cmake --build /home/vboxuser/Desktop/ROS2Humble/turtlebot3_ws/build/turtlebot3_node -- -j7 -l7
[1.192s] [35m[1mConsolidate compiler generated dependencies of target turtlebot3_node_lib[0m
[1.192s] [  7%] [32mBuilding CXX object CMakeFiles/turtlebot3_node_lib.dir/src/odometry.cpp.o[0m
[54.432s] [ 14%] [32mBuilding CXX object CMakeFiles/turtlebot3_node_lib.dir/src/sensors/sensor_state.cpp.o[0m
[62.183s] [ 21%] [32mBuilding CXX object CMakeFiles/turtlebot3_node_lib.dir/src/sensors/joint_state.cpp.o[0m
[69.390s] [ 28%] [32mBuilding CXX object CMakeFiles/turtlebot3_node_lib.dir/src/sensors/imu.cpp.o[0m
[76.648s] [ 42%] [32mBuilding CXX object CMakeFiles/turtlebot3_node_lib.dir/src/sensors/battery_state.cpp.o[0m
[76.650s] [ 42%] [32mBuilding CXX object CMakeFiles/turtlebot3_node_lib.dir/src/turtlebot3.cpp.o[0m
[120.044s] [ 50%] [32m[1mLinking CXX static library libturtlebot3_node_lib.a[0m
[121.912s] [ 85%] Built target turtlebot3_node_lib
[122.051s] [ 92%] [32mBuilding CXX object CMakeFiles/turtlebot3_ros.dir/src/node_main.cpp.o[0m
[128.915s] [100%] [32m[1mLinking CXX executable turtlebot3_ros[0m
[133.503s] [100%] Built target turtlebot3_ros
[133.790s] Invoked command in '/home/vboxuser/Desktop/ROS2Humble/turtlebot3_ws/build/turtlebot3_node' returned '0': AMENT_PREFIX_PATH=/home/vboxuser/Desktop/ROS2Humble/turtlebot3_ws/install/turtlebot3_msgs:/home/vboxuser/Desktop/ROS2Humble/turtlebot3_ws/install/dynamixel_sdk:${AMENT_PREFIX_PATH} CMAKE_PREFIX_PATH=/home/vboxuser/Desktop/ROS2Humble/turtlebot3_ws/install/turtlebot3_msgs:/home/vboxuser/Desktop/ROS2Humble/turtlebot3_ws/install/dynamixel_sdk:/home/vboxuser/Desktop/ROS2Humble/basic_ws/install/cpp_pubsub:/home/vboxuser/Desktop/ROS2Humble/urdf_ws/install/my_first_pkg:/home/vboxuser/Desktop/ROS2Humble/basic_ws/install/pubsub:/home/vboxuser/Desktop/ROS2Humble/ros2_ws/install/my_robot_controller:/home/vboxuser/Desktop/ROS2Humble/urdf_ws/install/teleop_agv_keyboard:/opt/ros/humble LD_LIBRARY_PATH=/home/vboxuser/Desktop/ROS2Humble/turtlebot3_ws/install/turtlebot3_msgs/lib:/home/vboxuser/Desktop/ROS2Humble/turtlebot3_ws/install/dynamixel_sdk/lib:${LD_LIBRARY_PATH} PYTHONPATH=/home/vboxuser/Desktop/ROS2Humble/turtlebot3_ws/install/turtlebot3_msgs/local/lib/python3.10/dist-packages:${PYTHONPATH} /usr/bin/cmake --build /home/vboxuser/Desktop/ROS2Humble/turtlebot3_ws/build/turtlebot3_node -- -j7 -l7
[133.803s] Invoking command in '/home/vboxuser/Desktop/ROS2Humble/turtlebot3_ws/build/turtlebot3_node': AMENT_PREFIX_PATH=/home/vboxuser/Desktop/ROS2Humble/turtlebot3_ws/install/turtlebot3_msgs:/home/vboxuser/Desktop/ROS2Humble/turtlebot3_ws/install/dynamixel_sdk:${AMENT_PREFIX_PATH} CMAKE_PREFIX_PATH=/home/vboxuser/Desktop/ROS2Humble/turtlebot3_ws/install/turtlebot3_msgs:/home/vboxuser/Desktop/ROS2Humble/turtlebot3_ws/install/dynamixel_sdk:/home/vboxuser/Desktop/ROS2Humble/basic_ws/install/cpp_pubsub:/home/vboxuser/Desktop/ROS2Humble/urdf_ws/install/my_first_pkg:/home/vboxuser/Desktop/ROS2Humble/basic_ws/install/pubsub:/home/vboxuser/Desktop/ROS2Humble/ros2_ws/install/my_robot_controller:/home/vboxuser/Desktop/ROS2Humble/urdf_ws/install/teleop_agv_keyboard:/opt/ros/humble LD_LIBRARY_PATH=/home/vboxuser/Desktop/ROS2Humble/turtlebot3_ws/install/turtlebot3_msgs/lib:/home/vboxuser/Desktop/ROS2Humble/turtlebot3_ws/install/dynamixel_sdk/lib:${LD_LIBRARY_PATH} PYTHONPATH=/home/vboxuser/Desktop/ROS2Humble/turtlebot3_ws/install/turtlebot3_msgs/local/lib/python3.10/dist-packages:${PYTHONPATH} /usr/bin/cmake --install /home/vboxuser/Desktop/ROS2Humble/turtlebot3_ws/build/turtlebot3_node
[133.819s] -- Install configuration: ""
[133.819s] -- Installing: /home/vboxuser/Desktop/ROS2Humble/turtlebot3_ws/install/turtlebot3_node/share/turtlebot3_node/param
[133.820s] -- Installing: /home/vboxuser/Desktop/ROS2Humble/turtlebot3_ws/install/turtlebot3_node/share/turtlebot3_node/param/burger.yaml
[133.821s] -- Installing: /home/vboxuser/Desktop/ROS2Humble/turtlebot3_ws/install/turtlebot3_node/share/turtlebot3_node/param/waffle_pi.yaml
[133.835s] -- Installing: /home/vboxuser/Desktop/ROS2Humble/turtlebot3_ws/install/turtlebot3_node/share/turtlebot3_node/param/waffle.yaml
[133.840s] -- Installing: /home/vboxuser/Desktop/ROS2Humble/turtlebot3_ws/install/turtlebot3_node/lib/turtlebot3_node/turtlebot3_ros
[133.861s] -- Set runtime path of "/home/vboxuser/Desktop/ROS2Humble/turtlebot3_ws/install/turtlebot3_node/lib/turtlebot3_node/turtlebot3_ros" to ""
[133.863s] -- Installing: /home/vboxuser/Desktop/ROS2Humble/turtlebot3_ws/install/turtlebot3_node/share/ament_index/resource_index/package_run_dependencies/turtlebot3_node
[133.864s] -- Installing: /home/vboxuser/Desktop/ROS2Humble/turtlebot3_ws/install/turtlebot3_node/share/ament_index/resource_index/parent_prefix_path/turtlebot3_node
[133.865s] -- Installing: /home/vboxuser/Desktop/ROS2Humble/turtlebot3_ws/install/turtlebot3_node/share/turtlebot3_node/environment/ament_prefix_path.sh
[133.867s] -- Installing: /home/vboxuser/Desktop/ROS2Humble/turtlebot3_ws/install/turtlebot3_node/share/turtlebot3_node/environment/ament_prefix_path.dsv
[133.868s] -- Installing: /home/vboxuser/Desktop/ROS2Humble/turtlebot3_ws/install/turtlebot3_node/share/turtlebot3_node/environment/path.sh
[133.869s] -- Installing: /home/vboxuser/Desktop/ROS2Humble/turtlebot3_ws/install/turtlebot3_node/share/turtlebot3_node/environment/path.dsv
[133.870s] -- Installing: /home/vboxuser/Desktop/ROS2Humble/turtlebot3_ws/install/turtlebot3_node/share/turtlebot3_node/local_setup.bash
[133.871s] -- Installing: /home/vboxuser/Desktop/ROS2Humble/turtlebot3_ws/install/turtlebot3_node/share/turtlebot3_node/local_setup.sh
[133.872s] -- Installing: /home/vboxuser/Desktop/ROS2Humble/turtlebot3_ws/install/turtlebot3_node/share/turtlebot3_node/local_setup.zsh
[133.874s] -- Installing: /home/vboxuser/Desktop/ROS2Humble/turtlebot3_ws/install/turtlebot3_node/share/turtlebot3_node/local_setup.dsv
[133.876s] -- Installing: /home/vboxuser/Desktop/ROS2Humble/turtlebot3_ws/install/turtlebot3_node/share/turtlebot3_node/package.dsv
[133.878s] -- Installing: /home/vboxuser/Desktop/ROS2Humble/turtlebot3_ws/install/turtlebot3_node/share/ament_index/resource_index/packages/turtlebot3_node
[133.879s] -- Installing: /home/vboxuser/Desktop/ROS2Humble/turtlebot3_ws/install/turtlebot3_node/share/turtlebot3_node/cmake/ament_cmake_export_include_directories-extras.cmake
[133.880s] -- Installing: /home/vboxuser/Desktop/ROS2Humble/turtlebot3_ws/install/turtlebot3_node/share/turtlebot3_node/cmake/turtlebot3_nodeConfig.cmake
[133.882s] -- Installing: /home/vboxuser/Desktop/ROS2Humble/turtlebot3_ws/install/turtlebot3_node/share/turtlebot3_node/cmake/turtlebot3_nodeConfig-version.cmake
[133.883s] -- Installing: /home/vboxuser/Desktop/ROS2Humble/turtlebot3_ws/install/turtlebot3_node/share/turtlebot3_node/package.xml
[133.890s] Invoked command in '/home/vboxuser/Desktop/ROS2Humble/turtlebot3_ws/build/turtlebot3_node' returned '0': AMENT_PREFIX_PATH=/home/vboxuser/Desktop/ROS2Humble/turtlebot3_ws/install/turtlebot3_msgs:/home/vboxuser/Desktop/ROS2Humble/turtlebot3_ws/install/dynamixel_sdk:${AMENT_PREFIX_PATH} CMAKE_PREFIX_PATH=/home/vboxuser/Desktop/ROS2Humble/turtlebot3_ws/install/turtlebot3_msgs:/home/vboxuser/Desktop/ROS2Humble/turtlebot3_ws/install/dynamixel_sdk:/home/vboxuser/Desktop/ROS2Humble/basic_ws/install/cpp_pubsub:/home/vboxuser/Desktop/ROS2Humble/urdf_ws/install/my_first_pkg:/home/vboxuser/Desktop/ROS2Humble/basic_ws/install/pubsub:/home/vboxuser/Desktop/ROS2Humble/ros2_ws/install/my_robot_controller:/home/vboxuser/Desktop/ROS2Humble/urdf_ws/install/teleop_agv_keyboard:/opt/ros/humble LD_LIBRARY_PATH=/home/vboxuser/Desktop/ROS2Humble/turtlebot3_ws/install/turtlebot3_msgs/lib:/home/vboxuser/Desktop/ROS2Humble/turtlebot3_ws/install/dynamixel_sdk/lib:${LD_LIBRARY_PATH} PYTHONPATH=/home/vboxuser/Desktop/ROS2Humble/turtlebot3_ws/install/turtlebot3_msgs/local/lib/python3.10/dist-packages:${PYTHONPATH} /usr/bin/cmake --install /home/vboxuser/Desktop/ROS2Humble/turtlebot3_ws/build/turtlebot3_node
