[0.566s] Invoking command in '/home/navaneeth/Documents/course/opencv/opencv_ws/src/my_image_publisher': PYTHONPATH=/home/navaneeth/Documents/course/opencv/opencv_ws/build/my_image_publisher/prefix_override:/home/navaneeth/Documents/course/opencv/opencv_ws/install/my_image_publisher/lib/python3.10/site-packages:${PYTHONPATH} /usr/bin/python3 setup.py egg_info --egg-base ../../build/my_image_publisher build --build-base /home/navaneeth/Documents/course/opencv/opencv_ws/build/my_image_publisher/build install --record /home/navaneeth/Documents/course/opencv/opencv_ws/build/my_image_publisher/install.log --single-version-externally-managed
[0.754s] running egg_info
[0.755s] writing ../../build/my_image_publisher/my_image_publisher.egg-info/PKG-INFO
[0.755s] writing dependency_links to ../../build/my_image_publisher/my_image_publisher.egg-info/dependency_links.txt
[0.755s] writing entry points to ../../build/my_image_publisher/my_image_publisher.egg-info/entry_points.txt
[0.755s] writing requirements to ../../build/my_image_publisher/my_image_publisher.egg-info/requires.txt
[0.755s] writing top-level names to ../../build/my_image_publisher/my_image_publisher.egg-info/top_level.txt
[0.757s] reading manifest file '../../build/my_image_publisher/my_image_publisher.egg-info/SOURCES.txt'
[0.757s] writing manifest file '../../build/my_image_publisher/my_image_publisher.egg-info/SOURCES.txt'
[0.758s] running build
[0.758s] running build_py
[0.758s] running install
[0.758s] /usr/lib/python3/dist-packages/setuptools/command/install.py:34: SetuptoolsDeprecationWarning: setup.py install is deprecated. Use build and pip and other standards-based tools.
[0.758s]   warnings.warn(
[0.758s] running install_lib
[0.759s] running install_data
[0.759s] running install_egg_info
[0.760s] removing '/home/navaneeth/Documents/course/opencv/opencv_ws/install/my_image_publisher/lib/python3.10/site-packages/my_image_publisher-0.0.0-py3.10.egg-info' (and everything under it)
[0.761s] Copying ../../build/my_image_publisher/my_image_publisher.egg-info to /home/navaneeth/Documents/course/opencv/opencv_ws/install/my_image_publisher/lib/python3.10/site-packages/my_image_publisher-0.0.0-py3.10.egg-info
[0.761s] running install_scripts
[0.775s] Installing image_publisher script to /home/navaneeth/Documents/course/opencv/opencv_ws/install/my_image_publisher/lib/my_image_publisher
[0.775s] writing list of installed files to '/home/navaneeth/Documents/course/opencv/opencv_ws/build/my_image_publisher/install.log'
[0.789s] Invoked command in '/home/navaneeth/Documents/course/opencv/opencv_ws/src/my_image_publisher' returned '0': PYTHONPATH=/home/navaneeth/Documents/course/opencv/opencv_ws/build/my_image_publisher/prefix_override:/home/navaneeth/Documents/course/opencv/opencv_ws/install/my_image_publisher/lib/python3.10/site-packages:${PYTHONPATH} /usr/bin/python3 setup.py egg_info --egg-base ../../build/my_image_publisher build --build-base /home/navaneeth/Documents/course/opencv/opencv_ws/build/my_image_publisher/build install --record /home/navaneeth/Documents/course/opencv/opencv_ws/build/my_image_publisher/install.log --single-version-externally-managed
