[0.384s] Invoking command in '/home/ueux/Desktop/ROS2Humble/basic_ws/build/my_robot_interfaces': CMAKE_PREFIX_PATH=${CMAKE_PREFIX_PATH}:/home/ueux/Desktop/ROS2Humble/basic_ws/install/my_robot_controller:/opt/ros/humble /usr/bin/cmake --build /home/ueux/Desktop/ROS2Humble/basic_ws/build/my_robot_interfaces -- -j8 -l8
[0.687s] Invoked command in '/home/ueux/Desktop/ROS2Humble/basic_ws/build/my_robot_interfaces' returned '0': CMAKE_PREFIX_PATH=${CMAKE_PREFIX_PATH}:/home/ueux/Desktop/ROS2Humble/basic_ws/install/my_robot_controller:/opt/ros/humble /usr/bin/cmake --build /home/ueux/Desktop/ROS2Humble/basic_ws/build/my_robot_interfaces -- -j8 -l8
[0.764s] Invoking command in '/home/ueux/Desktop/ROS2Humble/basic_ws/build/my_robot_interfaces': CMAKE_PREFIX_PATH=${CMAKE_PREFIX_PATH}:/home/ueux/Desktop/ROS2Humble/basic_ws/install/my_robot_controller:/opt/ros/humble /usr/bin/cmake --install /home/ueux/Desktop/ROS2Humble/basic_ws/build/my_robot_interfaces
[0.801s] -- Install configuration: ""
[0.847s] -- Execute custom install script
[0.847s] -- Up-to-date symlink: /home/ueux/Desktop/ROS2Humble/basic_ws/install/my_robot_interfaces/share/ament_index/resource_index/package_run_dependencies/my_robot_interfaces
[0.850s] -- Up-to-date symlink: /home/ueux/Desktop/ROS2Humble/basic_ws/install/my_robot_interfaces/share/ament_index/resource_index/parent_prefix_path/my_robot_interfaces
[0.852s] -- Up-to-date symlink: /home/ueux/Desktop/ROS2Humble/basic_ws/install/my_robot_interfaces/share/my_robot_interfaces/environment/ament_prefix_path.sh
[0.854s] -- Up-to-date symlink: /home/ueux/Desktop/ROS2Humble/basic_ws/install/my_robot_interfaces/share/my_robot_interfaces/environment/ament_prefix_path.dsv
[0.855s] -- Up-to-date symlink: /home/ueux/Desktop/ROS2Humble/basic_ws/install/my_robot_interfaces/share/my_robot_interfaces/environment/path.sh
[0.857s] -- Up-to-date symlink: /home/ueux/Desktop/ROS2Humble/basic_ws/install/my_robot_interfaces/share/my_robot_interfaces/environment/path.dsv
[0.858s] -- Up-to-date symlink: /home/ueux/Desktop/ROS2Humble/basic_ws/install/my_robot_interfaces/share/my_robot_interfaces/local_setup.bash
[0.873s] -- Up-to-date symlink: /home/ueux/Desktop/ROS2Humble/basic_ws/install/my_robot_interfaces/share/my_robot_interfaces/local_setup.sh
[0.877s] -- Up-to-date symlink: /home/ueux/Desktop/ROS2Humble/basic_ws/install/my_robot_interfaces/share/my_robot_interfaces/local_setup.zsh
[0.878s] -- Up-to-date symlink: /home/ueux/Desktop/ROS2Humble/basic_ws/install/my_robot_interfaces/share/my_robot_interfaces/local_setup.dsv
[0.879s] -- Symlinking: /home/ueux/Desktop/ROS2Humble/basic_ws/install/my_robot_interfaces/share/my_robot_interfaces/package.dsv
[0.973s] -- Up-to-date symlink: /home/ueux/Desktop/ROS2Humble/basic_ws/install/my_robot_interfaces/share/ament_index/resource_index/packages/my_robot_interfaces
[0.976s] -- Up-to-date symlink: /home/ueux/Desktop/ROS2Humble/basic_ws/install/my_robot_interfaces/share/my_robot_interfaces/cmake/my_robot_interfacesConfig.cmake
[1.000s] -- Up-to-date symlink: /home/ueux/Desktop/ROS2Humble/basic_ws/install/my_robot_interfaces/share/my_robot_interfaces/cmake/my_robot_interfacesConfig-version.cmake
[1.010s] -- Up-to-date symlink: /home/ueux/Desktop/ROS2Humble/basic_ws/install/my_robot_interfaces/share/my_robot_interfaces/package.xml
[1.029s] Invoked command in '/home/ueux/Desktop/ROS2Humble/basic_ws/build/my_robot_interfaces' returned '0': CMAKE_PREFIX_PATH=${CMAKE_PREFIX_PATH}:/home/ueux/Desktop/ROS2Humble/basic_ws/install/my_robot_controller:/opt/ros/humble /usr/bin/cmake --install /home/ueux/Desktop/ROS2Humble/basic_ws/build/my_robot_interfaces
