[0.152s] Invoking command in '/home/navaneeth/Documents/course/Practice_programs/ROS2/roboai_ws/build/cpp_pubsub': CMAKE_PREFIX_PATH=/opt/ros/humble /usr/bin/cmake --build /home/navaneeth/Documents/course/Practice_programs/ROS2/roboai_ws/build/cpp_pubsub -- -j16 -l16
[0.419s] Invoked command in '/home/navaneeth/Documents/course/Practice_programs/ROS2/roboai_ws/build/cpp_pubsub' returned '0': CMAKE_PREFIX_PATH=/opt/ros/humble /usr/bin/cmake --build /home/navaneeth/Documents/course/Practice_programs/ROS2/roboai_ws/build/cpp_pubsub -- -j16 -l16
[0.443s] Invoking command in '/home/navaneeth/Documents/course/Practice_programs/ROS2/roboai_ws/build/cpp_pubsub': CMAKE_PREFIX_PATH=/opt/ros/humble /usr/bin/cmake --install /home/navaneeth/Documents/course/Practice_programs/ROS2/roboai_ws/build/cpp_pubsub
[0.448s] -- Install configuration: ""
[0.448s] -- Up-to-date: /home/navaneeth/Documents/course/Practice_programs/ROS2/roboai_ws/install/cpp_pubsub/share/ament_index/resource_index/package_run_dependencies/cpp_pubsub
[0.448s] -- Up-to-date: /home/navaneeth/Documents/course/Practice_programs/ROS2/roboai_ws/install/cpp_pubsub/share/ament_index/resource_index/parent_prefix_path/cpp_pubsub
[0.448s] -- Up-to-date: /home/navaneeth/Documents/course/Practice_programs/ROS2/roboai_ws/install/cpp_pubsub/share/cpp_pubsub/environment/ament_prefix_path.sh
[0.448s] -- Up-to-date: /home/navaneeth/Documents/course/Practice_programs/ROS2/roboai_ws/install/cpp_pubsub/share/cpp_pubsub/environment/ament_prefix_path.dsv
[0.448s] -- Up-to-date: /home/navaneeth/Documents/course/Practice_programs/ROS2/roboai_ws/install/cpp_pubsub/share/cpp_pubsub/environment/path.sh
[0.449s] -- Up-to-date: /home/navaneeth/Documents/course/Practice_programs/ROS2/roboai_ws/install/cpp_pubsub/share/cpp_pubsub/environment/path.dsv
[0.449s] -- Up-to-date: /home/navaneeth/Documents/course/Practice_programs/ROS2/roboai_ws/install/cpp_pubsub/share/cpp_pubsub/local_setup.bash
[0.449s] -- Up-to-date: /home/navaneeth/Documents/course/Practice_programs/ROS2/roboai_ws/install/cpp_pubsub/share/cpp_pubsub/local_setup.sh
[0.449s] -- Up-to-date: /home/navaneeth/Documents/course/Practice_programs/ROS2/roboai_ws/install/cpp_pubsub/share/cpp_pubsub/local_setup.zsh
[0.449s] -- Up-to-date: /home/navaneeth/Documents/course/Practice_programs/ROS2/roboai_ws/install/cpp_pubsub/share/cpp_pubsub/local_setup.dsv
[0.449s] -- Installing: /home/navaneeth/Documents/course/Practice_programs/ROS2/roboai_ws/install/cpp_pubsub/share/cpp_pubsub/package.dsv
[0.449s] -- Up-to-date: /home/navaneeth/Documents/course/Practice_programs/ROS2/roboai_ws/install/cpp_pubsub/share/ament_index/resource_index/packages/cpp_pubsub
[0.449s] -- Up-to-date: /home/navaneeth/Documents/course/Practice_programs/ROS2/roboai_ws/install/cpp_pubsub/share/cpp_pubsub/cmake/cpp_pubsubConfig.cmake
[0.449s] -- Up-to-date: /home/navaneeth/Documents/course/Practice_programs/ROS2/roboai_ws/install/cpp_pubsub/share/cpp_pubsub/cmake/cpp_pubsubConfig-version.cmake
[0.449s] -- Up-to-date: /home/navaneeth/Documents/course/Practice_programs/ROS2/roboai_ws/install/cpp_pubsub/share/cpp_pubsub/package.xml
[0.450s] Invoked command in '/home/navaneeth/Documents/course/Practice_programs/ROS2/roboai_ws/build/cpp_pubsub' returned '0': CMAKE_PREFIX_PATH=/opt/ros/humble /usr/bin/cmake --install /home/navaneeth/Documents/course/Practice_programs/ROS2/roboai_ws/build/cpp_pubsub
