running egg_info
writing ../../build/teleop_agv_keyboard/teleop_agv_keyboard.egg-info/PKG-INFO
writing dependency_links to ../../build/teleop_agv_keyboard/teleop_agv_keyboard.egg-info/dependency_links.txt
writing entry points to ../../build/teleop_agv_keyboard/teleop_agv_keyboard.egg-info/entry_points.txt
writing requirements to ../../build/teleop_agv_keyboard/teleop_agv_keyboard.egg-info/requires.txt
writing top-level names to ../../build/teleop_agv_keyboard/teleop_agv_keyboard.egg-info/top_level.txt
reading manifest file '../../build/teleop_agv_keyboard/teleop_agv_keyboard.egg-info/SOURCES.txt'
writing manifest file '../../build/teleop_agv_keyboard/teleop_agv_keyboard.egg-info/SOURCES.txt'
running build
running build_py
running install
/usr/lib/python3/dist-packages/setuptools/command/install.py:34: SetuptoolsDeprecationWarning: setup.py install is deprecated. Use build and pip and other standards-based tools.
  warnings.warn(
running install_lib
running install_data
running install_egg_info
removing '/home/navaneeth/Documents/course/Practice_programs/ROS2/urdf_ws/install/teleop_agv_keyboard/lib/python3.10/site-packages/teleop_agv_keyboard-2.3.2-py3.10.egg-info' (and everything under it)
Copying ../../build/teleop_agv_keyboard/teleop_agv_keyboard.egg-info to /home/navaneeth/Documents/course/Practice_programs/ROS2/urdf_ws/install/teleop_agv_keyboard/lib/python3.10/site-packages/teleop_agv_keyboard-2.3.2-py3.10.egg-info
running install_scripts
Installing teleop_agv_keyboard script to /home/navaneeth/Documents/course/Practice_programs/ROS2/urdf_ws/install/teleop_agv_keyboard/lib/teleop_agv_keyboard
writing list of installed files to '/home/navaneeth/Documents/course/Practice_programs/ROS2/urdf_ws/build/teleop_agv_keyboard/install.log'
