[0.098s] DEBUG:colcon:Command line arguments: ['/usr/bin/colcon', 'build', '--packages-select', 'my_robot_interfaces']
[0.098s] DEBUG:colcon:Parsed command line arguments: Namespace(log_base=None, log_level=None, verb_name='build', build_base='build', install_base='install', merge_install=False, symlink_install=False, test_result_base=None, continue_on_error=False, executor='parallel', parallel_workers=8, event_handlers=None, ignore_user_meta=False, metas=['./colcon.meta'], base_paths=['.'], packages_ignore=None, packages_ignore_regex=None, paths=None, packages_up_to=None, packages_up_to_regex=None, packages_above=None, packages_above_and_dependencies=None, packages_above_depth=None, packages_select_by_dep=None, packages_skip_by_dep=None, packages_skip_up_to=None, packages_select_build_failed=False, packages_skip_build_finished=False, packages_select_test_failures=False, packages_skip_test_passed=False, packages_select=['my_robot_interfaces'], packages_skip=None, packages_select_regex=None, packages_skip_regex=None, packages_start=None, packages_end=None, allow_overriding=[], cmake_args=None, cmake_target=None, cmake_target_skip_unavailable=False, cmake_clean_cache=False, cmake_clean_first=False, cmake_force_configure=False, ament_cmake_args=None, catkin_cmake_args=None, catkin_skip_building_tests=False, verb_parser=<colcon_defaults.argument_parser.defaults.DefaultArgumentsDecorator object at 0x7511cd133250>, verb_extension=<colcon_core.verb.build.BuildVerb object at 0x7511cd280670>, main=<bound method BuildVerb.main of <colcon_core.verb.build.BuildVerb object at 0x7511cd280670>>)
[0.208s] Level 1:colcon.colcon_core.package_discovery:discover_packages(colcon_meta) check parameters
[0.208s] Level 1:colcon.colcon_core.package_discovery:discover_packages(recursive) check parameters
[0.208s] Level 1:colcon.colcon_core.package_discovery:discover_packages(ignore) check parameters
[0.208s] Level 1:colcon.colcon_core.package_discovery:discover_packages(path) check parameters
[0.208s] Level 1:colcon.colcon_core.package_discovery:discover_packages(colcon_meta) discover
[0.208s] Level 1:colcon.colcon_core.package_discovery:discover_packages(recursive) discover
[0.209s] INFO:colcon.colcon_core.package_discovery:Crawling recursively for packages in '/home/ueux/Desktop/ROS2Humble/basic_ws'
[0.209s] Level 1:colcon.colcon_core.package_identification:_identify(.) by extensions ['ignore', 'ignore_ament_install']
[0.209s] Level 1:colcon.colcon_core.package_identification:_identify(.) by extension 'ignore'
[0.209s] Level 1:colcon.colcon_core.package_identification:_identify(.) by extension 'ignore_ament_install'
[0.209s] Level 1:colcon.colcon_core.package_identification:_identify(.) by extensions ['colcon_pkg']
[0.209s] Level 1:colcon.colcon_core.package_identification:_identify(.) by extension 'colcon_pkg'
[0.209s] Level 1:colcon.colcon_core.package_identification:_identify(.) by extensions ['colcon_meta']
[0.209s] Level 1:colcon.colcon_core.package_identification:_identify(.) by extension 'colcon_meta'
[0.209s] Level 1:colcon.colcon_core.package_identification:_identify(.) by extensions ['ros']
[0.209s] Level 1:colcon.colcon_core.package_identification:_identify(.) by extension 'ros'
[0.219s] Level 1:colcon.colcon_core.package_identification:_identify(.) by extensions ['cmake', 'python']
[0.219s] Level 1:colcon.colcon_core.package_identification:_identify(.) by extension 'cmake'
[0.219s] Level 1:colcon.colcon_core.package_identification:_identify(.) by extension 'python'
[0.219s] Level 1:colcon.colcon_core.package_identification:_identify(.) by extensions ['python_setup_py']
[0.219s] Level 1:colcon.colcon_core.package_identification:_identify(.) by extension 'python_setup_py'
[0.220s] Level 1:colcon.colcon_core.package_identification:_identify(build) by extensions ['ignore', 'ignore_ament_install']
[0.220s] Level 1:colcon.colcon_core.package_identification:_identify(build) by extension 'ignore'
[0.220s] Level 1:colcon.colcon_core.package_identification:_identify(build) ignored
[0.220s] Level 1:colcon.colcon_core.package_identification:_identify(install) by extensions ['ignore', 'ignore_ament_install']
[0.220s] Level 1:colcon.colcon_core.package_identification:_identify(install) by extension 'ignore'
[0.220s] Level 1:colcon.colcon_core.package_identification:_identify(install) ignored
[0.220s] Level 1:colcon.colcon_core.package_identification:_identify(log) by extensions ['ignore', 'ignore_ament_install']
[0.221s] Level 1:colcon.colcon_core.package_identification:_identify(log) by extension 'ignore'
[0.221s] Level 1:colcon.colcon_core.package_identification:_identify(log) ignored
[0.221s] Level 1:colcon.colcon_core.package_identification:_identify(src) by extensions ['ignore', 'ignore_ament_install']
[0.221s] Level 1:colcon.colcon_core.package_identification:_identify(src) by extension 'ignore'
[0.221s] Level 1:colcon.colcon_core.package_identification:_identify(src) by extension 'ignore_ament_install'
[0.221s] Level 1:colcon.colcon_core.package_identification:_identify(src) by extensions ['colcon_pkg']
[0.221s] Level 1:colcon.colcon_core.package_identification:_identify(src) by extension 'colcon_pkg'
[0.221s] Level 1:colcon.colcon_core.package_identification:_identify(src) by extensions ['colcon_meta']
[0.221s] Level 1:colcon.colcon_core.package_identification:_identify(src) by extension 'colcon_meta'
[0.221s] Level 1:colcon.colcon_core.package_identification:_identify(src) by extensions ['ros']
[0.221s] Level 1:colcon.colcon_core.package_identification:_identify(src) by extension 'ros'
[0.221s] Level 1:colcon.colcon_core.package_identification:_identify(src) by extensions ['cmake', 'python']
[0.221s] Level 1:colcon.colcon_core.package_identification:_identify(src) by extension 'cmake'
[0.221s] Level 1:colcon.colcon_core.package_identification:_identify(src) by extension 'python'
[0.221s] Level 1:colcon.colcon_core.package_identification:_identify(src) by extensions ['python_setup_py']
[0.221s] Level 1:colcon.colcon_core.package_identification:_identify(src) by extension 'python_setup_py'
[0.221s] Level 1:colcon.colcon_core.package_identification:_identify(src/my_package) by extensions ['ignore', 'ignore_ament_install']
[0.222s] Level 1:colcon.colcon_core.package_identification:_identify(src/my_package) by extension 'ignore'
[0.222s] Level 1:colcon.colcon_core.package_identification:_identify(src/my_package) by extension 'ignore_ament_install'
[0.222s] Level 1:colcon.colcon_core.package_identification:_identify(src/my_package) by extensions ['colcon_pkg']
[0.222s] Level 1:colcon.colcon_core.package_identification:_identify(src/my_package) by extension 'colcon_pkg'
[0.222s] Level 1:colcon.colcon_core.package_identification:_identify(src/my_package) by extensions ['colcon_meta']
[0.222s] Level 1:colcon.colcon_core.package_identification:_identify(src/my_package) by extension 'colcon_meta'
[0.222s] Level 1:colcon.colcon_core.package_identification:_identify(src/my_package) by extensions ['ros']
[0.222s] Level 1:colcon.colcon_core.package_identification:_identify(src/my_package) by extension 'ros'
[0.225s] DEBUG:colcon.colcon_core.package_identification:Package 'src/my_package' with type 'ros.ament_cmake' and name 'my_package'
[0.225s] Level 1:colcon.colcon_core.package_identification:_identify(src/my_robot_controller) by extensions ['ignore', 'ignore_ament_install']
[0.225s] Level 1:colcon.colcon_core.package_identification:_identify(src/my_robot_controller) by extension 'ignore'
[0.225s] Level 1:colcon.colcon_core.package_identification:_identify(src/my_robot_controller) by extension 'ignore_ament_install'
[0.225s] Level 1:colcon.colcon_core.package_identification:_identify(src/my_robot_controller) by extensions ['colcon_pkg']
[0.225s] Level 1:colcon.colcon_core.package_identification:_identify(src/my_robot_controller) by extension 'colcon_pkg'
[0.225s] Level 1:colcon.colcon_core.package_identification:_identify(src/my_robot_controller) by extensions ['colcon_meta']
[0.225s] Level 1:colcon.colcon_core.package_identification:_identify(src/my_robot_controller) by extension 'colcon_meta'
[0.225s] Level 1:colcon.colcon_core.package_identification:_identify(src/my_robot_controller) by extensions ['ros']
[0.225s] Level 1:colcon.colcon_core.package_identification:_identify(src/my_robot_controller) by extension 'ros'
[0.225s] DEBUG:colcon.colcon_core.package_identification:Package 'src/my_robot_controller' with type 'ros.ament_python' and name 'my_robot_controller'
[0.226s] Level 1:colcon.colcon_core.package_identification:_identify(src/my_robot_interfaces) by extensions ['ignore', 'ignore_ament_install']
[0.226s] Level 1:colcon.colcon_core.package_identification:_identify(src/my_robot_interfaces) by extension 'ignore'
[0.226s] Level 1:colcon.colcon_core.package_identification:_identify(src/my_robot_interfaces) by extension 'ignore_ament_install'
[0.226s] Level 1:colcon.colcon_core.package_identification:_identify(src/my_robot_interfaces) by extensions ['colcon_pkg']
[0.226s] Level 1:colcon.colcon_core.package_identification:_identify(src/my_robot_interfaces) by extension 'colcon_pkg'
[0.226s] Level 1:colcon.colcon_core.package_identification:_identify(src/my_robot_interfaces) by extensions ['colcon_meta']
[0.226s] Level 1:colcon.colcon_core.package_identification:_identify(src/my_robot_interfaces) by extension 'colcon_meta'
[0.226s] Level 1:colcon.colcon_core.package_identification:_identify(src/my_robot_interfaces) by extensions ['ros']
[0.226s] Level 1:colcon.colcon_core.package_identification:_identify(src/my_robot_interfaces) by extension 'ros'
[0.226s] DEBUG:colcon.colcon_core.package_identification:Package 'src/my_robot_interfaces' with type 'ros.ament_cmake' and name 'my_robot_interfaces'
[0.226s] Level 1:colcon.colcon_core.package_identification:_identify(src/ros_tutorials) by extensions ['ignore', 'ignore_ament_install']
[0.226s] Level 1:colcon.colcon_core.package_identification:_identify(src/ros_tutorials) by extension 'ignore'
[0.226s] Level 1:colcon.colcon_core.package_identification:_identify(src/ros_tutorials) by extension 'ignore_ament_install'
[0.226s] Level 1:colcon.colcon_core.package_identification:_identify(src/ros_tutorials) by extensions ['colcon_pkg']
[0.226s] Level 1:colcon.colcon_core.package_identification:_identify(src/ros_tutorials) by extension 'colcon_pkg'
[0.226s] Level 1:colcon.colcon_core.package_identification:_identify(src/ros_tutorials) by extensions ['colcon_meta']
[0.226s] Level 1:colcon.colcon_core.package_identification:_identify(src/ros_tutorials) by extension 'colcon_meta'
[0.226s] Level 1:colcon.colcon_core.package_identification:_identify(src/ros_tutorials) by extensions ['ros']
[0.226s] Level 1:colcon.colcon_core.package_identification:_identify(src/ros_tutorials) by extension 'ros'
[0.226s] Level 1:colcon.colcon_core.package_identification:_identify(src/ros_tutorials) by extensions ['cmake', 'python']
[0.226s] Level 1:colcon.colcon_core.package_identification:_identify(src/ros_tutorials) by extension 'cmake'
[0.226s] Level 1:colcon.colcon_core.package_identification:_identify(src/ros_tutorials) by extension 'python'
[0.226s] Level 1:colcon.colcon_core.package_identification:_identify(src/ros_tutorials) by extensions ['python_setup_py']
[0.226s] Level 1:colcon.colcon_core.package_identification:_identify(src/ros_tutorials) by extension 'python_setup_py'
[0.227s] Level 1:colcon.colcon_core.package_identification:_identify(src/ros_tutorials/ros_tutorials) by extensions ['ignore', 'ignore_ament_install']
[0.227s] Level 1:colcon.colcon_core.package_identification:_identify(src/ros_tutorials/ros_tutorials) by extension 'ignore'
[0.227s] Level 1:colcon.colcon_core.package_identification:_identify(src/ros_tutorials/ros_tutorials) ignored
[0.227s] Level 1:colcon.colcon_core.package_identification:_identify(src/ros_tutorials/roscpp_tutorials) by extensions ['ignore', 'ignore_ament_install']
[0.227s] Level 1:colcon.colcon_core.package_identification:_identify(src/ros_tutorials/roscpp_tutorials) by extension 'ignore'
[0.227s] Level 1:colcon.colcon_core.package_identification:_identify(src/ros_tutorials/roscpp_tutorials) ignored
[0.227s] Level 1:colcon.colcon_core.package_identification:_identify(src/ros_tutorials/rospy_tutorials) by extensions ['ignore', 'ignore_ament_install']
[0.227s] Level 1:colcon.colcon_core.package_identification:_identify(src/ros_tutorials/rospy_tutorials) by extension 'ignore'
[0.227s] Level 1:colcon.colcon_core.package_identification:_identify(src/ros_tutorials/rospy_tutorials) ignored
[0.227s] Level 1:colcon.colcon_core.package_identification:_identify(src/ros_tutorials/turtlesim) by extensions ['ignore', 'ignore_ament_install']
[0.227s] Level 1:colcon.colcon_core.package_identification:_identify(src/ros_tutorials/turtlesim) by extension 'ignore'
[0.227s] Level 1:colcon.colcon_core.package_identification:_identify(src/ros_tutorials/turtlesim) by extension 'ignore_ament_install'
[0.227s] Level 1:colcon.colcon_core.package_identification:_identify(src/ros_tutorials/turtlesim) by extensions ['colcon_pkg']
[0.227s] Level 1:colcon.colcon_core.package_identification:_identify(src/ros_tutorials/turtlesim) by extension 'colcon_pkg'
[0.227s] Level 1:colcon.colcon_core.package_identification:_identify(src/ros_tutorials/turtlesim) by extensions ['colcon_meta']
[0.227s] Level 1:colcon.colcon_core.package_identification:_identify(src/ros_tutorials/turtlesim) by extension 'colcon_meta'
[0.227s] Level 1:colcon.colcon_core.package_identification:_identify(src/ros_tutorials/turtlesim) by extensions ['ros']
[0.227s] Level 1:colcon.colcon_core.package_identification:_identify(src/ros_tutorials/turtlesim) by extension 'ros'
[0.228s] DEBUG:colcon.colcon_core.package_identification:Package 'src/ros_tutorials/turtlesim' with type 'ros.ament_cmake' and name 'turtlesim'
[0.228s] Level 1:colcon.colcon_core.package_discovery:discover_packages(recursive) using defaults
[0.228s] Level 1:colcon.colcon_core.package_discovery:discover_packages(ignore) discover
[0.228s] Level 1:colcon.colcon_core.package_discovery:discover_packages(ignore) using defaults
[0.228s] Level 1:colcon.colcon_core.package_discovery:discover_packages(path) discover
[0.228s] Level 1:colcon.colcon_core.package_discovery:discover_packages(path) using defaults
[0.246s] INFO:colcon.colcon_core.package_selection:Skipping not selected package 'my_package' in 'src/my_package'
[0.246s] INFO:colcon.colcon_core.package_selection:Skipping not selected package 'turtlesim' in 'src/ros_tutorials/turtlesim'
[0.246s] INFO:colcon.colcon_core.package_selection:Skipping not selected package 'my_robot_controller' in 'src/my_robot_controller'
[0.247s] Level 1:colcon.colcon_core.package_discovery:discover_packages(prefix_path) check parameters
[0.247s] Level 1:colcon.colcon_core.package_discovery:discover_packages(prefix_path) discover
[0.248s] DEBUG:colcon.colcon_installed_package_information.package_discovery:Found 4 installed packages in /home/ueux/Desktop/ROS2Humble/basic_ws/install
[0.249s] DEBUG:colcon.colcon_installed_package_information.package_discovery:Found 290 installed packages in /opt/ros/humble
[0.268s] Level 1:colcon.colcon_core.package_discovery:discover_packages(prefix_path) using defaults
[0.296s] Level 5:colcon.colcon_core.verb:set package 'my_robot_interfaces' build argument 'cmake_args' from command line to 'None'
[0.296s] Level 5:colcon.colcon_core.verb:set package 'my_robot_interfaces' build argument 'cmake_target' from command line to 'None'
[0.296s] Level 5:colcon.colcon_core.verb:set package 'my_robot_interfaces' build argument 'cmake_target_skip_unavailable' from command line to 'False'
[0.296s] Level 5:colcon.colcon_core.verb:set package 'my_robot_interfaces' build argument 'cmake_clean_cache' from command line to 'False'
[0.296s] Level 5:colcon.colcon_core.verb:set package 'my_robot_interfaces' build argument 'cmake_clean_first' from command line to 'False'
[0.296s] Level 5:colcon.colcon_core.verb:set package 'my_robot_interfaces' build argument 'cmake_force_configure' from command line to 'False'
[0.296s] Level 5:colcon.colcon_core.verb:set package 'my_robot_interfaces' build argument 'ament_cmake_args' from command line to 'None'
[0.296s] Level 5:colcon.colcon_core.verb:set package 'my_robot_interfaces' build argument 'catkin_cmake_args' from command line to 'None'
[0.296s] Level 5:colcon.colcon_core.verb:set package 'my_robot_interfaces' build argument 'catkin_skip_building_tests' from command line to 'False'
[0.296s] DEBUG:colcon.colcon_core.verb:Building package 'my_robot_interfaces' with the following arguments: {'ament_cmake_args': None, 'build_base': '/home/ueux/Desktop/ROS2Humble/basic_ws/build/my_robot_interfaces', 'catkin_cmake_args': None, 'catkin_skip_building_tests': False, 'cmake_args': None, 'cmake_clean_cache': False, 'cmake_clean_first': False, 'cmake_force_configure': False, 'cmake_target': None, 'cmake_target_skip_unavailable': False, 'install_base': '/home/ueux/Desktop/ROS2Humble/basic_ws/install/my_robot_interfaces', 'merge_install': False, 'path': '/home/ueux/Desktop/ROS2Humble/basic_ws/src/my_robot_interfaces', 'symlink_install': False, 'test_result_base': None}
[0.297s] INFO:colcon.colcon_core.executor:Executing jobs using 'parallel' executor
[0.298s] DEBUG:colcon.colcon_parallel_executor.executor.parallel:run_until_complete
[0.298s] INFO:colcon.colcon_ros.task.ament_cmake.build:Building ROS package in '/home/ueux/Desktop/ROS2Humble/basic_ws/src/my_robot_interfaces' with build type 'ament_cmake'
[0.298s] INFO:colcon.colcon_cmake.task.cmake.build:Building CMake package in '/home/ueux/Desktop/ROS2Humble/basic_ws/src/my_robot_interfaces'
[0.301s] INFO:colcon.colcon_core.plugin_system:Skipping extension 'colcon_core.shell.bat': Not used on non-Windows systems
[0.301s] INFO:colcon.colcon_core.shell:Skip shell extension 'powershell' for command environment: Not usable outside of PowerShell
[0.301s] DEBUG:colcon.colcon_core.shell:Skip shell extension 'dsv' for command environment
[0.421s] DEBUG:colcon.colcon_core.event_handler.log_command:Invoking command in '/home/ueux/Desktop/ROS2Humble/basic_ws/build/my_robot_interfaces': CMAKE_PREFIX_PATH=${CMAKE_PREFIX_PATH}:/home/ueux/Desktop/ROS2Humble/basic_ws/install/my_robot_controller:/opt/ros/humble /usr/bin/cmake /home/ueux/Desktop/ROS2Humble/basic_ws/src/my_robot_interfaces -DCMAKE_INSTALL_PREFIX=/home/ueux/Desktop/ROS2Humble/basic_ws/install/my_robot_interfaces
[5.902s] DEBUG:colcon.colcon_core.event_handler.log_command:Invoked command in '/home/ueux/Desktop/ROS2Humble/basic_ws/build/my_robot_interfaces' returned '0': CMAKE_PREFIX_PATH=${CMAKE_PREFIX_PATH}:/home/ueux/Desktop/ROS2Humble/basic_ws/install/my_robot_controller:/opt/ros/humble /usr/bin/cmake /home/ueux/Desktop/ROS2Humble/basic_ws/src/my_robot_interfaces -DCMAKE_INSTALL_PREFIX=/home/ueux/Desktop/ROS2Humble/basic_ws/install/my_robot_interfaces
[5.913s] DEBUG:colcon.colcon_core.event_handler.log_command:Invoking command in '/home/ueux/Desktop/ROS2Humble/basic_ws/build/my_robot_interfaces': CMAKE_PREFIX_PATH=${CMAKE_PREFIX_PATH}:/home/ueux/Desktop/ROS2Humble/basic_ws/install/my_robot_controller:/opt/ros/humble /usr/bin/cmake --build /home/ueux/Desktop/ROS2Humble/basic_ws/build/my_robot_interfaces -- -j8 -l8
[17.271s] DEBUG:colcon.colcon_core.event_handler.log_command:Invoked command in '/home/ueux/Desktop/ROS2Humble/basic_ws/build/my_robot_interfaces' returned '0': CMAKE_PREFIX_PATH=${CMAKE_PREFIX_PATH}:/home/ueux/Desktop/ROS2Humble/basic_ws/install/my_robot_controller:/opt/ros/humble /usr/bin/cmake --build /home/ueux/Desktop/ROS2Humble/basic_ws/build/my_robot_interfaces -- -j8 -l8
[17.301s] DEBUG:colcon.colcon_core.event_handler.log_command:Invoking command in '/home/ueux/Desktop/ROS2Humble/basic_ws/build/my_robot_interfaces': CMAKE_PREFIX_PATH=${CMAKE_PREFIX_PATH}:/home/ueux/Desktop/ROS2Humble/basic_ws/install/my_robot_controller:/opt/ros/humble /usr/bin/cmake --install /home/ueux/Desktop/ROS2Humble/basic_ws/build/my_robot_interfaces
[19.127s] Level 1:colcon.colcon_core.environment:create_environment_scripts_only(my_robot_interfaces)
[19.133s] DEBUG:colcon.colcon_core.event_handler.log_command:Invoked command in '/home/ueux/Desktop/ROS2Humble/basic_ws/build/my_robot_interfaces' returned '0': CMAKE_PREFIX_PATH=${CMAKE_PREFIX_PATH}:/home/ueux/Desktop/ROS2Humble/basic_ws/install/my_robot_controller:/opt/ros/humble /usr/bin/cmake --install /home/ueux/Desktop/ROS2Humble/basic_ws/build/my_robot_interfaces
[19.137s] Level 1:colcon.colcon_core.environment:checking '/home/ueux/Desktop/ROS2Humble/basic_ws/install/my_robot_interfaces' for CMake module files
[19.137s] Level 1:colcon.colcon_core.environment:checking '/home/ueux/Desktop/ROS2Humble/basic_ws/install/my_robot_interfaces' for CMake config files
[19.138s] Level 1:colcon.colcon_core.shell:create_environment_hook('my_robot_interfaces', 'cmake_prefix_path')
[19.139s] INFO:colcon.colcon_core.shell:Creating environment hook '/home/ueux/Desktop/ROS2Humble/basic_ws/install/my_robot_interfaces/share/my_robot_interfaces/hook/cmake_prefix_path.ps1'
[19.142s] INFO:colcon.colcon_core.shell:Creating environment descriptor '/home/ueux/Desktop/ROS2Humble/basic_ws/install/my_robot_interfaces/share/my_robot_interfaces/hook/cmake_prefix_path.dsv'
[19.143s] INFO:colcon.colcon_core.shell:Creating environment hook '/home/ueux/Desktop/ROS2Humble/basic_ws/install/my_robot_interfaces/share/my_robot_interfaces/hook/cmake_prefix_path.sh'
[19.145s] Level 1:colcon.colcon_core.environment:checking '/home/ueux/Desktop/ROS2Humble/basic_ws/install/my_robot_interfaces/lib'
[19.147s] Level 1:colcon.colcon_core.shell:create_environment_hook('my_robot_interfaces', 'ld_library_path_lib')
[19.148s] INFO:colcon.colcon_core.shell:Creating environment hook '/home/ueux/Desktop/ROS2Humble/basic_ws/install/my_robot_interfaces/share/my_robot_interfaces/hook/ld_library_path_lib.ps1'
[19.149s] INFO:colcon.colcon_core.shell:Creating environment descriptor '/home/ueux/Desktop/ROS2Humble/basic_ws/install/my_robot_interfaces/share/my_robot_interfaces/hook/ld_library_path_lib.dsv'
[19.153s] INFO:colcon.colcon_core.shell:Creating environment hook '/home/ueux/Desktop/ROS2Humble/basic_ws/install/my_robot_interfaces/share/my_robot_interfaces/hook/ld_library_path_lib.sh'
[19.154s] Level 1:colcon.colcon_core.environment:checking '/home/ueux/Desktop/ROS2Humble/basic_ws/install/my_robot_interfaces/bin'
[19.154s] Level 1:colcon.colcon_core.environment:checking '/home/ueux/Desktop/ROS2Humble/basic_ws/install/my_robot_interfaces/lib/pkgconfig/my_robot_interfaces.pc'
[19.154s] Level 1:colcon.colcon_core.environment:checking '/home/ueux/Desktop/ROS2Humble/basic_ws/install/my_robot_interfaces/lib/python3.10/site-packages'
[19.154s] Level 1:colcon.colcon_core.environment:checking '/home/ueux/Desktop/ROS2Humble/basic_ws/install/my_robot_interfaces/bin'
[19.155s] INFO:colcon.colcon_core.shell:Creating package script '/home/ueux/Desktop/ROS2Humble/basic_ws/install/my_robot_interfaces/share/my_robot_interfaces/package.ps1'
[19.158s] INFO:colcon.colcon_core.shell:Creating package descriptor '/home/ueux/Desktop/ROS2Humble/basic_ws/install/my_robot_interfaces/share/my_robot_interfaces/package.dsv'
[19.161s] INFO:colcon.colcon_core.shell:Creating package script '/home/ueux/Desktop/ROS2Humble/basic_ws/install/my_robot_interfaces/share/my_robot_interfaces/package.sh'
[19.162s] INFO:colcon.colcon_core.shell:Creating package script '/home/ueux/Desktop/ROS2Humble/basic_ws/install/my_robot_interfaces/share/my_robot_interfaces/package.bash'
[19.164s] INFO:colcon.colcon_core.shell:Creating package script '/home/ueux/Desktop/ROS2Humble/basic_ws/install/my_robot_interfaces/share/my_robot_interfaces/package.zsh'
[19.166s] Level 1:colcon.colcon_core.environment:create_file_with_runtime_dependencies(/home/ueux/Desktop/ROS2Humble/basic_ws/install/my_robot_interfaces/share/colcon-core/packages/my_robot_interfaces)
[19.167s] Level 1:colcon.colcon_core.environment:create_environment_scripts_only(my_robot_interfaces)
[19.167s] Level 1:colcon.colcon_core.environment:checking '/home/ueux/Desktop/ROS2Humble/basic_ws/install/my_robot_interfaces' for CMake module files
[19.168s] Level 1:colcon.colcon_core.environment:checking '/home/ueux/Desktop/ROS2Humble/basic_ws/install/my_robot_interfaces' for CMake config files
[19.172s] Level 1:colcon.colcon_core.shell:create_environment_hook('my_robot_interfaces', 'cmake_prefix_path')
[19.172s] INFO:colcon.colcon_core.shell:Creating environment hook '/home/ueux/Desktop/ROS2Humble/basic_ws/install/my_robot_interfaces/share/my_robot_interfaces/hook/cmake_prefix_path.ps1'
[19.178s] INFO:colcon.colcon_core.shell:Creating environment descriptor '/home/ueux/Desktop/ROS2Humble/basic_ws/install/my_robot_interfaces/share/my_robot_interfaces/hook/cmake_prefix_path.dsv'
[19.182s] INFO:colcon.colcon_core.shell:Creating environment hook '/home/ueux/Desktop/ROS2Humble/basic_ws/install/my_robot_interfaces/share/my_robot_interfaces/hook/cmake_prefix_path.sh'
[19.184s] Level 1:colcon.colcon_core.environment:checking '/home/ueux/Desktop/ROS2Humble/basic_ws/install/my_robot_interfaces/lib'
[19.184s] Level 1:colcon.colcon_core.shell:create_environment_hook('my_robot_interfaces', 'ld_library_path_lib')
[19.184s] INFO:colcon.colcon_core.shell:Creating environment hook '/home/ueux/Desktop/ROS2Humble/basic_ws/install/my_robot_interfaces/share/my_robot_interfaces/hook/ld_library_path_lib.ps1'
[19.185s] INFO:colcon.colcon_core.shell:Creating environment descriptor '/home/ueux/Desktop/ROS2Humble/basic_ws/install/my_robot_interfaces/share/my_robot_interfaces/hook/ld_library_path_lib.dsv'
[19.185s] INFO:colcon.colcon_core.shell:Creating environment hook '/home/ueux/Desktop/ROS2Humble/basic_ws/install/my_robot_interfaces/share/my_robot_interfaces/hook/ld_library_path_lib.sh'
[19.186s] Level 1:colcon.colcon_core.environment:checking '/home/ueux/Desktop/ROS2Humble/basic_ws/install/my_robot_interfaces/bin'
[19.186s] Level 1:colcon.colcon_core.environment:checking '/home/ueux/Desktop/ROS2Humble/basic_ws/install/my_robot_interfaces/lib/pkgconfig/my_robot_interfaces.pc'
[19.186s] Level 1:colcon.colcon_core.environment:checking '/home/ueux/Desktop/ROS2Humble/basic_ws/install/my_robot_interfaces/lib/python3.10/site-packages'
[19.186s] Level 1:colcon.colcon_core.environment:checking '/home/ueux/Desktop/ROS2Humble/basic_ws/install/my_robot_interfaces/bin'
[19.187s] INFO:colcon.colcon_core.shell:Creating package script '/home/ueux/Desktop/ROS2Humble/basic_ws/install/my_robot_interfaces/share/my_robot_interfaces/package.ps1'
[19.187s] INFO:colcon.colcon_core.shell:Creating package descriptor '/home/ueux/Desktop/ROS2Humble/basic_ws/install/my_robot_interfaces/share/my_robot_interfaces/package.dsv'
[19.188s] INFO:colcon.colcon_core.shell:Creating package script '/home/ueux/Desktop/ROS2Humble/basic_ws/install/my_robot_interfaces/share/my_robot_interfaces/package.sh'
[19.189s] INFO:colcon.colcon_core.shell:Creating package script '/home/ueux/Desktop/ROS2Humble/basic_ws/install/my_robot_interfaces/share/my_robot_interfaces/package.bash'
[19.190s] INFO:colcon.colcon_core.shell:Creating package script '/home/ueux/Desktop/ROS2Humble/basic_ws/install/my_robot_interfaces/share/my_robot_interfaces/package.zsh'
[19.191s] Level 1:colcon.colcon_core.environment:create_file_with_runtime_dependencies(/home/ueux/Desktop/ROS2Humble/basic_ws/install/my_robot_interfaces/share/colcon-core/packages/my_robot_interfaces)
[19.207s] DEBUG:colcon.colcon_parallel_executor.executor.parallel:closing loop
[19.223s] DEBUG:colcon.colcon_parallel_executor.executor.parallel:loop closed
[19.223s] DEBUG:colcon.colcon_parallel_executor.executor.parallel:run_until_complete finished with '0'
[19.223s] DEBUG:colcon.colcon_core.event_reactor:joining thread
[19.232s] INFO:colcon.colcon_core.plugin_system:Skipping extension 'colcon_notification.desktop_notification.terminal_notifier': Not used on non-Darwin systems
[19.232s] INFO:colcon.colcon_core.plugin_system:Skipping extension 'colcon_notification.desktop_notification.win32': Not used on non-Windows systems
[19.232s] INFO:colcon.colcon_notification.desktop_notification:Sending desktop notification using 'notify2'
[19.384s] DEBUG:colcon.colcon_core.event_reactor:joined thread
[19.384s] INFO:colcon.colcon_core.shell:Creating prefix script '/home/ueux/Desktop/ROS2Humble/basic_ws/install/local_setup.ps1'
[19.386s] INFO:colcon.colcon_core.shell:Creating prefix util module '/home/ueux/Desktop/ROS2Humble/basic_ws/install/_local_setup_util_ps1.py'
[19.393s] INFO:colcon.colcon_core.shell:Creating prefix chain script '/home/ueux/Desktop/ROS2Humble/basic_ws/install/setup.ps1'
[19.396s] INFO:colcon.colcon_core.shell:Creating prefix script '/home/ueux/Desktop/ROS2Humble/basic_ws/install/local_setup.sh'
[19.397s] INFO:colcon.colcon_core.shell:Creating prefix util module '/home/ueux/Desktop/ROS2Humble/basic_ws/install/_local_setup_util_sh.py'
[19.398s] INFO:colcon.colcon_core.shell:Creating prefix chain script '/home/ueux/Desktop/ROS2Humble/basic_ws/install/setup.sh'
[19.400s] INFO:colcon.colcon_core.shell:Creating prefix script '/home/ueux/Desktop/ROS2Humble/basic_ws/install/local_setup.bash'
[19.401s] INFO:colcon.colcon_core.shell:Creating prefix chain script '/home/ueux/Desktop/ROS2Humble/basic_ws/install/setup.bash'
[19.403s] INFO:colcon.colcon_core.shell:Creating prefix script '/home/ueux/Desktop/ROS2Humble/basic_ws/install/local_setup.zsh'
[19.405s] INFO:colcon.colcon_core.shell:Creating prefix chain script '/home/ueux/Desktop/ROS2Humble/basic_ws/install/setup.zsh'
