[0.140s] Invoking command in '/home/navaneeth/Documents/course/Practice_programs/ROS2/urdf_ws/build/my_first_pkg': CMAKE_PREFIX_PATH=${CMAKE_PREFIX_PATH}:/home/navaneeth/Documents/course/Practice_programs/ROS2/urdf_ws/install/teleop_agv_keyboard:/opt/ros/humble /usr/bin/cmake --build /home/navaneeth/Documents/course/Practice_programs/ROS2/urdf_ws/build/my_first_pkg -- -j16 -l16
[0.178s] [100%] Built target my_node
[0.428s] Invoked command in '/home/navaneeth/Documents/course/Practice_programs/ROS2/urdf_ws/build/my_first_pkg' returned '0': CMAKE_PREFIX_PATH=${CMAKE_PREFIX_PATH}:/home/navaneeth/Documents/course/Practice_programs/ROS2/urdf_ws/install/teleop_agv_keyboard:/opt/ros/humble /usr/bin/cmake --build /home/navaneeth/Documents/course/Practice_programs/ROS2/urdf_ws/build/my_first_pkg -- -j16 -l16
[0.453s] Invoking command in '/home/navaneeth/Documents/course/Practice_programs/ROS2/urdf_ws/build/my_first_pkg': CMAKE_PREFIX_PATH=${CMAKE_PREFIX_PATH}:/home/navaneeth/Documents/course/Practice_programs/ROS2/urdf_ws/install/teleop_agv_keyboard:/opt/ros/humble /usr/bin/cmake --install /home/navaneeth/Documents/course/Practice_programs/ROS2/urdf_ws/build/my_first_pkg
[0.458s] -- Install configuration: ""
[0.458s] -- Up-to-date: /home/navaneeth/Documents/course/Practice_programs/ROS2/urdf_ws/install/my_first_pkg/lib/my_first_pkg/my_node
[0.459s] -- Up-to-date: /home/navaneeth/Documents/course/Practice_programs/ROS2/urdf_ws/install/my_first_pkg/share/my_first_pkg//launch
[0.459s] -- Up-to-date: /home/navaneeth/Documents/course/Practice_programs/ROS2/urdf_ws/install/my_first_pkg/share/my_first_pkg//launch/display.launch.py
[0.459s] -- Up-to-date: /home/navaneeth/Documents/course/Practice_programs/ROS2/urdf_ws/install/my_first_pkg/share/my_first_pkg//launch/gazebo.launch.py
[0.459s] -- Up-to-date: /home/navaneeth/Documents/course/Practice_programs/ROS2/urdf_ws/install/my_first_pkg/share/my_first_pkg//urdf
[0.459s] -- Installing: /home/navaneeth/Documents/course/Practice_programs/ROS2/urdf_ws/install/my_first_pkg/share/my_first_pkg//urdf/my_robot.urdf
[0.459s] -- Up-to-date: /home/navaneeth/Documents/course/Practice_programs/ROS2/urdf_ws/install/my_first_pkg/share/my_first_pkg//rviz
[0.459s] -- Up-to-date: /home/navaneeth/Documents/course/Practice_programs/ROS2/urdf_ws/install/my_first_pkg/share/my_first_pkg//rviz/config.rviz
[0.459s] -- Up-to-date: /home/navaneeth/Documents/course/Practice_programs/ROS2/urdf_ws/install/my_first_pkg/share/ament_index/resource_index/package_run_dependencies/my_first_pkg
[0.459s] -- Up-to-date: /home/navaneeth/Documents/course/Practice_programs/ROS2/urdf_ws/install/my_first_pkg/share/ament_index/resource_index/parent_prefix_path/my_first_pkg
[0.459s] -- Up-to-date: /home/navaneeth/Documents/course/Practice_programs/ROS2/urdf_ws/install/my_first_pkg/share/my_first_pkg/environment/ament_prefix_path.sh
[0.459s] -- Up-to-date: /home/navaneeth/Documents/course/Practice_programs/ROS2/urdf_ws/install/my_first_pkg/share/my_first_pkg/environment/ament_prefix_path.dsv
[0.459s] -- Up-to-date: /home/navaneeth/Documents/course/Practice_programs/ROS2/urdf_ws/install/my_first_pkg/share/my_first_pkg/environment/path.sh
[0.459s] -- Up-to-date: /home/navaneeth/Documents/course/Practice_programs/ROS2/urdf_ws/install/my_first_pkg/share/my_first_pkg/environment/path.dsv
[0.459s] -- Up-to-date: /home/navaneeth/Documents/course/Practice_programs/ROS2/urdf_ws/install/my_first_pkg/share/my_first_pkg/local_setup.bash
[0.459s] -- Up-to-date: /home/navaneeth/Documents/course/Practice_programs/ROS2/urdf_ws/install/my_first_pkg/share/my_first_pkg/local_setup.sh
[0.459s] -- Up-to-date: /home/navaneeth/Documents/course/Practice_programs/ROS2/urdf_ws/install/my_first_pkg/share/my_first_pkg/local_setup.zsh
[0.459s] -- Up-to-date: /home/navaneeth/Documents/course/Practice_programs/ROS2/urdf_ws/install/my_first_pkg/share/my_first_pkg/local_setup.dsv
[0.459s] -- Installing: /home/navaneeth/Documents/course/Practice_programs/ROS2/urdf_ws/install/my_first_pkg/share/my_first_pkg/package.dsv
[0.459s] -- Up-to-date: /home/navaneeth/Documents/course/Practice_programs/ROS2/urdf_ws/install/my_first_pkg/share/ament_index/resource_index/packages/my_first_pkg
[0.459s] -- Up-to-date: /home/navaneeth/Documents/course/Practice_programs/ROS2/urdf_ws/install/my_first_pkg/share/my_first_pkg/cmake/my_first_pkgConfig.cmake
[0.459s] -- Up-to-date: /home/navaneeth/Documents/course/Practice_programs/ROS2/urdf_ws/install/my_first_pkg/share/my_first_pkg/cmake/my_first_pkgConfig-version.cmake
[0.460s] -- Up-to-date: /home/navaneeth/Documents/course/Practice_programs/ROS2/urdf_ws/install/my_first_pkg/share/my_first_pkg/package.xml
[0.461s] Invoked command in '/home/navaneeth/Documents/course/Practice_programs/ROS2/urdf_ws/build/my_first_pkg' returned '0': CMAKE_PREFIX_PATH=${CMAKE_PREFIX_PATH}:/home/navaneeth/Documents/course/Practice_programs/ROS2/urdf_ws/install/teleop_agv_keyboard:/opt/ros/humble /usr/bin/cmake --install /home/navaneeth/Documents/course/Practice_programs/ROS2/urdf_ws/build/my_first_pkg
