[0.827s] Invoking command in '/home/vboxuser/Desktop/ROS2Humble/ros2_ws/build/my_robot_controller': PYTHONPATH=/home/vboxuser/Desktop/ROS2Humble/ros2_ws/build/my_robot_controller/prefix_override:/usr/lib/python3/dist-packages/colcon_core/task/python/colcon_distutils_commands:/home/vboxuser/Desktop/ROS2Humble/ros2_ws/install/my_robot_controller/lib/python3.10/site-packages:${PYTHONPATH} /usr/bin/python3 -W ignore:setup.py install is deprecated -W ignore:easy_install command is deprecated setup.py develop --editable --build-directory /home/vboxuser/Desktop/ROS2Humble/ros2_ws/build/my_robot_controller/build --no-deps symlink_data
[1.077s] running develop
[1.209s] running egg_info
[1.209s] writing my_robot_controller.egg-info/PKG-INFO
[1.209s] writing dependency_links to my_robot_controller.egg-info/dependency_links.txt
[1.211s] writing entry points to my_robot_controller.egg-info/entry_points.txt
[1.212s] writing requirements to my_robot_controller.egg-info/requires.txt
[1.212s] writing top-level names to my_robot_controller.egg-info/top_level.txt
[1.215s] reading manifest file 'my_robot_controller.egg-info/SOURCES.txt'
[1.215s] writing manifest file 'my_robot_controller.egg-info/SOURCES.txt'
[1.217s] running build_ext
[1.217s] Creating /home/vboxuser/Desktop/ROS2Humble/ros2_ws/install/my_robot_controller/lib/python3.10/site-packages/my-robot-controller.egg-link (link to .)
[1.219s] Installing draw_circle script to /home/vboxuser/Desktop/ROS2Humble/ros2_ws/install/my_robot_controller/lib/my_robot_controller
[1.219s] Installing pose_subscriber script to /home/vboxuser/Desktop/ROS2Humble/ros2_ws/install/my_robot_controller/lib/my_robot_controller
[1.221s] Installing test_node script to /home/vboxuser/Desktop/ROS2Humble/ros2_ws/install/my_robot_controller/lib/my_robot_controller
[1.221s] Installing turtle_controller script to /home/vboxuser/Desktop/ROS2Humble/ros2_ws/install/my_robot_controller/lib/my_robot_controller
[1.221s] 
[1.221s] Installed /home/vboxuser/Desktop/ROS2Humble/ros2_ws/build/my_robot_controller
[1.221s] running symlink_data
[1.303s] Invoked command in '/home/vboxuser/Desktop/ROS2Humble/ros2_ws/build/my_robot_controller' returned '0': PYTHONPATH=/home/vboxuser/Desktop/ROS2Humble/ros2_ws/build/my_robot_controller/prefix_override:/usr/lib/python3/dist-packages/colcon_core/task/python/colcon_distutils_commands:/home/vboxuser/Desktop/ROS2Humble/ros2_ws/install/my_robot_controller/lib/python3.10/site-packages:${PYTHONPATH} /usr/bin/python3 -W ignore:setup.py install is deprecated -W ignore:easy_install command is deprecated setup.py develop --editable --build-directory /home/vboxuser/Desktop/ROS2Humble/ros2_ws/build/my_robot_controller/build --no-deps symlink_data
