[0.437s] Invoking command in '/home/navaneeth/Documents/course/opencv/object_detection_in_gazebo_ros2_ws/build/yolobot_control': CMAKE_PREFIX_PATH=${CMAKE_PREFIX_PATH}:/opt/ros/humble /usr/bin/cmake /home/navaneeth/Documents/course/opencv/object_detection_in_gazebo_ros2_ws/src/packages/yolobot_control -DCMAKE_INSTALL_PREFIX=/home/navaneeth/Documents/course/opencv/object_detection_in_gazebo_ros2_ws/install/yolobot_control
[0.501s] -- The C compiler identification is GNU 11.4.0
[0.556s] -- The CXX compiler identification is GNU 11.4.0
[0.564s] -- Detecting C compiler ABI info
[0.628s] -- Detecting C compiler ABI info - done
[0.636s] -- Check for working C compiler: /usr/bin/cc - skipped
[0.636s] -- Detecting C compile features
[0.636s] -- Detecting C compile features - done
[0.640s] -- Detecting CXX compiler ABI info
[0.715s] -- Detecting CXX compiler ABI info - done
[0.722s] -- Check for working CXX compiler: /usr/bin/c++ - skipped
[0.722s] -- Detecting CXX compile features
[0.722s] -- Detecting CXX compile features - done
[0.725s] -- Found ament_cmake: 1.3.6 (/opt/ros/humble/share/ament_cmake/cmake)
[0.894s] -- Found Python3: /usr/bin/python3.10 (found version "3.10.12") found components: Interpreter 
[0.978s] -- Found ament_lint_auto: 0.12.9 (/opt/ros/humble/share/ament_lint_auto/cmake)
[1.055s] -- Added test 'copyright' to check source files copyright and LICENSE
[1.057s] -- Added test 'flake8' to check Python code syntax and style conventions
[1.057s] -- Added test 'lint_cmake' to check CMake code style
[1.057s] -- Added test 'pep257' to check Python code against some of the docstring style conventions in PEP 257
[1.058s] -- Added test 'xmllint' to check XML markup files
[1.059s] -- Configuring done
[1.061s] -- Generating done
[1.062s] -- Build files have been written to: /home/navaneeth/Documents/course/opencv/object_detection_in_gazebo_ros2_ws/build/yolobot_control
[1.066s] Invoked command in '/home/navaneeth/Documents/course/opencv/object_detection_in_gazebo_ros2_ws/build/yolobot_control' returned '0': CMAKE_PREFIX_PATH=${CMAKE_PREFIX_PATH}:/opt/ros/humble /usr/bin/cmake /home/navaneeth/Documents/course/opencv/object_detection_in_gazebo_ros2_ws/src/packages/yolobot_control -DCMAKE_INSTALL_PREFIX=/home/navaneeth/Documents/course/opencv/object_detection_in_gazebo_ros2_ws/install/yolobot_control
[1.067s] Invoking command in '/home/navaneeth/Documents/course/opencv/object_detection_in_gazebo_ros2_ws/build/yolobot_control': CMAKE_PREFIX_PATH=${CMAKE_PREFIX_PATH}:/opt/ros/humble /usr/bin/cmake --build /home/navaneeth/Documents/course/opencv/object_detection_in_gazebo_ros2_ws/build/yolobot_control -- -j16 -l16
[1.104s] Invoked command in '/home/navaneeth/Documents/course/opencv/object_detection_in_gazebo_ros2_ws/build/yolobot_control' returned '0': CMAKE_PREFIX_PATH=${CMAKE_PREFIX_PATH}:/opt/ros/humble /usr/bin/cmake --build /home/navaneeth/Documents/course/opencv/object_detection_in_gazebo_ros2_ws/build/yolobot_control -- -j16 -l16
[1.134s] Invoking command in '/home/navaneeth/Documents/course/opencv/object_detection_in_gazebo_ros2_ws/build/yolobot_control': CMAKE_PREFIX_PATH=${CMAKE_PREFIX_PATH}:/opt/ros/humble /usr/bin/cmake --install /home/navaneeth/Documents/course/opencv/object_detection_in_gazebo_ros2_ws/build/yolobot_control
[1.140s] -- Install configuration: ""
[1.140s] -- Installing: /home/navaneeth/Documents/course/opencv/object_detection_in_gazebo_ros2_ws/install/yolobot_control/share/yolobot_control//scripts
[1.140s] -- Installing: /home/navaneeth/Documents/course/opencv/object_detection_in_gazebo_ros2_ws/install/yolobot_control/share/yolobot_control//scripts/robot_control.py
[1.141s] -- Installing: /home/navaneeth/Documents/course/opencv/object_detection_in_gazebo_ros2_ws/install/yolobot_control/share/yolobot_control//launch
[1.141s] -- Installing: /home/navaneeth/Documents/course/opencv/object_detection_in_gazebo_ros2_ws/install/yolobot_control/share/yolobot_control//launch/yolobot_control.launch.py
[1.141s] -- Installing: /home/navaneeth/Documents/course/opencv/object_detection_in_gazebo_ros2_ws/install/yolobot_control/lib/yolobot_control/robot_control.py
[1.141s] -- Installing: /home/navaneeth/Documents/course/opencv/object_detection_in_gazebo_ros2_ws/install/yolobot_control/lib/yolobot_control/yolobot_control.launch.py
[1.142s] -- Installing: /home/navaneeth/Documents/course/opencv/object_detection_in_gazebo_ros2_ws/install/yolobot_control/share/ament_index/resource_index/package_run_dependencies/yolobot_control
[1.142s] -- Installing: /home/navaneeth/Documents/course/opencv/object_detection_in_gazebo_ros2_ws/install/yolobot_control/share/ament_index/resource_index/parent_prefix_path/yolobot_control
[1.142s] -- Installing: /home/navaneeth/Documents/course/opencv/object_detection_in_gazebo_ros2_ws/install/yolobot_control/share/yolobot_control/environment/ament_prefix_path.sh
[1.142s] -- Installing: /home/navaneeth/Documents/course/opencv/object_detection_in_gazebo_ros2_ws/install/yolobot_control/share/yolobot_control/environment/ament_prefix_path.dsv
[1.142s] -- Installing: /home/navaneeth/Documents/course/opencv/object_detection_in_gazebo_ros2_ws/install/yolobot_control/share/yolobot_control/environment/path.sh
[1.142s] -- Installing: /home/navaneeth/Documents/course/opencv/object_detection_in_gazebo_ros2_ws/install/yolobot_control/share/yolobot_control/environment/path.dsv
[1.142s] -- Installing: /home/navaneeth/Documents/course/opencv/object_detection_in_gazebo_ros2_ws/install/yolobot_control/share/yolobot_control/local_setup.bash
[1.142s] -- Installing: /home/navaneeth/Documents/course/opencv/object_detection_in_gazebo_ros2_ws/install/yolobot_control/share/yolobot_control/local_setup.sh
[1.142s] -- Installing: /home/navaneeth/Documents/course/opencv/object_detection_in_gazebo_ros2_ws/install/yolobot_control/share/yolobot_control/local_setup.zsh
[1.142s] -- Installing: /home/navaneeth/Documents/course/opencv/object_detection_in_gazebo_ros2_ws/install/yolobot_control/share/yolobot_control/local_setup.dsv
[1.143s] -- Installing: /home/navaneeth/Documents/course/opencv/object_detection_in_gazebo_ros2_ws/install/yolobot_control/share/yolobot_control/package.dsv
[1.143s] -- Installing: /home/navaneeth/Documents/course/opencv/object_detection_in_gazebo_ros2_ws/install/yolobot_control/share/ament_index/resource_index/packages/yolobot_control
[1.143s] -- Installing: /home/navaneeth/Documents/course/opencv/object_detection_in_gazebo_ros2_ws/install/yolobot_control/share/yolobot_control/cmake/yolobot_controlConfig.cmake
[1.143s] -- Installing: /home/navaneeth/Documents/course/opencv/object_detection_in_gazebo_ros2_ws/install/yolobot_control/share/yolobot_control/cmake/yolobot_controlConfig-version.cmake
[1.143s] -- Installing: /home/navaneeth/Documents/course/opencv/object_detection_in_gazebo_ros2_ws/install/yolobot_control/share/yolobot_control/package.xml
[1.145s] Invoked command in '/home/navaneeth/Documents/course/opencv/object_detection_in_gazebo_ros2_ws/build/yolobot_control' returned '0': CMAKE_PREFIX_PATH=${CMAKE_PREFIX_PATH}:/opt/ros/humble /usr/bin/cmake --install /home/navaneeth/Documents/course/opencv/object_detection_in_gazebo_ros2_ws/build/yolobot_control
