[0.852s] Invoking command in '/home/ueux/Desktop/ROS2Humble/basic_ws/build/my_robot_controller': PYTHONPATH=/home/ueux/Desktop/ROS2Humble/basic_ws/build/my_robot_controller/prefix_override:/usr/lib/python3/dist-packages/colcon_core/task/python/colcon_distutils_commands:/home/ueux/Desktop/ROS2Humble/basic_ws/install/my_robot_controller/lib/python3.10/site-packages:${PYTHONPATH} /usr/bin/python3 -W ignore:setup.py install is deprecated -W ignore:easy_install command is deprecated setup.py develop --editable --build-directory /home/ueux/Desktop/ROS2Humble/basic_ws/build/my_robot_controller/build --no-deps symlink_data
[1.118s] running develop
[1.250s] running egg_info
[1.251s] writing my_robot_controller.egg-info/PKG-INFO
[1.252s] writing dependency_links to my_robot_controller.egg-info/dependency_links.txt
[1.252s] writing entry points to my_robot_controller.egg-info/entry_points.txt
[1.252s] writing requirements to my_robot_controller.egg-info/requires.txt
[1.252s] writing top-level names to my_robot_controller.egg-info/top_level.txt
[1.255s] reading manifest file 'my_robot_controller.egg-info/SOURCES.txt'
[1.256s] writing manifest file 'my_robot_controller.egg-info/SOURCES.txt'
[1.259s] running build_ext
[1.259s] Creating /home/ueux/Desktop/ROS2Humble/basic_ws/install/my_robot_controller/lib/python3.10/site-packages/my-robot-controller.egg-link (link to .)
[1.261s] Installing draw_circle script to /home/ueux/Desktop/ROS2Humble/basic_ws/install/my_robot_controller/lib/my_robot_controller
[1.261s] Installing pose_subscriber script to /home/ueux/Desktop/ROS2Humble/basic_ws/install/my_robot_controller/lib/my_robot_controller
[1.263s] Installing test_node script to /home/ueux/Desktop/ROS2Humble/basic_ws/install/my_robot_controller/lib/my_robot_controller
[1.263s] Installing turtle_controller script to /home/ueux/Desktop/ROS2Humble/basic_ws/install/my_robot_controller/lib/my_robot_controller
[1.263s] 
[1.264s] Installed /home/ueux/Desktop/ROS2Humble/basic_ws/build/my_robot_controller
[1.264s] running symlink_data
[1.356s] Invoked command in '/home/ueux/Desktop/ROS2Humble/basic_ws/build/my_robot_controller' returned '0': PYTHONPATH=/home/ueux/Desktop/ROS2Humble/basic_ws/build/my_robot_controller/prefix_override:/usr/lib/python3/dist-packages/colcon_core/task/python/colcon_distutils_commands:/home/ueux/Desktop/ROS2Humble/basic_ws/install/my_robot_controller/lib/python3.10/site-packages:${PYTHONPATH} /usr/bin/python3 -W ignore:setup.py install is deprecated -W ignore:easy_install command is deprecated setup.py develop --editable --build-directory /home/ueux/Desktop/ROS2Humble/basic_ws/build/my_robot_controller/build --no-deps symlink_data
