[0.083s] DEBUG:colcon:Command line arguments: ['/usr/bin/colcon', 'build', '--symlink-install']
[0.083s] DEBUG:colcon:Parsed command line arguments: Namespace(log_base=None, log_level=None, verb_name='build', build_base='build', install_base='install', merge_install=False, symlink_install=True, test_result_base=None, continue_on_error=False, executor='parallel', parallel_workers=8, event_handlers=None, ignore_user_meta=False, metas=['./colcon.meta'], base_paths=['.'], packages_ignore=None, packages_ignore_regex=None, paths=None, packages_up_to=None, packages_up_to_regex=None, packages_above=None, packages_above_and_dependencies=None, packages_above_depth=None, packages_select_by_dep=None, packages_skip_by_dep=None, packages_skip_up_to=None, packages_select_build_failed=False, packages_skip_build_finished=False, packages_select_test_failures=False, packages_skip_test_passed=False, packages_select=None, packages_skip=None, packages_select_regex=None, packages_skip_regex=None, packages_start=None, packages_end=None, allow_overriding=[], cmake_args=None, cmake_target=None, cmake_target_skip_unavailable=False, cmake_clean_cache=False, cmake_clean_first=False, cmake_force_configure=False, ament_cmake_args=None, catkin_cmake_args=None, catkin_skip_building_tests=False, verb_parser=<colcon_defaults.argument_parser.defaults.DefaultArgumentsDecorator object at 0x798b8c4dbe20>, verb_extension=<colcon_core.verb.build.BuildVerb object at 0x798b8c6d4bb0>, main=<bound method BuildVerb.main of <colcon_core.verb.build.BuildVerb object at 0x798b8c6d4bb0>>)
[0.208s] Level 1:colcon.colcon_core.package_discovery:discover_packages(colcon_meta) check parameters
[0.209s] Level 1:colcon.colcon_core.package_discovery:discover_packages(recursive) check parameters
[0.209s] Level 1:colcon.colcon_core.package_discovery:discover_packages(ignore) check parameters
[0.209s] Level 1:colcon.colcon_core.package_discovery:discover_packages(path) check parameters
[0.209s] Level 1:colcon.colcon_core.package_discovery:discover_packages(colcon_meta) discover
[0.209s] Level 1:colcon.colcon_core.package_discovery:discover_packages(recursive) discover
[0.209s] INFO:colcon.colcon_core.package_discovery:Crawling recursively for packages in '/home/ueux/Desktop/ROS2Humble/ddmobile_ws'
[0.209s] Level 1:colcon.colcon_core.package_identification:_identify(.) by extensions ['ignore', 'ignore_ament_install']
[0.209s] Level 1:colcon.colcon_core.package_identification:_identify(.) by extension 'ignore'
[0.209s] Level 1:colcon.colcon_core.package_identification:_identify(.) by extension 'ignore_ament_install'
[0.209s] Level 1:colcon.colcon_core.package_identification:_identify(.) by extensions ['colcon_pkg']
[0.209s] Level 1:colcon.colcon_core.package_identification:_identify(.) by extension 'colcon_pkg'
[0.209s] Level 1:colcon.colcon_core.package_identification:_identify(.) by extensions ['colcon_meta']
[0.209s] Level 1:colcon.colcon_core.package_identification:_identify(.) by extension 'colcon_meta'
[0.209s] Level 1:colcon.colcon_core.package_identification:_identify(.) by extensions ['ros']
[0.209s] Level 1:colcon.colcon_core.package_identification:_identify(.) by extension 'ros'
[0.222s] Level 1:colcon.colcon_core.package_identification:_identify(.) by extensions ['cmake', 'python']
[0.222s] Level 1:colcon.colcon_core.package_identification:_identify(.) by extension 'cmake'
[0.222s] Level 1:colcon.colcon_core.package_identification:_identify(.) by extension 'python'
[0.222s] Level 1:colcon.colcon_core.package_identification:_identify(.) by extensions ['python_setup_py']
[0.222s] Level 1:colcon.colcon_core.package_identification:_identify(.) by extension 'python_setup_py'
[0.222s] Level 1:colcon.colcon_core.package_identification:_identify(build) by extensions ['ignore', 'ignore_ament_install']
[0.222s] Level 1:colcon.colcon_core.package_identification:_identify(build) by extension 'ignore'
[0.222s] Level 1:colcon.colcon_core.package_identification:_identify(build) ignored
[0.222s] Level 1:colcon.colcon_core.package_identification:_identify(install) by extensions ['ignore', 'ignore_ament_install']
[0.222s] Level 1:colcon.colcon_core.package_identification:_identify(install) by extension 'ignore'
[0.222s] Level 1:colcon.colcon_core.package_identification:_identify(install) ignored
[0.223s] Level 1:colcon.colcon_core.package_identification:_identify(log) by extensions ['ignore', 'ignore_ament_install']
[0.223s] Level 1:colcon.colcon_core.package_identification:_identify(log) by extension 'ignore'
[0.223s] Level 1:colcon.colcon_core.package_identification:_identify(log) ignored
[0.223s] Level 1:colcon.colcon_core.package_identification:_identify(src) by extensions ['ignore', 'ignore_ament_install']
[0.223s] Level 1:colcon.colcon_core.package_identification:_identify(src) by extension 'ignore'
[0.223s] Level 1:colcon.colcon_core.package_identification:_identify(src) by extension 'ignore_ament_install'
[0.223s] Level 1:colcon.colcon_core.package_identification:_identify(src) by extensions ['colcon_pkg']
[0.223s] Level 1:colcon.colcon_core.package_identification:_identify(src) by extension 'colcon_pkg'
[0.223s] Level 1:colcon.colcon_core.package_identification:_identify(src) by extensions ['colcon_meta']
[0.223s] Level 1:colcon.colcon_core.package_identification:_identify(src) by extension 'colcon_meta'
[0.223s] Level 1:colcon.colcon_core.package_identification:_identify(src) by extensions ['ros']
[0.223s] Level 1:colcon.colcon_core.package_identification:_identify(src) by extension 'ros'
[0.223s] Level 1:colcon.colcon_core.package_identification:_identify(src) by extensions ['cmake', 'python']
[0.223s] Level 1:colcon.colcon_core.package_identification:_identify(src) by extension 'cmake'
[0.223s] Level 1:colcon.colcon_core.package_identification:_identify(src) by extension 'python'
[0.223s] Level 1:colcon.colcon_core.package_identification:_identify(src) by extensions ['python_setup_py']
[0.223s] Level 1:colcon.colcon_core.package_identification:_identify(src) by extension 'python_setup_py'
[0.223s] Level 1:colcon.colcon_core.package_identification:_identify(src/mobile_dd_robot) by extensions ['ignore', 'ignore_ament_install']
[0.223s] Level 1:colcon.colcon_core.package_identification:_identify(src/mobile_dd_robot) by extension 'ignore'
[0.224s] Level 1:colcon.colcon_core.package_identification:_identify(src/mobile_dd_robot) by extension 'ignore_ament_install'
[0.224s] Level 1:colcon.colcon_core.package_identification:_identify(src/mobile_dd_robot) by extensions ['colcon_pkg']
[0.224s] Level 1:colcon.colcon_core.package_identification:_identify(src/mobile_dd_robot) by extension 'colcon_pkg'
[0.224s] Level 1:colcon.colcon_core.package_identification:_identify(src/mobile_dd_robot) by extensions ['colcon_meta']
[0.224s] Level 1:colcon.colcon_core.package_identification:_identify(src/mobile_dd_robot) by extension 'colcon_meta'
[0.224s] Level 1:colcon.colcon_core.package_identification:_identify(src/mobile_dd_robot) by extensions ['ros']
[0.224s] Level 1:colcon.colcon_core.package_identification:_identify(src/mobile_dd_robot) by extension 'ros'
[0.233s] DEBUG:colcon.colcon_core.package_identification:Package 'src/mobile_dd_robot' with type 'ros.ament_cmake' and name 'mobile_dd_robot'
[0.233s] Level 1:colcon.colcon_core.package_discovery:discover_packages(recursive) using defaults
[0.233s] Level 1:colcon.colcon_core.package_discovery:discover_packages(ignore) discover
[0.233s] Level 1:colcon.colcon_core.package_discovery:discover_packages(ignore) using defaults
[0.233s] Level 1:colcon.colcon_core.package_discovery:discover_packages(path) discover
[0.233s] Level 1:colcon.colcon_core.package_discovery:discover_packages(path) using defaults
[0.250s] Level 1:colcon.colcon_core.package_discovery:discover_packages(prefix_path) check parameters
[0.250s] Level 1:colcon.colcon_core.package_discovery:discover_packages(prefix_path) discover
[0.251s] DEBUG:colcon.colcon_installed_package_information.package_discovery:Found 6 installed packages in /home/ueux/Desktop/ROS2Humble/basic_ws/install
[0.252s] DEBUG:colcon.colcon_installed_package_information.package_discovery:Found 357 installed packages in /opt/ros/humble
[0.264s] Level 1:colcon.colcon_core.package_discovery:discover_packages(prefix_path) using defaults
[0.305s] Level 5:colcon.colcon_core.verb:set package 'mobile_dd_robot' build argument 'cmake_args' from command line to 'None'
[0.305s] Level 5:colcon.colcon_core.verb:set package 'mobile_dd_robot' build argument 'cmake_target' from command line to 'None'
[0.305s] Level 5:colcon.colcon_core.verb:set package 'mobile_dd_robot' build argument 'cmake_target_skip_unavailable' from command line to 'False'
[0.305s] Level 5:colcon.colcon_core.verb:set package 'mobile_dd_robot' build argument 'cmake_clean_cache' from command line to 'False'
[0.305s] Level 5:colcon.colcon_core.verb:set package 'mobile_dd_robot' build argument 'cmake_clean_first' from command line to 'False'
[0.305s] Level 5:colcon.colcon_core.verb:set package 'mobile_dd_robot' build argument 'cmake_force_configure' from command line to 'False'
[0.305s] Level 5:colcon.colcon_core.verb:set package 'mobile_dd_robot' build argument 'ament_cmake_args' from command line to 'None'
[0.305s] Level 5:colcon.colcon_core.verb:set package 'mobile_dd_robot' build argument 'catkin_cmake_args' from command line to 'None'
[0.305s] Level 5:colcon.colcon_core.verb:set package 'mobile_dd_robot' build argument 'catkin_skip_building_tests' from command line to 'False'
[0.305s] DEBUG:colcon.colcon_core.verb:Building package 'mobile_dd_robot' with the following arguments: {'ament_cmake_args': None, 'build_base': '/home/ueux/Desktop/ROS2Humble/ddmobile_ws/build/mobile_dd_robot', 'catkin_cmake_args': None, 'catkin_skip_building_tests': False, 'cmake_args': None, 'cmake_clean_cache': False, 'cmake_clean_first': False, 'cmake_force_configure': False, 'cmake_target': None, 'cmake_target_skip_unavailable': False, 'install_base': '/home/ueux/Desktop/ROS2Humble/ddmobile_ws/install/mobile_dd_robot', 'merge_install': False, 'path': '/home/ueux/Desktop/ROS2Humble/ddmobile_ws/src/mobile_dd_robot', 'symlink_install': True, 'test_result_base': None}
[0.305s] INFO:colcon.colcon_core.executor:Executing jobs using 'parallel' executor
[0.308s] DEBUG:colcon.colcon_parallel_executor.executor.parallel:run_until_complete
[0.308s] INFO:colcon.colcon_ros.task.ament_cmake.build:Building ROS package in '/home/ueux/Desktop/ROS2Humble/ddmobile_ws/src/mobile_dd_robot' with build type 'ament_cmake'
[0.308s] INFO:colcon.colcon_cmake.task.cmake.build:Building CMake package in '/home/ueux/Desktop/ROS2Humble/ddmobile_ws/src/mobile_dd_robot'
[0.311s] INFO:colcon.colcon_core.plugin_system:Skipping extension 'colcon_core.shell.bat': Not used on non-Windows systems
[0.311s] INFO:colcon.colcon_core.shell:Skip shell extension 'powershell' for command environment: Not usable outside of PowerShell
[0.311s] DEBUG:colcon.colcon_core.shell:Skip shell extension 'dsv' for command environment
[0.342s] DEBUG:colcon.colcon_core.event_handler.log_command:Invoking command in '/home/ueux/Desktop/ROS2Humble/ddmobile_ws/build/mobile_dd_robot': CMAKE_PREFIX_PATH=${CMAKE_PREFIX_PATH}:/home/ueux/Desktop/ROS2Humble/basic_ws/install/my_robot_controller:/home/ueux/Desktop/ROS2Humble/basic_ws/install/action_py:/opt/ros/humble /usr/bin/cmake /home/ueux/Desktop/ROS2Humble/ddmobile_ws/src/mobile_dd_robot -DAMENT_CMAKE_SYMLINK_INSTALL=1 -DCMAKE_INSTALL_PREFIX=/home/ueux/Desktop/ROS2Humble/ddmobile_ws/install/mobile_dd_robot
[5.183s] DEBUG:colcon.colcon_core.event_handler.log_command:Invoked command in '/home/ueux/Desktop/ROS2Humble/ddmobile_ws/build/mobile_dd_robot' returned '0': CMAKE_PREFIX_PATH=${CMAKE_PREFIX_PATH}:/home/ueux/Desktop/ROS2Humble/basic_ws/install/my_robot_controller:/home/ueux/Desktop/ROS2Humble/basic_ws/install/action_py:/opt/ros/humble /usr/bin/cmake /home/ueux/Desktop/ROS2Humble/ddmobile_ws/src/mobile_dd_robot -DAMENT_CMAKE_SYMLINK_INSTALL=1 -DCMAKE_INSTALL_PREFIX=/home/ueux/Desktop/ROS2Humble/ddmobile_ws/install/mobile_dd_robot
[5.187s] DEBUG:colcon.colcon_core.event_handler.log_command:Invoking command in '/home/ueux/Desktop/ROS2Humble/ddmobile_ws/build/mobile_dd_robot': CMAKE_PREFIX_PATH=${CMAKE_PREFIX_PATH}:/home/ueux/Desktop/ROS2Humble/basic_ws/install/my_robot_controller:/home/ueux/Desktop/ROS2Humble/basic_ws/install/action_py:/opt/ros/humble /usr/bin/cmake --build /home/ueux/Desktop/ROS2Humble/ddmobile_ws/build/mobile_dd_robot -- -j8 -l8
[5.236s] DEBUG:colcon.colcon_core.event_handler.log_command:Invoked command in '/home/ueux/Desktop/ROS2Humble/ddmobile_ws/build/mobile_dd_robot' returned '0': CMAKE_PREFIX_PATH=${CMAKE_PREFIX_PATH}:/home/ueux/Desktop/ROS2Humble/basic_ws/install/my_robot_controller:/home/ueux/Desktop/ROS2Humble/basic_ws/install/action_py:/opt/ros/humble /usr/bin/cmake --build /home/ueux/Desktop/ROS2Humble/ddmobile_ws/build/mobile_dd_robot -- -j8 -l8
[5.249s] DEBUG:colcon.colcon_core.event_handler.log_command:Invoking command in '/home/ueux/Desktop/ROS2Humble/ddmobile_ws/build/mobile_dd_robot': CMAKE_PREFIX_PATH=${CMAKE_PREFIX_PATH}:/home/ueux/Desktop/ROS2Humble/basic_ws/install/my_robot_controller:/home/ueux/Desktop/ROS2Humble/basic_ws/install/action_py:/opt/ros/humble /usr/bin/cmake --install /home/ueux/Desktop/ROS2Humble/ddmobile_ws/build/mobile_dd_robot
[5.575s] Level 1:colcon.colcon_core.environment:create_environment_scripts_only(mobile_dd_robot)
[5.583s] DEBUG:colcon.colcon_core.event_handler.log_command:Invoked command in '/home/ueux/Desktop/ROS2Humble/ddmobile_ws/build/mobile_dd_robot' returned '0': CMAKE_PREFIX_PATH=${CMAKE_PREFIX_PATH}:/home/ueux/Desktop/ROS2Humble/basic_ws/install/my_robot_controller:/home/ueux/Desktop/ROS2Humble/basic_ws/install/action_py:/opt/ros/humble /usr/bin/cmake --install /home/ueux/Desktop/ROS2Humble/ddmobile_ws/build/mobile_dd_robot
[5.634s] Level 1:colcon.colcon_core.environment:checking '/home/ueux/Desktop/ROS2Humble/ddmobile_ws/install/mobile_dd_robot' for CMake module files
[5.638s] Level 1:colcon.colcon_core.environment:checking '/home/ueux/Desktop/ROS2Humble/ddmobile_ws/install/mobile_dd_robot' for CMake config files
[5.638s] Level 1:colcon.colcon_core.shell:create_environment_hook('mobile_dd_robot', 'cmake_prefix_path')
[5.639s] INFO:colcon.colcon_core.shell:Creating environment hook '/home/ueux/Desktop/ROS2Humble/ddmobile_ws/install/mobile_dd_robot/share/mobile_dd_robot/hook/cmake_prefix_path.ps1'
[5.644s] INFO:colcon.colcon_core.shell:Creating environment descriptor '/home/ueux/Desktop/ROS2Humble/ddmobile_ws/install/mobile_dd_robot/share/mobile_dd_robot/hook/cmake_prefix_path.dsv'
[5.653s] INFO:colcon.colcon_core.shell:Creating environment hook '/home/ueux/Desktop/ROS2Humble/ddmobile_ws/install/mobile_dd_robot/share/mobile_dd_robot/hook/cmake_prefix_path.sh'
[5.662s] Level 1:colcon.colcon_core.environment:checking '/home/ueux/Desktop/ROS2Humble/ddmobile_ws/install/mobile_dd_robot/bin'
[5.662s] Level 1:colcon.colcon_core.environment:checking '/home/ueux/Desktop/ROS2Humble/ddmobile_ws/install/mobile_dd_robot/lib/pkgconfig/mobile_dd_robot.pc'
[5.668s] Level 1:colcon.colcon_core.environment:checking '/home/ueux/Desktop/ROS2Humble/ddmobile_ws/install/mobile_dd_robot/lib/python3.10/site-packages'
[5.668s] Level 1:colcon.colcon_core.environment:checking '/home/ueux/Desktop/ROS2Humble/ddmobile_ws/install/mobile_dd_robot/bin'
[5.669s] INFO:colcon.colcon_core.shell:Creating package script '/home/ueux/Desktop/ROS2Humble/ddmobile_ws/install/mobile_dd_robot/share/mobile_dd_robot/package.ps1'
[5.678s] INFO:colcon.colcon_core.shell:Creating package descriptor '/home/ueux/Desktop/ROS2Humble/ddmobile_ws/install/mobile_dd_robot/share/mobile_dd_robot/package.dsv'
[5.700s] INFO:colcon.colcon_core.shell:Creating package script '/home/ueux/Desktop/ROS2Humble/ddmobile_ws/install/mobile_dd_robot/share/mobile_dd_robot/package.sh'
[5.712s] INFO:colcon.colcon_core.shell:Creating package script '/home/ueux/Desktop/ROS2Humble/ddmobile_ws/install/mobile_dd_robot/share/mobile_dd_robot/package.bash'
[5.715s] INFO:colcon.colcon_core.shell:Creating package script '/home/ueux/Desktop/ROS2Humble/ddmobile_ws/install/mobile_dd_robot/share/mobile_dd_robot/package.zsh'
[5.721s] Level 1:colcon.colcon_core.environment:create_file_with_runtime_dependencies(/home/ueux/Desktop/ROS2Humble/ddmobile_ws/install/mobile_dd_robot/share/colcon-core/packages/mobile_dd_robot)
[5.722s] Level 1:colcon.colcon_core.environment:create_environment_scripts_only(mobile_dd_robot)
[5.722s] Level 1:colcon.colcon_core.environment:checking '/home/ueux/Desktop/ROS2Humble/ddmobile_ws/install/mobile_dd_robot' for CMake module files
[5.723s] Level 1:colcon.colcon_core.environment:checking '/home/ueux/Desktop/ROS2Humble/ddmobile_ws/install/mobile_dd_robot' for CMake config files
[5.728s] Level 1:colcon.colcon_core.shell:create_environment_hook('mobile_dd_robot', 'cmake_prefix_path')
[5.728s] INFO:colcon.colcon_core.shell:Creating environment hook '/home/ueux/Desktop/ROS2Humble/ddmobile_ws/install/mobile_dd_robot/share/mobile_dd_robot/hook/cmake_prefix_path.ps1'
[5.732s] INFO:colcon.colcon_core.shell:Creating environment descriptor '/home/ueux/Desktop/ROS2Humble/ddmobile_ws/install/mobile_dd_robot/share/mobile_dd_robot/hook/cmake_prefix_path.dsv'
[5.736s] INFO:colcon.colcon_core.shell:Creating environment hook '/home/ueux/Desktop/ROS2Humble/ddmobile_ws/install/mobile_dd_robot/share/mobile_dd_robot/hook/cmake_prefix_path.sh'
[5.740s] Level 1:colcon.colcon_core.environment:checking '/home/ueux/Desktop/ROS2Humble/ddmobile_ws/install/mobile_dd_robot/bin'
[5.743s] Level 1:colcon.colcon_core.environment:checking '/home/ueux/Desktop/ROS2Humble/ddmobile_ws/install/mobile_dd_robot/lib/pkgconfig/mobile_dd_robot.pc'
[5.746s] Level 1:colcon.colcon_core.environment:checking '/home/ueux/Desktop/ROS2Humble/ddmobile_ws/install/mobile_dd_robot/lib/python3.10/site-packages'
[5.746s] Level 1:colcon.colcon_core.environment:checking '/home/ueux/Desktop/ROS2Humble/ddmobile_ws/install/mobile_dd_robot/bin'
[5.750s] INFO:colcon.colcon_core.shell:Creating package script '/home/ueux/Desktop/ROS2Humble/ddmobile_ws/install/mobile_dd_robot/share/mobile_dd_robot/package.ps1'
[5.752s] INFO:colcon.colcon_core.shell:Creating package descriptor '/home/ueux/Desktop/ROS2Humble/ddmobile_ws/install/mobile_dd_robot/share/mobile_dd_robot/package.dsv'
[5.760s] INFO:colcon.colcon_core.shell:Creating package script '/home/ueux/Desktop/ROS2Humble/ddmobile_ws/install/mobile_dd_robot/share/mobile_dd_robot/package.sh'
[5.765s] INFO:colcon.colcon_core.shell:Creating package script '/home/ueux/Desktop/ROS2Humble/ddmobile_ws/install/mobile_dd_robot/share/mobile_dd_robot/package.bash'
[5.766s] INFO:colcon.colcon_core.shell:Creating package script '/home/ueux/Desktop/ROS2Humble/ddmobile_ws/install/mobile_dd_robot/share/mobile_dd_robot/package.zsh'
[5.767s] Level 1:colcon.colcon_core.environment:create_file_with_runtime_dependencies(/home/ueux/Desktop/ROS2Humble/ddmobile_ws/install/mobile_dd_robot/share/colcon-core/packages/mobile_dd_robot)
[5.768s] DEBUG:colcon.colcon_parallel_executor.executor.parallel:closing loop
[5.770s] DEBUG:colcon.colcon_parallel_executor.executor.parallel:loop closed
[5.770s] DEBUG:colcon.colcon_parallel_executor.executor.parallel:run_until_complete finished with '0'
[5.770s] DEBUG:colcon.colcon_core.event_reactor:joining thread
[5.798s] INFO:colcon.colcon_core.plugin_system:Skipping extension 'colcon_notification.desktop_notification.terminal_notifier': Not used on non-Darwin systems
[5.799s] INFO:colcon.colcon_core.plugin_system:Skipping extension 'colcon_notification.desktop_notification.win32': Not used on non-Windows systems
[5.799s] INFO:colcon.colcon_notification.desktop_notification:Sending desktop notification using 'notify2'
[5.931s] DEBUG:colcon.colcon_core.event_reactor:joined thread
[5.931s] INFO:colcon.colcon_core.shell:Creating prefix script '/home/ueux/Desktop/ROS2Humble/ddmobile_ws/install/local_setup.ps1'
[5.935s] INFO:colcon.colcon_core.shell:Creating prefix util module '/home/ueux/Desktop/ROS2Humble/ddmobile_ws/install/_local_setup_util_ps1.py'
[5.938s] INFO:colcon.colcon_core.shell:Creating prefix chain script '/home/ueux/Desktop/ROS2Humble/ddmobile_ws/install/setup.ps1'
[5.941s] INFO:colcon.colcon_core.shell:Creating prefix script '/home/ueux/Desktop/ROS2Humble/ddmobile_ws/install/local_setup.sh'
[5.942s] INFO:colcon.colcon_core.shell:Creating prefix util module '/home/ueux/Desktop/ROS2Humble/ddmobile_ws/install/_local_setup_util_sh.py'
[5.942s] INFO:colcon.colcon_core.shell:Creating prefix chain script '/home/ueux/Desktop/ROS2Humble/ddmobile_ws/install/setup.sh'
[5.944s] INFO:colcon.colcon_core.shell:Creating prefix script '/home/ueux/Desktop/ROS2Humble/ddmobile_ws/install/local_setup.bash'
[5.944s] INFO:colcon.colcon_core.shell:Creating prefix chain script '/home/ueux/Desktop/ROS2Humble/ddmobile_ws/install/setup.bash'
[5.945s] INFO:colcon.colcon_core.shell:Creating prefix script '/home/ueux/Desktop/ROS2Humble/ddmobile_ws/install/local_setup.zsh'
[5.946s] INFO:colcon.colcon_core.shell:Creating prefix chain script '/home/ueux/Desktop/ROS2Humble/ddmobile_ws/install/setup.zsh'
