running egg_info
writing ../../build/my_image_publisher/my_image_publisher.egg-info/PKG-INFO
writing dependency_links to ../../build/my_image_publisher/my_image_publisher.egg-info/dependency_links.txt
writing entry points to ../../build/my_image_publisher/my_image_publisher.egg-info/entry_points.txt
writing requirements to ../../build/my_image_publisher/my_image_publisher.egg-info/requires.txt
writing top-level names to ../../build/my_image_publisher/my_image_publisher.egg-info/top_level.txt
reading manifest file '../../build/my_image_publisher/my_image_publisher.egg-info/SOURCES.txt'
writing manifest file '../../build/my_image_publisher/my_image_publisher.egg-info/SOURCES.txt'
running build
running build_py
running install
/usr/lib/python3/dist-packages/setuptools/command/install.py:34: SetuptoolsDeprecationWarning: setup.py install is deprecated. Use build and pip and other standards-based tools.
  warnings.warn(
running install_lib
running install_data
running install_egg_info
removing '/home/navaneeth/Documents/course/opencv/opencv_ws/install/my_image_publisher/lib/python3.10/site-packages/my_image_publisher-0.0.0-py3.10.egg-info' (and everything under it)
Copying ../../build/my_image_publisher/my_image_publisher.egg-info to /home/navaneeth/Documents/course/opencv/opencv_ws/install/my_image_publisher/lib/python3.10/site-packages/my_image_publisher-0.0.0-py3.10.egg-info
running install_scripts
Installing image_publisher script to /home/navaneeth/Documents/course/opencv/opencv_ws/install/my_image_publisher/lib/my_image_publisher
writing list of installed files to '/home/navaneeth/Documents/course/opencv/opencv_ws/build/my_image_publisher/install.log'
