-- The C compiler identification is GNU 11.4.0
-- The CXX compiler identification is GNU 11.4.0
-- Detecting C compiler ABI info
-- Detecting C compiler ABI info - done
-- Check for working C compiler: /usr/bin/cc - skipped
-- Detecting C compile features
-- Detecting C compile features - done
-- Detecting CXX compiler ABI info
-- Detecting CXX compiler ABI info - done
-- Check for working CXX compiler: /usr/bin/c++ - skipped
-- Detecting CXX compile features
-- Detecting CXX compile features - done
-- Found ament_cmake: 1.3.6 (/opt/ros/humble/share/ament_cmake/cmake)
-- Found Python3: /usr/bin/python3.10 (found version "3.10.12") found components: Interpreter 
-- Found ament_lint_auto: 0.12.9 (/opt/ros/humble/share/ament_lint_auto/cmake)
-- Added test 'lint_cmake' to check CMake code style
-- Added test 'xmllint' to check XML markup files
-- Configuring done
-- Generating done
-- Build files have been written to: /home/navaneeth/Documents/course/Practice_programs/ROS2/roboai_ws/build/cpp_pubsub
-- Install configuration: ""
-- Installing: /home/navaneeth/Documents/course/Practice_programs/ROS2/roboai_ws/install/cpp_pubsub/share/ament_index/resource_index/package_run_dependencies/cpp_pubsub
-- Installing: /home/navaneeth/Documents/course/Practice_programs/ROS2/roboai_ws/install/cpp_pubsub/share/ament_index/resource_index/parent_prefix_path/cpp_pubsub
-- Installing: /home/navaneeth/Documents/course/Practice_programs/ROS2/roboai_ws/install/cpp_pubsub/share/cpp_pubsub/environment/ament_prefix_path.sh
-- Installing: /home/navaneeth/Documents/course/Practice_programs/ROS2/roboai_ws/install/cpp_pubsub/share/cpp_pubsub/environment/ament_prefix_path.dsv
-- Installing: /home/navaneeth/Documents/course/Practice_programs/ROS2/roboai_ws/install/cpp_pubsub/share/cpp_pubsub/environment/path.sh
-- Installing: /home/navaneeth/Documents/course/Practice_programs/ROS2/roboai_ws/install/cpp_pubsub/share/cpp_pubsub/environment/path.dsv
-- Installing: /home/navaneeth/Documents/course/Practice_programs/ROS2/roboai_ws/install/cpp_pubsub/share/cpp_pubsub/local_setup.bash
-- Installing: /home/navaneeth/Documents/course/Practice_programs/ROS2/roboai_ws/install/cpp_pubsub/share/cpp_pubsub/local_setup.sh
-- Installing: /home/navaneeth/Documents/course/Practice_programs/ROS2/roboai_ws/install/cpp_pubsub/share/cpp_pubsub/local_setup.zsh
-- Installing: /home/navaneeth/Documents/course/Practice_programs/ROS2/roboai_ws/install/cpp_pubsub/share/cpp_pubsub/local_setup.dsv
-- Installing: /home/navaneeth/Documents/course/Practice_programs/ROS2/roboai_ws/install/cpp_pubsub/share/cpp_pubsub/package.dsv
-- Installing: /home/navaneeth/Documents/course/Practice_programs/ROS2/roboai_ws/install/cpp_pubsub/share/ament_index/resource_index/packages/cpp_pubsub
-- Installing: /home/navaneeth/Documents/course/Practice_programs/ROS2/roboai_ws/install/cpp_pubsub/share/cpp_pubsub/cmake/cpp_pubsubConfig.cmake
-- Installing: /home/navaneeth/Documents/course/Practice_programs/ROS2/roboai_ws/install/cpp_pubsub/share/cpp_pubsub/cmake/cpp_pubsubConfig-version.cmake
-- Installing: /home/navaneeth/Documents/course/Practice_programs/ROS2/roboai_ws/install/cpp_pubsub/share/cpp_pubsub/package.xml
