[0.104s] Invoking command in '/home/navaneeth/Documents/course/Practice_programs/ROS2/roboai_ws/build/cpp_pubsub': CMAKE_PREFIX_PATH=/opt/ros/humble /usr/bin/cmake /home/navaneeth/Documents/course/Practice_programs/ROS2/roboai_ws/src/cpp_pubsub -DCMAKE_INSTALL_PREFIX=/home/navaneeth/Documents/course/Practice_programs/ROS2/roboai_ws/install/cpp_pubsub
[0.223s] -- The C compiler identification is GNU 11.4.0
[0.325s] -- The CXX compiler identification is GNU 11.4.0
[0.335s] -- Detecting C compiler ABI info
[0.387s] -- Detecting C compiler ABI info - done
[0.393s] -- Check for working C compiler: /usr/bin/cc - skipped
[0.393s] -- Detecting C compile features
[0.394s] -- Detecting C compile features - done
[0.398s] -- Detecting CXX compiler ABI info
[0.468s] -- Detecting CXX compiler ABI info - done
[0.476s] -- Check for working CXX compiler: /usr/bin/c++ - skipped
[0.476s] -- Detecting CXX compile features
[0.476s] -- Detecting CXX compile features - done
[0.480s] -- Found ament_cmake: 1.3.6 (/opt/ros/humble/share/ament_cmake/cmake)
[0.626s] -- Found Python3: /usr/bin/python3.10 (found version "3.10.12") found components: Interpreter 
[0.723s] -- Found ament_lint_auto: 0.12.9 (/opt/ros/humble/share/ament_lint_auto/cmake)
[0.801s] -- Added test 'lint_cmake' to check CMake code style
[0.805s] -- Added test 'xmllint' to check XML markup files
[0.808s] -- Configuring done
[0.812s] -- Generating done
[0.814s] -- Build files have been written to: /home/navaneeth/Documents/course/Practice_programs/ROS2/roboai_ws/build/cpp_pubsub
[0.820s] Invoked command in '/home/navaneeth/Documents/course/Practice_programs/ROS2/roboai_ws/build/cpp_pubsub' returned '0': CMAKE_PREFIX_PATH=/opt/ros/humble /usr/bin/cmake /home/navaneeth/Documents/course/Practice_programs/ROS2/roboai_ws/src/cpp_pubsub -DCMAKE_INSTALL_PREFIX=/home/navaneeth/Documents/course/Practice_programs/ROS2/roboai_ws/install/cpp_pubsub
[0.823s] Invoking command in '/home/navaneeth/Documents/course/Practice_programs/ROS2/roboai_ws/build/cpp_pubsub': CMAKE_PREFIX_PATH=/opt/ros/humble /usr/bin/cmake --build /home/navaneeth/Documents/course/Practice_programs/ROS2/roboai_ws/build/cpp_pubsub -- -j16 -l16
[0.854s] Invoked command in '/home/navaneeth/Documents/course/Practice_programs/ROS2/roboai_ws/build/cpp_pubsub' returned '0': CMAKE_PREFIX_PATH=/opt/ros/humble /usr/bin/cmake --build /home/navaneeth/Documents/course/Practice_programs/ROS2/roboai_ws/build/cpp_pubsub -- -j16 -l16
[0.877s] Invoking command in '/home/navaneeth/Documents/course/Practice_programs/ROS2/roboai_ws/build/cpp_pubsub': CMAKE_PREFIX_PATH=/opt/ros/humble /usr/bin/cmake --install /home/navaneeth/Documents/course/Practice_programs/ROS2/roboai_ws/build/cpp_pubsub
[0.883s] -- Install configuration: ""
[0.883s] -- Installing: /home/navaneeth/Documents/course/Practice_programs/ROS2/roboai_ws/install/cpp_pubsub/share/ament_index/resource_index/package_run_dependencies/cpp_pubsub
[0.883s] -- Installing: /home/navaneeth/Documents/course/Practice_programs/ROS2/roboai_ws/install/cpp_pubsub/share/ament_index/resource_index/parent_prefix_path/cpp_pubsub
[0.883s] -- Installing: /home/navaneeth/Documents/course/Practice_programs/ROS2/roboai_ws/install/cpp_pubsub/share/cpp_pubsub/environment/ament_prefix_path.sh
[0.883s] -- Installing: /home/navaneeth/Documents/course/Practice_programs/ROS2/roboai_ws/install/cpp_pubsub/share/cpp_pubsub/environment/ament_prefix_path.dsv
[0.883s] -- Installing: /home/navaneeth/Documents/course/Practice_programs/ROS2/roboai_ws/install/cpp_pubsub/share/cpp_pubsub/environment/path.sh
[0.883s] -- Installing: /home/navaneeth/Documents/course/Practice_programs/ROS2/roboai_ws/install/cpp_pubsub/share/cpp_pubsub/environment/path.dsv
[0.884s] -- Installing: /home/navaneeth/Documents/course/Practice_programs/ROS2/roboai_ws/install/cpp_pubsub/share/cpp_pubsub/local_setup.bash
[0.884s] -- Installing: /home/navaneeth/Documents/course/Practice_programs/ROS2/roboai_ws/install/cpp_pubsub/share/cpp_pubsub/local_setup.sh
[0.884s] -- Installing: /home/navaneeth/Documents/course/Practice_programs/ROS2/roboai_ws/install/cpp_pubsub/share/cpp_pubsub/local_setup.zsh
[0.885s] -- Installing: /home/navaneeth/Documents/course/Practice_programs/ROS2/roboai_ws/install/cpp_pubsub/share/cpp_pubsub/local_setup.dsv
[0.885s] -- Installing: /home/navaneeth/Documents/course/Practice_programs/ROS2/roboai_ws/install/cpp_pubsub/share/cpp_pubsub/package.dsv
[0.885s] -- Installing: /home/navaneeth/Documents/course/Practice_programs/ROS2/roboai_ws/install/cpp_pubsub/share/ament_index/resource_index/packages/cpp_pubsub
[0.885s] -- Installing: /home/navaneeth/Documents/course/Practice_programs/ROS2/roboai_ws/install/cpp_pubsub/share/cpp_pubsub/cmake/cpp_pubsubConfig.cmake
[0.885s] -- Installing: /home/navaneeth/Documents/course/Practice_programs/ROS2/roboai_ws/install/cpp_pubsub/share/cpp_pubsub/cmake/cpp_pubsubConfig-version.cmake
[0.885s] -- Installing: /home/navaneeth/Documents/course/Practice_programs/ROS2/roboai_ws/install/cpp_pubsub/share/cpp_pubsub/package.xml
[0.888s] Invoked command in '/home/navaneeth/Documents/course/Practice_programs/ROS2/roboai_ws/build/cpp_pubsub' returned '0': CMAKE_PREFIX_PATH=/opt/ros/humble /usr/bin/cmake --install /home/navaneeth/Documents/course/Practice_programs/ROS2/roboai_ws/build/cpp_pubsub
