[0.101s] Invoking command in '/home/ueux/Desktop/ROS2Humble/ddmobile_ws/build/mobile_dd_robot': CMAKE_PREFIX_PATH=${CMAKE_PREFIX_PATH}:/home/ueux/Desktop/ROS2Humble/basic_ws/install/my_robot_controller:/home/ueux/Desktop/ROS2Humble/basic_ws/install/action_py:/opt/ros/humble /usr/bin/cmake --build /home/ueux/Desktop/ROS2Humble/ddmobile_ws/build/mobile_dd_robot -- -j8 -l8
[0.183s] Invoked command in '/home/ueux/Desktop/ROS2Humble/ddmobile_ws/build/mobile_dd_robot' returned '0': CMAKE_PREFIX_PATH=${CMAKE_PREFIX_PATH}:/home/ueux/Desktop/ROS2Humble/basic_ws/install/my_robot_controller:/home/ueux/Desktop/ROS2Humble/basic_ws/install/action_py:/opt/ros/humble /usr/bin/cmake --build /home/ueux/Desktop/ROS2Humble/ddmobile_ws/build/mobile_dd_robot -- -j8 -l8
[0.206s] Invoking command in '/home/ueux/Desktop/ROS2Humble/ddmobile_ws/build/mobile_dd_robot': CMAKE_PREFIX_PATH=${CMAKE_PREFIX_PATH}:/home/ueux/Desktop/ROS2Humble/basic_ws/install/my_robot_controller:/home/ueux/Desktop/ROS2Humble/basic_ws/install/action_py:/opt/ros/humble /usr/bin/cmake --install /home/ueux/Desktop/ROS2Humble/ddmobile_ws/build/mobile_dd_robot
[0.215s] -- Install configuration: ""
[0.215s] -- Execute custom install script
[0.216s] -- Up-to-date symlink: /home/ueux/Desktop/ROS2Humble/ddmobile_ws/install/mobile_dd_robot/share/mobile_dd_robot/launch/gazebo_model.launch.py
[0.216s] -- Up-to-date symlink: /home/ueux/Desktop/ROS2Humble/ddmobile_ws/install/mobile_dd_robot/share/mobile_dd_robot/model/robot.gazebo.xacro
[0.216s] -- Up-to-date symlink: /home/ueux/Desktop/ROS2Humble/ddmobile_ws/install/mobile_dd_robot/share/mobile_dd_robot/model/robot.xacro
[0.216s] -- Up-to-date symlink: /home/ueux/Desktop/ROS2Humble/ddmobile_ws/install/mobile_dd_robot/share/ament_index/resource_index/package_run_dependencies/mobile_dd_robot
[0.216s] -- Up-to-date symlink: /home/ueux/Desktop/ROS2Humble/ddmobile_ws/install/mobile_dd_robot/share/ament_index/resource_index/parent_prefix_path/mobile_dd_robot
[0.217s] -- Up-to-date symlink: /home/ueux/Desktop/ROS2Humble/ddmobile_ws/install/mobile_dd_robot/share/mobile_dd_robot/environment/ament_prefix_path.sh
[0.217s] -- Up-to-date symlink: /home/ueux/Desktop/ROS2Humble/ddmobile_ws/install/mobile_dd_robot/share/mobile_dd_robot/environment/ament_prefix_path.dsv
[0.217s] -- Up-to-date symlink: /home/ueux/Desktop/ROS2Humble/ddmobile_ws/install/mobile_dd_robot/share/mobile_dd_robot/environment/path.sh
[0.217s] -- Up-to-date symlink: /home/ueux/Desktop/ROS2Humble/ddmobile_ws/install/mobile_dd_robot/share/mobile_dd_robot/environment/path.dsv
[0.218s] -- Up-to-date symlink: /home/ueux/Desktop/ROS2Humble/ddmobile_ws/install/mobile_dd_robot/share/mobile_dd_robot/local_setup.bash
[0.218s] -- Up-to-date symlink: /home/ueux/Desktop/ROS2Humble/ddmobile_ws/install/mobile_dd_robot/share/mobile_dd_robot/local_setup.sh
[0.218s] -- Up-to-date symlink: /home/ueux/Desktop/ROS2Humble/ddmobile_ws/install/mobile_dd_robot/share/mobile_dd_robot/local_setup.zsh
[0.218s] -- Up-to-date symlink: /home/ueux/Desktop/ROS2Humble/ddmobile_ws/install/mobile_dd_robot/share/mobile_dd_robot/local_setup.dsv
[0.219s] -- Symlinking: /home/ueux/Desktop/ROS2Humble/ddmobile_ws/install/mobile_dd_robot/share/mobile_dd_robot/package.dsv
[0.231s] -- Up-to-date symlink: /home/ueux/Desktop/ROS2Humble/ddmobile_ws/install/mobile_dd_robot/share/ament_index/resource_index/packages/mobile_dd_robot
[0.231s] -- Up-to-date symlink: /home/ueux/Desktop/ROS2Humble/ddmobile_ws/install/mobile_dd_robot/share/mobile_dd_robot/cmake/mobile_dd_robotConfig.cmake
[0.231s] -- Up-to-date symlink: /home/ueux/Desktop/ROS2Humble/ddmobile_ws/install/mobile_dd_robot/share/mobile_dd_robot/cmake/mobile_dd_robotConfig-version.cmake
[0.231s] -- Up-to-date symlink: /home/ueux/Desktop/ROS2Humble/ddmobile_ws/install/mobile_dd_robot/share/mobile_dd_robot/package.xml
[0.235s] Invoked command in '/home/ueux/Desktop/ROS2Humble/ddmobile_ws/build/mobile_dd_robot' returned '0': CMAKE_PREFIX_PATH=${CMAKE_PREFIX_PATH}:/home/ueux/Desktop/ROS2Humble/basic_ws/install/my_robot_controller:/home/ueux/Desktop/ROS2Humble/basic_ws/install/action_py:/opt/ros/humble /usr/bin/cmake --install /home/ueux/Desktop/ROS2Humble/ddmobile_ws/build/mobile_dd_robot
