[0.211s] Invoking command in '/home/ueux/Desktop/ROS2Humble/basic_ws/build/my_robot_interfaces': CMAKE_PREFIX_PATH=${CMAKE_PREFIX_PATH}:/home/ueux/Desktop/ROS2Humble/basic_ws/install/my_robot_controller:/opt/ros/humble /usr/bin/cmake /home/ueux/Desktop/ROS2Humble/basic_ws/src/my_robot_interfaces -DCMAKE_INSTALL_PREFIX=/home/ueux/Desktop/ROS2Humble/basic_ws/install/my_robot_interfaces
[0.288s] -- Found ament_cmake: 1.3.11 (/opt/ros/humble/share/ament_cmake/cmake)
[0.670s] -- Override CMake install command with custom implementation using symlinks instead of copying resources
[0.731s] [31mCMake Error at CMakeLists.txt:14 (find_package):
[0.731s]   By not providing "Findament_default_generators.cmake" in CMAKE_MODULE_PATH
[0.731s]   this project has asked CMake to find a package configuration file provided
[0.733s]   by "ament_default_generators", but CMake did not find one.
[0.733s] 
[0.733s]   Could not find a package configuration file provided by
[0.734s]   "ament_default_generators" with any of the following names:
[0.737s] 
[0.738s]     ament_default_generatorsConfig.cmake
[0.740s]     ament_default_generators-config.cmake
[0.741s] 
[0.741s] -- Configuring incomplete, errors occurred!
[0.741s] See also "/home/ueux/Desktop/ROS2Humble/basic_ws/build/my_robot_interfaces/CMakeFiles/CMakeOutput.log".
[0.747s]   Add the installation prefix of "ament_default_generators" to
[0.748s]   CMAKE_PREFIX_PATH or set "ament_default_generators_DIR" to a directory
[0.748s]   containing one of the above files.  If "ament_default_generators" provides
[0.748s]   a separate development package or SDK, be sure it has been installed.
[0.748s] 
[0.748s] [0m
[0.772s] Invoked command in '/home/ueux/Desktop/ROS2Humble/basic_ws/build/my_robot_interfaces' returned '1': CMAKE_PREFIX_PATH=${CMAKE_PREFIX_PATH}:/home/ueux/Desktop/ROS2Humble/basic_ws/install/my_robot_controller:/opt/ros/humble /usr/bin/cmake /home/ueux/Desktop/ROS2Humble/basic_ws/src/my_robot_interfaces -DCMAKE_INSTALL_PREFIX=/home/ueux/Desktop/ROS2Humble/basic_ws/install/my_robot_interfaces
