[0.868s] DEBUG:colcon:Command line arguments: ['/usr/bin/colcon', 'build']
[0.868s] DEBUG:colcon:Parsed command line arguments: Namespace(log_base=None, log_level=None, verb_name='build', build_base='build', install_base='install', merge_install=False, symlink_install=False, test_result_base=None, continue_on_error=False, executor='parallel', parallel_workers=16, event_handlers=None, ignore_user_meta=False, metas=['./colcon.meta'], base_paths=['.'], packages_ignore=None, packages_ignore_regex=None, paths=None, packages_up_to=None, packages_up_to_regex=None, packages_above=None, packages_above_and_dependencies=None, packages_above_depth=None, packages_select_by_dep=None, packages_skip_by_dep=None, packages_skip_up_to=None, packages_select_build_failed=False, packages_skip_build_finished=False, packages_select_test_failures=False, packages_skip_test_passed=False, packages_select=None, packages_skip=None, packages_select_regex=None, packages_skip_regex=None, packages_start=None, packages_end=None, allow_overriding=[], cmake_args=None, cmake_target=None, cmake_target_skip_unavailable=False, cmake_clean_cache=False, cmake_clean_first=False, cmake_force_configure=False, ament_cmake_args=None, catkin_cmake_args=None, catkin_skip_building_tests=False, verb_parser=<colcon_defaults.argument_parser.defaults.DefaultArgumentsDecorator object at 0x739ba64f5600>, verb_extension=<colcon_core.verb.build.BuildVerb object at 0x739ba64d41c0>, main=<bound method BuildVerb.main of <colcon_core.verb.build.BuildVerb object at 0x739ba64d41c0>>)
[0.907s] Level 1:colcon.colcon_core.package_discovery:discover_packages(colcon_meta) check parameters
[0.907s] Level 1:colcon.colcon_core.package_discovery:discover_packages(recursive) check parameters
[0.907s] Level 1:colcon.colcon_core.package_discovery:discover_packages(ignore) check parameters
[0.907s] Level 1:colcon.colcon_core.package_discovery:discover_packages(path) check parameters
[0.907s] Level 1:colcon.colcon_core.package_discovery:discover_packages(colcon_meta) discover
[0.908s] Level 1:colcon.colcon_core.package_discovery:discover_packages(recursive) discover
[0.908s] INFO:colcon.colcon_core.package_discovery:Crawling recursively for packages in '/home/navaneeth/Documents/course/Practice_programs/ROS2/roboai_ws'
[0.908s] Level 1:colcon.colcon_core.package_identification:_identify(.) by extensions ['ignore', 'ignore_ament_install']
[0.908s] Level 1:colcon.colcon_core.package_identification:_identify(.) by extension 'ignore'
[0.908s] Level 1:colcon.colcon_core.package_identification:_identify(.) by extension 'ignore_ament_install'
[0.908s] Level 1:colcon.colcon_core.package_identification:_identify(.) by extensions ['colcon_pkg']
[0.908s] Level 1:colcon.colcon_core.package_identification:_identify(.) by extension 'colcon_pkg'
[0.908s] Level 1:colcon.colcon_core.package_identification:_identify(.) by extensions ['colcon_meta']
[0.908s] Level 1:colcon.colcon_core.package_identification:_identify(.) by extension 'colcon_meta'
[0.908s] Level 1:colcon.colcon_core.package_identification:_identify(.) by extensions ['ros']
[0.908s] Level 1:colcon.colcon_core.package_identification:_identify(.) by extension 'ros'
[0.916s] Level 1:colcon.colcon_core.package_identification:_identify(.) by extensions ['cmake', 'python']
[0.916s] Level 1:colcon.colcon_core.package_identification:_identify(.) by extension 'cmake'
[0.916s] Level 1:colcon.colcon_core.package_identification:_identify(.) by extension 'python'
[0.916s] Level 1:colcon.colcon_core.package_identification:_identify(.) by extensions ['python_setup_py']
[0.916s] Level 1:colcon.colcon_core.package_identification:_identify(.) by extension 'python_setup_py'
[0.916s] Level 1:colcon.colcon_core.package_identification:_identify(build) by extensions ['ignore', 'ignore_ament_install']
[0.916s] Level 1:colcon.colcon_core.package_identification:_identify(build) by extension 'ignore'
[0.916s] Level 1:colcon.colcon_core.package_identification:_identify(build) ignored
[0.916s] Level 1:colcon.colcon_core.package_identification:_identify(install) by extensions ['ignore', 'ignore_ament_install']
[0.916s] Level 1:colcon.colcon_core.package_identification:_identify(install) by extension 'ignore'
[0.916s] Level 1:colcon.colcon_core.package_identification:_identify(install) ignored
[0.916s] Level 1:colcon.colcon_core.package_identification:_identify(log) by extensions ['ignore', 'ignore_ament_install']
[0.916s] Level 1:colcon.colcon_core.package_identification:_identify(log) by extension 'ignore'
[0.916s] Level 1:colcon.colcon_core.package_identification:_identify(log) ignored
[0.916s] Level 1:colcon.colcon_core.package_identification:_identify(src) by extensions ['ignore', 'ignore_ament_install']
[0.916s] Level 1:colcon.colcon_core.package_identification:_identify(src) by extension 'ignore'
[0.916s] Level 1:colcon.colcon_core.package_identification:_identify(src) by extension 'ignore_ament_install'
[0.916s] Level 1:colcon.colcon_core.package_identification:_identify(src) by extensions ['colcon_pkg']
[0.916s] Level 1:colcon.colcon_core.package_identification:_identify(src) by extension 'colcon_pkg'
[0.916s] Level 1:colcon.colcon_core.package_identification:_identify(src) by extensions ['colcon_meta']
[0.916s] Level 1:colcon.colcon_core.package_identification:_identify(src) by extension 'colcon_meta'
[0.916s] Level 1:colcon.colcon_core.package_identification:_identify(src) by extensions ['ros']
[0.916s] Level 1:colcon.colcon_core.package_identification:_identify(src) by extension 'ros'
[0.916s] Level 1:colcon.colcon_core.package_identification:_identify(src) by extensions ['cmake', 'python']
[0.916s] Level 1:colcon.colcon_core.package_identification:_identify(src) by extension 'cmake'
[0.916s] Level 1:colcon.colcon_core.package_identification:_identify(src) by extension 'python'
[0.916s] Level 1:colcon.colcon_core.package_identification:_identify(src) by extensions ['python_setup_py']
[0.916s] Level 1:colcon.colcon_core.package_identification:_identify(src) by extension 'python_setup_py'
[0.917s] Level 1:colcon.colcon_core.package_identification:_identify(src/cpp_pubsub) by extensions ['ignore', 'ignore_ament_install']
[0.917s] Level 1:colcon.colcon_core.package_identification:_identify(src/cpp_pubsub) by extension 'ignore'
[0.917s] Level 1:colcon.colcon_core.package_identification:_identify(src/cpp_pubsub) by extension 'ignore_ament_install'
[0.917s] Level 1:colcon.colcon_core.package_identification:_identify(src/cpp_pubsub) by extensions ['colcon_pkg']
[0.917s] Level 1:colcon.colcon_core.package_identification:_identify(src/cpp_pubsub) by extension 'colcon_pkg'
[0.917s] Level 1:colcon.colcon_core.package_identification:_identify(src/cpp_pubsub) by extensions ['colcon_meta']
[0.917s] Level 1:colcon.colcon_core.package_identification:_identify(src/cpp_pubsub) by extension 'colcon_meta'
[0.917s] Level 1:colcon.colcon_core.package_identification:_identify(src/cpp_pubsub) by extensions ['ros']
[0.917s] Level 1:colcon.colcon_core.package_identification:_identify(src/cpp_pubsub) by extension 'ros'
[0.918s] DEBUG:colcon.colcon_core.package_identification:Package 'src/cpp_pubsub' with type 'ros.ament_cmake' and name 'cpp_pubsub'
[0.918s] Level 1:colcon.colcon_core.package_identification:_identify(src/pubsub) by extensions ['ignore', 'ignore_ament_install']
[0.918s] Level 1:colcon.colcon_core.package_identification:_identify(src/pubsub) by extension 'ignore'
[0.919s] Level 1:colcon.colcon_core.package_identification:_identify(src/pubsub) by extension 'ignore_ament_install'
[0.919s] Level 1:colcon.colcon_core.package_identification:_identify(src/pubsub) by extensions ['colcon_pkg']
[0.919s] Level 1:colcon.colcon_core.package_identification:_identify(src/pubsub) by extension 'colcon_pkg'
[0.919s] Level 1:colcon.colcon_core.package_identification:_identify(src/pubsub) by extensions ['colcon_meta']
[0.919s] Level 1:colcon.colcon_core.package_identification:_identify(src/pubsub) by extension 'colcon_meta'
[0.919s] Level 1:colcon.colcon_core.package_identification:_identify(src/pubsub) by extensions ['ros']
[0.919s] Level 1:colcon.colcon_core.package_identification:_identify(src/pubsub) by extension 'ros'
[0.919s] DEBUG:colcon.colcon_core.package_identification:Package 'src/pubsub' with type 'ros.ament_python' and name 'pubsub'
[0.919s] Level 1:colcon.colcon_core.package_discovery:discover_packages(recursive) using defaults
[0.919s] Level 1:colcon.colcon_core.package_discovery:discover_packages(ignore) discover
[0.919s] Level 1:colcon.colcon_core.package_discovery:discover_packages(ignore) using defaults
[0.919s] Level 1:colcon.colcon_core.package_discovery:discover_packages(path) discover
[0.919s] Level 1:colcon.colcon_core.package_discovery:discover_packages(path) using defaults
[1.005s] Level 1:colcon.colcon_core.package_discovery:discover_packages(prefix_path) check parameters
[1.005s] Level 1:colcon.colcon_core.package_discovery:discover_packages(prefix_path) discover
[1.034s] DEBUG:colcon.colcon_installed_package_information.package_discovery:Found 444 installed packages in /opt/ros/humble
[1.036s] Level 1:colcon.colcon_core.package_discovery:discover_packages(prefix_path) using defaults
[1.118s] Level 5:colcon.colcon_core.verb:set package 'cpp_pubsub' build argument 'cmake_args' from command line to 'None'
[1.118s] Level 5:colcon.colcon_core.verb:set package 'cpp_pubsub' build argument 'cmake_target' from command line to 'None'
[1.118s] Level 5:colcon.colcon_core.verb:set package 'cpp_pubsub' build argument 'cmake_target_skip_unavailable' from command line to 'False'
[1.118s] Level 5:colcon.colcon_core.verb:set package 'cpp_pubsub' build argument 'cmake_clean_cache' from command line to 'False'
[1.118s] Level 5:colcon.colcon_core.verb:set package 'cpp_pubsub' build argument 'cmake_clean_first' from command line to 'False'
[1.118s] Level 5:colcon.colcon_core.verb:set package 'cpp_pubsub' build argument 'cmake_force_configure' from command line to 'False'
[1.118s] Level 5:colcon.colcon_core.verb:set package 'cpp_pubsub' build argument 'ament_cmake_args' from command line to 'None'
[1.118s] Level 5:colcon.colcon_core.verb:set package 'cpp_pubsub' build argument 'catkin_cmake_args' from command line to 'None'
[1.118s] Level 5:colcon.colcon_core.verb:set package 'cpp_pubsub' build argument 'catkin_skip_building_tests' from command line to 'False'
[1.118s] DEBUG:colcon.colcon_core.verb:Building package 'cpp_pubsub' with the following arguments: {'ament_cmake_args': None, 'build_base': '/home/navaneeth/Documents/course/Practice_programs/ROS2/roboai_ws/build/cpp_pubsub', 'catkin_cmake_args': None, 'catkin_skip_building_tests': False, 'cmake_args': None, 'cmake_clean_cache': False, 'cmake_clean_first': False, 'cmake_force_configure': False, 'cmake_target': None, 'cmake_target_skip_unavailable': False, 'install_base': '/home/navaneeth/Documents/course/Practice_programs/ROS2/roboai_ws/install/cpp_pubsub', 'merge_install': False, 'path': '/home/navaneeth/Documents/course/Practice_programs/ROS2/roboai_ws/src/cpp_pubsub', 'symlink_install': False, 'test_result_base': None}
[1.132s] Level 5:colcon.colcon_core.verb:set package 'pubsub' build argument 'cmake_args' from command line to 'None'
[1.132s] Level 5:colcon.colcon_core.verb:set package 'pubsub' build argument 'cmake_target' from command line to 'None'
[1.132s] Level 5:colcon.colcon_core.verb:set package 'pubsub' build argument 'cmake_target_skip_unavailable' from command line to 'False'
[1.132s] Level 5:colcon.colcon_core.verb:set package 'pubsub' build argument 'cmake_clean_cache' from command line to 'False'
[1.132s] Level 5:colcon.colcon_core.verb:set package 'pubsub' build argument 'cmake_clean_first' from command line to 'False'
[1.132s] Level 5:colcon.colcon_core.verb:set package 'pubsub' build argument 'cmake_force_configure' from command line to 'False'
[1.132s] Level 5:colcon.colcon_core.verb:set package 'pubsub' build argument 'ament_cmake_args' from command line to 'None'
[1.132s] Level 5:colcon.colcon_core.verb:set package 'pubsub' build argument 'catkin_cmake_args' from command line to 'None'
[1.132s] Level 5:colcon.colcon_core.verb:set package 'pubsub' build argument 'catkin_skip_building_tests' from command line to 'False'
[1.132s] DEBUG:colcon.colcon_core.verb:Building package 'pubsub' with the following arguments: {'ament_cmake_args': None, 'build_base': '/home/navaneeth/Documents/course/Practice_programs/ROS2/roboai_ws/build/pubsub', 'catkin_cmake_args': None, 'catkin_skip_building_tests': False, 'cmake_args': None, 'cmake_clean_cache': False, 'cmake_clean_first': False, 'cmake_force_configure': False, 'cmake_target': None, 'cmake_target_skip_unavailable': False, 'install_base': '/home/navaneeth/Documents/course/Practice_programs/ROS2/roboai_ws/install/pubsub', 'merge_install': False, 'path': '/home/navaneeth/Documents/course/Practice_programs/ROS2/roboai_ws/src/pubsub', 'symlink_install': False, 'test_result_base': None}
[1.145s] INFO:colcon.colcon_core.executor:Executing jobs using 'parallel' executor
[1.158s] DEBUG:colcon.colcon_parallel_executor.executor.parallel:run_until_complete
[1.159s] INFO:colcon.colcon_ros.task.ament_cmake.build:Building ROS package in '/home/navaneeth/Documents/course/Practice_programs/ROS2/roboai_ws/src/cpp_pubsub' with build type 'ament_cmake'
[1.159s] INFO:colcon.colcon_cmake.task.cmake.build:Building CMake package in '/home/navaneeth/Documents/course/Practice_programs/ROS2/roboai_ws/src/cpp_pubsub'
[1.173s] INFO:colcon.colcon_core.plugin_system:Skipping extension 'colcon_core.shell.bat': Not used on non-Windows systems
[1.173s] INFO:colcon.colcon_core.shell:Skip shell extension 'powershell' for command environment: Not usable outside of PowerShell
[1.173s] DEBUG:colcon.colcon_core.shell:Skip shell extension 'dsv' for command environment
[1.202s] INFO:colcon.colcon_ros.task.ament_python.build:Building ROS package in '/home/navaneeth/Documents/course/Practice_programs/ROS2/roboai_ws/src/pubsub' with build type 'ament_python'
[1.202s] Level 1:colcon.colcon_core.shell:create_environment_hook('pubsub', 'ament_prefix_path')
[1.216s] INFO:colcon.colcon_core.shell:Creating environment hook '/home/navaneeth/Documents/course/Practice_programs/ROS2/roboai_ws/install/pubsub/share/pubsub/hook/ament_prefix_path.ps1'
[1.217s] INFO:colcon.colcon_core.shell:Creating environment descriptor '/home/navaneeth/Documents/course/Practice_programs/ROS2/roboai_ws/install/pubsub/share/pubsub/hook/ament_prefix_path.dsv'
[1.217s] INFO:colcon.colcon_core.shell:Creating environment hook '/home/navaneeth/Documents/course/Practice_programs/ROS2/roboai_ws/install/pubsub/share/pubsub/hook/ament_prefix_path.sh'
[1.231s] INFO:colcon.colcon_core.shell:Skip shell extension 'powershell' for command environment: Not usable outside of PowerShell
[1.231s] DEBUG:colcon.colcon_core.shell:Skip shell extension 'dsv' for command environment
[1.263s] DEBUG:colcon.colcon_core.event_handler.log_command:Invoking command in '/home/navaneeth/Documents/course/Practice_programs/ROS2/roboai_ws/build/cpp_pubsub': CMAKE_PREFIX_PATH=/opt/ros/humble /usr/bin/cmake /home/navaneeth/Documents/course/Practice_programs/ROS2/roboai_ws/src/cpp_pubsub -DCMAKE_INSTALL_PREFIX=/home/navaneeth/Documents/course/Practice_programs/ROS2/roboai_ws/install/cpp_pubsub
[1.476s] INFO:colcon.colcon_core.task.python.build:Building Python package in '/home/navaneeth/Documents/course/Practice_programs/ROS2/roboai_ws/src/pubsub'
[1.491s] INFO:colcon.colcon_core.shell:Skip shell extension 'powershell' for command environment: Not usable outside of PowerShell
[1.491s] DEBUG:colcon.colcon_core.shell:Skip shell extension 'dsv' for command environment
[1.866s] DEBUG:colcon.colcon_core.event_handler.log_command:Invoking command in '/home/navaneeth/Documents/course/Practice_programs/ROS2/roboai_ws/src/pubsub': PYTHONPATH=/home/navaneeth/Documents/course/Practice_programs/ROS2/roboai_ws/build/pubsub/prefix_override:/home/navaneeth/Documents/course/Practice_programs/ROS2/roboai_ws/install/pubsub/lib/python3.10/site-packages:${PYTHONPATH} /usr/bin/python3 setup.py egg_info --egg-base ../../build/pubsub build --build-base /home/navaneeth/Documents/course/Practice_programs/ROS2/roboai_ws/build/pubsub/build install --record /home/navaneeth/Documents/course/Practice_programs/ROS2/roboai_ws/build/pubsub/install.log --single-version-externally-managed
[1.979s] DEBUG:colcon.colcon_core.event_handler.log_command:Invoked command in '/home/navaneeth/Documents/course/Practice_programs/ROS2/roboai_ws/build/cpp_pubsub' returned '0': CMAKE_PREFIX_PATH=/opt/ros/humble /usr/bin/cmake /home/navaneeth/Documents/course/Practice_programs/ROS2/roboai_ws/src/cpp_pubsub -DCMAKE_INSTALL_PREFIX=/home/navaneeth/Documents/course/Practice_programs/ROS2/roboai_ws/install/cpp_pubsub
[1.982s] DEBUG:colcon.colcon_core.event_handler.log_command:Invoking command in '/home/navaneeth/Documents/course/Practice_programs/ROS2/roboai_ws/build/cpp_pubsub': CMAKE_PREFIX_PATH=/opt/ros/humble /usr/bin/cmake --build /home/navaneeth/Documents/course/Practice_programs/ROS2/roboai_ws/build/cpp_pubsub -- -j16 -l16
[2.012s] DEBUG:colcon.colcon_core.event_handler.log_command:Invoked command in '/home/navaneeth/Documents/course/Practice_programs/ROS2/roboai_ws/build/cpp_pubsub' returned '0': CMAKE_PREFIX_PATH=/opt/ros/humble /usr/bin/cmake --build /home/navaneeth/Documents/course/Practice_programs/ROS2/roboai_ws/build/cpp_pubsub -- -j16 -l16
[2.036s] DEBUG:colcon.colcon_core.event_handler.log_command:Invoking command in '/home/navaneeth/Documents/course/Practice_programs/ROS2/roboai_ws/build/cpp_pubsub': CMAKE_PREFIX_PATH=/opt/ros/humble /usr/bin/cmake --install /home/navaneeth/Documents/course/Practice_programs/ROS2/roboai_ws/build/cpp_pubsub
[2.046s] Level 1:colcon.colcon_core.environment:create_environment_scripts_only(cpp_pubsub)
[2.047s] DEBUG:colcon.colcon_core.event_handler.log_command:Invoked command in '/home/navaneeth/Documents/course/Practice_programs/ROS2/roboai_ws/build/cpp_pubsub' returned '0': CMAKE_PREFIX_PATH=/opt/ros/humble /usr/bin/cmake --install /home/navaneeth/Documents/course/Practice_programs/ROS2/roboai_ws/build/cpp_pubsub
[2.067s] Level 1:colcon.colcon_core.environment:checking '/home/navaneeth/Documents/course/Practice_programs/ROS2/roboai_ws/install/cpp_pubsub' for CMake module files
[2.068s] Level 1:colcon.colcon_core.environment:checking '/home/navaneeth/Documents/course/Practice_programs/ROS2/roboai_ws/install/cpp_pubsub' for CMake config files
[2.068s] Level 1:colcon.colcon_core.shell:create_environment_hook('cpp_pubsub', 'cmake_prefix_path')
[2.084s] INFO:colcon.colcon_core.shell:Creating environment hook '/home/navaneeth/Documents/course/Practice_programs/ROS2/roboai_ws/install/cpp_pubsub/share/cpp_pubsub/hook/cmake_prefix_path.ps1'
[2.084s] INFO:colcon.colcon_core.shell:Creating environment descriptor '/home/navaneeth/Documents/course/Practice_programs/ROS2/roboai_ws/install/cpp_pubsub/share/cpp_pubsub/hook/cmake_prefix_path.dsv'
[2.085s] INFO:colcon.colcon_core.shell:Creating environment hook '/home/navaneeth/Documents/course/Practice_programs/ROS2/roboai_ws/install/cpp_pubsub/share/cpp_pubsub/hook/cmake_prefix_path.sh'
[2.085s] Level 1:colcon.colcon_core.environment:checking '/home/navaneeth/Documents/course/Practice_programs/ROS2/roboai_ws/install/cpp_pubsub/bin'
[2.085s] Level 1:colcon.colcon_core.environment:checking '/home/navaneeth/Documents/course/Practice_programs/ROS2/roboai_ws/install/cpp_pubsub/lib/pkgconfig/cpp_pubsub.pc'
[2.085s] Level 1:colcon.colcon_core.environment:checking '/home/navaneeth/Documents/course/Practice_programs/ROS2/roboai_ws/install/cpp_pubsub/lib/python3.10/site-packages'
[2.086s] Level 1:colcon.colcon_core.environment:checking '/home/navaneeth/Documents/course/Practice_programs/ROS2/roboai_ws/install/cpp_pubsub/bin'
[2.101s] INFO:colcon.colcon_core.shell:Creating package script '/home/navaneeth/Documents/course/Practice_programs/ROS2/roboai_ws/install/cpp_pubsub/share/cpp_pubsub/package.ps1'
[2.101s] INFO:colcon.colcon_core.shell:Creating package descriptor '/home/navaneeth/Documents/course/Practice_programs/ROS2/roboai_ws/install/cpp_pubsub/share/cpp_pubsub/package.dsv'
[2.102s] INFO:colcon.colcon_core.shell:Creating package script '/home/navaneeth/Documents/course/Practice_programs/ROS2/roboai_ws/install/cpp_pubsub/share/cpp_pubsub/package.sh'
[2.102s] INFO:colcon.colcon_core.shell:Creating package script '/home/navaneeth/Documents/course/Practice_programs/ROS2/roboai_ws/install/cpp_pubsub/share/cpp_pubsub/package.bash'
[2.103s] INFO:colcon.colcon_core.shell:Creating package script '/home/navaneeth/Documents/course/Practice_programs/ROS2/roboai_ws/install/cpp_pubsub/share/cpp_pubsub/package.zsh'
[2.103s] Level 1:colcon.colcon_core.environment:create_file_with_runtime_dependencies(/home/navaneeth/Documents/course/Practice_programs/ROS2/roboai_ws/install/cpp_pubsub/share/colcon-core/packages/cpp_pubsub)
[2.106s] DEBUG:colcon.colcon_core.event_handler.log_command:Invoked command in '/home/navaneeth/Documents/course/Practice_programs/ROS2/roboai_ws/src/pubsub' returned '0': PYTHONPATH=/home/navaneeth/Documents/course/Practice_programs/ROS2/roboai_ws/build/pubsub/prefix_override:/home/navaneeth/Documents/course/Practice_programs/ROS2/roboai_ws/install/pubsub/lib/python3.10/site-packages:${PYTHONPATH} /usr/bin/python3 setup.py egg_info --egg-base ../../build/pubsub build --build-base /home/navaneeth/Documents/course/Practice_programs/ROS2/roboai_ws/build/pubsub/build install --record /home/navaneeth/Documents/course/Practice_programs/ROS2/roboai_ws/build/pubsub/install.log --single-version-externally-managed
[2.119s] Level 1:colcon.colcon_core.environment:checking '/home/navaneeth/Documents/course/Practice_programs/ROS2/roboai_ws/install/pubsub' for CMake module files
[2.119s] Level 1:colcon.colcon_core.environment:checking '/home/navaneeth/Documents/course/Practice_programs/ROS2/roboai_ws/install/pubsub' for CMake config files
[2.120s] Level 1:colcon.colcon_core.environment:checking '/home/navaneeth/Documents/course/Practice_programs/ROS2/roboai_ws/install/pubsub/lib'
[2.120s] Level 1:colcon.colcon_core.environment:checking '/home/navaneeth/Documents/course/Practice_programs/ROS2/roboai_ws/install/pubsub/bin'
[2.120s] Level 1:colcon.colcon_core.environment:checking '/home/navaneeth/Documents/course/Practice_programs/ROS2/roboai_ws/install/pubsub/lib/pkgconfig/pubsub.pc'
[2.120s] Level 1:colcon.colcon_core.environment:checking '/home/navaneeth/Documents/course/Practice_programs/ROS2/roboai_ws/install/pubsub/lib/python3.10/site-packages'
[2.120s] Level 1:colcon.colcon_core.shell:create_environment_hook('pubsub', 'pythonpath')
[2.135s] INFO:colcon.colcon_core.shell:Creating environment hook '/home/navaneeth/Documents/course/Practice_programs/ROS2/roboai_ws/install/pubsub/share/pubsub/hook/pythonpath.ps1'
[2.135s] INFO:colcon.colcon_core.shell:Creating environment descriptor '/home/navaneeth/Documents/course/Practice_programs/ROS2/roboai_ws/install/pubsub/share/pubsub/hook/pythonpath.dsv'
[2.136s] INFO:colcon.colcon_core.shell:Creating environment hook '/home/navaneeth/Documents/course/Practice_programs/ROS2/roboai_ws/install/pubsub/share/pubsub/hook/pythonpath.sh'
[2.136s] Level 1:colcon.colcon_core.environment:checking '/home/navaneeth/Documents/course/Practice_programs/ROS2/roboai_ws/install/pubsub/bin'
[2.136s] Level 1:colcon.colcon_core.environment:create_environment_scripts_only(pubsub)
[2.150s] INFO:colcon.colcon_core.shell:Creating package script '/home/navaneeth/Documents/course/Practice_programs/ROS2/roboai_ws/install/pubsub/share/pubsub/package.ps1'
[2.150s] INFO:colcon.colcon_core.shell:Creating package descriptor '/home/navaneeth/Documents/course/Practice_programs/ROS2/roboai_ws/install/pubsub/share/pubsub/package.dsv'
[2.150s] INFO:colcon.colcon_core.shell:Creating package script '/home/navaneeth/Documents/course/Practice_programs/ROS2/roboai_ws/install/pubsub/share/pubsub/package.sh'
[2.151s] INFO:colcon.colcon_core.shell:Creating package script '/home/navaneeth/Documents/course/Practice_programs/ROS2/roboai_ws/install/pubsub/share/pubsub/package.bash'
[2.151s] INFO:colcon.colcon_core.shell:Creating package script '/home/navaneeth/Documents/course/Practice_programs/ROS2/roboai_ws/install/pubsub/share/pubsub/package.zsh'
[2.151s] Level 1:colcon.colcon_core.environment:create_file_with_runtime_dependencies(/home/navaneeth/Documents/course/Practice_programs/ROS2/roboai_ws/install/pubsub/share/colcon-core/packages/pubsub)
[2.166s] Level 1:colcon.colcon_core.environment:create_environment_scripts_only(cpp_pubsub)
[2.179s] Level 1:colcon.colcon_core.environment:checking '/home/navaneeth/Documents/course/Practice_programs/ROS2/roboai_ws/install/cpp_pubsub' for CMake module files
[2.179s] Level 1:colcon.colcon_core.environment:checking '/home/navaneeth/Documents/course/Practice_programs/ROS2/roboai_ws/install/cpp_pubsub' for CMake config files
[2.180s] Level 1:colcon.colcon_core.shell:create_environment_hook('cpp_pubsub', 'cmake_prefix_path')
[2.194s] INFO:colcon.colcon_core.shell:Creating environment hook '/home/navaneeth/Documents/course/Practice_programs/ROS2/roboai_ws/install/cpp_pubsub/share/cpp_pubsub/hook/cmake_prefix_path.ps1'
[2.194s] INFO:colcon.colcon_core.shell:Creating environment descriptor '/home/navaneeth/Documents/course/Practice_programs/ROS2/roboai_ws/install/cpp_pubsub/share/cpp_pubsub/hook/cmake_prefix_path.dsv'
[2.195s] INFO:colcon.colcon_core.shell:Creating environment hook '/home/navaneeth/Documents/course/Practice_programs/ROS2/roboai_ws/install/cpp_pubsub/share/cpp_pubsub/hook/cmake_prefix_path.sh'
[2.195s] Level 1:colcon.colcon_core.environment:checking '/home/navaneeth/Documents/course/Practice_programs/ROS2/roboai_ws/install/cpp_pubsub/bin'
[2.195s] Level 1:colcon.colcon_core.environment:checking '/home/navaneeth/Documents/course/Practice_programs/ROS2/roboai_ws/install/cpp_pubsub/lib/pkgconfig/cpp_pubsub.pc'
[2.195s] Level 1:colcon.colcon_core.environment:checking '/home/navaneeth/Documents/course/Practice_programs/ROS2/roboai_ws/install/cpp_pubsub/lib/python3.10/site-packages'
[2.195s] Level 1:colcon.colcon_core.environment:checking '/home/navaneeth/Documents/course/Practice_programs/ROS2/roboai_ws/install/cpp_pubsub/bin'
[2.209s] INFO:colcon.colcon_core.shell:Creating package script '/home/navaneeth/Documents/course/Practice_programs/ROS2/roboai_ws/install/cpp_pubsub/share/cpp_pubsub/package.ps1'
[2.209s] INFO:colcon.colcon_core.shell:Creating package descriptor '/home/navaneeth/Documents/course/Practice_programs/ROS2/roboai_ws/install/cpp_pubsub/share/cpp_pubsub/package.dsv'
[2.210s] INFO:colcon.colcon_core.shell:Creating package script '/home/navaneeth/Documents/course/Practice_programs/ROS2/roboai_ws/install/cpp_pubsub/share/cpp_pubsub/package.sh'
[2.210s] INFO:colcon.colcon_core.shell:Creating package script '/home/navaneeth/Documents/course/Practice_programs/ROS2/roboai_ws/install/cpp_pubsub/share/cpp_pubsub/package.bash'
[2.210s] INFO:colcon.colcon_core.shell:Creating package script '/home/navaneeth/Documents/course/Practice_programs/ROS2/roboai_ws/install/cpp_pubsub/share/cpp_pubsub/package.zsh'
[2.210s] Level 1:colcon.colcon_core.environment:create_file_with_runtime_dependencies(/home/navaneeth/Documents/course/Practice_programs/ROS2/roboai_ws/install/cpp_pubsub/share/colcon-core/packages/cpp_pubsub)
[2.210s] DEBUG:colcon.colcon_parallel_executor.executor.parallel:closing loop
[2.211s] DEBUG:colcon.colcon_parallel_executor.executor.parallel:loop closed
[2.211s] DEBUG:colcon.colcon_parallel_executor.executor.parallel:run_until_complete finished with '0'
[2.211s] DEBUG:colcon.colcon_core.event_reactor:joining thread
[2.263s] INFO:colcon.colcon_core.plugin_system:Skipping extension 'colcon_notification.desktop_notification.terminal_notifier': Not used on non-Darwin systems
[2.263s] INFO:colcon.colcon_core.plugin_system:Skipping extension 'colcon_notification.desktop_notification.win32': Not used on non-Windows systems
[2.264s] INFO:colcon.colcon_notification.desktop_notification:Sending desktop notification using 'notify2'
[2.277s] DEBUG:colcon.colcon_core.event_reactor:joined thread
[2.291s] INFO:colcon.colcon_core.shell:Creating prefix script '/home/navaneeth/Documents/course/Practice_programs/ROS2/roboai_ws/install/local_setup.ps1'
[2.292s] INFO:colcon.colcon_core.shell:Creating prefix util module '/home/navaneeth/Documents/course/Practice_programs/ROS2/roboai_ws/install/_local_setup_util_ps1.py'
[2.293s] INFO:colcon.colcon_core.shell:Creating prefix chain script '/home/navaneeth/Documents/course/Practice_programs/ROS2/roboai_ws/install/setup.ps1'
[2.307s] INFO:colcon.colcon_core.shell:Creating prefix script '/home/navaneeth/Documents/course/Practice_programs/ROS2/roboai_ws/install/local_setup.sh'
[2.308s] INFO:colcon.colcon_core.shell:Creating prefix util module '/home/navaneeth/Documents/course/Practice_programs/ROS2/roboai_ws/install/_local_setup_util_sh.py'
[2.308s] INFO:colcon.colcon_core.shell:Creating prefix chain script '/home/navaneeth/Documents/course/Practice_programs/ROS2/roboai_ws/install/setup.sh'
[2.321s] INFO:colcon.colcon_core.shell:Creating prefix script '/home/navaneeth/Documents/course/Practice_programs/ROS2/roboai_ws/install/local_setup.bash'
[2.321s] INFO:colcon.colcon_core.shell:Creating prefix chain script '/home/navaneeth/Documents/course/Practice_programs/ROS2/roboai_ws/install/setup.bash'
[2.335s] INFO:colcon.colcon_core.shell:Creating prefix script '/home/navaneeth/Documents/course/Practice_programs/ROS2/roboai_ws/install/local_setup.zsh'
[2.335s] INFO:colcon.colcon_core.shell:Creating prefix chain script '/home/navaneeth/Documents/course/Practice_programs/ROS2/roboai_ws/install/setup.zsh'
