[0.353s] Invoking command in '/home/navaneeth/Documents/course/opencv/object_detection_in_gazebo_ros2_ws/build/yolobot_gazebo': CMAKE_PREFIX_PATH=${CMAKE_PREFIX_PATH}:/opt/ros/humble /usr/bin/cmake /home/navaneeth/Documents/course/opencv/object_detection_in_gazebo_ros2_ws/src/packages/yolobot_gazebo -DCMAKE_INSTALL_PREFIX=/home/navaneeth/Documents/course/opencv/object_detection_in_gazebo_ros2_ws/install/yolobot_gazebo
[0.405s] -- The C compiler identification is GNU 11.4.0
[0.462s] -- The CXX compiler identification is GNU 11.4.0
[0.468s] -- Detecting C compiler ABI info
[0.531s] -- Detecting C compiler ABI info - done
[0.538s] -- Check for working C compiler: /usr/bin/cc - skipped
[0.538s] -- Detecting C compile features
[0.539s] -- Detecting C compile features - done
[0.542s] -- Detecting CXX compiler ABI info
[0.616s] -- Detecting CXX compiler ABI info - done
[0.627s] -- Check for working CXX compiler: /usr/bin/c++ - skipped
[0.627s] -- Detecting CXX compile features
[0.628s] -- Detecting CXX compile features - done
[0.631s] -- Found ament_cmake: 1.3.6 (/opt/ros/humble/share/ament_cmake/cmake)
[0.804s] -- Found Python3: /usr/bin/python3.10 (found version "3.10.12") found components: Interpreter 
[0.894s] -- Found rclpy: 3.3.11 (/opt/ros/humble/share/rclpy/cmake)
[0.896s] -- Found ament_lint_auto: 0.12.9 (/opt/ros/humble/share/ament_lint_auto/cmake)
[0.982s] -- Added test 'copyright' to check source files copyright and LICENSE
[0.984s] -- Added test 'flake8' to check Python code syntax and style conventions
[0.985s] -- Added test 'lint_cmake' to check CMake code style
[0.985s] -- Added test 'pep257' to check Python code against some of the docstring style conventions in PEP 257
[0.986s] -- Added test 'xmllint' to check XML markup files
[0.988s] -- Configuring done
[0.991s] -- Generating done
[0.992s] -- Build files have been written to: /home/navaneeth/Documents/course/opencv/object_detection_in_gazebo_ros2_ws/build/yolobot_gazebo
[1.000s] Invoked command in '/home/navaneeth/Documents/course/opencv/object_detection_in_gazebo_ros2_ws/build/yolobot_gazebo' returned '0': CMAKE_PREFIX_PATH=${CMAKE_PREFIX_PATH}:/opt/ros/humble /usr/bin/cmake /home/navaneeth/Documents/course/opencv/object_detection_in_gazebo_ros2_ws/src/packages/yolobot_gazebo -DCMAKE_INSTALL_PREFIX=/home/navaneeth/Documents/course/opencv/object_detection_in_gazebo_ros2_ws/install/yolobot_gazebo
[1.002s] Invoking command in '/home/navaneeth/Documents/course/opencv/object_detection_in_gazebo_ros2_ws/build/yolobot_gazebo': CMAKE_PREFIX_PATH=${CMAKE_PREFIX_PATH}:/opt/ros/humble /usr/bin/cmake --build /home/navaneeth/Documents/course/opencv/object_detection_in_gazebo_ros2_ws/build/yolobot_gazebo -- -j16 -l16
[1.046s] Invoked command in '/home/navaneeth/Documents/course/opencv/object_detection_in_gazebo_ros2_ws/build/yolobot_gazebo' returned '0': CMAKE_PREFIX_PATH=${CMAKE_PREFIX_PATH}:/opt/ros/humble /usr/bin/cmake --build /home/navaneeth/Documents/course/opencv/object_detection_in_gazebo_ros2_ws/build/yolobot_gazebo -- -j16 -l16
[1.117s] Invoking command in '/home/navaneeth/Documents/course/opencv/object_detection_in_gazebo_ros2_ws/build/yolobot_gazebo': CMAKE_PREFIX_PATH=${CMAKE_PREFIX_PATH}:/opt/ros/humble /usr/bin/cmake --install /home/navaneeth/Documents/course/opencv/object_detection_in_gazebo_ros2_ws/build/yolobot_gazebo
[1.121s] -- Install configuration: ""
[1.121s] -- Installing: /home/navaneeth/Documents/course/opencv/object_detection_in_gazebo_ros2_ws/install/yolobot_gazebo/share/yolobot_gazebo//launch
[1.121s] -- Installing: /home/navaneeth/Documents/course/opencv/object_detection_in_gazebo_ros2_ws/install/yolobot_gazebo/share/yolobot_gazebo//launch/start_world_launch.py
[1.121s] -- Installing: /home/navaneeth/Documents/course/opencv/object_detection_in_gazebo_ros2_ws/install/yolobot_gazebo/share/yolobot_gazebo//launch/yolobot_launch.py
[1.121s] -- Installing: /home/navaneeth/Documents/course/opencv/object_detection_in_gazebo_ros2_ws/install/yolobot_gazebo/share/yolobot_gazebo//worlds
[1.121s] -- Installing: /home/navaneeth/Documents/course/opencv/object_detection_in_gazebo_ros2_ws/install/yolobot_gazebo/share/yolobot_gazebo//worlds/yolo_test.world
[1.122s] -- Installing: /home/navaneeth/Documents/course/opencv/object_detection_in_gazebo_ros2_ws/install/yolobot_gazebo/share/ament_index/resource_index/package_run_dependencies/yolobot_gazebo
[1.122s] -- Installing: /home/navaneeth/Documents/course/opencv/object_detection_in_gazebo_ros2_ws/install/yolobot_gazebo/share/ament_index/resource_index/parent_prefix_path/yolobot_gazebo
[1.122s] -- Installing: /home/navaneeth/Documents/course/opencv/object_detection_in_gazebo_ros2_ws/install/yolobot_gazebo/share/yolobot_gazebo/environment/ament_prefix_path.sh
[1.122s] -- Installing: /home/navaneeth/Documents/course/opencv/object_detection_in_gazebo_ros2_ws/install/yolobot_gazebo/share/yolobot_gazebo/environment/ament_prefix_path.dsv
[1.122s] -- Installing: /home/navaneeth/Documents/course/opencv/object_detection_in_gazebo_ros2_ws/install/yolobot_gazebo/share/yolobot_gazebo/environment/path.sh
[1.122s] -- Installing: /home/navaneeth/Documents/course/opencv/object_detection_in_gazebo_ros2_ws/install/yolobot_gazebo/share/yolobot_gazebo/environment/path.dsv
[1.122s] -- Installing: /home/navaneeth/Documents/course/opencv/object_detection_in_gazebo_ros2_ws/install/yolobot_gazebo/share/yolobot_gazebo/local_setup.bash
[1.122s] -- Installing: /home/navaneeth/Documents/course/opencv/object_detection_in_gazebo_ros2_ws/install/yolobot_gazebo/share/yolobot_gazebo/local_setup.sh
[1.122s] -- Installing: /home/navaneeth/Documents/course/opencv/object_detection_in_gazebo_ros2_ws/install/yolobot_gazebo/share/yolobot_gazebo/local_setup.zsh
[1.122s] -- Installing: /home/navaneeth/Documents/course/opencv/object_detection_in_gazebo_ros2_ws/install/yolobot_gazebo/share/yolobot_gazebo/local_setup.dsv
[1.122s] -- Installing: /home/navaneeth/Documents/course/opencv/object_detection_in_gazebo_ros2_ws/install/yolobot_gazebo/share/yolobot_gazebo/package.dsv
[1.122s] -- Installing: /home/navaneeth/Documents/course/opencv/object_detection_in_gazebo_ros2_ws/install/yolobot_gazebo/share/ament_index/resource_index/packages/yolobot_gazebo
[1.122s] -- Installing: /home/navaneeth/Documents/course/opencv/object_detection_in_gazebo_ros2_ws/install/yolobot_gazebo/share/yolobot_gazebo/cmake/yolobot_gazeboConfig.cmake
[1.123s] -- Installing: /home/navaneeth/Documents/course/opencv/object_detection_in_gazebo_ros2_ws/install/yolobot_gazebo/share/yolobot_gazebo/cmake/yolobot_gazeboConfig-version.cmake
[1.123s] -- Installing: /home/navaneeth/Documents/course/opencv/object_detection_in_gazebo_ros2_ws/install/yolobot_gazebo/share/yolobot_gazebo/package.xml
[1.230s] Invoked command in '/home/navaneeth/Documents/course/opencv/object_detection_in_gazebo_ros2_ws/build/yolobot_gazebo' returned '0': CMAKE_PREFIX_PATH=${CMAKE_PREFIX_PATH}:/opt/ros/humble /usr/bin/cmake --install /home/navaneeth/Documents/course/opencv/object_detection_in_gazebo_ros2_ws/build/yolobot_gazebo
