[0.919s] DEBUG:colcon:Command line arguments: ['/usr/bin/colcon', 'build']
[0.919s] DEBUG:colcon:Parsed command line arguments: Namespace(log_base=None, log_level=None, verb_name='build', build_base='build', install_base='install', merge_install=False, symlink_install=False, test_result_base=None, continue_on_error=False, executor='parallel', parallel_workers=16, event_handlers=None, ignore_user_meta=False, metas=['./colcon.meta'], base_paths=['.'], packages_ignore=None, packages_ignore_regex=None, paths=None, packages_up_to=None, packages_up_to_regex=None, packages_above=None, packages_above_and_dependencies=None, packages_above_depth=None, packages_select_by_dep=None, packages_skip_by_dep=None, packages_skip_up_to=None, packages_select_build_failed=False, packages_skip_build_finished=False, packages_select_test_failures=False, packages_skip_test_passed=False, packages_select=None, packages_skip=None, packages_select_regex=None, packages_skip_regex=None, packages_start=None, packages_end=None, allow_overriding=[], cmake_args=None, cmake_target=None, cmake_target_skip_unavailable=False, cmake_clean_cache=False, cmake_clean_first=False, cmake_force_configure=False, ament_cmake_args=None, catkin_cmake_args=None, catkin_skip_building_tests=False, verb_parser=<colcon_defaults.argument_parser.defaults.DefaultArgumentsDecorator object at 0x740f7e49fc70>, verb_extension=<colcon_core.verb.build.BuildVerb object at 0x740f7e49fcd0>, main=<bound method BuildVerb.main of <colcon_core.verb.build.BuildVerb object at 0x740f7e49fcd0>>)
[0.962s] Level 1:colcon.colcon_core.package_discovery:discover_packages(colcon_meta) check parameters
[0.962s] Level 1:colcon.colcon_core.package_discovery:discover_packages(recursive) check parameters
[0.962s] Level 1:colcon.colcon_core.package_discovery:discover_packages(ignore) check parameters
[0.962s] Level 1:colcon.colcon_core.package_discovery:discover_packages(path) check parameters
[0.962s] Level 1:colcon.colcon_core.package_discovery:discover_packages(colcon_meta) discover
[0.962s] Level 1:colcon.colcon_core.package_discovery:discover_packages(recursive) discover
[0.962s] INFO:colcon.colcon_core.package_discovery:Crawling recursively for packages in '/home/navaneeth/Documents/course/Practice_programs/ROS2/urdf_ws'
[0.962s] Level 1:colcon.colcon_core.package_identification:_identify(.) by extensions ['ignore', 'ignore_ament_install']
[0.962s] Level 1:colcon.colcon_core.package_identification:_identify(.) by extension 'ignore'
[0.962s] Level 1:colcon.colcon_core.package_identification:_identify(.) by extension 'ignore_ament_install'
[0.963s] Level 1:colcon.colcon_core.package_identification:_identify(.) by extensions ['colcon_pkg']
[0.963s] Level 1:colcon.colcon_core.package_identification:_identify(.) by extension 'colcon_pkg'
[0.963s] Level 1:colcon.colcon_core.package_identification:_identify(.) by extensions ['colcon_meta']
[0.963s] Level 1:colcon.colcon_core.package_identification:_identify(.) by extension 'colcon_meta'
[0.963s] Level 1:colcon.colcon_core.package_identification:_identify(.) by extensions ['ros']
[0.963s] Level 1:colcon.colcon_core.package_identification:_identify(.) by extension 'ros'
[0.972s] Level 1:colcon.colcon_core.package_identification:_identify(.) by extensions ['cmake', 'python']
[0.972s] Level 1:colcon.colcon_core.package_identification:_identify(.) by extension 'cmake'
[0.972s] Level 1:colcon.colcon_core.package_identification:_identify(.) by extension 'python'
[0.972s] Level 1:colcon.colcon_core.package_identification:_identify(.) by extensions ['python_setup_py']
[0.972s] Level 1:colcon.colcon_core.package_identification:_identify(.) by extension 'python_setup_py'
[0.972s] Level 1:colcon.colcon_core.package_identification:_identify(build) by extensions ['ignore', 'ignore_ament_install']
[0.972s] Level 1:colcon.colcon_core.package_identification:_identify(build) by extension 'ignore'
[0.972s] Level 1:colcon.colcon_core.package_identification:_identify(build) ignored
[0.972s] Level 1:colcon.colcon_core.package_identification:_identify(install) by extensions ['ignore', 'ignore_ament_install']
[0.972s] Level 1:colcon.colcon_core.package_identification:_identify(install) by extension 'ignore'
[0.972s] Level 1:colcon.colcon_core.package_identification:_identify(install) ignored
[0.972s] Level 1:colcon.colcon_core.package_identification:_identify(log) by extensions ['ignore', 'ignore_ament_install']
[0.972s] Level 1:colcon.colcon_core.package_identification:_identify(log) by extension 'ignore'
[0.972s] Level 1:colcon.colcon_core.package_identification:_identify(log) ignored
[0.973s] Level 1:colcon.colcon_core.package_identification:_identify(src) by extensions ['ignore', 'ignore_ament_install']
[0.973s] Level 1:colcon.colcon_core.package_identification:_identify(src) by extension 'ignore'
[0.973s] Level 1:colcon.colcon_core.package_identification:_identify(src) by extension 'ignore_ament_install'
[0.973s] Level 1:colcon.colcon_core.package_identification:_identify(src) by extensions ['colcon_pkg']
[0.973s] Level 1:colcon.colcon_core.package_identification:_identify(src) by extension 'colcon_pkg'
[0.973s] Level 1:colcon.colcon_core.package_identification:_identify(src) by extensions ['colcon_meta']
[0.973s] Level 1:colcon.colcon_core.package_identification:_identify(src) by extension 'colcon_meta'
[0.973s] Level 1:colcon.colcon_core.package_identification:_identify(src) by extensions ['ros']
[0.973s] Level 1:colcon.colcon_core.package_identification:_identify(src) by extension 'ros'
[0.973s] Level 1:colcon.colcon_core.package_identification:_identify(src) by extensions ['cmake', 'python']
[0.973s] Level 1:colcon.colcon_core.package_identification:_identify(src) by extension 'cmake'
[0.973s] Level 1:colcon.colcon_core.package_identification:_identify(src) by extension 'python'
[0.973s] Level 1:colcon.colcon_core.package_identification:_identify(src) by extensions ['python_setup_py']
[0.973s] Level 1:colcon.colcon_core.package_identification:_identify(src) by extension 'python_setup_py'
[0.973s] Level 1:colcon.colcon_core.package_identification:_identify(src/my_first_pkg) by extensions ['ignore', 'ignore_ament_install']
[0.973s] Level 1:colcon.colcon_core.package_identification:_identify(src/my_first_pkg) by extension 'ignore'
[0.973s] Level 1:colcon.colcon_core.package_identification:_identify(src/my_first_pkg) by extension 'ignore_ament_install'
[0.973s] Level 1:colcon.colcon_core.package_identification:_identify(src/my_first_pkg) by extensions ['colcon_pkg']
[0.973s] Level 1:colcon.colcon_core.package_identification:_identify(src/my_first_pkg) by extension 'colcon_pkg'
[0.973s] Level 1:colcon.colcon_core.package_identification:_identify(src/my_first_pkg) by extensions ['colcon_meta']
[0.973s] Level 1:colcon.colcon_core.package_identification:_identify(src/my_first_pkg) by extension 'colcon_meta'
[0.973s] Level 1:colcon.colcon_core.package_identification:_identify(src/my_first_pkg) by extensions ['ros']
[0.973s] Level 1:colcon.colcon_core.package_identification:_identify(src/my_first_pkg) by extension 'ros'
[0.975s] DEBUG:colcon.colcon_core.package_identification:Package 'src/my_first_pkg' with type 'ros.ament_cmake' and name 'my_first_pkg'
[0.975s] Level 1:colcon.colcon_core.package_identification:_identify(src/teleop_agv_keyboard) by extensions ['ignore', 'ignore_ament_install']
[0.975s] Level 1:colcon.colcon_core.package_identification:_identify(src/teleop_agv_keyboard) by extension 'ignore'
[0.975s] Level 1:colcon.colcon_core.package_identification:_identify(src/teleop_agv_keyboard) by extension 'ignore_ament_install'
[0.975s] Level 1:colcon.colcon_core.package_identification:_identify(src/teleop_agv_keyboard) by extensions ['colcon_pkg']
[0.975s] Level 1:colcon.colcon_core.package_identification:_identify(src/teleop_agv_keyboard) by extension 'colcon_pkg'
[0.975s] Level 1:colcon.colcon_core.package_identification:_identify(src/teleop_agv_keyboard) by extensions ['colcon_meta']
[0.975s] Level 1:colcon.colcon_core.package_identification:_identify(src/teleop_agv_keyboard) by extension 'colcon_meta'
[0.975s] Level 1:colcon.colcon_core.package_identification:_identify(src/teleop_agv_keyboard) by extensions ['ros']
[0.975s] Level 1:colcon.colcon_core.package_identification:_identify(src/teleop_agv_keyboard) by extension 'ros'
[0.975s] DEBUG:colcon.colcon_core.package_identification:Package 'src/teleop_agv_keyboard' with type 'ros.ament_python' and name 'teleop_agv_keyboard'
[0.976s] Level 1:colcon.colcon_core.package_discovery:discover_packages(recursive) using defaults
[0.976s] Level 1:colcon.colcon_core.package_discovery:discover_packages(ignore) discover
[0.976s] Level 1:colcon.colcon_core.package_discovery:discover_packages(ignore) using defaults
[0.976s] Level 1:colcon.colcon_core.package_discovery:discover_packages(path) discover
[0.976s] Level 1:colcon.colcon_core.package_discovery:discover_packages(path) using defaults
[1.069s] Level 1:colcon.colcon_core.package_discovery:discover_packages(prefix_path) check parameters
[1.069s] Level 1:colcon.colcon_core.package_discovery:discover_packages(prefix_path) discover
[1.101s] DEBUG:colcon.colcon_installed_package_information.package_discovery:Found 444 installed packages in /opt/ros/humble
[1.102s] Level 1:colcon.colcon_core.package_discovery:discover_packages(prefix_path) using defaults
[1.193s] Level 5:colcon.colcon_core.verb:set package 'my_first_pkg' build argument 'cmake_args' from command line to 'None'
[1.193s] Level 5:colcon.colcon_core.verb:set package 'my_first_pkg' build argument 'cmake_target' from command line to 'None'
[1.193s] Level 5:colcon.colcon_core.verb:set package 'my_first_pkg' build argument 'cmake_target_skip_unavailable' from command line to 'False'
[1.193s] Level 5:colcon.colcon_core.verb:set package 'my_first_pkg' build argument 'cmake_clean_cache' from command line to 'False'
[1.193s] Level 5:colcon.colcon_core.verb:set package 'my_first_pkg' build argument 'cmake_clean_first' from command line to 'False'
[1.193s] Level 5:colcon.colcon_core.verb:set package 'my_first_pkg' build argument 'cmake_force_configure' from command line to 'False'
[1.194s] Level 5:colcon.colcon_core.verb:set package 'my_first_pkg' build argument 'ament_cmake_args' from command line to 'None'
[1.194s] Level 5:colcon.colcon_core.verb:set package 'my_first_pkg' build argument 'catkin_cmake_args' from command line to 'None'
[1.194s] Level 5:colcon.colcon_core.verb:set package 'my_first_pkg' build argument 'catkin_skip_building_tests' from command line to 'False'
[1.194s] DEBUG:colcon.colcon_core.verb:Building package 'my_first_pkg' with the following arguments: {'ament_cmake_args': None, 'build_base': '/home/navaneeth/Documents/course/Practice_programs/ROS2/urdf_ws/build/my_first_pkg', 'catkin_cmake_args': None, 'catkin_skip_building_tests': False, 'cmake_args': None, 'cmake_clean_cache': False, 'cmake_clean_first': False, 'cmake_force_configure': False, 'cmake_target': None, 'cmake_target_skip_unavailable': False, 'install_base': '/home/navaneeth/Documents/course/Practice_programs/ROS2/urdf_ws/install/my_first_pkg', 'merge_install': False, 'path': '/home/navaneeth/Documents/course/Practice_programs/ROS2/urdf_ws/src/my_first_pkg', 'symlink_install': False, 'test_result_base': None}
[1.208s] Level 5:colcon.colcon_core.verb:set package 'teleop_agv_keyboard' build argument 'cmake_args' from command line to 'None'
[1.208s] Level 5:colcon.colcon_core.verb:set package 'teleop_agv_keyboard' build argument 'cmake_target' from command line to 'None'
[1.208s] Level 5:colcon.colcon_core.verb:set package 'teleop_agv_keyboard' build argument 'cmake_target_skip_unavailable' from command line to 'False'
[1.208s] Level 5:colcon.colcon_core.verb:set package 'teleop_agv_keyboard' build argument 'cmake_clean_cache' from command line to 'False'
[1.208s] Level 5:colcon.colcon_core.verb:set package 'teleop_agv_keyboard' build argument 'cmake_clean_first' from command line to 'False'
[1.208s] Level 5:colcon.colcon_core.verb:set package 'teleop_agv_keyboard' build argument 'cmake_force_configure' from command line to 'False'
[1.208s] Level 5:colcon.colcon_core.verb:set package 'teleop_agv_keyboard' build argument 'ament_cmake_args' from command line to 'None'
[1.208s] Level 5:colcon.colcon_core.verb:set package 'teleop_agv_keyboard' build argument 'catkin_cmake_args' from command line to 'None'
[1.208s] Level 5:colcon.colcon_core.verb:set package 'teleop_agv_keyboard' build argument 'catkin_skip_building_tests' from command line to 'False'
[1.208s] DEBUG:colcon.colcon_core.verb:Building package 'teleop_agv_keyboard' with the following arguments: {'ament_cmake_args': None, 'build_base': '/home/navaneeth/Documents/course/Practice_programs/ROS2/urdf_ws/build/teleop_agv_keyboard', 'catkin_cmake_args': None, 'catkin_skip_building_tests': False, 'cmake_args': None, 'cmake_clean_cache': False, 'cmake_clean_first': False, 'cmake_force_configure': False, 'cmake_target': None, 'cmake_target_skip_unavailable': False, 'install_base': '/home/navaneeth/Documents/course/Practice_programs/ROS2/urdf_ws/install/teleop_agv_keyboard', 'merge_install': False, 'path': '/home/navaneeth/Documents/course/Practice_programs/ROS2/urdf_ws/src/teleop_agv_keyboard', 'symlink_install': False, 'test_result_base': None}
[1.222s] INFO:colcon.colcon_core.executor:Executing jobs using 'parallel' executor
[1.236s] DEBUG:colcon.colcon_parallel_executor.executor.parallel:run_until_complete
[1.236s] INFO:colcon.colcon_ros.task.ament_cmake.build:Building ROS package in '/home/navaneeth/Documents/course/Practice_programs/ROS2/urdf_ws/src/my_first_pkg' with build type 'ament_cmake'
[1.236s] INFO:colcon.colcon_cmake.task.cmake.build:Building CMake package in '/home/navaneeth/Documents/course/Practice_programs/ROS2/urdf_ws/src/my_first_pkg'
[1.252s] INFO:colcon.colcon_core.plugin_system:Skipping extension 'colcon_core.shell.bat': Not used on non-Windows systems
[1.252s] INFO:colcon.colcon_core.shell:Skip shell extension 'powershell' for command environment: Not usable outside of PowerShell
[1.252s] DEBUG:colcon.colcon_core.shell:Skip shell extension 'dsv' for command environment
[1.281s] INFO:colcon.colcon_ros.task.ament_python.build:Building ROS package in '/home/navaneeth/Documents/course/Practice_programs/ROS2/urdf_ws/src/teleop_agv_keyboard' with build type 'ament_python'
[1.281s] Level 1:colcon.colcon_core.shell:create_environment_hook('teleop_agv_keyboard', 'ament_prefix_path')
[1.295s] INFO:colcon.colcon_core.shell:Creating environment hook '/home/navaneeth/Documents/course/Practice_programs/ROS2/urdf_ws/install/teleop_agv_keyboard/share/teleop_agv_keyboard/hook/ament_prefix_path.ps1'
[1.295s] INFO:colcon.colcon_core.shell:Creating environment descriptor '/home/navaneeth/Documents/course/Practice_programs/ROS2/urdf_ws/install/teleop_agv_keyboard/share/teleop_agv_keyboard/hook/ament_prefix_path.dsv'
[1.296s] INFO:colcon.colcon_core.shell:Creating environment hook '/home/navaneeth/Documents/course/Practice_programs/ROS2/urdf_ws/install/teleop_agv_keyboard/share/teleop_agv_keyboard/hook/ament_prefix_path.sh'
[1.310s] INFO:colcon.colcon_core.shell:Skip shell extension 'powershell' for command environment: Not usable outside of PowerShell
[1.310s] DEBUG:colcon.colcon_core.shell:Skip shell extension 'dsv' for command environment
[1.342s] DEBUG:colcon.colcon_core.event_handler.log_command:Invoking command in '/home/navaneeth/Documents/course/Practice_programs/ROS2/urdf_ws/build/my_first_pkg': CMAKE_PREFIX_PATH=/opt/ros/humble /usr/bin/cmake /home/navaneeth/Documents/course/Practice_programs/ROS2/urdf_ws/src/my_first_pkg -DCMAKE_INSTALL_PREFIX=/home/navaneeth/Documents/course/Practice_programs/ROS2/urdf_ws/install/my_first_pkg
[1.592s] INFO:colcon.colcon_core.task.python.build:Building Python package in '/home/navaneeth/Documents/course/Practice_programs/ROS2/urdf_ws/src/teleop_agv_keyboard'
[1.610s] INFO:colcon.colcon_core.shell:Skip shell extension 'powershell' for command environment: Not usable outside of PowerShell
[1.610s] DEBUG:colcon.colcon_core.shell:Skip shell extension 'dsv' for command environment
[1.910s] DEBUG:colcon.colcon_core.event_handler.log_command:Invoked command in '/home/navaneeth/Documents/course/Practice_programs/ROS2/urdf_ws/build/my_first_pkg' returned '0': CMAKE_PREFIX_PATH=/opt/ros/humble /usr/bin/cmake /home/navaneeth/Documents/course/Practice_programs/ROS2/urdf_ws/src/my_first_pkg -DCMAKE_INSTALL_PREFIX=/home/navaneeth/Documents/course/Practice_programs/ROS2/urdf_ws/install/my_first_pkg
[1.911s] DEBUG:colcon.colcon_core.event_handler.log_command:Invoking command in '/home/navaneeth/Documents/course/Practice_programs/ROS2/urdf_ws/build/my_first_pkg': CMAKE_PREFIX_PATH=/opt/ros/humble /usr/bin/cmake --build /home/navaneeth/Documents/course/Practice_programs/ROS2/urdf_ws/build/my_first_pkg -- -j16 -l16
[2.038s] DEBUG:colcon.colcon_core.event_handler.log_command:Invoking command in '/home/navaneeth/Documents/course/Practice_programs/ROS2/urdf_ws/src/teleop_agv_keyboard': PYTHONPATH=/home/navaneeth/Documents/course/Practice_programs/ROS2/urdf_ws/build/teleop_agv_keyboard/prefix_override:/home/navaneeth/Documents/course/Practice_programs/ROS2/urdf_ws/install/teleop_agv_keyboard/lib/python3.10/site-packages:${PYTHONPATH} /usr/bin/python3 setup.py egg_info --egg-base ../../build/teleop_agv_keyboard build --build-base /home/navaneeth/Documents/course/Practice_programs/ROS2/urdf_ws/build/teleop_agv_keyboard/build install --record /home/navaneeth/Documents/course/Practice_programs/ROS2/urdf_ws/build/teleop_agv_keyboard/install.log --single-version-externally-managed
[2.055s] DEBUG:colcon.colcon_core.event_handler.log_command:Invoked command in '/home/navaneeth/Documents/course/Practice_programs/ROS2/urdf_ws/build/my_first_pkg' returned '0': CMAKE_PREFIX_PATH=/opt/ros/humble /usr/bin/cmake --build /home/navaneeth/Documents/course/Practice_programs/ROS2/urdf_ws/build/my_first_pkg -- -j16 -l16
[2.089s] DEBUG:colcon.colcon_core.event_handler.log_command:Invoking command in '/home/navaneeth/Documents/course/Practice_programs/ROS2/urdf_ws/build/my_first_pkg': CMAKE_PREFIX_PATH=/opt/ros/humble /usr/bin/cmake --install /home/navaneeth/Documents/course/Practice_programs/ROS2/urdf_ws/build/my_first_pkg
[2.100s] Level 1:colcon.colcon_core.environment:create_environment_scripts_only(my_first_pkg)
[2.101s] DEBUG:colcon.colcon_core.event_handler.log_command:Invoked command in '/home/navaneeth/Documents/course/Practice_programs/ROS2/urdf_ws/build/my_first_pkg' returned '0': CMAKE_PREFIX_PATH=/opt/ros/humble /usr/bin/cmake --install /home/navaneeth/Documents/course/Practice_programs/ROS2/urdf_ws/build/my_first_pkg
[2.124s] Level 1:colcon.colcon_core.environment:checking '/home/navaneeth/Documents/course/Practice_programs/ROS2/urdf_ws/install/my_first_pkg' for CMake module files
[2.124s] Level 1:colcon.colcon_core.environment:checking '/home/navaneeth/Documents/course/Practice_programs/ROS2/urdf_ws/install/my_first_pkg' for CMake config files
[2.124s] Level 1:colcon.colcon_core.shell:create_environment_hook('my_first_pkg', 'cmake_prefix_path')
[2.142s] INFO:colcon.colcon_core.shell:Creating environment hook '/home/navaneeth/Documents/course/Practice_programs/ROS2/urdf_ws/install/my_first_pkg/share/my_first_pkg/hook/cmake_prefix_path.ps1'
[2.143s] INFO:colcon.colcon_core.shell:Creating environment descriptor '/home/navaneeth/Documents/course/Practice_programs/ROS2/urdf_ws/install/my_first_pkg/share/my_first_pkg/hook/cmake_prefix_path.dsv'
[2.143s] INFO:colcon.colcon_core.shell:Creating environment hook '/home/navaneeth/Documents/course/Practice_programs/ROS2/urdf_ws/install/my_first_pkg/share/my_first_pkg/hook/cmake_prefix_path.sh'
[2.143s] Level 1:colcon.colcon_core.environment:checking '/home/navaneeth/Documents/course/Practice_programs/ROS2/urdf_ws/install/my_first_pkg/lib'
[2.143s] Level 1:colcon.colcon_core.environment:checking '/home/navaneeth/Documents/course/Practice_programs/ROS2/urdf_ws/install/my_first_pkg/bin'
[2.143s] Level 1:colcon.colcon_core.environment:checking '/home/navaneeth/Documents/course/Practice_programs/ROS2/urdf_ws/install/my_first_pkg/lib/pkgconfig/my_first_pkg.pc'
[2.144s] Level 1:colcon.colcon_core.environment:checking '/home/navaneeth/Documents/course/Practice_programs/ROS2/urdf_ws/install/my_first_pkg/lib/python3.10/site-packages'
[2.144s] Level 1:colcon.colcon_core.environment:checking '/home/navaneeth/Documents/course/Practice_programs/ROS2/urdf_ws/install/my_first_pkg/bin'
[2.165s] INFO:colcon.colcon_core.shell:Creating package script '/home/navaneeth/Documents/course/Practice_programs/ROS2/urdf_ws/install/my_first_pkg/share/my_first_pkg/package.ps1'
[2.167s] INFO:colcon.colcon_core.shell:Creating package descriptor '/home/navaneeth/Documents/course/Practice_programs/ROS2/urdf_ws/install/my_first_pkg/share/my_first_pkg/package.dsv'
[2.167s] INFO:colcon.colcon_core.shell:Creating package script '/home/navaneeth/Documents/course/Practice_programs/ROS2/urdf_ws/install/my_first_pkg/share/my_first_pkg/package.sh'
[2.168s] INFO:colcon.colcon_core.shell:Creating package script '/home/navaneeth/Documents/course/Practice_programs/ROS2/urdf_ws/install/my_first_pkg/share/my_first_pkg/package.bash'
[2.169s] INFO:colcon.colcon_core.shell:Creating package script '/home/navaneeth/Documents/course/Practice_programs/ROS2/urdf_ws/install/my_first_pkg/share/my_first_pkg/package.zsh'
[2.169s] Level 1:colcon.colcon_core.environment:create_file_with_runtime_dependencies(/home/navaneeth/Documents/course/Practice_programs/ROS2/urdf_ws/install/my_first_pkg/share/colcon-core/packages/my_first_pkg)
[2.206s] Level 1:colcon.colcon_core.environment:create_environment_scripts_only(my_first_pkg)
[2.221s] Level 1:colcon.colcon_core.environment:checking '/home/navaneeth/Documents/course/Practice_programs/ROS2/urdf_ws/install/my_first_pkg' for CMake module files
[2.222s] Level 1:colcon.colcon_core.environment:checking '/home/navaneeth/Documents/course/Practice_programs/ROS2/urdf_ws/install/my_first_pkg' for CMake config files
[2.222s] Level 1:colcon.colcon_core.shell:create_environment_hook('my_first_pkg', 'cmake_prefix_path')
[2.240s] INFO:colcon.colcon_core.shell:Creating environment hook '/home/navaneeth/Documents/course/Practice_programs/ROS2/urdf_ws/install/my_first_pkg/share/my_first_pkg/hook/cmake_prefix_path.ps1'
[2.241s] INFO:colcon.colcon_core.shell:Creating environment descriptor '/home/navaneeth/Documents/course/Practice_programs/ROS2/urdf_ws/install/my_first_pkg/share/my_first_pkg/hook/cmake_prefix_path.dsv'
[2.241s] INFO:colcon.colcon_core.shell:Creating environment hook '/home/navaneeth/Documents/course/Practice_programs/ROS2/urdf_ws/install/my_first_pkg/share/my_first_pkg/hook/cmake_prefix_path.sh'
[2.241s] Level 1:colcon.colcon_core.environment:checking '/home/navaneeth/Documents/course/Practice_programs/ROS2/urdf_ws/install/my_first_pkg/lib'
[2.241s] Level 1:colcon.colcon_core.environment:checking '/home/navaneeth/Documents/course/Practice_programs/ROS2/urdf_ws/install/my_first_pkg/bin'
[2.241s] Level 1:colcon.colcon_core.environment:checking '/home/navaneeth/Documents/course/Practice_programs/ROS2/urdf_ws/install/my_first_pkg/lib/pkgconfig/my_first_pkg.pc'
[2.241s] Level 1:colcon.colcon_core.environment:checking '/home/navaneeth/Documents/course/Practice_programs/ROS2/urdf_ws/install/my_first_pkg/lib/python3.10/site-packages'
[2.242s] Level 1:colcon.colcon_core.environment:checking '/home/navaneeth/Documents/course/Practice_programs/ROS2/urdf_ws/install/my_first_pkg/bin'
[2.256s] INFO:colcon.colcon_core.shell:Creating package script '/home/navaneeth/Documents/course/Practice_programs/ROS2/urdf_ws/install/my_first_pkg/share/my_first_pkg/package.ps1'
[2.256s] INFO:colcon.colcon_core.shell:Creating package descriptor '/home/navaneeth/Documents/course/Practice_programs/ROS2/urdf_ws/install/my_first_pkg/share/my_first_pkg/package.dsv'
[2.256s] INFO:colcon.colcon_core.shell:Creating package script '/home/navaneeth/Documents/course/Practice_programs/ROS2/urdf_ws/install/my_first_pkg/share/my_first_pkg/package.sh'
[2.257s] INFO:colcon.colcon_core.shell:Creating package script '/home/navaneeth/Documents/course/Practice_programs/ROS2/urdf_ws/install/my_first_pkg/share/my_first_pkg/package.bash'
[2.257s] INFO:colcon.colcon_core.shell:Creating package script '/home/navaneeth/Documents/course/Practice_programs/ROS2/urdf_ws/install/my_first_pkg/share/my_first_pkg/package.zsh'
[2.257s] Level 1:colcon.colcon_core.environment:create_file_with_runtime_dependencies(/home/navaneeth/Documents/course/Practice_programs/ROS2/urdf_ws/install/my_first_pkg/share/colcon-core/packages/my_first_pkg)
[2.328s] DEBUG:colcon.colcon_core.event_handler.log_command:Invoked command in '/home/navaneeth/Documents/course/Practice_programs/ROS2/urdf_ws/src/teleop_agv_keyboard' returned '0': PYTHONPATH=/home/navaneeth/Documents/course/Practice_programs/ROS2/urdf_ws/build/teleop_agv_keyboard/prefix_override:/home/navaneeth/Documents/course/Practice_programs/ROS2/urdf_ws/install/teleop_agv_keyboard/lib/python3.10/site-packages:${PYTHONPATH} /usr/bin/python3 setup.py egg_info --egg-base ../../build/teleop_agv_keyboard build --build-base /home/navaneeth/Documents/course/Practice_programs/ROS2/urdf_ws/build/teleop_agv_keyboard/build install --record /home/navaneeth/Documents/course/Practice_programs/ROS2/urdf_ws/build/teleop_agv_keyboard/install.log --single-version-externally-managed
[2.343s] Level 1:colcon.colcon_core.environment:checking '/home/navaneeth/Documents/course/Practice_programs/ROS2/urdf_ws/install/teleop_agv_keyboard' for CMake module files
[2.343s] Level 1:colcon.colcon_core.environment:checking '/home/navaneeth/Documents/course/Practice_programs/ROS2/urdf_ws/install/teleop_agv_keyboard' for CMake config files
[2.343s] Level 1:colcon.colcon_core.environment:checking '/home/navaneeth/Documents/course/Practice_programs/ROS2/urdf_ws/install/teleop_agv_keyboard/lib'
[2.343s] Level 1:colcon.colcon_core.environment:checking '/home/navaneeth/Documents/course/Practice_programs/ROS2/urdf_ws/install/teleop_agv_keyboard/bin'
[2.343s] Level 1:colcon.colcon_core.environment:checking '/home/navaneeth/Documents/course/Practice_programs/ROS2/urdf_ws/install/teleop_agv_keyboard/lib/pkgconfig/teleop_agv_keyboard.pc'
[2.344s] Level 1:colcon.colcon_core.environment:checking '/home/navaneeth/Documents/course/Practice_programs/ROS2/urdf_ws/install/teleop_agv_keyboard/lib/python3.10/site-packages'
[2.344s] Level 1:colcon.colcon_core.shell:create_environment_hook('teleop_agv_keyboard', 'pythonpath')
[2.360s] INFO:colcon.colcon_core.shell:Creating environment hook '/home/navaneeth/Documents/course/Practice_programs/ROS2/urdf_ws/install/teleop_agv_keyboard/share/teleop_agv_keyboard/hook/pythonpath.ps1'
[2.360s] INFO:colcon.colcon_core.shell:Creating environment descriptor '/home/navaneeth/Documents/course/Practice_programs/ROS2/urdf_ws/install/teleop_agv_keyboard/share/teleop_agv_keyboard/hook/pythonpath.dsv'
[2.360s] INFO:colcon.colcon_core.shell:Creating environment hook '/home/navaneeth/Documents/course/Practice_programs/ROS2/urdf_ws/install/teleop_agv_keyboard/share/teleop_agv_keyboard/hook/pythonpath.sh'
[2.361s] Level 1:colcon.colcon_core.environment:checking '/home/navaneeth/Documents/course/Practice_programs/ROS2/urdf_ws/install/teleop_agv_keyboard/bin'
[2.361s] Level 1:colcon.colcon_core.environment:create_environment_scripts_only(teleop_agv_keyboard)
[2.375s] INFO:colcon.colcon_core.shell:Creating package script '/home/navaneeth/Documents/course/Practice_programs/ROS2/urdf_ws/install/teleop_agv_keyboard/share/teleop_agv_keyboard/package.ps1'
[2.375s] INFO:colcon.colcon_core.shell:Creating package descriptor '/home/navaneeth/Documents/course/Practice_programs/ROS2/urdf_ws/install/teleop_agv_keyboard/share/teleop_agv_keyboard/package.dsv'
[2.375s] INFO:colcon.colcon_core.shell:Creating package script '/home/navaneeth/Documents/course/Practice_programs/ROS2/urdf_ws/install/teleop_agv_keyboard/share/teleop_agv_keyboard/package.sh'
[2.376s] INFO:colcon.colcon_core.shell:Creating package script '/home/navaneeth/Documents/course/Practice_programs/ROS2/urdf_ws/install/teleop_agv_keyboard/share/teleop_agv_keyboard/package.bash'
[2.376s] INFO:colcon.colcon_core.shell:Creating package script '/home/navaneeth/Documents/course/Practice_programs/ROS2/urdf_ws/install/teleop_agv_keyboard/share/teleop_agv_keyboard/package.zsh'
[2.376s] Level 1:colcon.colcon_core.environment:create_file_with_runtime_dependencies(/home/navaneeth/Documents/course/Practice_programs/ROS2/urdf_ws/install/teleop_agv_keyboard/share/colcon-core/packages/teleop_agv_keyboard)
[2.376s] DEBUG:colcon.colcon_parallel_executor.executor.parallel:closing loop
[2.377s] DEBUG:colcon.colcon_parallel_executor.executor.parallel:loop closed
[2.377s] DEBUG:colcon.colcon_parallel_executor.executor.parallel:run_until_complete finished with '0'
[2.377s] DEBUG:colcon.colcon_core.event_reactor:joining thread
[2.397s] INFO:colcon.colcon_core.plugin_system:Skipping extension 'colcon_notification.desktop_notification.terminal_notifier': Not used on non-Darwin systems
[2.397s] INFO:colcon.colcon_core.plugin_system:Skipping extension 'colcon_notification.desktop_notification.win32': Not used on non-Windows systems
[2.398s] INFO:colcon.colcon_notification.desktop_notification:Sending desktop notification using 'notify2'
[2.409s] DEBUG:colcon.colcon_core.event_reactor:joined thread
[2.425s] INFO:colcon.colcon_core.shell:Creating prefix script '/home/navaneeth/Documents/course/Practice_programs/ROS2/urdf_ws/install/local_setup.ps1'
[2.426s] INFO:colcon.colcon_core.shell:Creating prefix util module '/home/navaneeth/Documents/course/Practice_programs/ROS2/urdf_ws/install/_local_setup_util_ps1.py'
[2.427s] INFO:colcon.colcon_core.shell:Creating prefix chain script '/home/navaneeth/Documents/course/Practice_programs/ROS2/urdf_ws/install/setup.ps1'
[2.443s] INFO:colcon.colcon_core.shell:Creating prefix script '/home/navaneeth/Documents/course/Practice_programs/ROS2/urdf_ws/install/local_setup.sh'
[2.443s] INFO:colcon.colcon_core.shell:Creating prefix util module '/home/navaneeth/Documents/course/Practice_programs/ROS2/urdf_ws/install/_local_setup_util_sh.py'
[2.444s] INFO:colcon.colcon_core.shell:Creating prefix chain script '/home/navaneeth/Documents/course/Practice_programs/ROS2/urdf_ws/install/setup.sh'
[2.470s] INFO:colcon.colcon_core.shell:Creating prefix script '/home/navaneeth/Documents/course/Practice_programs/ROS2/urdf_ws/install/local_setup.bash'
[2.471s] INFO:colcon.colcon_core.shell:Creating prefix chain script '/home/navaneeth/Documents/course/Practice_programs/ROS2/urdf_ws/install/setup.bash'
[2.488s] INFO:colcon.colcon_core.shell:Creating prefix script '/home/navaneeth/Documents/course/Practice_programs/ROS2/urdf_ws/install/local_setup.zsh'
[2.489s] INFO:colcon.colcon_core.shell:Creating prefix chain script '/home/navaneeth/Documents/course/Practice_programs/ROS2/urdf_ws/install/setup.zsh'
