[1.165s] Invoking command in '/home/ueux/Desktop/ROS2Humble/basic_ws/src/action_py': CMAKE_PREFIX_PATH=/home/ueux/Desktop/ROS2Humble/basic_ws/install/my_robot_interfaces:/home/ueux/Desktop/ROS2Humble/basic_ws/install/my_package:/home/ueux/Desktop/ROS2Humble/basic_ws/install/turtlesim PYTHONPATH=/home/ueux/Desktop/ROS2Humble/basic_ws/build/action_py/prefix_override:/usr/lib/python3/dist-packages/colcon_core/task/python/colcon_distutils_commands:/home/ueux/Desktop/ROS2Humble/basic_ws/install/action_py/lib/python3.10/site-packages:${PYTHONPATH} /usr/bin/python3 -W ignore:setup.py install is deprecated -W ignore:easy_install command is deprecated setup.py egg_info --egg-base ../../build/action_py build --build-base /home/ueux/Desktop/ROS2Humble/basic_ws/build/action_py/build install --record /home/ueux/Desktop/ROS2Humble/basic_ws/build/action_py/install.log --single-version-externally-managed install_data
[1.498s] running egg_info
[1.503s] creating ../../build/action_py/action_py.egg-info
[1.503s] writing ../../build/action_py/action_py.egg-info/PKG-INFO
[1.503s] writing dependency_links to ../../build/action_py/action_py.egg-info/dependency_links.txt
[1.503s] writing entry points to ../../build/action_py/action_py.egg-info/entry_points.txt
[1.503s] writing requirements to ../../build/action_py/action_py.egg-info/requires.txt
[1.503s] writing top-level names to ../../build/action_py/action_py.egg-info/top_level.txt
[1.503s] writing manifest file '../../build/action_py/action_py.egg-info/SOURCES.txt'
[1.506s] reading manifest file '../../build/action_py/action_py.egg-info/SOURCES.txt'
[1.510s] writing manifest file '../../build/action_py/action_py.egg-info/SOURCES.txt'
[1.514s] running build
[1.514s] running build_py
[1.514s] creating /home/ueux/Desktop/ROS2Humble/basic_ws/build/action_py/build
[1.515s] creating /home/ueux/Desktop/ROS2Humble/basic_ws/build/action_py/build/lib
[1.515s] creating /home/ueux/Desktop/ROS2Humble/basic_ws/build/action_py/build/lib/action_py
[1.515s] copying action_py/__init__.py -> /home/ueux/Desktop/ROS2Humble/basic_ws/build/action_py/build/lib/action_py
[1.516s] copying action_py/count_until_server.py -> /home/ueux/Desktop/ROS2Humble/basic_ws/build/action_py/build/lib/action_py
[1.518s] running install
[1.519s] running install_lib
[1.520s] creating /home/ueux/Desktop/ROS2Humble/basic_ws/install/action_py/lib/python3.10/site-packages/action_py
[1.521s] copying /home/ueux/Desktop/ROS2Humble/basic_ws/build/action_py/build/lib/action_py/__init__.py -> /home/ueux/Desktop/ROS2Humble/basic_ws/install/action_py/lib/python3.10/site-packages/action_py
[1.521s] copying /home/ueux/Desktop/ROS2Humble/basic_ws/build/action_py/build/lib/action_py/count_until_server.py -> /home/ueux/Desktop/ROS2Humble/basic_ws/install/action_py/lib/python3.10/site-packages/action_py
[1.522s] byte-compiling /home/ueux/Desktop/ROS2Humble/basic_ws/install/action_py/lib/python3.10/site-packages/action_py/__init__.py to __init__.cpython-310.pyc
[1.524s] byte-compiling /home/ueux/Desktop/ROS2Humble/basic_ws/install/action_py/lib/python3.10/site-packages/action_py/count_until_server.py to count_until_server.cpython-310.pyc
[1.526s] running install_data
[1.526s] creating /home/ueux/Desktop/ROS2Humble/basic_ws/install/action_py/share/ament_index
[1.527s] creating /home/ueux/Desktop/ROS2Humble/basic_ws/install/action_py/share/ament_index/resource_index
[1.528s] creating /home/ueux/Desktop/ROS2Humble/basic_ws/install/action_py/share/ament_index/resource_index/packages
[1.528s] copying resource/action_py -> /home/ueux/Desktop/ROS2Humble/basic_ws/install/action_py/share/ament_index/resource_index/packages
[1.529s] copying package.xml -> /home/ueux/Desktop/ROS2Humble/basic_ws/install/action_py/share/action_py
[1.530s] running install_egg_info
[1.532s] Copying ../../build/action_py/action_py.egg-info to /home/ueux/Desktop/ROS2Humble/basic_ws/install/action_py/lib/python3.10/site-packages/action_py-0.0.0-py3.10.egg-info
[1.539s] running install_scripts
[1.595s] writing list of installed files to '/home/ueux/Desktop/ROS2Humble/basic_ws/build/action_py/install.log'
[1.629s] Invoked command in '/home/ueux/Desktop/ROS2Humble/basic_ws/src/action_py' returned '0': CMAKE_PREFIX_PATH=/home/ueux/Desktop/ROS2Humble/basic_ws/install/my_robot_interfaces:/home/ueux/Desktop/ROS2Humble/basic_ws/install/my_package:/home/ueux/Desktop/ROS2Humble/basic_ws/install/turtlesim PYTHONPATH=/home/ueux/Desktop/ROS2Humble/basic_ws/build/action_py/prefix_override:/usr/lib/python3/dist-packages/colcon_core/task/python/colcon_distutils_commands:/home/ueux/Desktop/ROS2Humble/basic_ws/install/action_py/lib/python3.10/site-packages:${PYTHONPATH} /usr/bin/python3 -W ignore:setup.py install is deprecated -W ignore:easy_install command is deprecated setup.py egg_info --egg-base ../../build/action_py build --build-base /home/ueux/Desktop/ROS2Humble/basic_ws/build/action_py/build install --record /home/ueux/Desktop/ROS2Humble/basic_ws/build/action_py/install.log --single-version-externally-managed install_data
