[0.331s] Invoking command in '/home/vboxuser/Desktop/ROS2Humble/turtlebot3_ws/build/turtlebot3_msgs': CMAKE_PREFIX_PATH=${CMAKE_PREFIX_PATH}:/home/vboxuser/Desktop/ROS2Humble/basic_ws/install/pubsub:/home/vboxuser/Desktop/ROS2Humble/ros2_ws/install/my_robot_controller:/home/vboxuser/Desktop/ROS2Humble/urdf_ws/install/teleop_agv_keyboard:/opt/ros/humble /usr/bin/cmake --build /home/vboxuser/Desktop/ROS2Humble/turtlebot3_ws/build/turtlebot3_msgs -- -j7 -l7
[1.315s] [  1%] Built target turtlebot3_msgs__cpp
[1.548s] [  1%] Built target ament_cmake_python_copy_turtlebot3_msgs
[1.656s] [ 12%] Built target turtlebot3_msgs__rosidl_typesupport_cpp
[1.659s] [ 23%] Built target turtlebot3_msgs__rosidl_typesupport_fastrtps_cpp
[1.680s] [ 35%] Built target turtlebot3_msgs__rosidl_typesupport_introspection_cpp
[1.724s] [ 46%] Built target turtlebot3_msgs__rosidl_generator_c
[1.906s] [ 57%] Built target turtlebot3_msgs__rosidl_typesupport_fastrtps_c
[1.935s] [ 69%] Built target turtlebot3_msgs__rosidl_typesupport_introspection_c
[2.046s] [ 80%] Built target turtlebot3_msgs__rosidl_typesupport_c
[2.135s] [ 80%] Built target turtlebot3_msgs
[2.189s] [ 81%] Built target turtlebot3_msgs__py
[2.264s] [ 91%] Built target turtlebot3_msgs__rosidl_generator_py
[2.343s] running egg_info
[2.347s] writing turtlebot3_msgs.egg-info/PKG-INFO
[2.347s] writing dependency_links to turtlebot3_msgs.egg-info/dependency_links.txt
[2.348s] writing top-level names to turtlebot3_msgs.egg-info/top_level.txt
[2.372s] reading manifest file 'turtlebot3_msgs.egg-info/SOURCES.txt'
[2.372s] writing manifest file 'turtlebot3_msgs.egg-info/SOURCES.txt'
[2.389s] [ 94%] Built target turtlebot3_msgs__rosidl_typesupport_introspection_c__pyext
[2.423s] [ 97%] Built target turtlebot3_msgs__rosidl_typesupport_fastrtps_c__pyext
[2.455s] [100%] Built target turtlebot3_msgs__rosidl_typesupport_c__pyext
[2.497s] [100%] Built target ament_cmake_python_build_turtlebot3_msgs_egg
[2.898s] Invoked command in '/home/vboxuser/Desktop/ROS2Humble/turtlebot3_ws/build/turtlebot3_msgs' returned '0': CMAKE_PREFIX_PATH=${CMAKE_PREFIX_PATH}:/home/vboxuser/Desktop/ROS2Humble/basic_ws/install/pubsub:/home/vboxuser/Desktop/ROS2Humble/ros2_ws/install/my_robot_controller:/home/vboxuser/Desktop/ROS2Humble/urdf_ws/install/teleop_agv_keyboard:/opt/ros/humble /usr/bin/cmake --build /home/vboxuser/Desktop/ROS2Humble/turtlebot3_ws/build/turtlebot3_msgs -- -j7 -l7
[2.909s] Invoking command in '/home/vboxuser/Desktop/ROS2Humble/turtlebot3_ws/build/turtlebot3_msgs': CMAKE_PREFIX_PATH=${CMAKE_PREFIX_PATH}:/home/vboxuser/Desktop/ROS2Humble/basic_ws/install/pubsub:/home/vboxuser/Desktop/ROS2Humble/ros2_ws/install/my_robot_controller:/home/vboxuser/Desktop/ROS2Humble/urdf_ws/install/teleop_agv_keyboard:/opt/ros/humble /usr/bin/cmake --install /home/vboxuser/Desktop/ROS2Humble/turtlebot3_ws/build/turtlebot3_msgs
[2.953s] -- Install configuration: ""
[3.039s] -- Up-to-date: /home/vboxuser/Desktop/ROS2Humble/turtlebot3_ws/install/turtlebot3_msgs/share/ament_index/resource_index/rosidl_interfaces/turtlebot3_msgs
[3.039s] -- Up-to-date: /home/vboxuser/Desktop/ROS2Humble/turtlebot3_ws/install/turtlebot3_msgs/include/turtlebot3_msgs/turtlebot3_msgs
[3.039s] -- Up-to-date: /home/vboxuser/Desktop/ROS2Humble/turtlebot3_ws/install/turtlebot3_msgs/include/turtlebot3_msgs/turtlebot3_msgs/msg
[3.039s] -- Up-to-date: /home/vboxuser/Desktop/ROS2Humble/turtlebot3_ws/install/turtlebot3_msgs/include/turtlebot3_msgs/turtlebot3_msgs/msg/detail
[3.039s] -- Up-to-date: /home/vboxuser/Desktop/ROS2Humble/turtlebot3_ws/install/turtlebot3_msgs/include/turtlebot3_msgs/turtlebot3_msgs/msg/detail/sound__type_support.h
[3.039s] -- Up-to-date: /home/vboxuser/Desktop/ROS2Humble/turtlebot3_ws/install/turtlebot3_msgs/include/turtlebot3_msgs/turtlebot3_msgs/msg/detail/sensor_state__struct.h
[3.039s] -- Up-to-date: /home/vboxuser/Desktop/ROS2Humble/turtlebot3_ws/install/turtlebot3_msgs/include/turtlebot3_msgs/turtlebot3_msgs/msg/detail/version_info__functions.c
[3.040s] -- Up-to-date: /home/vboxuser/Desktop/ROS2Humble/turtlebot3_ws/install/turtlebot3_msgs/include/turtlebot3_msgs/turtlebot3_msgs/msg/detail/sound__functions.h
[3.107s] -- Up-to-date: /home/vboxuser/Desktop/ROS2Humble/turtlebot3_ws/install/turtlebot3_msgs/include/turtlebot3_msgs/turtlebot3_msgs/msg/detail/sound__functions.c
[3.112s] -- Up-to-date: /home/vboxuser/Desktop/ROS2Humble/turtlebot3_ws/install/turtlebot3_msgs/include/turtlebot3_msgs/turtlebot3_msgs/msg/detail/sound__struct.h
[3.113s] -- Up-to-date: /home/vboxuser/Desktop/ROS2Humble/turtlebot3_ws/install/turtlebot3_msgs/include/turtlebot3_msgs/turtlebot3_msgs/msg/detail/version_info__type_support.h
[3.113s] -- Up-to-date: /home/vboxuser/Desktop/ROS2Humble/turtlebot3_ws/install/turtlebot3_msgs/include/turtlebot3_msgs/turtlebot3_msgs/msg/detail/sensor_state__functions.c
[3.113s] -- Up-to-date: /home/vboxuser/Desktop/ROS2Humble/turtlebot3_ws/install/turtlebot3_msgs/include/turtlebot3_msgs/turtlebot3_msgs/msg/detail/version_info__struct.h
[3.113s] -- Up-to-date: /home/vboxuser/Desktop/ROS2Humble/turtlebot3_ws/install/turtlebot3_msgs/include/turtlebot3_msgs/turtlebot3_msgs/msg/detail/version_info__functions.h
[3.113s] -- Up-to-date: /home/vboxuser/Desktop/ROS2Humble/turtlebot3_ws/install/turtlebot3_msgs/include/turtlebot3_msgs/turtlebot3_msgs/msg/detail/sensor_state__functions.h
[3.113s] -- Up-to-date: /home/vboxuser/Desktop/ROS2Humble/turtlebot3_ws/install/turtlebot3_msgs/include/turtlebot3_msgs/turtlebot3_msgs/msg/detail/sensor_state__type_support.h
[3.113s] -- Up-to-date: /home/vboxuser/Desktop/ROS2Humble/turtlebot3_ws/install/turtlebot3_msgs/include/turtlebot3_msgs/turtlebot3_msgs/msg/sound.h
[3.113s] -- Up-to-date: /home/vboxuser/Desktop/ROS2Humble/turtlebot3_ws/install/turtlebot3_msgs/include/turtlebot3_msgs/turtlebot3_msgs/msg/sensor_state.h
[3.113s] -- Up-to-date: /home/vboxuser/Desktop/ROS2Humble/turtlebot3_ws/install/turtlebot3_msgs/include/turtlebot3_msgs/turtlebot3_msgs/msg/version_info.h
[3.113s] -- Up-to-date: /home/vboxuser/Desktop/ROS2Humble/turtlebot3_ws/install/turtlebot3_msgs/include/turtlebot3_msgs/turtlebot3_msgs/msg/rosidl_generator_c__visibility_control.h
[3.113s] -- Up-to-date: /home/vboxuser/Desktop/ROS2Humble/turtlebot3_ws/install/turtlebot3_msgs/include/turtlebot3_msgs/turtlebot3_msgs/srv
[3.113s] -- Up-to-date: /home/vboxuser/Desktop/ROS2Humble/turtlebot3_ws/install/turtlebot3_msgs/include/turtlebot3_msgs/turtlebot3_msgs/srv/detail
[3.117s] -- Up-to-date: /home/vboxuser/Desktop/ROS2Humble/turtlebot3_ws/install/turtlebot3_msgs/include/turtlebot3_msgs/turtlebot3_msgs/srv/detail/sound__type_support.h
[3.117s] -- Up-to-date: /home/vboxuser/Desktop/ROS2Humble/turtlebot3_ws/install/turtlebot3_msgs/include/turtlebot3_msgs/turtlebot3_msgs/srv/detail/dqn__functions.c
[3.117s] -- Up-to-date: /home/vboxuser/Desktop/ROS2Humble/turtlebot3_ws/install/turtlebot3_msgs/include/turtlebot3_msgs/turtlebot3_msgs/srv/detail/sound__functions.h
[3.118s] -- Up-to-date: /home/vboxuser/Desktop/ROS2Humble/turtlebot3_ws/install/turtlebot3_msgs/include/turtlebot3_msgs/turtlebot3_msgs/srv/detail/dqn__struct.h
[3.119s] -- Up-to-date: /home/vboxuser/Desktop/ROS2Humble/turtlebot3_ws/install/turtlebot3_msgs/include/turtlebot3_msgs/turtlebot3_msgs/srv/detail/sound__functions.c
[3.120s] -- Up-to-date: /home/vboxuser/Desktop/ROS2Humble/turtlebot3_ws/install/turtlebot3_msgs/include/turtlebot3_msgs/turtlebot3_msgs/srv/detail/dqn__type_support.h
[3.120s] -- Up-to-date: /home/vboxuser/Desktop/ROS2Humble/turtlebot3_ws/install/turtlebot3_msgs/include/turtlebot3_msgs/turtlebot3_msgs/srv/detail/dqn__functions.h
[3.120s] -- Up-to-date: /home/vboxuser/Desktop/ROS2Humble/turtlebot3_ws/install/turtlebot3_msgs/include/turtlebot3_msgs/turtlebot3_msgs/srv/detail/sound__struct.h
[3.120s] -- Up-to-date: /home/vboxuser/Desktop/ROS2Humble/turtlebot3_ws/install/turtlebot3_msgs/include/turtlebot3_msgs/turtlebot3_msgs/srv/sound.h
[3.120s] -- Up-to-date: /home/vboxuser/Desktop/ROS2Humble/turtlebot3_ws/install/turtlebot3_msgs/include/turtlebot3_msgs/turtlebot3_msgs/srv/dqn.h
[3.120s] -- Up-to-date: /home/vboxuser/Desktop/ROS2Humble/turtlebot3_ws/install/turtlebot3_msgs/include/turtlebot3_msgs/turtlebot3_msgs/action
[3.120s] -- Up-to-date: /home/vboxuser/Desktop/ROS2Humble/turtlebot3_ws/install/turtlebot3_msgs/include/turtlebot3_msgs/turtlebot3_msgs/action/detail
[3.121s] -- Up-to-date: /home/vboxuser/Desktop/ROS2Humble/turtlebot3_ws/install/turtlebot3_msgs/include/turtlebot3_msgs/turtlebot3_msgs/action/detail/patrol__functions.h
[3.122s] -- Up-to-date: /home/vboxuser/Desktop/ROS2Humble/turtlebot3_ws/install/turtlebot3_msgs/include/turtlebot3_msgs/turtlebot3_msgs/action/detail/patrol__functions.c
[3.122s] -- Up-to-date: /home/vboxuser/Desktop/ROS2Humble/turtlebot3_ws/install/turtlebot3_msgs/include/turtlebot3_msgs/turtlebot3_msgs/action/detail/patrol__type_support.h
[3.122s] -- Up-to-date: /home/vboxuser/Desktop/ROS2Humble/turtlebot3_ws/install/turtlebot3_msgs/include/turtlebot3_msgs/turtlebot3_msgs/action/detail/patrol__struct.h
[3.122s] -- Up-to-date: /home/vboxuser/Desktop/ROS2Humble/turtlebot3_ws/install/turtlebot3_msgs/include/turtlebot3_msgs/turtlebot3_msgs/action/patrol.h
[3.123s] -- Up-to-date: /home/vboxuser/Desktop/ROS2Humble/turtlebot3_ws/install/turtlebot3_msgs/share/turtlebot3_msgs/environment/library_path.sh
[3.123s] -- Up-to-date: /home/vboxuser/Desktop/ROS2Humble/turtlebot3_ws/install/turtlebot3_msgs/share/turtlebot3_msgs/environment/library_path.dsv
[3.125s] -- Up-to-date: /home/vboxuser/Desktop/ROS2Humble/turtlebot3_ws/install/turtlebot3_msgs/lib/libturtlebot3_msgs__rosidl_generator_c.so
[3.125s] -- Up-to-date: /home/vboxuser/Desktop/ROS2Humble/turtlebot3_ws/install/turtlebot3_msgs/include/turtlebot3_msgs/turtlebot3_msgs
[3.125s] -- Up-to-date: /home/vboxuser/Desktop/ROS2Humble/turtlebot3_ws/install/turtlebot3_msgs/include/turtlebot3_msgs/turtlebot3_msgs/msg
[3.125s] -- Up-to-date: /home/vboxuser/Desktop/ROS2Humble/turtlebot3_ws/install/turtlebot3_msgs/include/turtlebot3_msgs/turtlebot3_msgs/msg/rosidl_typesupport_fastrtps_c__visibility_control.h
[3.125s] -- Up-to-date: /home/vboxuser/Desktop/ROS2Humble/turtlebot3_ws/install/turtlebot3_msgs/include/turtlebot3_msgs/turtlebot3_msgs/msg/detail
[3.125s] -- Up-to-date: /home/vboxuser/Desktop/ROS2Humble/turtlebot3_ws/install/turtlebot3_msgs/include/turtlebot3_msgs/turtlebot3_msgs/msg/detail/sound__rosidl_typesupport_fastrtps_c.h
[3.125s] -- Up-to-date: /home/vboxuser/Desktop/ROS2Humble/turtlebot3_ws/install/turtlebot3_msgs/include/turtlebot3_msgs/turtlebot3_msgs/msg/detail/version_info__rosidl_typesupport_fastrtps_c.h
[3.125s] -- Up-to-date: /home/vboxuser/Desktop/ROS2Humble/turtlebot3_ws/install/turtlebot3_msgs/include/turtlebot3_msgs/turtlebot3_msgs/msg/detail/sensor_state__rosidl_typesupport_fastrtps_c.h
[3.125s] -- Up-to-date: /home/vboxuser/Desktop/ROS2Humble/turtlebot3_ws/install/turtlebot3_msgs/include/turtlebot3_msgs/turtlebot3_msgs/srv
[3.126s] -- Up-to-date: /home/vboxuser/Desktop/ROS2Humble/turtlebot3_ws/install/turtlebot3_msgs/include/turtlebot3_msgs/turtlebot3_msgs/srv/detail
[3.126s] -- Up-to-date: /home/vboxuser/Desktop/ROS2Humble/turtlebot3_ws/install/turtlebot3_msgs/include/turtlebot3_msgs/turtlebot3_msgs/srv/detail/sound__rosidl_typesupport_fastrtps_c.h
[3.126s] -- Up-to-date: /home/vboxuser/Desktop/ROS2Humble/turtlebot3_ws/install/turtlebot3_msgs/include/turtlebot3_msgs/turtlebot3_msgs/srv/detail/dqn__rosidl_typesupport_fastrtps_c.h
[3.126s] -- Up-to-date: /home/vboxuser/Desktop/ROS2Humble/turtlebot3_ws/install/turtlebot3_msgs/include/turtlebot3_msgs/turtlebot3_msgs/action
[3.126s] -- Up-to-date: /home/vboxuser/Desktop/ROS2Humble/turtlebot3_ws/install/turtlebot3_msgs/include/turtlebot3_msgs/turtlebot3_msgs/action/detail
[3.126s] -- Up-to-date: /home/vboxuser/Desktop/ROS2Humble/turtlebot3_ws/install/turtlebot3_msgs/include/turtlebot3_msgs/turtlebot3_msgs/action/detail/patrol__rosidl_typesupport_fastrtps_c.h
[3.126s] -- Up-to-date: /home/vboxuser/Desktop/ROS2Humble/turtlebot3_ws/install/turtlebot3_msgs/lib/libturtlebot3_msgs__rosidl_typesupport_fastrtps_c.so
[3.126s] -- Up-to-date: /home/vboxuser/Desktop/ROS2Humble/turtlebot3_ws/install/turtlebot3_msgs/include/turtlebot3_msgs/turtlebot3_msgs
[3.126s] -- Up-to-date: /home/vboxuser/Desktop/ROS2Humble/turtlebot3_ws/install/turtlebot3_msgs/include/turtlebot3_msgs/turtlebot3_msgs/msg
[3.126s] -- Up-to-date: /home/vboxuser/Desktop/ROS2Humble/turtlebot3_ws/install/turtlebot3_msgs/include/turtlebot3_msgs/turtlebot3_msgs/msg/version_info.hpp
[3.126s] -- Up-to-date: /home/vboxuser/Desktop/ROS2Humble/turtlebot3_ws/install/turtlebot3_msgs/include/turtlebot3_msgs/turtlebot3_msgs/msg/detail
[3.126s] -- Up-to-date: /home/vboxuser/Desktop/ROS2Humble/turtlebot3_ws/install/turtlebot3_msgs/include/turtlebot3_msgs/turtlebot3_msgs/msg/detail/version_info__traits.hpp
[3.126s] -- Up-to-date: /home/vboxuser/Desktop/ROS2Humble/turtlebot3_ws/install/turtlebot3_msgs/include/turtlebot3_msgs/turtlebot3_msgs/msg/detail/version_info__struct.hpp
[3.126s] -- Up-to-date: /home/vboxuser/Desktop/ROS2Humble/turtlebot3_ws/install/turtlebot3_msgs/include/turtlebot3_msgs/turtlebot3_msgs/msg/detail/sound__type_support.hpp
[3.127s] -- Up-to-date: /home/vboxuser/Desktop/ROS2Humble/turtlebot3_ws/install/turtlebot3_msgs/include/turtlebot3_msgs/turtlebot3_msgs/msg/detail/sensor_state__traits.hpp
[3.127s] -- Up-to-date: /home/vboxuser/Desktop/ROS2Humble/turtlebot3_ws/install/turtlebot3_msgs/include/turtlebot3_msgs/turtlebot3_msgs/msg/detail/sensor_state__type_support.hpp
[3.128s] -- Up-to-date: /home/vboxuser/Desktop/ROS2Humble/turtlebot3_ws/install/turtlebot3_msgs/include/turtlebot3_msgs/turtlebot3_msgs/msg/detail/version_info__builder.hpp
[3.128s] -- Up-to-date: /home/vboxuser/Desktop/ROS2Humble/turtlebot3_ws/install/turtlebot3_msgs/include/turtlebot3_msgs/turtlebot3_msgs/msg/detail/sound__struct.hpp
[3.128s] -- Up-to-date: /home/vboxuser/Desktop/ROS2Humble/turtlebot3_ws/install/turtlebot3_msgs/include/turtlebot3_msgs/turtlebot3_msgs/msg/detail/sensor_state__struct.hpp
[3.128s] -- Up-to-date: /home/vboxuser/Desktop/ROS2Humble/turtlebot3_ws/install/turtlebot3_msgs/include/turtlebot3_msgs/turtlebot3_msgs/msg/detail/sound__traits.hpp
[3.128s] -- Up-to-date: /home/vboxuser/Desktop/ROS2Humble/turtlebot3_ws/install/turtlebot3_msgs/include/turtlebot3_msgs/turtlebot3_msgs/msg/detail/version_info__type_support.hpp
[3.128s] -- Up-to-date: /home/vboxuser/Desktop/ROS2Humble/turtlebot3_ws/install/turtlebot3_msgs/include/turtlebot3_msgs/turtlebot3_msgs/msg/detail/sensor_state__builder.hpp
[3.129s] -- Up-to-date: /home/vboxuser/Desktop/ROS2Humble/turtlebot3_ws/install/turtlebot3_msgs/include/turtlebot3_msgs/turtlebot3_msgs/msg/detail/sound__builder.hpp
[3.129s] -- Up-to-date: /home/vboxuser/Desktop/ROS2Humble/turtlebot3_ws/install/turtlebot3_msgs/include/turtlebot3_msgs/turtlebot3_msgs/msg/rosidl_generator_cpp__visibility_control.hpp
[3.129s] -- Up-to-date: /home/vboxuser/Desktop/ROS2Humble/turtlebot3_ws/install/turtlebot3_msgs/include/turtlebot3_msgs/turtlebot3_msgs/msg/sensor_state.hpp
[3.129s] -- Up-to-date: /home/vboxuser/Desktop/ROS2Humble/turtlebot3_ws/install/turtlebot3_msgs/include/turtlebot3_msgs/turtlebot3_msgs/msg/sound.hpp
[3.129s] -- Up-to-date: /home/vboxuser/Desktop/ROS2Humble/turtlebot3_ws/install/turtlebot3_msgs/include/turtlebot3_msgs/turtlebot3_msgs/srv
[3.129s] -- Up-to-date: /home/vboxuser/Desktop/ROS2Humble/turtlebot3_ws/install/turtlebot3_msgs/include/turtlebot3_msgs/turtlebot3_msgs/srv/dqn.hpp
[3.129s] -- Up-to-date: /home/vboxuser/Desktop/ROS2Humble/turtlebot3_ws/install/turtlebot3_msgs/include/turtlebot3_msgs/turtlebot3_msgs/srv/detail
[3.129s] -- Up-to-date: /home/vboxuser/Desktop/ROS2Humble/turtlebot3_ws/install/turtlebot3_msgs/include/turtlebot3_msgs/turtlebot3_msgs/srv/detail/sound__type_support.hpp
[3.129s] -- Up-to-date: /home/vboxuser/Desktop/ROS2Humble/turtlebot3_ws/install/turtlebot3_msgs/include/turtlebot3_msgs/turtlebot3_msgs/srv/detail/sound__struct.hpp
[3.129s] -- Up-to-date: /home/vboxuser/Desktop/ROS2Humble/turtlebot3_ws/install/turtlebot3_msgs/include/turtlebot3_msgs/turtlebot3_msgs/srv/detail/dqn__type_support.hpp
[3.129s] -- Up-to-date: /home/vboxuser/Desktop/ROS2Humble/turtlebot3_ws/install/turtlebot3_msgs/include/turtlebot3_msgs/turtlebot3_msgs/srv/detail/dqn__traits.hpp
[3.129s] -- Up-to-date: /home/vboxuser/Desktop/ROS2Humble/turtlebot3_ws/install/turtlebot3_msgs/include/turtlebot3_msgs/turtlebot3_msgs/srv/detail/dqn__builder.hpp
[3.129s] -- Up-to-date: /home/vboxuser/Desktop/ROS2Humble/turtlebot3_ws/install/turtlebot3_msgs/include/turtlebot3_msgs/turtlebot3_msgs/srv/detail/dqn__struct.hpp
[3.129s] -- Up-to-date: /home/vboxuser/Desktop/ROS2Humble/turtlebot3_ws/install/turtlebot3_msgs/include/turtlebot3_msgs/turtlebot3_msgs/srv/detail/sound__traits.hpp
[3.129s] -- Up-to-date: /home/vboxuser/Desktop/ROS2Humble/turtlebot3_ws/install/turtlebot3_msgs/include/turtlebot3_msgs/turtlebot3_msgs/srv/detail/sound__builder.hpp
[3.129s] -- Up-to-date: /home/vboxuser/Desktop/ROS2Humble/turtlebot3_ws/install/turtlebot3_msgs/include/turtlebot3_msgs/turtlebot3_msgs/srv/sound.hpp
[3.129s] -- Up-to-date: /home/vboxuser/Desktop/ROS2Humble/turtlebot3_ws/install/turtlebot3_msgs/include/turtlebot3_msgs/turtlebot3_msgs/action
[3.129s] -- Up-to-date: /home/vboxuser/Desktop/ROS2Humble/turtlebot3_ws/install/turtlebot3_msgs/include/turtlebot3_msgs/turtlebot3_msgs/action/patrol.hpp
[3.129s] -- Up-to-date: /home/vboxuser/Desktop/ROS2Humble/turtlebot3_ws/install/turtlebot3_msgs/include/turtlebot3_msgs/turtlebot3_msgs/action/detail
[3.129s] -- Up-to-date: /home/vboxuser/Desktop/ROS2Humble/turtlebot3_ws/install/turtlebot3_msgs/include/turtlebot3_msgs/turtlebot3_msgs/action/detail/patrol__builder.hpp
[3.129s] -- Up-to-date: /home/vboxuser/Desktop/ROS2Humble/turtlebot3_ws/install/turtlebot3_msgs/include/turtlebot3_msgs/turtlebot3_msgs/action/detail/patrol__struct.hpp
[3.129s] -- Up-to-date: /home/vboxuser/Desktop/ROS2Humble/turtlebot3_ws/install/turtlebot3_msgs/include/turtlebot3_msgs/turtlebot3_msgs/action/detail/patrol__type_support.hpp
[3.129s] -- Up-to-date: /home/vboxuser/Desktop/ROS2Humble/turtlebot3_ws/install/turtlebot3_msgs/include/turtlebot3_msgs/turtlebot3_msgs/action/detail/patrol__traits.hpp
[3.129s] -- Up-to-date: /home/vboxuser/Desktop/ROS2Humble/turtlebot3_ws/install/turtlebot3_msgs/include/turtlebot3_msgs/turtlebot3_msgs
[3.129s] -- Up-to-date: /home/vboxuser/Desktop/ROS2Humble/turtlebot3_ws/install/turtlebot3_msgs/include/turtlebot3_msgs/turtlebot3_msgs/msg
[3.129s] -- Up-to-date: /home/vboxuser/Desktop/ROS2Humble/turtlebot3_ws/install/turtlebot3_msgs/include/turtlebot3_msgs/turtlebot3_msgs/msg/detail
[3.129s] -- Up-to-date: /home/vboxuser/Desktop/ROS2Humble/turtlebot3_ws/install/turtlebot3_msgs/include/turtlebot3_msgs/turtlebot3_msgs/msg/detail/version_info__rosidl_typesupport_fastrtps_cpp.hpp
[3.129s] -- Up-to-date: /home/vboxuser/Desktop/ROS2Humble/turtlebot3_ws/install/turtlebot3_msgs/include/turtlebot3_msgs/turtlebot3_msgs/msg/detail/sound__rosidl_typesupport_fastrtps_cpp.hpp
[3.129s] -- Up-to-date: /home/vboxuser/Desktop/ROS2Humble/turtlebot3_ws/install/turtlebot3_msgs/include/turtlebot3_msgs/turtlebot3_msgs/msg/detail/sensor_state__rosidl_typesupport_fastrtps_cpp.hpp
[3.129s] -- Up-to-date: /home/vboxuser/Desktop/ROS2Humble/turtlebot3_ws/install/turtlebot3_msgs/include/turtlebot3_msgs/turtlebot3_msgs/msg/detail/dds_fastrtps
[3.129s] -- Up-to-date: /home/vboxuser/Desktop/ROS2Humble/turtlebot3_ws/install/turtlebot3_msgs/include/turtlebot3_msgs/turtlebot3_msgs/msg/rosidl_typesupport_fastrtps_cpp__visibility_control.h
[3.130s] -- Up-to-date: /home/vboxuser/Desktop/ROS2Humble/turtlebot3_ws/install/turtlebot3_msgs/include/turtlebot3_msgs/turtlebot3_msgs/srv
[3.130s] -- Up-to-date: /home/vboxuser/Desktop/ROS2Humble/turtlebot3_ws/install/turtlebot3_msgs/include/turtlebot3_msgs/turtlebot3_msgs/srv/detail
[3.130s] -- Up-to-date: /home/vboxuser/Desktop/ROS2Humble/turtlebot3_ws/install/turtlebot3_msgs/include/turtlebot3_msgs/turtlebot3_msgs/srv/detail/dqn__rosidl_typesupport_fastrtps_cpp.hpp
[3.130s] -- Up-to-date: /home/vboxuser/Desktop/ROS2Humble/turtlebot3_ws/install/turtlebot3_msgs/include/turtlebot3_msgs/turtlebot3_msgs/srv/detail/sound__rosidl_typesupport_fastrtps_cpp.hpp
[3.130s] -- Up-to-date: /home/vboxuser/Desktop/ROS2Humble/turtlebot3_ws/install/turtlebot3_msgs/include/turtlebot3_msgs/turtlebot3_msgs/srv/detail/dds_fastrtps
[3.130s] -- Up-to-date: /home/vboxuser/Desktop/ROS2Humble/turtlebot3_ws/install/turtlebot3_msgs/include/turtlebot3_msgs/turtlebot3_msgs/action
[3.130s] -- Up-to-date: /home/vboxuser/Desktop/ROS2Humble/turtlebot3_ws/install/turtlebot3_msgs/include/turtlebot3_msgs/turtlebot3_msgs/action/detail
[3.130s] -- Up-to-date: /home/vboxuser/Desktop/ROS2Humble/turtlebot3_ws/install/turtlebot3_msgs/include/turtlebot3_msgs/turtlebot3_msgs/action/detail/patrol__rosidl_typesupport_fastrtps_cpp.hpp
[3.130s] -- Up-to-date: /home/vboxuser/Desktop/ROS2Humble/turtlebot3_ws/install/turtlebot3_msgs/include/turtlebot3_msgs/turtlebot3_msgs/action/detail/dds_fastrtps
[3.130s] -- Up-to-date: /home/vboxuser/Desktop/ROS2Humble/turtlebot3_ws/install/turtlebot3_msgs/lib/libturtlebot3_msgs__rosidl_typesupport_fastrtps_cpp.so
[3.130s] -- Up-to-date: /home/vboxuser/Desktop/ROS2Humble/turtlebot3_ws/install/turtlebot3_msgs/include/turtlebot3_msgs/turtlebot3_msgs
[3.130s] -- Up-to-date: /home/vboxuser/Desktop/ROS2Humble/turtlebot3_ws/install/turtlebot3_msgs/include/turtlebot3_msgs/turtlebot3_msgs/msg
[3.130s] -- Up-to-date: /home/vboxuser/Desktop/ROS2Humble/turtlebot3_ws/install/turtlebot3_msgs/include/turtlebot3_msgs/turtlebot3_msgs/msg/detail
[3.130s] -- Up-to-date: /home/vboxuser/Desktop/ROS2Humble/turtlebot3_ws/install/turtlebot3_msgs/include/turtlebot3_msgs/turtlebot3_msgs/msg/detail/version_info__rosidl_typesupport_introspection_c.h
[3.130s] -- Up-to-date: /home/vboxuser/Desktop/ROS2Humble/turtlebot3_ws/install/turtlebot3_msgs/include/turtlebot3_msgs/turtlebot3_msgs/msg/detail/version_info__type_support.c
[3.130s] -- Up-to-date: /home/vboxuser/Desktop/ROS2Humble/turtlebot3_ws/install/turtlebot3_msgs/include/turtlebot3_msgs/turtlebot3_msgs/msg/detail/sensor_state__rosidl_typesupport_introspection_c.h
[3.130s] -- Up-to-date: /home/vboxuser/Desktop/ROS2Humble/turtlebot3_ws/install/turtlebot3_msgs/include/turtlebot3_msgs/turtlebot3_msgs/msg/detail/sensor_state__type_support.c
[3.130s] -- Up-to-date: /home/vboxuser/Desktop/ROS2Humble/turtlebot3_ws/install/turtlebot3_msgs/include/turtlebot3_msgs/turtlebot3_msgs/msg/detail/sound__type_support.c
[3.130s] -- Up-to-date: /home/vboxuser/Desktop/ROS2Humble/turtlebot3_ws/install/turtlebot3_msgs/include/turtlebot3_msgs/turtlebot3_msgs/msg/detail/sound__rosidl_typesupport_introspection_c.h
[3.130s] -- Up-to-date: /home/vboxuser/Desktop/ROS2Humble/turtlebot3_ws/install/turtlebot3_msgs/include/turtlebot3_msgs/turtlebot3_msgs/msg/rosidl_typesupport_introspection_c__visibility_control.h
[3.130s] -- Up-to-date: /home/vboxuser/Desktop/ROS2Humble/turtlebot3_ws/install/turtlebot3_msgs/include/turtlebot3_msgs/turtlebot3_msgs/srv
[3.130s] -- Up-to-date: /home/vboxuser/Desktop/ROS2Humble/turtlebot3_ws/install/turtlebot3_msgs/include/turtlebot3_msgs/turtlebot3_msgs/srv/detail
[3.130s] -- Up-to-date: /home/vboxuser/Desktop/ROS2Humble/turtlebot3_ws/install/turtlebot3_msgs/include/turtlebot3_msgs/turtlebot3_msgs/srv/detail/dqn__type_support.c
[3.130s] -- Up-to-date: /home/vboxuser/Desktop/ROS2Humble/turtlebot3_ws/install/turtlebot3_msgs/include/turtlebot3_msgs/turtlebot3_msgs/srv/detail/dqn__rosidl_typesupport_introspection_c.h
[3.130s] -- Up-to-date: /home/vboxuser/Desktop/ROS2Humble/turtlebot3_ws/install/turtlebot3_msgs/include/turtlebot3_msgs/turtlebot3_msgs/srv/detail/sound__type_support.c
[3.130s] -- Up-to-date: /home/vboxuser/Desktop/ROS2Humble/turtlebot3_ws/install/turtlebot3_msgs/include/turtlebot3_msgs/turtlebot3_msgs/srv/detail/sound__rosidl_typesupport_introspection_c.h
[3.130s] -- Up-to-date: /home/vboxuser/Desktop/ROS2Humble/turtlebot3_ws/install/turtlebot3_msgs/include/turtlebot3_msgs/turtlebot3_msgs/action
[3.130s] -- Up-to-date: /home/vboxuser/Desktop/ROS2Humble/turtlebot3_ws/install/turtlebot3_msgs/include/turtlebot3_msgs/turtlebot3_msgs/action/detail
[3.130s] -- Up-to-date: /home/vboxuser/Desktop/ROS2Humble/turtlebot3_ws/install/turtlebot3_msgs/include/turtlebot3_msgs/turtlebot3_msgs/action/detail/patrol__rosidl_typesupport_introspection_c.h
[3.131s] -- Up-to-date: /home/vboxuser/Desktop/ROS2Humble/turtlebot3_ws/install/turtlebot3_msgs/include/turtlebot3_msgs/turtlebot3_msgs/action/detail/patrol__type_support.c
[3.131s] -- Up-to-date: /home/vboxuser/Desktop/ROS2Humble/turtlebot3_ws/install/turtlebot3_msgs/lib/libturtlebot3_msgs__rosidl_typesupport_introspection_c.so
[3.131s] -- Up-to-date: /home/vboxuser/Desktop/ROS2Humble/turtlebot3_ws/install/turtlebot3_msgs/lib/libturtlebot3_msgs__rosidl_typesupport_c.so
[3.131s] -- Up-to-date: /home/vboxuser/Desktop/ROS2Humble/turtlebot3_ws/install/turtlebot3_msgs/include/turtlebot3_msgs/turtlebot3_msgs
[3.131s] -- Up-to-date: /home/vboxuser/Desktop/ROS2Humble/turtlebot3_ws/install/turtlebot3_msgs/include/turtlebot3_msgs/turtlebot3_msgs/msg
[3.131s] -- Up-to-date: /home/vboxuser/Desktop/ROS2Humble/turtlebot3_ws/install/turtlebot3_msgs/include/turtlebot3_msgs/turtlebot3_msgs/msg/detail
[3.131s] -- Up-to-date: /home/vboxuser/Desktop/ROS2Humble/turtlebot3_ws/install/turtlebot3_msgs/include/turtlebot3_msgs/turtlebot3_msgs/msg/detail/version_info__rosidl_typesupport_introspection_cpp.hpp
[3.131s] -- Up-to-date: /home/vboxuser/Desktop/ROS2Humble/turtlebot3_ws/install/turtlebot3_msgs/include/turtlebot3_msgs/turtlebot3_msgs/msg/detail/sound__rosidl_typesupport_introspection_cpp.hpp
[3.131s] -- Up-to-date: /home/vboxuser/Desktop/ROS2Humble/turtlebot3_ws/install/turtlebot3_msgs/include/turtlebot3_msgs/turtlebot3_msgs/msg/detail/sensor_state__type_support.cpp
[3.131s] -- Up-to-date: /home/vboxuser/Desktop/ROS2Humble/turtlebot3_ws/install/turtlebot3_msgs/include/turtlebot3_msgs/turtlebot3_msgs/msg/detail/version_info__type_support.cpp
[3.131s] -- Up-to-date: /home/vboxuser/Desktop/ROS2Humble/turtlebot3_ws/install/turtlebot3_msgs/include/turtlebot3_msgs/turtlebot3_msgs/msg/detail/sound__type_support.cpp
[3.131s] -- Up-to-date: /home/vboxuser/Desktop/ROS2Humble/turtlebot3_ws/install/turtlebot3_msgs/include/turtlebot3_msgs/turtlebot3_msgs/msg/detail/sensor_state__rosidl_typesupport_introspection_cpp.hpp
[3.131s] -- Up-to-date: /home/vboxuser/Desktop/ROS2Humble/turtlebot3_ws/install/turtlebot3_msgs/include/turtlebot3_msgs/turtlebot3_msgs/srv
[3.131s] -- Up-to-date: /home/vboxuser/Desktop/ROS2Humble/turtlebot3_ws/install/turtlebot3_msgs/include/turtlebot3_msgs/turtlebot3_msgs/srv/detail
[3.131s] -- Up-to-date: /home/vboxuser/Desktop/ROS2Humble/turtlebot3_ws/install/turtlebot3_msgs/include/turtlebot3_msgs/turtlebot3_msgs/srv/detail/dqn__type_support.cpp
[3.131s] -- Up-to-date: /home/vboxuser/Desktop/ROS2Humble/turtlebot3_ws/install/turtlebot3_msgs/include/turtlebot3_msgs/turtlebot3_msgs/srv/detail/sound__rosidl_typesupport_introspection_cpp.hpp
[3.131s] -- Up-to-date: /home/vboxuser/Desktop/ROS2Humble/turtlebot3_ws/install/turtlebot3_msgs/include/turtlebot3_msgs/turtlebot3_msgs/srv/detail/dqn__rosidl_typesupport_introspection_cpp.hpp
[3.131s] -- Up-to-date: /home/vboxuser/Desktop/ROS2Humble/turtlebot3_ws/install/turtlebot3_msgs/include/turtlebot3_msgs/turtlebot3_msgs/srv/detail/sound__type_support.cpp
[3.131s] -- Up-to-date: /home/vboxuser/Desktop/ROS2Humble/turtlebot3_ws/install/turtlebot3_msgs/include/turtlebot3_msgs/turtlebot3_msgs/action
[3.132s] -- Up-to-date: /home/vboxuser/Desktop/ROS2Humble/turtlebot3_ws/install/turtlebot3_msgs/include/turtlebot3_msgs/turtlebot3_msgs/action/detail
[3.132s] -- Up-to-date: /home/vboxuser/Desktop/ROS2Humble/turtlebot3_ws/install/turtlebot3_msgs/include/turtlebot3_msgs/turtlebot3_msgs/action/detail/patrol__rosidl_typesupport_introspection_cpp.hpp
[3.132s] -- Up-to-date: /home/vboxuser/Desktop/ROS2Humble/turtlebot3_ws/install/turtlebot3_msgs/include/turtlebot3_msgs/turtlebot3_msgs/action/detail/patrol__type_support.cpp
[3.132s] -- Up-to-date: /home/vboxuser/Desktop/ROS2Humble/turtlebot3_ws/install/turtlebot3_msgs/lib/libturtlebot3_msgs__rosidl_typesupport_introspection_cpp.so
[3.132s] -- Up-to-date: /home/vboxuser/Desktop/ROS2Humble/turtlebot3_ws/install/turtlebot3_msgs/lib/libturtlebot3_msgs__rosidl_typesupport_cpp.so
[3.132s] -- Up-to-date: /home/vboxuser/Desktop/ROS2Humble/turtlebot3_ws/install/turtlebot3_msgs/share/turtlebot3_msgs/environment/pythonpath.sh
[3.132s] -- Up-to-date: /home/vboxuser/Desktop/ROS2Humble/turtlebot3_ws/install/turtlebot3_msgs/share/turtlebot3_msgs/environment/pythonpath.dsv
[3.132s] -- Up-to-date: /home/vboxuser/Desktop/ROS2Humble/turtlebot3_ws/install/turtlebot3_msgs/local/lib/python3.10/dist-packages/turtlebot3_msgs-2.2.3-py3.10.egg-info
[3.132s] -- Installing: /home/vboxuser/Desktop/ROS2Humble/turtlebot3_ws/install/turtlebot3_msgs/local/lib/python3.10/dist-packages/turtlebot3_msgs-2.2.3-py3.10.egg-info/top_level.txt
[3.132s] -- Installing: /home/vboxuser/Desktop/ROS2Humble/turtlebot3_ws/install/turtlebot3_msgs/local/lib/python3.10/dist-packages/turtlebot3_msgs-2.2.3-py3.10.egg-info/SOURCES.txt
[3.132s] -- Installing: /home/vboxuser/Desktop/ROS2Humble/turtlebot3_ws/install/turtlebot3_msgs/local/lib/python3.10/dist-packages/turtlebot3_msgs-2.2.3-py3.10.egg-info/dependency_links.txt
[3.132s] -- Installing: /home/vboxuser/Desktop/ROS2Humble/turtlebot3_ws/install/turtlebot3_msgs/local/lib/python3.10/dist-packages/turtlebot3_msgs-2.2.3-py3.10.egg-info/PKG-INFO
[3.132s] -- Up-to-date: /home/vboxuser/Desktop/ROS2Humble/turtlebot3_ws/install/turtlebot3_msgs/local/lib/python3.10/dist-packages/turtlebot3_msgs
[3.133s] -- Up-to-date: /home/vboxuser/Desktop/ROS2Humble/turtlebot3_ws/install/turtlebot3_msgs/local/lib/python3.10/dist-packages/turtlebot3_msgs/msg
[3.133s] -- Up-to-date: /home/vboxuser/Desktop/ROS2Humble/turtlebot3_ws/install/turtlebot3_msgs/local/lib/python3.10/dist-packages/turtlebot3_msgs/msg/_sensor_state.py
[3.133s] -- Up-to-date: /home/vboxuser/Desktop/ROS2Humble/turtlebot3_ws/install/turtlebot3_msgs/local/lib/python3.10/dist-packages/turtlebot3_msgs/msg/_version_info_s.c
[3.133s] -- Up-to-date: /home/vboxuser/Desktop/ROS2Humble/turtlebot3_ws/install/turtlebot3_msgs/local/lib/python3.10/dist-packages/turtlebot3_msgs/msg/_sound_s.c
[3.133s] -- Up-to-date: /home/vboxuser/Desktop/ROS2Humble/turtlebot3_ws/install/turtlebot3_msgs/local/lib/python3.10/dist-packages/turtlebot3_msgs/msg/__init__.py
[3.133s] -- Up-to-date: /home/vboxuser/Desktop/ROS2Humble/turtlebot3_ws/install/turtlebot3_msgs/local/lib/python3.10/dist-packages/turtlebot3_msgs/msg/_sound.py
[3.133s] -- Up-to-date: /home/vboxuser/Desktop/ROS2Humble/turtlebot3_ws/install/turtlebot3_msgs/local/lib/python3.10/dist-packages/turtlebot3_msgs/msg/_sensor_state_s.c
[3.133s] -- Up-to-date: /home/vboxuser/Desktop/ROS2Humble/turtlebot3_ws/install/turtlebot3_msgs/local/lib/python3.10/dist-packages/turtlebot3_msgs/msg/_version_info.py
[3.133s] -- Up-to-date: /home/vboxuser/Desktop/ROS2Humble/turtlebot3_ws/install/turtlebot3_msgs/local/lib/python3.10/dist-packages/turtlebot3_msgs/libturtlebot3_msgs__rosidl_generator_py.so
[3.133s] -- Up-to-date: /home/vboxuser/Desktop/ROS2Humble/turtlebot3_ws/install/turtlebot3_msgs/local/lib/python3.10/dist-packages/turtlebot3_msgs/_turtlebot3_msgs_s.ep.rosidl_typesupport_fastrtps_c.c
[3.133s] -- Up-to-date: /home/vboxuser/Desktop/ROS2Humble/turtlebot3_ws/install/turtlebot3_msgs/local/lib/python3.10/dist-packages/turtlebot3_msgs/turtlebot3_msgs_s__rosidl_typesupport_fastrtps_c.cpython-310-x86_64-linux-gnu.so
[3.133s] -- Up-to-date: /home/vboxuser/Desktop/ROS2Humble/turtlebot3_ws/install/turtlebot3_msgs/local/lib/python3.10/dist-packages/turtlebot3_msgs/srv
[3.133s] -- Up-to-date: /home/vboxuser/Desktop/ROS2Humble/turtlebot3_ws/install/turtlebot3_msgs/local/lib/python3.10/dist-packages/turtlebot3_msgs/srv/_dqn.py
[3.133s] -- Up-to-date: /home/vboxuser/Desktop/ROS2Humble/turtlebot3_ws/install/turtlebot3_msgs/local/lib/python3.10/dist-packages/turtlebot3_msgs/srv/_sound_s.c
[3.133s] -- Up-to-date: /home/vboxuser/Desktop/ROS2Humble/turtlebot3_ws/install/turtlebot3_msgs/local/lib/python3.10/dist-packages/turtlebot3_msgs/srv/__init__.py
[3.133s] -- Up-to-date: /home/vboxuser/Desktop/ROS2Humble/turtlebot3_ws/install/turtlebot3_msgs/local/lib/python3.10/dist-packages/turtlebot3_msgs/srv/_sound.py
[3.133s] -- Up-to-date: /home/vboxuser/Desktop/ROS2Humble/turtlebot3_ws/install/turtlebot3_msgs/local/lib/python3.10/dist-packages/turtlebot3_msgs/srv/_dqn_s.c
[3.133s] -- Up-to-date: /home/vboxuser/Desktop/ROS2Humble/turtlebot3_ws/install/turtlebot3_msgs/local/lib/python3.10/dist-packages/turtlebot3_msgs/_turtlebot3_msgs_s.ep.rosidl_typesupport_c.c
[3.133s] -- Up-to-date: /home/vboxuser/Desktop/ROS2Humble/turtlebot3_ws/install/turtlebot3_msgs/local/lib/python3.10/dist-packages/turtlebot3_msgs/turtlebot3_msgs_s__rosidl_typesupport_c.cpython-310-x86_64-linux-gnu.so
[3.133s] -- Up-to-date: /home/vboxuser/Desktop/ROS2Humble/turtlebot3_ws/install/turtlebot3_msgs/local/lib/python3.10/dist-packages/turtlebot3_msgs/_turtlebot3_msgs_s.ep.rosidl_typesupport_introspection_c.c
[3.133s] -- Up-to-date: /home/vboxuser/Desktop/ROS2Humble/turtlebot3_ws/install/turtlebot3_msgs/local/lib/python3.10/dist-packages/turtlebot3_msgs/__init__.py
[3.133s] -- Up-to-date: /home/vboxuser/Desktop/ROS2Humble/turtlebot3_ws/install/turtlebot3_msgs/local/lib/python3.10/dist-packages/turtlebot3_msgs/action
[3.133s] -- Up-to-date: /home/vboxuser/Desktop/ROS2Humble/turtlebot3_ws/install/turtlebot3_msgs/local/lib/python3.10/dist-packages/turtlebot3_msgs/action/_patrol.py
[3.133s] -- Up-to-date: /home/vboxuser/Desktop/ROS2Humble/turtlebot3_ws/install/turtlebot3_msgs/local/lib/python3.10/dist-packages/turtlebot3_msgs/action/_patrol_s.c
[3.133s] -- Up-to-date: /home/vboxuser/Desktop/ROS2Humble/turtlebot3_ws/install/turtlebot3_msgs/local/lib/python3.10/dist-packages/turtlebot3_msgs/action/__init__.py
[3.133s] -- Up-to-date: /home/vboxuser/Desktop/ROS2Humble/turtlebot3_ws/install/turtlebot3_msgs/local/lib/python3.10/dist-packages/turtlebot3_msgs/turtlebot3_msgs_s__rosidl_typesupport_introspection_c.cpython-310-x86_64-linux-gnu.so
[3.268s] Listing '/home/vboxuser/Desktop/ROS2Humble/turtlebot3_ws/install/turtlebot3_msgs/local/lib/python3.10/dist-packages/turtlebot3_msgs'...
[3.268s] Listing '/home/vboxuser/Desktop/ROS2Humble/turtlebot3_ws/install/turtlebot3_msgs/local/lib/python3.10/dist-packages/turtlebot3_msgs/action'...
[3.268s] Listing '/home/vboxuser/Desktop/ROS2Humble/turtlebot3_ws/install/turtlebot3_msgs/local/lib/python3.10/dist-packages/turtlebot3_msgs/msg'...
[3.268s] Listing '/home/vboxuser/Desktop/ROS2Humble/turtlebot3_ws/install/turtlebot3_msgs/local/lib/python3.10/dist-packages/turtlebot3_msgs/srv'...
[3.327s] -- Up-to-date: /home/vboxuser/Desktop/ROS2Humble/turtlebot3_ws/install/turtlebot3_msgs/local/lib/python3.10/dist-packages/turtlebot3_msgs/turtlebot3_msgs_s__rosidl_typesupport_fastrtps_c.cpython-310-x86_64-linux-gnu.so
[3.327s] -- Up-to-date: /home/vboxuser/Desktop/ROS2Humble/turtlebot3_ws/install/turtlebot3_msgs/local/lib/python3.10/dist-packages/turtlebot3_msgs/turtlebot3_msgs_s__rosidl_typesupport_introspection_c.cpython-310-x86_64-linux-gnu.so
[3.327s] -- Up-to-date: /home/vboxuser/Desktop/ROS2Humble/turtlebot3_ws/install/turtlebot3_msgs/local/lib/python3.10/dist-packages/turtlebot3_msgs/turtlebot3_msgs_s__rosidl_typesupport_c.cpython-310-x86_64-linux-gnu.so
[3.332s] -- Up-to-date: /home/vboxuser/Desktop/ROS2Humble/turtlebot3_ws/install/turtlebot3_msgs/lib/libturtlebot3_msgs__rosidl_generator_py.so
[3.335s] -- Up-to-date: /home/vboxuser/Desktop/ROS2Humble/turtlebot3_ws/install/turtlebot3_msgs/share/turtlebot3_msgs/msg/SensorState.idl
[3.336s] -- Up-to-date: /home/vboxuser/Desktop/ROS2Humble/turtlebot3_ws/install/turtlebot3_msgs/share/turtlebot3_msgs/msg/Sound.idl
[3.336s] -- Up-to-date: /home/vboxuser/Desktop/ROS2Humble/turtlebot3_ws/install/turtlebot3_msgs/share/turtlebot3_msgs/msg/VersionInfo.idl
[3.348s] -- Up-to-date: /home/vboxuser/Desktop/ROS2Humble/turtlebot3_ws/install/turtlebot3_msgs/share/turtlebot3_msgs/srv/Sound.idl
[3.349s] -- Up-to-date: /home/vboxuser/Desktop/ROS2Humble/turtlebot3_ws/install/turtlebot3_msgs/share/turtlebot3_msgs/srv/Dqn.idl
[3.358s] -- Up-to-date: /home/vboxuser/Desktop/ROS2Humble/turtlebot3_ws/install/turtlebot3_msgs/share/turtlebot3_msgs/action/Patrol.idl
[3.358s] -- Up-to-date: /home/vboxuser/Desktop/ROS2Humble/turtlebot3_ws/install/turtlebot3_msgs/share/turtlebot3_msgs/msg/SensorState.msg
[3.358s] -- Up-to-date: /home/vboxuser/Desktop/ROS2Humble/turtlebot3_ws/install/turtlebot3_msgs/share/turtlebot3_msgs/msg/Sound.msg
[3.358s] -- Up-to-date: /home/vboxuser/Desktop/ROS2Humble/turtlebot3_ws/install/turtlebot3_msgs/share/turtlebot3_msgs/msg/VersionInfo.msg
[3.358s] -- Up-to-date: /home/vboxuser/Desktop/ROS2Humble/turtlebot3_ws/install/turtlebot3_msgs/share/turtlebot3_msgs/srv/Sound.srv
[3.359s] -- Up-to-date: /home/vboxuser/Desktop/ROS2Humble/turtlebot3_ws/install/turtlebot3_msgs/share/turtlebot3_msgs/srv/Sound_Request.msg
[3.359s] -- Up-to-date: /home/vboxuser/Desktop/ROS2Humble/turtlebot3_ws/install/turtlebot3_msgs/share/turtlebot3_msgs/srv/Sound_Response.msg
[3.359s] -- Up-to-date: /home/vboxuser/Desktop/ROS2Humble/turtlebot3_ws/install/turtlebot3_msgs/share/turtlebot3_msgs/srv/Dqn.srv
[3.359s] -- Up-to-date: /home/vboxuser/Desktop/ROS2Humble/turtlebot3_ws/install/turtlebot3_msgs/share/turtlebot3_msgs/srv/Dqn_Request.msg
[3.359s] -- Up-to-date: /home/vboxuser/Desktop/ROS2Humble/turtlebot3_ws/install/turtlebot3_msgs/share/turtlebot3_msgs/srv/Dqn_Response.msg
[3.360s] -- Up-to-date: /home/vboxuser/Desktop/ROS2Humble/turtlebot3_ws/install/turtlebot3_msgs/share/turtlebot3_msgs/action/Patrol.action
[3.361s] -- Up-to-date: /home/vboxuser/Desktop/ROS2Humble/turtlebot3_ws/install/turtlebot3_msgs/share/ament_index/resource_index/package_run_dependencies/turtlebot3_msgs
[3.372s] -- Up-to-date: /home/vboxuser/Desktop/ROS2Humble/turtlebot3_ws/install/turtlebot3_msgs/share/ament_index/resource_index/parent_prefix_path/turtlebot3_msgs
[3.372s] -- Up-to-date: /home/vboxuser/Desktop/ROS2Humble/turtlebot3_ws/install/turtlebot3_msgs/share/turtlebot3_msgs/environment/ament_prefix_path.sh
[3.373s] -- Up-to-date: /home/vboxuser/Desktop/ROS2Humble/turtlebot3_ws/install/turtlebot3_msgs/share/turtlebot3_msgs/environment/ament_prefix_path.dsv
[3.373s] -- Up-to-date: /home/vboxuser/Desktop/ROS2Humble/turtlebot3_ws/install/turtlebot3_msgs/share/turtlebot3_msgs/environment/path.sh
[3.373s] -- Up-to-date: /home/vboxuser/Desktop/ROS2Humble/turtlebot3_ws/install/turtlebot3_msgs/share/turtlebot3_msgs/environment/path.dsv
[3.373s] -- Up-to-date: /home/vboxuser/Desktop/ROS2Humble/turtlebot3_ws/install/turtlebot3_msgs/share/turtlebot3_msgs/local_setup.bash
[3.373s] -- Up-to-date: /home/vboxuser/Desktop/ROS2Humble/turtlebot3_ws/install/turtlebot3_msgs/share/turtlebot3_msgs/local_setup.sh
[3.373s] -- Up-to-date: /home/vboxuser/Desktop/ROS2Humble/turtlebot3_ws/install/turtlebot3_msgs/share/turtlebot3_msgs/local_setup.zsh
[3.373s] -- Up-to-date: /home/vboxuser/Desktop/ROS2Humble/turtlebot3_ws/install/turtlebot3_msgs/share/turtlebot3_msgs/local_setup.dsv
[3.373s] -- Installing: /home/vboxuser/Desktop/ROS2Humble/turtlebot3_ws/install/turtlebot3_msgs/share/turtlebot3_msgs/package.dsv
[3.415s] -- Up-to-date: /home/vboxuser/Desktop/ROS2Humble/turtlebot3_ws/install/turtlebot3_msgs/share/ament_index/resource_index/packages/turtlebot3_msgs
[3.451s] -- Up-to-date: /home/vboxuser/Desktop/ROS2Humble/turtlebot3_ws/install/turtlebot3_msgs/share/turtlebot3_msgs/cmake/export_turtlebot3_msgs__rosidl_generator_cExport.cmake
[3.451s] -- Up-to-date: /home/vboxuser/Desktop/ROS2Humble/turtlebot3_ws/install/turtlebot3_msgs/share/turtlebot3_msgs/cmake/export_turtlebot3_msgs__rosidl_generator_cExport-noconfig.cmake
[3.464s] -- Up-to-date: /home/vboxuser/Desktop/ROS2Humble/turtlebot3_ws/install/turtlebot3_msgs/share/turtlebot3_msgs/cmake/export_turtlebot3_msgs__rosidl_typesupport_fastrtps_cExport.cmake
[3.464s] -- Up-to-date: /home/vboxuser/Desktop/ROS2Humble/turtlebot3_ws/install/turtlebot3_msgs/share/turtlebot3_msgs/cmake/export_turtlebot3_msgs__rosidl_typesupport_fastrtps_cExport-noconfig.cmake
[3.473s] -- Up-to-date: /home/vboxuser/Desktop/ROS2Humble/turtlebot3_ws/install/turtlebot3_msgs/share/turtlebot3_msgs/cmake/export_turtlebot3_msgs__rosidl_generator_cppExport.cmake
[3.474s] -- Up-to-date: /home/vboxuser/Desktop/ROS2Humble/turtlebot3_ws/install/turtlebot3_msgs/share/turtlebot3_msgs/cmake/export_turtlebot3_msgs__rosidl_typesupport_fastrtps_cppExport.cmake
[3.474s] -- Up-to-date: /home/vboxuser/Desktop/ROS2Humble/turtlebot3_ws/install/turtlebot3_msgs/share/turtlebot3_msgs/cmake/export_turtlebot3_msgs__rosidl_typesupport_fastrtps_cppExport-noconfig.cmake
[3.477s] -- Up-to-date: /home/vboxuser/Desktop/ROS2Humble/turtlebot3_ws/install/turtlebot3_msgs/share/turtlebot3_msgs/cmake/turtlebot3_msgs__rosidl_typesupport_introspection_cExport.cmake
[3.479s] -- Up-to-date: /home/vboxuser/Desktop/ROS2Humble/turtlebot3_ws/install/turtlebot3_msgs/share/turtlebot3_msgs/cmake/turtlebot3_msgs__rosidl_typesupport_introspection_cExport-noconfig.cmake
[3.483s] -- Up-to-date: /home/vboxuser/Desktop/ROS2Humble/turtlebot3_ws/install/turtlebot3_msgs/share/turtlebot3_msgs/cmake/turtlebot3_msgs__rosidl_typesupport_cExport.cmake
[3.483s] -- Up-to-date: /home/vboxuser/Desktop/ROS2Humble/turtlebot3_ws/install/turtlebot3_msgs/share/turtlebot3_msgs/cmake/turtlebot3_msgs__rosidl_typesupport_cExport-noconfig.cmake
[3.489s] -- Up-to-date: /home/vboxuser/Desktop/ROS2Humble/turtlebot3_ws/install/turtlebot3_msgs/share/turtlebot3_msgs/cmake/turtlebot3_msgs__rosidl_typesupport_introspection_cppExport.cmake
[3.490s] -- Up-to-date: /home/vboxuser/Desktop/ROS2Humble/turtlebot3_ws/install/turtlebot3_msgs/share/turtlebot3_msgs/cmake/turtlebot3_msgs__rosidl_typesupport_introspection_cppExport-noconfig.cmake
[3.509s] -- Up-to-date: /home/vboxuser/Desktop/ROS2Humble/turtlebot3_ws/install/turtlebot3_msgs/share/turtlebot3_msgs/cmake/turtlebot3_msgs__rosidl_typesupport_cppExport.cmake
[3.509s] -- Up-to-date: /home/vboxuser/Desktop/ROS2Humble/turtlebot3_ws/install/turtlebot3_msgs/share/turtlebot3_msgs/cmake/turtlebot3_msgs__rosidl_typesupport_cppExport-noconfig.cmake
[3.509s] -- Up-to-date: /home/vboxuser/Desktop/ROS2Humble/turtlebot3_ws/install/turtlebot3_msgs/share/turtlebot3_msgs/cmake/export_turtlebot3_msgs__rosidl_generator_pyExport.cmake
[3.509s] -- Up-to-date: /home/vboxuser/Desktop/ROS2Humble/turtlebot3_ws/install/turtlebot3_msgs/share/turtlebot3_msgs/cmake/export_turtlebot3_msgs__rosidl_generator_pyExport-noconfig.cmake
[3.510s] -- Up-to-date: /home/vboxuser/Desktop/ROS2Humble/turtlebot3_ws/install/turtlebot3_msgs/share/turtlebot3_msgs/cmake/rosidl_cmake-extras.cmake
[3.510s] -- Up-to-date: /home/vboxuser/Desktop/ROS2Humble/turtlebot3_ws/install/turtlebot3_msgs/share/turtlebot3_msgs/cmake/ament_cmake_export_dependencies-extras.cmake
[3.510s] -- Up-to-date: /home/vboxuser/Desktop/ROS2Humble/turtlebot3_ws/install/turtlebot3_msgs/share/turtlebot3_msgs/cmake/ament_cmake_export_include_directories-extras.cmake
[3.510s] -- Up-to-date: /home/vboxuser/Desktop/ROS2Humble/turtlebot3_ws/install/turtlebot3_msgs/share/turtlebot3_msgs/cmake/ament_cmake_export_libraries-extras.cmake
[3.510s] -- Up-to-date: /home/vboxuser/Desktop/ROS2Humble/turtlebot3_ws/install/turtlebot3_msgs/share/turtlebot3_msgs/cmake/ament_cmake_export_targets-extras.cmake
[3.510s] -- Up-to-date: /home/vboxuser/Desktop/ROS2Humble/turtlebot3_ws/install/turtlebot3_msgs/share/turtlebot3_msgs/cmake/rosidl_cmake_export_typesupport_targets-extras.cmake
[3.510s] -- Up-to-date: /home/vboxuser/Desktop/ROS2Humble/turtlebot3_ws/install/turtlebot3_msgs/share/turtlebot3_msgs/cmake/rosidl_cmake_export_typesupport_libraries-extras.cmake
[3.510s] -- Up-to-date: /home/vboxuser/Desktop/ROS2Humble/turtlebot3_ws/install/turtlebot3_msgs/share/turtlebot3_msgs/cmake/turtlebot3_msgsConfig.cmake
[3.510s] -- Up-to-date: /home/vboxuser/Desktop/ROS2Humble/turtlebot3_ws/install/turtlebot3_msgs/share/turtlebot3_msgs/cmake/turtlebot3_msgsConfig-version.cmake
[3.510s] -- Up-to-date: /home/vboxuser/Desktop/ROS2Humble/turtlebot3_ws/install/turtlebot3_msgs/share/turtlebot3_msgs/package.xml
[3.654s] Invoked command in '/home/vboxuser/Desktop/ROS2Humble/turtlebot3_ws/build/turtlebot3_msgs' returned '0': CMAKE_PREFIX_PATH=${CMAKE_PREFIX_PATH}:/home/vboxuser/Desktop/ROS2Humble/basic_ws/install/pubsub:/home/vboxuser/Desktop/ROS2Humble/ros2_ws/install/my_robot_controller:/home/vboxuser/Desktop/ROS2Humble/urdf_ws/install/teleop_agv_keyboard:/opt/ros/humble /usr/bin/cmake --install /home/vboxuser/Desktop/ROS2Humble/turtlebot3_ws/build/turtlebot3_msgs
