[1.029s] Invoking command in '/home/vboxuser/Desktop/ROS2Humble/ros2_ws/build/my_robot_controller': PYTHONPATH=/home/vboxuser/Desktop/ROS2Humble/ros2_ws/build/my_robot_controller/prefix_override:/usr/lib/python3/dist-packages/colcon_core/task/python/colcon_distutils_commands:/home/vboxuser/Desktop/ROS2Humble/ros2_ws/install/my_robot_controller/lib/python3.10/site-packages:${PYTHONPATH} /usr/bin/python3 -W ignore:setup.py install is deprecated -W ignore:easy_install command is deprecated setup.py develop --editable --build-directory /home/vboxuser/Desktop/ROS2Humble/ros2_ws/build/my_robot_controller/build --no-deps symlink_data
[1.348s] running develop
[1.446s] running egg_info
[1.447s] creating my_robot_controller.egg-info
[1.447s] writing my_robot_controller.egg-info/PKG-INFO
[1.449s] writing dependency_links to my_robot_controller.egg-info/dependency_links.txt
[1.451s] writing entry points to my_robot_controller.egg-info/entry_points.txt
[1.451s] writing requirements to my_robot_controller.egg-info/requires.txt
[1.451s] writing top-level names to my_robot_controller.egg-info/top_level.txt
[1.451s] writing manifest file 'my_robot_controller.egg-info/SOURCES.txt'
[1.454s] reading manifest file 'my_robot_controller.egg-info/SOURCES.txt'
[1.455s] writing manifest file 'my_robot_controller.egg-info/SOURCES.txt'
[1.457s] running build_ext
[1.458s] Creating /home/vboxuser/Desktop/ROS2Humble/ros2_ws/install/my_robot_controller/lib/python3.10/site-packages/my-robot-controller.egg-link (link to .)
[1.459s] Installing test_node script to /home/vboxuser/Desktop/ROS2Humble/ros2_ws/install/my_robot_controller/lib/my_robot_controller
[1.460s] 
[1.461s] Installed /home/vboxuser/Desktop/ROS2Humble/ros2_ws/build/my_robot_controller
[1.461s] running symlink_data
[1.461s] creating /home/vboxuser/Desktop/ROS2Humble/ros2_ws/install/my_robot_controller/share/ament_index
[1.461s] creating /home/vboxuser/Desktop/ROS2Humble/ros2_ws/install/my_robot_controller/share/ament_index/resource_index
[1.461s] creating /home/vboxuser/Desktop/ROS2Humble/ros2_ws/install/my_robot_controller/share/ament_index/resource_index/packages
[1.462s] symbolically linking /home/vboxuser/Desktop/ROS2Humble/ros2_ws/build/my_robot_controller/resource/my_robot_controller -> /home/vboxuser/Desktop/ROS2Humble/ros2_ws/install/my_robot_controller/share/ament_index/resource_index/packages
[1.462s] symbolically linking /home/vboxuser/Desktop/ROS2Humble/ros2_ws/build/my_robot_controller/package.xml -> /home/vboxuser/Desktop/ROS2Humble/ros2_ws/install/my_robot_controller/share/my_robot_controller
[1.524s] Invoked command in '/home/vboxuser/Desktop/ROS2Humble/ros2_ws/build/my_robot_controller' returned '0': PYTHONPATH=/home/vboxuser/Desktop/ROS2Humble/ros2_ws/build/my_robot_controller/prefix_override:/usr/lib/python3/dist-packages/colcon_core/task/python/colcon_distutils_commands:/home/vboxuser/Desktop/ROS2Humble/ros2_ws/install/my_robot_controller/lib/python3.10/site-packages:${PYTHONPATH} /usr/bin/python3 -W ignore:setup.py install is deprecated -W ignore:easy_install command is deprecated setup.py develop --editable --build-directory /home/vboxuser/Desktop/ROS2Humble/ros2_ws/build/my_robot_controller/build --no-deps symlink_data
