[0.798s] DEBUG:colcon:Command line arguments: ['/usr/bin/colcon', 'list', '-p', '--base-paths', '/home/ueux/Desktop/ROS2Humble/ddmobile_ws']
[0.799s] DEBUG:colcon:Parsed command line arguments: Namespace(log_base=None, log_level=None, verb_name='list', build_base='build', ignore_user_meta=False, metas=['./colcon.meta'], base_paths=['/home/ueux/Desktop/ROS2Humble/ddmobile_ws'], packages_ignore=None, packages_ignore_regex=None, paths=None, packages_up_to=None, packages_up_to_regex=None, packages_above=None, packages_above_and_dependencies=None, packages_above_depth=None, packages_select_by_dep=None, packages_skip_by_dep=None, packages_skip_up_to=None, packages_select_build_failed=False, packages_skip_build_finished=False, packages_select_test_failures=False, packages_skip_test_passed=False, packages_select=None, packages_skip=None, packages_select_regex=None, packages_skip_regex=None, packages_start=None, packages_end=None, allow_overriding=[], topological_order=False, names_only=False, paths_only=True, topological_graph=False, topological_graph_dot=False, topological_graph_density=False, topological_graph_legend=False, topological_graph_dot_cluster=False, topological_graph_dot_include_skipped=False, verb_parser=<colcon_defaults.argument_parser.defaults.DefaultArgumentsDecorator object at 0x78c008d149d0>, verb_extension=<colcon_package_information.verb.list.ListVerb object at 0x78c008ed1660>, main=<bound method ListVerb.main of <colcon_package_information.verb.list.ListVerb object at 0x78c008ed1660>>)
[2.669s] Level 1:colcon.colcon_core.package_discovery:discover_packages(colcon_meta) check parameters
[2.683s] Level 1:colcon.colcon_core.package_discovery:discover_packages(recursive) check parameters
[2.683s] Level 1:colcon.colcon_core.package_discovery:discover_packages(ignore) check parameters
[2.683s] Level 1:colcon.colcon_core.package_discovery:discover_packages(path) check parameters
[2.683s] Level 1:colcon.colcon_core.package_discovery:discover_packages(recursive) discover
[2.683s] INFO:colcon.colcon_core.package_discovery:Crawling recursively for packages in '/home/ueux/Desktop/ROS2Humble/ddmobile_ws'
[2.684s] Level 1:colcon.colcon_core.package_identification:_identify(/home/ueux/Desktop/ROS2Humble/ddmobile_ws) by extensions ['ignore', 'ignore_ament_install']
[2.684s] Level 1:colcon.colcon_core.package_identification:_identify(/home/ueux/Desktop/ROS2Humble/ddmobile_ws) by extension 'ignore'
[2.684s] Level 1:colcon.colcon_core.package_identification:_identify(/home/ueux/Desktop/ROS2Humble/ddmobile_ws) by extension 'ignore_ament_install'
[2.684s] Level 1:colcon.colcon_core.package_identification:_identify(/home/ueux/Desktop/ROS2Humble/ddmobile_ws) by extensions ['colcon_pkg']
[2.684s] Level 1:colcon.colcon_core.package_identification:_identify(/home/ueux/Desktop/ROS2Humble/ddmobile_ws) by extension 'colcon_pkg'
[2.684s] Level 1:colcon.colcon_core.package_identification:_identify(/home/ueux/Desktop/ROS2Humble/ddmobile_ws) by extensions ['colcon_meta']
[2.684s] Level 1:colcon.colcon_core.package_identification:_identify(/home/ueux/Desktop/ROS2Humble/ddmobile_ws) by extension 'colcon_meta'
[2.684s] Level 1:colcon.colcon_core.package_identification:_identify(/home/ueux/Desktop/ROS2Humble/ddmobile_ws) by extensions ['ros']
[2.684s] Level 1:colcon.colcon_core.package_identification:_identify(/home/ueux/Desktop/ROS2Humble/ddmobile_ws) by extension 'ros'
[3.215s] Level 1:colcon.colcon_core.package_identification:_identify(/home/ueux/Desktop/ROS2Humble/ddmobile_ws) by extensions ['cmake', 'python']
[3.216s] Level 1:colcon.colcon_core.package_identification:_identify(/home/ueux/Desktop/ROS2Humble/ddmobile_ws) by extension 'cmake'
[3.245s] Level 1:colcon.colcon_core.package_identification:_identify(/home/ueux/Desktop/ROS2Humble/ddmobile_ws) by extension 'python'
[3.250s] Level 1:colcon.colcon_core.package_identification:_identify(/home/ueux/Desktop/ROS2Humble/ddmobile_ws) by extensions ['python_setup_py']
[3.250s] Level 1:colcon.colcon_core.package_identification:_identify(/home/ueux/Desktop/ROS2Humble/ddmobile_ws) by extension 'python_setup_py'
[3.255s] Level 1:colcon.colcon_core.package_identification:_identify(/home/ueux/Desktop/ROS2Humble/ddmobile_ws/build) by extensions ['ignore', 'ignore_ament_install']
[3.255s] Level 1:colcon.colcon_core.package_identification:_identify(/home/ueux/Desktop/ROS2Humble/ddmobile_ws/build) by extension 'ignore'
[3.255s] Level 1:colcon.colcon_core.package_identification:_identify(/home/ueux/Desktop/ROS2Humble/ddmobile_ws/build) ignored
[3.258s] Level 1:colcon.colcon_core.package_identification:_identify(/home/ueux/Desktop/ROS2Humble/ddmobile_ws/install) by extensions ['ignore', 'ignore_ament_install']
[3.267s] Level 1:colcon.colcon_core.package_identification:_identify(/home/ueux/Desktop/ROS2Humble/ddmobile_ws/install) by extension 'ignore'
[3.267s] Level 1:colcon.colcon_core.package_identification:_identify(/home/ueux/Desktop/ROS2Humble/ddmobile_ws/install) ignored
[3.268s] Level 1:colcon.colcon_core.package_identification:_identify(/home/ueux/Desktop/ROS2Humble/ddmobile_ws/log) by extensions ['ignore', 'ignore_ament_install']
[3.268s] Level 1:colcon.colcon_core.package_identification:_identify(/home/ueux/Desktop/ROS2Humble/ddmobile_ws/log) by extension 'ignore'
[3.268s] Level 1:colcon.colcon_core.package_identification:_identify(/home/ueux/Desktop/ROS2Humble/ddmobile_ws/log) ignored
[3.268s] Level 1:colcon.colcon_core.package_identification:_identify(/home/ueux/Desktop/ROS2Humble/ddmobile_ws/src) by extensions ['ignore', 'ignore_ament_install']
[3.268s] Level 1:colcon.colcon_core.package_identification:_identify(/home/ueux/Desktop/ROS2Humble/ddmobile_ws/src) by extension 'ignore'
[3.268s] Level 1:colcon.colcon_core.package_identification:_identify(/home/ueux/Desktop/ROS2Humble/ddmobile_ws/src) by extension 'ignore_ament_install'
[3.269s] Level 1:colcon.colcon_core.package_identification:_identify(/home/ueux/Desktop/ROS2Humble/ddmobile_ws/src) by extensions ['colcon_pkg']
[3.269s] Level 1:colcon.colcon_core.package_identification:_identify(/home/ueux/Desktop/ROS2Humble/ddmobile_ws/src) by extension 'colcon_pkg'
[3.269s] Level 1:colcon.colcon_core.package_identification:_identify(/home/ueux/Desktop/ROS2Humble/ddmobile_ws/src) by extensions ['colcon_meta']
[3.269s] Level 1:colcon.colcon_core.package_identification:_identify(/home/ueux/Desktop/ROS2Humble/ddmobile_ws/src) by extension 'colcon_meta'
[3.269s] Level 1:colcon.colcon_core.package_identification:_identify(/home/ueux/Desktop/ROS2Humble/ddmobile_ws/src) by extensions ['ros']
[3.269s] Level 1:colcon.colcon_core.package_identification:_identify(/home/ueux/Desktop/ROS2Humble/ddmobile_ws/src) by extension 'ros'
[3.282s] Level 1:colcon.colcon_core.package_identification:_identify(/home/ueux/Desktop/ROS2Humble/ddmobile_ws/src) by extensions ['cmake', 'python']
[3.282s] Level 1:colcon.colcon_core.package_identification:_identify(/home/ueux/Desktop/ROS2Humble/ddmobile_ws/src) by extension 'cmake'
[3.287s] Level 1:colcon.colcon_core.package_identification:_identify(/home/ueux/Desktop/ROS2Humble/ddmobile_ws/src) by extension 'python'
[3.287s] Level 1:colcon.colcon_core.package_identification:_identify(/home/ueux/Desktop/ROS2Humble/ddmobile_ws/src) by extensions ['python_setup_py']
[3.287s] Level 1:colcon.colcon_core.package_identification:_identify(/home/ueux/Desktop/ROS2Humble/ddmobile_ws/src) by extension 'python_setup_py'
[3.294s] Level 1:colcon.colcon_core.package_identification:_identify(/home/ueux/Desktop/ROS2Humble/ddmobile_ws/src/mobile_dd_robot) by extensions ['ignore', 'ignore_ament_install']
[3.295s] Level 1:colcon.colcon_core.package_identification:_identify(/home/ueux/Desktop/ROS2Humble/ddmobile_ws/src/mobile_dd_robot) by extension 'ignore'
[3.302s] Level 1:colcon.colcon_core.package_identification:_identify(/home/ueux/Desktop/ROS2Humble/ddmobile_ws/src/mobile_dd_robot) by extension 'ignore_ament_install'
[3.303s] Level 1:colcon.colcon_core.package_identification:_identify(/home/ueux/Desktop/ROS2Humble/ddmobile_ws/src/mobile_dd_robot) by extensions ['colcon_pkg']
[3.303s] Level 1:colcon.colcon_core.package_identification:_identify(/home/ueux/Desktop/ROS2Humble/ddmobile_ws/src/mobile_dd_robot) by extension 'colcon_pkg'
[3.304s] Level 1:colcon.colcon_core.package_identification:_identify(/home/ueux/Desktop/ROS2Humble/ddmobile_ws/src/mobile_dd_robot) by extensions ['colcon_meta']
[3.304s] Level 1:colcon.colcon_core.package_identification:_identify(/home/ueux/Desktop/ROS2Humble/ddmobile_ws/src/mobile_dd_robot) by extension 'colcon_meta'
[3.304s] Level 1:colcon.colcon_core.package_identification:_identify(/home/ueux/Desktop/ROS2Humble/ddmobile_ws/src/mobile_dd_robot) by extensions ['ros']
[3.304s] Level 1:colcon.colcon_core.package_identification:_identify(/home/ueux/Desktop/ROS2Humble/ddmobile_ws/src/mobile_dd_robot) by extension 'ros'
[3.456s] DEBUG:colcon.colcon_core.package_identification:Package '/home/ueux/Desktop/ROS2Humble/ddmobile_ws/src/mobile_dd_robot' with type 'ros.ament_cmake' and name 'mobile_dd_robot'
[3.456s] Level 1:colcon.colcon_core.package_discovery:discover_packages(recursive) using defaults
