[2.592s] Invoking command in '/home/vboxuser/Desktop/ROS2Humble/turtlebot3_ws/src/turtlebot3/turtlebot3_example': AMENT_PREFIX_PATH=/home/vboxuser/Desktop/ROS2Humble/turtlebot3_ws/install/turtlebot3_msgs:${AMENT_PREFIX_PATH} CMAKE_PREFIX_PATH=/home/vboxuser/Desktop/ROS2Humble/turtlebot3_ws/install/turtlebot3_msgs:${CMAKE_PREFIX_PATH} LD_LIBRARY_PATH=/home/vboxuser/Desktop/ROS2Humble/turtlebot3_ws/install/turtlebot3_msgs/lib:${LD_LIBRARY_PATH} PYTHONPATH=/home/vboxuser/Desktop/ROS2Humble/turtlebot3_ws/build/turtlebot3_example/prefix_override:/usr/lib/python3/dist-packages/colcon_core/task/python/colcon_distutils_commands:/home/vboxuser/Desktop/ROS2Humble/turtlebot3_ws/install/turtlebot3_example/lib/python3.10/site-packages:/home/vboxuser/Desktop/ROS2Humble/turtlebot3_ws/install/turtlebot3_msgs/local/lib/python3.10/dist-packages:${PYTHONPATH} /usr/bin/python3 -W ignore:setup.py install is deprecated -W ignore:easy_install command is deprecated setup.py egg_info --egg-base ../../../build/turtlebot3_example build --build-base /home/vboxuser/Desktop/ROS2Humble/turtlebot3_ws/build/turtlebot3_example/build install --record /home/vboxuser/Desktop/ROS2Humble/turtlebot3_ws/build/turtlebot3_example/install.log --single-version-externally-managed install_data
[3.147s] running egg_info
[3.150s] writing ../../../build/turtlebot3_example/turtlebot3_example.egg-info/PKG-INFO
[3.153s] writing dependency_links to ../../../build/turtlebot3_example/turtlebot3_example.egg-info/dependency_links.txt
[3.153s] writing entry points to ../../../build/turtlebot3_example/turtlebot3_example.egg-info/entry_points.txt
[3.156s] writing requirements to ../../../build/turtlebot3_example/turtlebot3_example.egg-info/requires.txt
[3.156s] writing top-level names to ../../../build/turtlebot3_example/turtlebot3_example.egg-info/top_level.txt
[3.163s] reading manifest file '../../../build/turtlebot3_example/turtlebot3_example.egg-info/SOURCES.txt'
[3.168s] writing manifest file '../../../build/turtlebot3_example/turtlebot3_example.egg-info/SOURCES.txt'
[3.169s] running build
[3.169s] running build_py
[3.188s] running install
[3.196s] running install_lib
[3.236s] running install_data
[3.239s] running install_egg_info
[3.247s] removing '/home/vboxuser/Desktop/ROS2Humble/turtlebot3_ws/install/turtlebot3_example/lib/python3.10/site-packages/turtlebot3_example-2.1.5-py3.10.egg-info' (and everything under it)
[3.250s] Copying ../../../build/turtlebot3_example/turtlebot3_example.egg-info to /home/vboxuser/Desktop/ROS2Humble/turtlebot3_ws/install/turtlebot3_example/lib/python3.10/site-packages/turtlebot3_example-2.1.5-py3.10.egg-info
[3.262s] running install_scripts
[3.620s] Installing turtlebot3_obstacle_detection script to /home/vboxuser/Desktop/ROS2Humble/turtlebot3_ws/install/turtlebot3_example/lib/turtlebot3_example
[3.634s] Installing turtlebot3_patrol_client script to /home/vboxuser/Desktop/ROS2Humble/turtlebot3_ws/install/turtlebot3_example/lib/turtlebot3_example
[3.637s] Installing turtlebot3_patrol_server script to /home/vboxuser/Desktop/ROS2Humble/turtlebot3_ws/install/turtlebot3_example/lib/turtlebot3_example
[3.640s] Installing turtlebot3_position_control script to /home/vboxuser/Desktop/ROS2Humble/turtlebot3_ws/install/turtlebot3_example/lib/turtlebot3_example
[3.640s] writing list of installed files to '/home/vboxuser/Desktop/ROS2Humble/turtlebot3_ws/build/turtlebot3_example/install.log'
[3.770s] Invoked command in '/home/vboxuser/Desktop/ROS2Humble/turtlebot3_ws/src/turtlebot3/turtlebot3_example' returned '0': AMENT_PREFIX_PATH=/home/vboxuser/Desktop/ROS2Humble/turtlebot3_ws/install/turtlebot3_msgs:${AMENT_PREFIX_PATH} CMAKE_PREFIX_PATH=/home/vboxuser/Desktop/ROS2Humble/turtlebot3_ws/install/turtlebot3_msgs:${CMAKE_PREFIX_PATH} LD_LIBRARY_PATH=/home/vboxuser/Desktop/ROS2Humble/turtlebot3_ws/install/turtlebot3_msgs/lib:${LD_LIBRARY_PATH} PYTHONPATH=/home/vboxuser/Desktop/ROS2Humble/turtlebot3_ws/build/turtlebot3_example/prefix_override:/usr/lib/python3/dist-packages/colcon_core/task/python/colcon_distutils_commands:/home/vboxuser/Desktop/ROS2Humble/turtlebot3_ws/install/turtlebot3_example/lib/python3.10/site-packages:/home/vboxuser/Desktop/ROS2Humble/turtlebot3_ws/install/turtlebot3_msgs/local/lib/python3.10/dist-packages:${PYTHONPATH} /usr/bin/python3 -W ignore:setup.py install is deprecated -W ignore:easy_install command is deprecated setup.py egg_info --egg-base ../../../build/turtlebot3_example build --build-base /home/vboxuser/Desktop/ROS2Humble/turtlebot3_ws/build/turtlebot3_example/build install --record /home/vboxuser/Desktop/ROS2Humble/turtlebot3_ws/build/turtlebot3_example/install.log --single-version-externally-managed install_data
