[5.015s] Invoking command in '/home/vboxuser/Desktop/ROS2Humble/turtlebot3_ws/src/turtlebot3/turtlebot3_teleop': PYTHONPATH=/home/vboxuser/Desktop/ROS2Humble/turtlebot3_ws/build/turtlebot3_teleop/prefix_override:/usr/lib/python3/dist-packages/colcon_core/task/python/colcon_distutils_commands:/home/vboxuser/Desktop/ROS2Humble/turtlebot3_ws/install/turtlebot3_teleop/lib/python3.10/site-packages:${PYTHONPATH} /usr/bin/python3 -W ignore:setup.py install is deprecated -W ignore:easy_install command is deprecated setup.py egg_info --egg-base ../../../build/turtlebot3_teleop build --build-base /home/vboxuser/Desktop/ROS2Humble/turtlebot3_ws/build/turtlebot3_teleop/build install --record /home/vboxuser/Desktop/ROS2Humble/turtlebot3_ws/build/turtlebot3_teleop/install.log --single-version-externally-managed install_data
[5.601s] running egg_info
[5.604s] creating ../../../build/turtlebot3_teleop/turtlebot3_teleop.egg-info
[5.604s] writing ../../../build/turtlebot3_teleop/turtlebot3_teleop.egg-info/PKG-INFO
[5.604s] writing dependency_links to ../../../build/turtlebot3_teleop/turtlebot3_teleop.egg-info/dependency_links.txt
[5.604s] writing entry points to ../../../build/turtlebot3_teleop/turtlebot3_teleop.egg-info/entry_points.txt
[5.604s] writing requirements to ../../../build/turtlebot3_teleop/turtlebot3_teleop.egg-info/requires.txt
[5.604s] writing top-level names to ../../../build/turtlebot3_teleop/turtlebot3_teleop.egg-info/top_level.txt
[5.605s] writing manifest file '../../../build/turtlebot3_teleop/turtlebot3_teleop.egg-info/SOURCES.txt'
[5.609s] reading manifest file '../../../build/turtlebot3_teleop/turtlebot3_teleop.egg-info/SOURCES.txt'
[5.635s] writing manifest file '../../../build/turtlebot3_teleop/turtlebot3_teleop.egg-info/SOURCES.txt'
[5.635s] running build
[5.635s] running build_py
[5.635s] creating /home/vboxuser/Desktop/ROS2Humble/turtlebot3_ws/build/turtlebot3_teleop/build
[5.643s] creating /home/vboxuser/Desktop/ROS2Humble/turtlebot3_ws/build/turtlebot3_teleop/build/lib
[5.643s] creating /home/vboxuser/Desktop/ROS2Humble/turtlebot3_ws/build/turtlebot3_teleop/build/lib/turtlebot3_teleop
[5.643s] copying turtlebot3_teleop/__init__.py -> /home/vboxuser/Desktop/ROS2Humble/turtlebot3_ws/build/turtlebot3_teleop/build/lib/turtlebot3_teleop
[5.643s] creating /home/vboxuser/Desktop/ROS2Humble/turtlebot3_ws/build/turtlebot3_teleop/build/lib/turtlebot3_teleop/script
[5.644s] copying turtlebot3_teleop/script/__init__.py -> /home/vboxuser/Desktop/ROS2Humble/turtlebot3_ws/build/turtlebot3_teleop/build/lib/turtlebot3_teleop/script
[5.644s] copying turtlebot3_teleop/script/teleop_keyboard.py -> /home/vboxuser/Desktop/ROS2Humble/turtlebot3_ws/build/turtlebot3_teleop/build/lib/turtlebot3_teleop/script
[5.644s] running install
[5.644s] running install_lib
[5.644s] creating /home/vboxuser/Desktop/ROS2Humble/turtlebot3_ws/install/turtlebot3_teleop/lib/python3.10/site-packages/turtlebot3_teleop
[5.644s] copying /home/vboxuser/Desktop/ROS2Humble/turtlebot3_ws/build/turtlebot3_teleop/build/lib/turtlebot3_teleop/__init__.py -> /home/vboxuser/Desktop/ROS2Humble/turtlebot3_ws/install/turtlebot3_teleop/lib/python3.10/site-packages/turtlebot3_teleop
[5.644s] creating /home/vboxuser/Desktop/ROS2Humble/turtlebot3_ws/install/turtlebot3_teleop/lib/python3.10/site-packages/turtlebot3_teleop/script
[5.644s] copying /home/vboxuser/Desktop/ROS2Humble/turtlebot3_ws/build/turtlebot3_teleop/build/lib/turtlebot3_teleop/script/__init__.py -> /home/vboxuser/Desktop/ROS2Humble/turtlebot3_ws/install/turtlebot3_teleop/lib/python3.10/site-packages/turtlebot3_teleop/script
[5.644s] copying /home/vboxuser/Desktop/ROS2Humble/turtlebot3_ws/build/turtlebot3_teleop/build/lib/turtlebot3_teleop/script/teleop_keyboard.py -> /home/vboxuser/Desktop/ROS2Humble/turtlebot3_ws/install/turtlebot3_teleop/lib/python3.10/site-packages/turtlebot3_teleop/script
[5.644s] byte-compiling /home/vboxuser/Desktop/ROS2Humble/turtlebot3_ws/install/turtlebot3_teleop/lib/python3.10/site-packages/turtlebot3_teleop/__init__.py to __init__.cpython-310.pyc
[5.644s] byte-compiling /home/vboxuser/Desktop/ROS2Humble/turtlebot3_ws/install/turtlebot3_teleop/lib/python3.10/site-packages/turtlebot3_teleop/script/__init__.py to __init__.cpython-310.pyc
[5.644s] byte-compiling /home/vboxuser/Desktop/ROS2Humble/turtlebot3_ws/install/turtlebot3_teleop/lib/python3.10/site-packages/turtlebot3_teleop/script/teleop_keyboard.py to teleop_keyboard.cpython-310.pyc
[5.644s] running install_data
[5.644s] creating /home/vboxuser/Desktop/ROS2Humble/turtlebot3_ws/install/turtlebot3_teleop/share/ament_index
[5.644s] creating /home/vboxuser/Desktop/ROS2Humble/turtlebot3_ws/install/turtlebot3_teleop/share/ament_index/resource_index
[5.644s] creating /home/vboxuser/Desktop/ROS2Humble/turtlebot3_ws/install/turtlebot3_teleop/share/ament_index/resource_index/packages
[5.644s] copying resource/turtlebot3_teleop -> /home/vboxuser/Desktop/ROS2Humble/turtlebot3_ws/install/turtlebot3_teleop/share/ament_index/resource_index/packages
[5.644s] copying package.xml -> /home/vboxuser/Desktop/ROS2Humble/turtlebot3_ws/install/turtlebot3_teleop/share/turtlebot3_teleop
[5.644s] running install_egg_info
[5.644s] Copying ../../../build/turtlebot3_teleop/turtlebot3_teleop.egg-info to /home/vboxuser/Desktop/ROS2Humble/turtlebot3_ws/install/turtlebot3_teleop/lib/python3.10/site-packages/turtlebot3_teleop-2.1.5-py3.10.egg-info
[5.651s] running install_scripts
[5.749s] Installing teleop_keyboard script to /home/vboxuser/Desktop/ROS2Humble/turtlebot3_ws/install/turtlebot3_teleop/lib/turtlebot3_teleop
[5.761s] writing list of installed files to '/home/vboxuser/Desktop/ROS2Humble/turtlebot3_ws/build/turtlebot3_teleop/install.log'
[5.895s] Invoked command in '/home/vboxuser/Desktop/ROS2Humble/turtlebot3_ws/src/turtlebot3/turtlebot3_teleop' returned '0': PYTHONPATH=/home/vboxuser/Desktop/ROS2Humble/turtlebot3_ws/build/turtlebot3_teleop/prefix_override:/usr/lib/python3/dist-packages/colcon_core/task/python/colcon_distutils_commands:/home/vboxuser/Desktop/ROS2Humble/turtlebot3_ws/install/turtlebot3_teleop/lib/python3.10/site-packages:${PYTHONPATH} /usr/bin/python3 -W ignore:setup.py install is deprecated -W ignore:easy_install command is deprecated setup.py egg_info --egg-base ../../../build/turtlebot3_teleop build --build-base /home/vboxuser/Desktop/ROS2Humble/turtlebot3_ws/build/turtlebot3_teleop/build install --record /home/vboxuser/Desktop/ROS2Humble/turtlebot3_ws/build/turtlebot3_teleop/install.log --single-version-externally-managed install_data
