running egg_info
creating ../../build/my_image_publisher/my_image_publisher.egg-info
writing ../../build/my_image_publisher/my_image_publisher.egg-info/PKG-INFO
writing dependency_links to ../../build/my_image_publisher/my_image_publisher.egg-info/dependency_links.txt
writing entry points to ../../build/my_image_publisher/my_image_publisher.egg-info/entry_points.txt
writing requirements to ../../build/my_image_publisher/my_image_publisher.egg-info/requires.txt
writing top-level names to ../../build/my_image_publisher/my_image_publisher.egg-info/top_level.txt
writing manifest file '../../build/my_image_publisher/my_image_publisher.egg-info/SOURCES.txt'
reading manifest file '../../build/my_image_publisher/my_image_publisher.egg-info/SOURCES.txt'
writing manifest file '../../build/my_image_publisher/my_image_publisher.egg-info/SOURCES.txt'
running build
running build_py
creating /home/navaneeth/Documents/course/opencv/opencv_ws/build/my_image_publisher/build
creating /home/navaneeth/Documents/course/opencv/opencv_ws/build/my_image_publisher/build/lib
creating /home/navaneeth/Documents/course/opencv/opencv_ws/build/my_image_publisher/build/lib/my_image_publisher
copying my_image_publisher/__init__.py -> /home/navaneeth/Documents/course/opencv/opencv_ws/build/my_image_publisher/build/lib/my_image_publisher
copying my_image_publisher/image_publisher.py -> /home/navaneeth/Documents/course/opencv/opencv_ws/build/my_image_publisher/build/lib/my_image_publisher
running install
running install_lib
creating /home/navaneeth/Documents/course/opencv/opencv_ws/install/my_image_publisher/lib/python3.10/site-packages/my_image_publisher
copying /home/navaneeth/Documents/course/opencv/opencv_ws/build/my_image_publisher/build/lib/my_image_publisher/__init__.py -> /home/navaneeth/Documents/course/opencv/opencv_ws/install/my_image_publisher/lib/python3.10/site-packages/my_image_publisher
copying /home/navaneeth/Documents/course/opencv/opencv_ws/build/my_image_publisher/build/lib/my_image_publisher/image_publisher.py -> /home/navaneeth/Documents/course/opencv/opencv_ws/install/my_image_publisher/lib/python3.10/site-packages/my_image_publisher
byte-compiling /home/navaneeth/Documents/course/opencv/opencv_ws/install/my_image_publisher/lib/python3.10/site-packages/my_image_publisher/__init__.py to __init__.cpython-310.pyc
byte-compiling /home/navaneeth/Documents/course/opencv/opencv_ws/install/my_image_publisher/lib/python3.10/site-packages/my_image_publisher/image_publisher.py to image_publisher.cpython-310.pyc
running install_data
creating /home/navaneeth/Documents/course/opencv/opencv_ws/install/my_image_publisher/share/ament_index
creating /home/navaneeth/Documents/course/opencv/opencv_ws/install/my_image_publisher/share/ament_index/resource_index
creating /home/navaneeth/Documents/course/opencv/opencv_ws/install/my_image_publisher/share/ament_index/resource_index/packages
copying resource/my_image_publisher -> /home/navaneeth/Documents/course/opencv/opencv_ws/install/my_image_publisher/share/ament_index/resource_index/packages
copying package.xml -> /home/navaneeth/Documents/course/opencv/opencv_ws/install/my_image_publisher/share/my_image_publisher
running install_egg_info
Copying ../../build/my_image_publisher/my_image_publisher.egg-info to /home/navaneeth/Documents/course/opencv/opencv_ws/install/my_image_publisher/lib/python3.10/site-packages/my_image_publisher-0.0.0-py3.10.egg-info
running install_scripts
Installing image_publisher script to /home/navaneeth/Documents/course/opencv/opencv_ws/install/my_image_publisher/lib/my_image_publisher
writing list of installed files to '/home/navaneeth/Documents/course/opencv/opencv_ws/build/my_image_publisher/install.log'
