[0.629s] Invoking command in '/home/navaneeth/Documents/course/opencv/opencv_ws/src/my_image_publisher': PYTHONPATH=/home/navaneeth/Documents/course/opencv/opencv_ws/build/my_image_publisher/prefix_override:/home/navaneeth/Documents/course/opencv/opencv_ws/install/my_image_publisher/lib/python3.10/site-packages:${PYTHONPATH} /usr/bin/python3 setup.py egg_info --egg-base ../../build/my_image_publisher build --build-base /home/navaneeth/Documents/course/opencv/opencv_ws/build/my_image_publisher/build install --record /home/navaneeth/Documents/course/opencv/opencv_ws/build/my_image_publisher/install.log --single-version-externally-managed
[0.794s] running egg_info
[0.794s] creating ../../build/my_image_publisher/my_image_publisher.egg-info
[0.794s] writing ../../build/my_image_publisher/my_image_publisher.egg-info/PKG-INFO
[0.794s] writing dependency_links to ../../build/my_image_publisher/my_image_publisher.egg-info/dependency_links.txt
[0.794s] writing entry points to ../../build/my_image_publisher/my_image_publisher.egg-info/entry_points.txt
[0.794s] writing requirements to ../../build/my_image_publisher/my_image_publisher.egg-info/requires.txt
[0.795s] writing top-level names to ../../build/my_image_publisher/my_image_publisher.egg-info/top_level.txt
[0.795s] writing manifest file '../../build/my_image_publisher/my_image_publisher.egg-info/SOURCES.txt'
[0.795s] reading manifest file '../../build/my_image_publisher/my_image_publisher.egg-info/SOURCES.txt'
[0.796s] writing manifest file '../../build/my_image_publisher/my_image_publisher.egg-info/SOURCES.txt'
[0.796s] running build
[0.796s] running build_py
[0.796s] creating /home/navaneeth/Documents/course/opencv/opencv_ws/build/my_image_publisher/build
[0.796s] creating /home/navaneeth/Documents/course/opencv/opencv_ws/build/my_image_publisher/build/lib
[0.796s] creating /home/navaneeth/Documents/course/opencv/opencv_ws/build/my_image_publisher/build/lib/my_image_publisher
[0.797s] copying my_image_publisher/__init__.py -> /home/navaneeth/Documents/course/opencv/opencv_ws/build/my_image_publisher/build/lib/my_image_publisher
[0.797s] copying my_image_publisher/image_publisher.py -> /home/navaneeth/Documents/course/opencv/opencv_ws/build/my_image_publisher/build/lib/my_image_publisher
[0.797s] running install
[0.797s] /usr/lib/python3/dist-packages/setuptools/command/install.py:34: SetuptoolsDeprecationWarning: setup.py install is deprecated. Use build and pip and other standards-based tools.
[0.797s]   warnings.warn(
[0.797s] running install_lib
[0.797s] creating /home/navaneeth/Documents/course/opencv/opencv_ws/install/my_image_publisher/lib/python3.10/site-packages/my_image_publisher
[0.797s] copying /home/navaneeth/Documents/course/opencv/opencv_ws/build/my_image_publisher/build/lib/my_image_publisher/__init__.py -> /home/navaneeth/Documents/course/opencv/opencv_ws/install/my_image_publisher/lib/python3.10/site-packages/my_image_publisher
[0.797s] copying /home/navaneeth/Documents/course/opencv/opencv_ws/build/my_image_publisher/build/lib/my_image_publisher/image_publisher.py -> /home/navaneeth/Documents/course/opencv/opencv_ws/install/my_image_publisher/lib/python3.10/site-packages/my_image_publisher
[0.798s] byte-compiling /home/navaneeth/Documents/course/opencv/opencv_ws/install/my_image_publisher/lib/python3.10/site-packages/my_image_publisher/__init__.py to __init__.cpython-310.pyc
[0.798s] byte-compiling /home/navaneeth/Documents/course/opencv/opencv_ws/install/my_image_publisher/lib/python3.10/site-packages/my_image_publisher/image_publisher.py to image_publisher.cpython-310.pyc
[0.798s] running install_data
[0.798s] creating /home/navaneeth/Documents/course/opencv/opencv_ws/install/my_image_publisher/share/ament_index
[0.798s] creating /home/navaneeth/Documents/course/opencv/opencv_ws/install/my_image_publisher/share/ament_index/resource_index
[0.799s] creating /home/navaneeth/Documents/course/opencv/opencv_ws/install/my_image_publisher/share/ament_index/resource_index/packages
[0.799s] copying resource/my_image_publisher -> /home/navaneeth/Documents/course/opencv/opencv_ws/install/my_image_publisher/share/ament_index/resource_index/packages
[0.799s] copying package.xml -> /home/navaneeth/Documents/course/opencv/opencv_ws/install/my_image_publisher/share/my_image_publisher
[0.799s] running install_egg_info
[0.800s] Copying ../../build/my_image_publisher/my_image_publisher.egg-info to /home/navaneeth/Documents/course/opencv/opencv_ws/install/my_image_publisher/lib/python3.10/site-packages/my_image_publisher-0.0.0-py3.10.egg-info
[0.800s] running install_scripts
[0.813s] Installing image_publisher script to /home/navaneeth/Documents/course/opencv/opencv_ws/install/my_image_publisher/lib/my_image_publisher
[0.813s] writing list of installed files to '/home/navaneeth/Documents/course/opencv/opencv_ws/build/my_image_publisher/install.log'
[0.827s] Invoked command in '/home/navaneeth/Documents/course/opencv/opencv_ws/src/my_image_publisher' returned '0': PYTHONPATH=/home/navaneeth/Documents/course/opencv/opencv_ws/build/my_image_publisher/prefix_override:/home/navaneeth/Documents/course/opencv/opencv_ws/install/my_image_publisher/lib/python3.10/site-packages:${PYTHONPATH} /usr/bin/python3 setup.py egg_info --egg-base ../../build/my_image_publisher build --build-base /home/navaneeth/Documents/course/opencv/opencv_ws/build/my_image_publisher/build install --record /home/navaneeth/Documents/course/opencv/opencv_ws/build/my_image_publisher/install.log --single-version-externally-managed
