running egg_info
writing ../../build/pubsub/pubsub.egg-info/PKG-INFO
writing dependency_links to ../../build/pubsub/pubsub.egg-info/dependency_links.txt
writing entry points to ../../build/pubsub/pubsub.egg-info/entry_points.txt
writing requirements to ../../build/pubsub/pubsub.egg-info/requires.txt
writing top-level names to ../../build/pubsub/pubsub.egg-info/top_level.txt
reading manifest file '../../build/pubsub/pubsub.egg-info/SOURCES.txt'
adding license file 'LICENSE'
writing manifest file '../../build/pubsub/pubsub.egg-info/SOURCES.txt'
running build
running build_py
copying pubsub/publisher.py -> /home/navaneeth/Documents/course/Practice_programs/ROS2/roboai_ws/build/pubsub/build/lib/pubsub
running install
running install_lib
copying /home/navaneeth/Documents/course/Practice_programs/ROS2/roboai_ws/build/pubsub/build/lib/pubsub/publisher.py -> /home/navaneeth/Documents/course/Practice_programs/ROS2/roboai_ws/install/pubsub/lib/python3.10/site-packages/pubsub
byte-compiling /home/navaneeth/Documents/course/Practice_programs/ROS2/roboai_ws/install/pubsub/lib/python3.10/site-packages/pubsub/publisher.py to publisher.cpython-310.pyc
running install_data
running install_egg_info
removing '/home/navaneeth/Documents/course/Practice_programs/ROS2/roboai_ws/install/pubsub/lib/python3.10/site-packages/pubsub-0.0.0-py3.10.egg-info' (and everything under it)
Copying ../../build/pubsub/pubsub.egg-info to /home/navaneeth/Documents/course/Practice_programs/ROS2/roboai_ws/install/pubsub/lib/python3.10/site-packages/pubsub-0.0.0-py3.10.egg-info
running install_scripts
Installing listener script to /home/navaneeth/Documents/course/Practice_programs/ROS2/roboai_ws/install/pubsub/lib/pubsub
Installing talker script to /home/navaneeth/Documents/course/Practice_programs/ROS2/roboai_ws/install/pubsub/lib/pubsub
writing list of installed files to '/home/navaneeth/Documents/course/Practice_programs/ROS2/roboai_ws/build/pubsub/install.log'
