[0.620s] Invoking command in '/home/vboxuser/Desktop/ROS2Humble/urdf_ws/build/my_first_pkg': CMAKE_PREFIX_PATH=${CMAKE_PREFIX_PATH}:/home/vboxuser/Desktop/ROS2Humble/basic_ws/install/pubsub:/home/vboxuser/Desktop/ROS2Humble/ros2_ws/install/my_robot_controller:/home/vboxuser/Desktop/ROS2Humble/urdf_ws/install/teleop_agv_keyboard:/opt/ros/humble /usr/bin/cmake /home/vboxuser/Desktop/ROS2Humble/urdf_ws/src/my_first_pkg -DAMENT_CMAKE_SYMLINK_INSTALL=1 -DCMAKE_INSTALL_PREFIX=/home/vboxuser/Desktop/ROS2Humble/urdf_ws/install/my_first_pkg
[0.920s] -- Found ament_cmake: 1.3.11 (/opt/ros/humble/share/ament_cmake/cmake)
[2.336s] -- Override CMake install command with custom implementation using symlinks instead of copying resources
[3.290s] -- Found ament_lint_auto: 0.12.11 (/opt/ros/humble/share/ament_lint_auto/cmake)
[4.242s] -- Added test 'copyright' to check source files copyright and LICENSE
[4.307s] -- Added test 'cppcheck' to perform static code analysis on C / C++ code
[4.307s] -- Configured cppcheck include dirs: $<BUILD_INTERFACE:/home/vboxuser/Desktop/ROS2Humble/urdf_ws/src/my_first_pkg/include>
[4.308s] -- Configured cppcheck exclude dirs and/or files: 
[4.416s] -- Added test 'cpplint' to check C / C++ code against the Google style
[4.418s] -- Configured cpplint exclude dirs and/or files: 
[4.442s] -- Added test 'flake8' to check Python code syntax and style conventions
[4.442s] -- Added test 'lint_cmake' to check CMake code style
[4.445s] -- Added test 'pep257' to check Python code against some of the docstring style conventions in PEP 257
[4.480s] -- Added test 'uncrustify' to check C / C++ code style
[4.485s] -- Configured uncrustify additional arguments: 
[4.498s] -- Added test 'xmllint' to check XML markup files
[4.660s] -- Configuring done
[4.825s] -- Generating done
[5.034s] -- Build files have been written to: /home/vboxuser/Desktop/ROS2Humble/urdf_ws/build/my_first_pkg
[5.146s] Invoked command in '/home/vboxuser/Desktop/ROS2Humble/urdf_ws/build/my_first_pkg' returned '0': CMAKE_PREFIX_PATH=${CMAKE_PREFIX_PATH}:/home/vboxuser/Desktop/ROS2Humble/basic_ws/install/pubsub:/home/vboxuser/Desktop/ROS2Humble/ros2_ws/install/my_robot_controller:/home/vboxuser/Desktop/ROS2Humble/urdf_ws/install/teleop_agv_keyboard:/opt/ros/humble /usr/bin/cmake /home/vboxuser/Desktop/ROS2Humble/urdf_ws/src/my_first_pkg -DAMENT_CMAKE_SYMLINK_INSTALL=1 -DCMAKE_INSTALL_PREFIX=/home/vboxuser/Desktop/ROS2Humble/urdf_ws/install/my_first_pkg
[5.170s] Invoking command in '/home/vboxuser/Desktop/ROS2Humble/urdf_ws/build/my_first_pkg': CMAKE_PREFIX_PATH=${CMAKE_PREFIX_PATH}:/home/vboxuser/Desktop/ROS2Humble/basic_ws/install/pubsub:/home/vboxuser/Desktop/ROS2Humble/ros2_ws/install/my_robot_controller:/home/vboxuser/Desktop/ROS2Humble/urdf_ws/install/teleop_agv_keyboard:/opt/ros/humble /usr/bin/cmake --build /home/vboxuser/Desktop/ROS2Humble/urdf_ws/build/my_first_pkg -- -j7 -l7
[6.440s] [35m[1mConsolidate compiler generated dependencies of target my_node[0m
[6.873s] [100%] Built target my_node
[7.006s] Invoked command in '/home/vboxuser/Desktop/ROS2Humble/urdf_ws/build/my_first_pkg' returned '0': CMAKE_PREFIX_PATH=${CMAKE_PREFIX_PATH}:/home/vboxuser/Desktop/ROS2Humble/basic_ws/install/pubsub:/home/vboxuser/Desktop/ROS2Humble/ros2_ws/install/my_robot_controller:/home/vboxuser/Desktop/ROS2Humble/urdf_ws/install/teleop_agv_keyboard:/opt/ros/humble /usr/bin/cmake --build /home/vboxuser/Desktop/ROS2Humble/urdf_ws/build/my_first_pkg -- -j7 -l7
[7.188s] Invoking command in '/home/vboxuser/Desktop/ROS2Humble/urdf_ws/build/my_first_pkg': CMAKE_PREFIX_PATH=${CMAKE_PREFIX_PATH}:/home/vboxuser/Desktop/ROS2Humble/basic_ws/install/pubsub:/home/vboxuser/Desktop/ROS2Humble/ros2_ws/install/my_robot_controller:/home/vboxuser/Desktop/ROS2Humble/urdf_ws/install/teleop_agv_keyboard:/opt/ros/humble /usr/bin/cmake --install /home/vboxuser/Desktop/ROS2Humble/urdf_ws/build/my_first_pkg
[7.254s] -- Install configuration: ""
[7.256s] -- Execute custom install script
[7.256s] -- Symlinking: /home/vboxuser/Desktop/ROS2Humble/urdf_ws/install/my_first_pkg/lib/my_first_pkg/my_node
[7.286s] -- Symlinking: /home/vboxuser/Desktop/ROS2Humble/urdf_ws/install/my_first_pkg/share/my_first_pkg//launch/display.launch.py
[7.415s] -- Symlinking: /home/vboxuser/Desktop/ROS2Humble/urdf_ws/install/my_first_pkg/share/my_first_pkg//launch/gazebo.launch.py
[7.467s] -- Symlinking: /home/vboxuser/Desktop/ROS2Humble/urdf_ws/install/my_first_pkg/share/my_first_pkg//launch/gazebo_world.launch.py
[7.547s] -- Symlinking: /home/vboxuser/Desktop/ROS2Humble/urdf_ws/install/my_first_pkg/share/my_first_pkg//urdf/my_robot.urdf
[7.578s] -- Symlinking: /home/vboxuser/Desktop/ROS2Humble/urdf_ws/install/my_first_pkg/share/my_first_pkg//rviz/config.rviz
[7.624s] -- Symlinking: /home/vboxuser/Desktop/ROS2Humble/urdf_ws/install/my_first_pkg/share/ament_index/resource_index/package_run_dependencies/my_first_pkg
[7.768s] -- Symlinking: /home/vboxuser/Desktop/ROS2Humble/urdf_ws/install/my_first_pkg/share/ament_index/resource_index/parent_prefix_path/my_first_pkg
[7.853s] -- Symlinking: /home/vboxuser/Desktop/ROS2Humble/urdf_ws/install/my_first_pkg/share/my_first_pkg/environment/ament_prefix_path.sh
[7.885s] -- Symlinking: /home/vboxuser/Desktop/ROS2Humble/urdf_ws/install/my_first_pkg/share/my_first_pkg/environment/ament_prefix_path.dsv
[7.920s] -- Symlinking: /home/vboxuser/Desktop/ROS2Humble/urdf_ws/install/my_first_pkg/share/my_first_pkg/environment/path.sh
[7.942s] -- Symlinking: /home/vboxuser/Desktop/ROS2Humble/urdf_ws/install/my_first_pkg/share/my_first_pkg/environment/path.dsv
[7.966s] -- Symlinking: /home/vboxuser/Desktop/ROS2Humble/urdf_ws/install/my_first_pkg/share/my_first_pkg/local_setup.bash
[7.986s] -- Symlinking: /home/vboxuser/Desktop/ROS2Humble/urdf_ws/install/my_first_pkg/share/my_first_pkg/local_setup.sh
[8.002s] -- Symlinking: /home/vboxuser/Desktop/ROS2Humble/urdf_ws/install/my_first_pkg/share/my_first_pkg/local_setup.zsh
[8.020s] -- Symlinking: /home/vboxuser/Desktop/ROS2Humble/urdf_ws/install/my_first_pkg/share/my_first_pkg/local_setup.dsv
[8.045s] -- Symlinking: /home/vboxuser/Desktop/ROS2Humble/urdf_ws/install/my_first_pkg/share/my_first_pkg/package.dsv
[8.061s] -- Symlinking: /home/vboxuser/Desktop/ROS2Humble/urdf_ws/install/my_first_pkg/share/ament_index/resource_index/packages/my_first_pkg
[8.076s] -- Symlinking: /home/vboxuser/Desktop/ROS2Humble/urdf_ws/install/my_first_pkg/share/my_first_pkg/cmake/my_first_pkgConfig.cmake
[8.090s] -- Symlinking: /home/vboxuser/Desktop/ROS2Humble/urdf_ws/install/my_first_pkg/share/my_first_pkg/cmake/my_first_pkgConfig-version.cmake
[8.107s] -- Symlinking: /home/vboxuser/Desktop/ROS2Humble/urdf_ws/install/my_first_pkg/share/my_first_pkg/package.xml
[8.367s] Invoked command in '/home/vboxuser/Desktop/ROS2Humble/urdf_ws/build/my_first_pkg' returned '0': CMAKE_PREFIX_PATH=${CMAKE_PREFIX_PATH}:/home/vboxuser/Desktop/ROS2Humble/basic_ws/install/pubsub:/home/vboxuser/Desktop/ROS2Humble/ros2_ws/install/my_robot_controller:/home/vboxuser/Desktop/ROS2Humble/urdf_ws/install/teleop_agv_keyboard:/opt/ros/humble /usr/bin/cmake --install /home/vboxuser/Desktop/ROS2Humble/urdf_ws/build/my_first_pkg
