[0.210s] Invoking command in '/home/ueux/Desktop/ROS2Humble/basic_ws/build/turtlesim': CMAKE_PREFIX_PATH=${CMAKE_PREFIX_PATH}:/home/ueux/Desktop/ROS2Humble/basic_ws/install/my_robot_controller:/opt/ros/humble /usr/bin/cmake --build /home/ueux/Desktop/ROS2Humble/basic_ws/build/turtlesim -- -j8 -l8
[0.510s] [35m[1mConsolidate compiler generated dependencies of target turtlesim__rosidl_generator_c[0m
[0.533s] [  1%] Built target turtlesim__cpp
[0.635s] [  1%] Built target ament_cmake_python_symlink_turtlesim
[0.703s] [ 11%] Built target turtlesim__rosidl_generator_c
[0.879s] [35m[1mConsolidate compiler generated dependencies of target turtlesim__rosidl_typesupport_fastrtps_cpp[0m
[0.885s] [35m[1mConsolidate compiler generated dependencies of target turtlesim__rosidl_typesupport_introspection_cpp[0m
[0.933s] [35m[1mConsolidate compiler generated dependencies of target turtlesim__rosidl_typesupport_cpp[0m
[0.977s] [35m[1mConsolidate compiler generated dependencies of target turtlesim__rosidl_typesupport_c[0m
[0.992s] [35m[1mConsolidate compiler generated dependencies of target turtlesim__rosidl_typesupport_fastrtps_c[0m
[1.055s] [ 21%] Built target turtlesim__rosidl_typesupport_cpp
[1.070s] [ 31%] Built target turtlesim__rosidl_typesupport_fastrtps_cpp
[1.099s] [35m[1mConsolidate compiler generated dependencies of target turtlesim__rosidl_typesupport_introspection_c[0m
[1.099s] [ 51%] Built target turtlesim__rosidl_typesupport_introspection_cpp
[1.126s] [ 41%] Built target turtlesim__rosidl_typesupport_c
[1.178s] [ 61%] Built target turtlesim__rosidl_typesupport_fastrtps_c
[1.245s] [35m[1mConsolidate compiler generated dependencies of target draw_square[0m
[1.272s] [35m[1mConsolidate compiler generated dependencies of target turtle_teleop_key[0m
[1.342s] [35m[1mConsolidate compiler generated dependencies of target mimic[0m
[1.349s] [35m[1mConsolidate compiler generated dependencies of target turtlesim_node[0m
[1.380s] [ 71%] Built target turtlesim__rosidl_typesupport_introspection_c
[1.515s] [ 73%] Built target draw_square
[1.527s] [ 77%] Built target mimic
[1.527s] [ 77%] Built target turtle_teleop_key
[1.557s] [ 78%] [32mBuilding CXX object CMakeFiles/turtlesim_node.dir/src/turtle_frame.cpp.o[0m
[1.642s] [ 78%] Built target turtlesim
[1.676s] [ 79%] Built target turtlesim__py
[1.706s] [35m[1mConsolidate compiler generated dependencies of target turtlesim__rosidl_generator_py[0m
[1.736s] [ 88%] Built target turtlesim__rosidl_generator_py
[1.743s] running egg_info
[1.746s] writing turtlesim.egg-info/PKG-INFO
[1.746s] writing dependency_links to turtlesim.egg-info/dependency_links.txt
[1.747s] writing top-level names to turtlesim.egg-info/top_level.txt
[1.751s] reading manifest file 'turtlesim.egg-info/SOURCES.txt'
[1.757s] writing manifest file 'turtlesim.egg-info/SOURCES.txt'
[1.809s] [35m[1mConsolidate compiler generated dependencies of target turtlesim__rosidl_typesupport_c__pyext[0m
[1.841s] [35m[1mConsolidate compiler generated dependencies of target turtlesim__rosidl_typesupport_introspection_c__pyext[0m
[1.883s] [35m[1mConsolidate compiler generated dependencies of target turtlesim__rosidl_typesupport_fastrtps_c__pyext[0m
[1.946s] [ 88%] Built target ament_cmake_python_build_turtlesim_egg
[1.955s] [ 90%] Built target turtlesim__rosidl_typesupport_introspection_c__pyext
[1.975s] [ 92%] Built target turtlesim__rosidl_typesupport_c__pyext
[2.005s] [ 94%] Built target turtlesim__rosidl_typesupport_fastrtps_c__pyext
[37.558s] [ 95%] [32m[1mLinking CXX executable turtlesim_node[0m
[42.179s] [100%] Built target turtlesim_node
[42.273s] Invoked command in '/home/ueux/Desktop/ROS2Humble/basic_ws/build/turtlesim' returned '0': CMAKE_PREFIX_PATH=${CMAKE_PREFIX_PATH}:/home/ueux/Desktop/ROS2Humble/basic_ws/install/my_robot_controller:/opt/ros/humble /usr/bin/cmake --build /home/ueux/Desktop/ROS2Humble/basic_ws/build/turtlesim -- -j8 -l8
[42.275s] Invoking command in '/home/ueux/Desktop/ROS2Humble/basic_ws/build/turtlesim': CMAKE_PREFIX_PATH=${CMAKE_PREFIX_PATH}:/home/ueux/Desktop/ROS2Humble/basic_ws/install/my_robot_controller:/opt/ros/humble /usr/bin/cmake --install /home/ueux/Desktop/ROS2Humble/basic_ws/build/turtlesim
[42.281s] -- Install configuration: ""
[42.281s] -- Execute custom install script
[42.282s] -- Up-to-date symlink: /home/ueux/Desktop/ROS2Humble/basic_ws/install/turtlesim/share/ament_index/resource_index/rosidl_interfaces/turtlesim
[42.282s] -- Up-to-date symlink: /home/ueux/Desktop/ROS2Humble/basic_ws/install/turtlesim/include/turtlesim/turtlesim/action/detail/rotate_absolute__functions.h
[42.283s] -- Up-to-date symlink: /home/ueux/Desktop/ROS2Humble/basic_ws/install/turtlesim/include/turtlesim/turtlesim/action/detail/rotate_absolute__struct.h
[42.283s] -- Up-to-date symlink: /home/ueux/Desktop/ROS2Humble/basic_ws/install/turtlesim/include/turtlesim/turtlesim/action/detail/rotate_absolute__type_support.h
[42.284s] -- Up-to-date symlink: /home/ueux/Desktop/ROS2Humble/basic_ws/install/turtlesim/include/turtlesim/turtlesim/action/rotate_absolute.h
[42.284s] -- Up-to-date symlink: /home/ueux/Desktop/ROS2Humble/basic_ws/install/turtlesim/include/turtlesim/turtlesim/msg/color.h
[42.284s] -- Up-to-date symlink: /home/ueux/Desktop/ROS2Humble/basic_ws/install/turtlesim/include/turtlesim/turtlesim/msg/detail/color__functions.h
[42.284s] -- Up-to-date symlink: /home/ueux/Desktop/ROS2Humble/basic_ws/install/turtlesim/include/turtlesim/turtlesim/msg/detail/color__struct.h
[42.284s] -- Up-to-date symlink: /home/ueux/Desktop/ROS2Humble/basic_ws/install/turtlesim/include/turtlesim/turtlesim/msg/detail/color__type_support.h
[42.284s] -- Up-to-date symlink: /home/ueux/Desktop/ROS2Humble/basic_ws/install/turtlesim/include/turtlesim/turtlesim/msg/detail/pose__functions.h
[42.285s] -- Up-to-date symlink: /home/ueux/Desktop/ROS2Humble/basic_ws/install/turtlesim/include/turtlesim/turtlesim/msg/detail/pose__struct.h
[42.285s] -- Up-to-date symlink: /home/ueux/Desktop/ROS2Humble/basic_ws/install/turtlesim/include/turtlesim/turtlesim/msg/detail/pose__type_support.h
[42.285s] -- Up-to-date symlink: /home/ueux/Desktop/ROS2Humble/basic_ws/install/turtlesim/include/turtlesim/turtlesim/msg/pose.h
[42.285s] -- Up-to-date symlink: /home/ueux/Desktop/ROS2Humble/basic_ws/install/turtlesim/include/turtlesim/turtlesim/msg/rosidl_generator_c__visibility_control.h
[42.285s] -- Up-to-date symlink: /home/ueux/Desktop/ROS2Humble/basic_ws/install/turtlesim/include/turtlesim/turtlesim/srv/detail/kill__functions.h
[42.286s] -- Up-to-date symlink: /home/ueux/Desktop/ROS2Humble/basic_ws/install/turtlesim/include/turtlesim/turtlesim/srv/detail/kill__struct.h
[42.287s] -- Up-to-date symlink: /home/ueux/Desktop/ROS2Humble/basic_ws/install/turtlesim/include/turtlesim/turtlesim/srv/detail/kill__type_support.h
[42.287s] -- Up-to-date symlink: /home/ueux/Desktop/ROS2Humble/basic_ws/install/turtlesim/include/turtlesim/turtlesim/srv/detail/set_pen__functions.h
[42.287s] -- Up-to-date symlink: /home/ueux/Desktop/ROS2Humble/basic_ws/install/turtlesim/include/turtlesim/turtlesim/srv/detail/set_pen__struct.h
[42.287s] -- Up-to-date symlink: /home/ueux/Desktop/ROS2Humble/basic_ws/install/turtlesim/include/turtlesim/turtlesim/srv/detail/set_pen__type_support.h
[42.287s] -- Up-to-date symlink: /home/ueux/Desktop/ROS2Humble/basic_ws/install/turtlesim/include/turtlesim/turtlesim/srv/detail/spawn__functions.h
[42.287s] -- Up-to-date symlink: /home/ueux/Desktop/ROS2Humble/basic_ws/install/turtlesim/include/turtlesim/turtlesim/srv/detail/spawn__struct.h
[42.288s] -- Up-to-date symlink: /home/ueux/Desktop/ROS2Humble/basic_ws/install/turtlesim/include/turtlesim/turtlesim/srv/detail/spawn__type_support.h
[42.288s] -- Up-to-date symlink: /home/ueux/Desktop/ROS2Humble/basic_ws/install/turtlesim/include/turtlesim/turtlesim/srv/detail/teleport_absolute__functions.h
[42.288s] -- Up-to-date symlink: /home/ueux/Desktop/ROS2Humble/basic_ws/install/turtlesim/include/turtlesim/turtlesim/srv/detail/teleport_absolute__struct.h
[42.288s] -- Up-to-date symlink: /home/ueux/Desktop/ROS2Humble/basic_ws/install/turtlesim/include/turtlesim/turtlesim/srv/detail/teleport_absolute__type_support.h
[42.288s] -- Up-to-date symlink: /home/ueux/Desktop/ROS2Humble/basic_ws/install/turtlesim/include/turtlesim/turtlesim/srv/detail/teleport_relative__functions.h
[42.288s] -- Up-to-date symlink: /home/ueux/Desktop/ROS2Humble/basic_ws/install/turtlesim/include/turtlesim/turtlesim/srv/detail/teleport_relative__struct.h
[42.289s] -- Up-to-date symlink: /home/ueux/Desktop/ROS2Humble/basic_ws/install/turtlesim/include/turtlesim/turtlesim/srv/detail/teleport_relative__type_support.h
[42.289s] -- Up-to-date symlink: /home/ueux/Desktop/ROS2Humble/basic_ws/install/turtlesim/include/turtlesim/turtlesim/srv/kill.h
[42.291s] -- Up-to-date symlink: /home/ueux/Desktop/ROS2Humble/basic_ws/install/turtlesim/include/turtlesim/turtlesim/srv/set_pen.h
[42.292s] -- Up-to-date symlink: /home/ueux/Desktop/ROS2Humble/basic_ws/install/turtlesim/include/turtlesim/turtlesim/srv/spawn.h
[42.293s] -- Up-to-date symlink: /home/ueux/Desktop/ROS2Humble/basic_ws/install/turtlesim/include/turtlesim/turtlesim/srv/teleport_absolute.h
[42.293s] -- Up-to-date symlink: /home/ueux/Desktop/ROS2Humble/basic_ws/install/turtlesim/include/turtlesim/turtlesim/srv/teleport_relative.h
[42.294s] -- Up-to-date symlink: /home/ueux/Desktop/ROS2Humble/basic_ws/install/turtlesim/share/turtlesim/environment/library_path.sh
[42.297s] -- Up-to-date symlink: /home/ueux/Desktop/ROS2Humble/basic_ws/install/turtlesim/share/turtlesim/environment/library_path.dsv
[42.297s] -- Up-to-date symlink: /home/ueux/Desktop/ROS2Humble/basic_ws/install/turtlesim/include/turtlesim/turtlesim/action/detail/rotate_absolute__rosidl_typesupport_fastrtps_c.h
[42.297s] -- Up-to-date symlink: /home/ueux/Desktop/ROS2Humble/basic_ws/install/turtlesim/include/turtlesim/turtlesim/msg/detail/color__rosidl_typesupport_fastrtps_c.h
[42.297s] -- Up-to-date symlink: /home/ueux/Desktop/ROS2Humble/basic_ws/install/turtlesim/include/turtlesim/turtlesim/msg/detail/pose__rosidl_typesupport_fastrtps_c.h
[42.297s] -- Up-to-date symlink: /home/ueux/Desktop/ROS2Humble/basic_ws/install/turtlesim/include/turtlesim/turtlesim/msg/rosidl_typesupport_fastrtps_c__visibility_control.h
[42.297s] -- Up-to-date symlink: /home/ueux/Desktop/ROS2Humble/basic_ws/install/turtlesim/include/turtlesim/turtlesim/srv/detail/kill__rosidl_typesupport_fastrtps_c.h
[42.297s] -- Up-to-date symlink: /home/ueux/Desktop/ROS2Humble/basic_ws/install/turtlesim/include/turtlesim/turtlesim/srv/detail/set_pen__rosidl_typesupport_fastrtps_c.h
[42.297s] -- Up-to-date symlink: /home/ueux/Desktop/ROS2Humble/basic_ws/install/turtlesim/include/turtlesim/turtlesim/srv/detail/spawn__rosidl_typesupport_fastrtps_c.h
[42.297s] -- Up-to-date symlink: /home/ueux/Desktop/ROS2Humble/basic_ws/install/turtlesim/include/turtlesim/turtlesim/srv/detail/teleport_absolute__rosidl_typesupport_fastrtps_c.h
[42.297s] -- Up-to-date symlink: /home/ueux/Desktop/ROS2Humble/basic_ws/install/turtlesim/include/turtlesim/turtlesim/srv/detail/teleport_relative__rosidl_typesupport_fastrtps_c.h
[42.301s] -- Up-to-date symlink: /home/ueux/Desktop/ROS2Humble/basic_ws/install/turtlesim/include/turtlesim/turtlesim/action/detail/rotate_absolute__builder.hpp
[42.301s] -- Up-to-date symlink: /home/ueux/Desktop/ROS2Humble/basic_ws/install/turtlesim/include/turtlesim/turtlesim/action/detail/rotate_absolute__struct.hpp
[42.302s] -- Up-to-date symlink: /home/ueux/Desktop/ROS2Humble/basic_ws/install/turtlesim/include/turtlesim/turtlesim/action/detail/rotate_absolute__traits.hpp
[42.302s] -- Up-to-date symlink: /home/ueux/Desktop/ROS2Humble/basic_ws/install/turtlesim/include/turtlesim/turtlesim/action/detail/rotate_absolute__type_support.hpp
[42.302s] -- Up-to-date symlink: /home/ueux/Desktop/ROS2Humble/basic_ws/install/turtlesim/include/turtlesim/turtlesim/action/rotate_absolute.hpp
[42.302s] -- Up-to-date symlink: /home/ueux/Desktop/ROS2Humble/basic_ws/install/turtlesim/include/turtlesim/turtlesim/msg/color.hpp
[42.302s] -- Up-to-date symlink: /home/ueux/Desktop/ROS2Humble/basic_ws/install/turtlesim/include/turtlesim/turtlesim/msg/detail/color__builder.hpp
[42.302s] -- Up-to-date symlink: /home/ueux/Desktop/ROS2Humble/basic_ws/install/turtlesim/include/turtlesim/turtlesim/msg/detail/color__struct.hpp
[42.302s] -- Up-to-date symlink: /home/ueux/Desktop/ROS2Humble/basic_ws/install/turtlesim/include/turtlesim/turtlesim/msg/detail/color__traits.hpp
[42.302s] -- Up-to-date symlink: /home/ueux/Desktop/ROS2Humble/basic_ws/install/turtlesim/include/turtlesim/turtlesim/msg/detail/color__type_support.hpp
[42.302s] -- Up-to-date symlink: /home/ueux/Desktop/ROS2Humble/basic_ws/install/turtlesim/include/turtlesim/turtlesim/msg/detail/pose__builder.hpp
[42.302s] -- Up-to-date symlink: /home/ueux/Desktop/ROS2Humble/basic_ws/install/turtlesim/include/turtlesim/turtlesim/msg/detail/pose__struct.hpp
[42.302s] -- Up-to-date symlink: /home/ueux/Desktop/ROS2Humble/basic_ws/install/turtlesim/include/turtlesim/turtlesim/msg/detail/pose__traits.hpp
[42.302s] -- Up-to-date symlink: /home/ueux/Desktop/ROS2Humble/basic_ws/install/turtlesim/include/turtlesim/turtlesim/msg/detail/pose__type_support.hpp
[42.302s] -- Up-to-date symlink: /home/ueux/Desktop/ROS2Humble/basic_ws/install/turtlesim/include/turtlesim/turtlesim/msg/pose.hpp
[42.302s] -- Up-to-date symlink: /home/ueux/Desktop/ROS2Humble/basic_ws/install/turtlesim/include/turtlesim/turtlesim/msg/rosidl_generator_cpp__visibility_control.hpp
[42.302s] -- Up-to-date symlink: /home/ueux/Desktop/ROS2Humble/basic_ws/install/turtlesim/include/turtlesim/turtlesim/srv/detail/kill__builder.hpp
[42.302s] -- Up-to-date symlink: /home/ueux/Desktop/ROS2Humble/basic_ws/install/turtlesim/include/turtlesim/turtlesim/srv/detail/kill__struct.hpp
[42.302s] -- Up-to-date symlink: /home/ueux/Desktop/ROS2Humble/basic_ws/install/turtlesim/include/turtlesim/turtlesim/srv/detail/kill__traits.hpp
[42.302s] -- Up-to-date symlink: /home/ueux/Desktop/ROS2Humble/basic_ws/install/turtlesim/include/turtlesim/turtlesim/srv/detail/kill__type_support.hpp
[42.302s] -- Up-to-date symlink: /home/ueux/Desktop/ROS2Humble/basic_ws/install/turtlesim/include/turtlesim/turtlesim/srv/detail/set_pen__builder.hpp
[42.302s] -- Up-to-date symlink: /home/ueux/Desktop/ROS2Humble/basic_ws/install/turtlesim/include/turtlesim/turtlesim/srv/detail/set_pen__struct.hpp
[42.302s] -- Up-to-date symlink: /home/ueux/Desktop/ROS2Humble/basic_ws/install/turtlesim/include/turtlesim/turtlesim/srv/detail/set_pen__traits.hpp
[42.302s] -- Up-to-date symlink: /home/ueux/Desktop/ROS2Humble/basic_ws/install/turtlesim/include/turtlesim/turtlesim/srv/detail/set_pen__type_support.hpp
[42.303s] -- Up-to-date symlink: /home/ueux/Desktop/ROS2Humble/basic_ws/install/turtlesim/include/turtlesim/turtlesim/srv/detail/spawn__builder.hpp
[42.303s] -- Up-to-date symlink: /home/ueux/Desktop/ROS2Humble/basic_ws/install/turtlesim/include/turtlesim/turtlesim/srv/detail/spawn__struct.hpp
[42.303s] -- Up-to-date symlink: /home/ueux/Desktop/ROS2Humble/basic_ws/install/turtlesim/include/turtlesim/turtlesim/srv/detail/spawn__traits.hpp
[42.303s] -- Up-to-date symlink: /home/ueux/Desktop/ROS2Humble/basic_ws/install/turtlesim/include/turtlesim/turtlesim/srv/detail/spawn__type_support.hpp
[42.303s] -- Up-to-date symlink: /home/ueux/Desktop/ROS2Humble/basic_ws/install/turtlesim/include/turtlesim/turtlesim/srv/detail/teleport_absolute__builder.hpp
[42.303s] -- Up-to-date symlink: /home/ueux/Desktop/ROS2Humble/basic_ws/install/turtlesim/include/turtlesim/turtlesim/srv/detail/teleport_absolute__struct.hpp
[42.303s] -- Up-to-date symlink: /home/ueux/Desktop/ROS2Humble/basic_ws/install/turtlesim/include/turtlesim/turtlesim/srv/detail/teleport_absolute__traits.hpp
[42.303s] -- Up-to-date symlink: /home/ueux/Desktop/ROS2Humble/basic_ws/install/turtlesim/include/turtlesim/turtlesim/srv/detail/teleport_absolute__type_support.hpp
[42.303s] -- Up-to-date symlink: /home/ueux/Desktop/ROS2Humble/basic_ws/install/turtlesim/include/turtlesim/turtlesim/srv/detail/teleport_relative__builder.hpp
[42.303s] -- Up-to-date symlink: /home/ueux/Desktop/ROS2Humble/basic_ws/install/turtlesim/include/turtlesim/turtlesim/srv/detail/teleport_relative__struct.hpp
[42.303s] -- Up-to-date symlink: /home/ueux/Desktop/ROS2Humble/basic_ws/install/turtlesim/include/turtlesim/turtlesim/srv/detail/teleport_relative__traits.hpp
[42.303s] -- Up-to-date symlink: /home/ueux/Desktop/ROS2Humble/basic_ws/install/turtlesim/include/turtlesim/turtlesim/srv/detail/teleport_relative__type_support.hpp
[42.303s] -- Up-to-date symlink: /home/ueux/Desktop/ROS2Humble/basic_ws/install/turtlesim/include/turtlesim/turtlesim/srv/kill.hpp
[42.303s] -- Up-to-date symlink: /home/ueux/Desktop/ROS2Humble/basic_ws/install/turtlesim/include/turtlesim/turtlesim/srv/set_pen.hpp
[42.303s] -- Up-to-date symlink: /home/ueux/Desktop/ROS2Humble/basic_ws/install/turtlesim/include/turtlesim/turtlesim/srv/spawn.hpp
[42.303s] -- Up-to-date symlink: /home/ueux/Desktop/ROS2Humble/basic_ws/install/turtlesim/include/turtlesim/turtlesim/srv/teleport_absolute.hpp
[42.303s] -- Up-to-date symlink: /home/ueux/Desktop/ROS2Humble/basic_ws/install/turtlesim/include/turtlesim/turtlesim/srv/teleport_relative.hpp
[42.303s] -- Up-to-date symlink: /home/ueux/Desktop/ROS2Humble/basic_ws/install/turtlesim/include/turtlesim/turtlesim/action/detail/rotate_absolute__rosidl_typesupport_fastrtps_cpp.hpp
[42.303s] -- Up-to-date symlink: /home/ueux/Desktop/ROS2Humble/basic_ws/install/turtlesim/include/turtlesim/turtlesim/msg/detail/color__rosidl_typesupport_fastrtps_cpp.hpp
[42.303s] -- Up-to-date symlink: /home/ueux/Desktop/ROS2Humble/basic_ws/install/turtlesim/include/turtlesim/turtlesim/msg/detail/pose__rosidl_typesupport_fastrtps_cpp.hpp
[42.303s] -- Up-to-date symlink: /home/ueux/Desktop/ROS2Humble/basic_ws/install/turtlesim/include/turtlesim/turtlesim/msg/rosidl_typesupport_fastrtps_cpp__visibility_control.h
[42.303s] -- Up-to-date symlink: /home/ueux/Desktop/ROS2Humble/basic_ws/install/turtlesim/include/turtlesim/turtlesim/srv/detail/kill__rosidl_typesupport_fastrtps_cpp.hpp
[42.304s] -- Up-to-date symlink: /home/ueux/Desktop/ROS2Humble/basic_ws/install/turtlesim/include/turtlesim/turtlesim/srv/detail/set_pen__rosidl_typesupport_fastrtps_cpp.hpp
[42.304s] -- Up-to-date symlink: /home/ueux/Desktop/ROS2Humble/basic_ws/install/turtlesim/include/turtlesim/turtlesim/srv/detail/spawn__rosidl_typesupport_fastrtps_cpp.hpp
[42.304s] -- Up-to-date symlink: /home/ueux/Desktop/ROS2Humble/basic_ws/install/turtlesim/include/turtlesim/turtlesim/srv/detail/teleport_absolute__rosidl_typesupport_fastrtps_cpp.hpp
[42.304s] -- Up-to-date symlink: /home/ueux/Desktop/ROS2Humble/basic_ws/install/turtlesim/include/turtlesim/turtlesim/srv/detail/teleport_relative__rosidl_typesupport_fastrtps_cpp.hpp
[42.304s] -- Up-to-date symlink: /home/ueux/Desktop/ROS2Humble/basic_ws/install/turtlesim/include/turtlesim/turtlesim/action/detail/rotate_absolute__rosidl_typesupport_introspection_c.h
[42.304s] -- Up-to-date symlink: /home/ueux/Desktop/ROS2Humble/basic_ws/install/turtlesim/include/turtlesim/turtlesim/msg/detail/color__rosidl_typesupport_introspection_c.h
[42.304s] -- Up-to-date symlink: /home/ueux/Desktop/ROS2Humble/basic_ws/install/turtlesim/include/turtlesim/turtlesim/msg/detail/pose__rosidl_typesupport_introspection_c.h
[42.304s] -- Up-to-date symlink: /home/ueux/Desktop/ROS2Humble/basic_ws/install/turtlesim/include/turtlesim/turtlesim/msg/rosidl_typesupport_introspection_c__visibility_control.h
[42.304s] -- Up-to-date symlink: /home/ueux/Desktop/ROS2Humble/basic_ws/install/turtlesim/include/turtlesim/turtlesim/srv/detail/kill__rosidl_typesupport_introspection_c.h
[42.304s] -- Up-to-date symlink: /home/ueux/Desktop/ROS2Humble/basic_ws/install/turtlesim/include/turtlesim/turtlesim/srv/detail/set_pen__rosidl_typesupport_introspection_c.h
[42.304s] -- Up-to-date symlink: /home/ueux/Desktop/ROS2Humble/basic_ws/install/turtlesim/include/turtlesim/turtlesim/srv/detail/spawn__rosidl_typesupport_introspection_c.h
[42.304s] -- Up-to-date symlink: /home/ueux/Desktop/ROS2Humble/basic_ws/install/turtlesim/include/turtlesim/turtlesim/srv/detail/teleport_absolute__rosidl_typesupport_introspection_c.h
[42.304s] -- Up-to-date symlink: /home/ueux/Desktop/ROS2Humble/basic_ws/install/turtlesim/include/turtlesim/turtlesim/srv/detail/teleport_relative__rosidl_typesupport_introspection_c.h
[42.304s] -- Up-to-date symlink: /home/ueux/Desktop/ROS2Humble/basic_ws/install/turtlesim/include/turtlesim/turtlesim/action/detail/rotate_absolute__rosidl_typesupport_introspection_cpp.hpp
[42.304s] -- Up-to-date symlink: /home/ueux/Desktop/ROS2Humble/basic_ws/install/turtlesim/include/turtlesim/turtlesim/msg/detail/color__rosidl_typesupport_introspection_cpp.hpp
[42.304s] -- Up-to-date symlink: /home/ueux/Desktop/ROS2Humble/basic_ws/install/turtlesim/include/turtlesim/turtlesim/msg/detail/pose__rosidl_typesupport_introspection_cpp.hpp
[42.304s] -- Up-to-date symlink: /home/ueux/Desktop/ROS2Humble/basic_ws/install/turtlesim/include/turtlesim/turtlesim/srv/detail/kill__rosidl_typesupport_introspection_cpp.hpp
[42.304s] -- Up-to-date symlink: /home/ueux/Desktop/ROS2Humble/basic_ws/install/turtlesim/include/turtlesim/turtlesim/srv/detail/set_pen__rosidl_typesupport_introspection_cpp.hpp
[42.304s] -- Up-to-date symlink: /home/ueux/Desktop/ROS2Humble/basic_ws/install/turtlesim/include/turtlesim/turtlesim/srv/detail/spawn__rosidl_typesupport_introspection_cpp.hpp
[42.306s] -- Up-to-date symlink: /home/ueux/Desktop/ROS2Humble/basic_ws/install/turtlesim/include/turtlesim/turtlesim/srv/detail/teleport_absolute__rosidl_typesupport_introspection_cpp.hpp
[42.306s] -- Up-to-date symlink: /home/ueux/Desktop/ROS2Humble/basic_ws/install/turtlesim/include/turtlesim/turtlesim/srv/detail/teleport_relative__rosidl_typesupport_introspection_cpp.hpp
[42.306s] -- Up-to-date symlink: /home/ueux/Desktop/ROS2Humble/basic_ws/install/turtlesim/share/turtlesim/environment/pythonpath.sh
[42.307s] -- Up-to-date symlink: /home/ueux/Desktop/ROS2Humble/basic_ws/install/turtlesim/share/turtlesim/environment/pythonpath.dsv
[42.307s] -- Up-to-date symlink: /home/ueux/Desktop/ROS2Humble/basic_ws/install/turtlesim/local/lib/python3.10/dist-packages/turtlesim-1.4.2-py3.10.egg-info/PKG-INFO
[42.307s] -- Up-to-date symlink: /home/ueux/Desktop/ROS2Humble/basic_ws/install/turtlesim/local/lib/python3.10/dist-packages/turtlesim-1.4.2-py3.10.egg-info/SOURCES.txt
[42.307s] -- Up-to-date symlink: /home/ueux/Desktop/ROS2Humble/basic_ws/install/turtlesim/local/lib/python3.10/dist-packages/turtlesim-1.4.2-py3.10.egg-info/dependency_links.txt
[42.307s] -- Up-to-date symlink: /home/ueux/Desktop/ROS2Humble/basic_ws/install/turtlesim/local/lib/python3.10/dist-packages/turtlesim-1.4.2-py3.10.egg-info/top_level.txt
[42.307s] -- Up-to-date symlink: /home/ueux/Desktop/ROS2Humble/basic_ws/install/turtlesim/local/lib/python3.10/dist-packages/turtlesim/__init__.py
[42.307s] -- Up-to-date symlink: /home/ueux/Desktop/ROS2Humble/basic_ws/install/turtlesim/local/lib/python3.10/dist-packages/turtlesim/_turtlesim_s.ep.rosidl_typesupport_c.c
[42.307s] -- Up-to-date symlink: /home/ueux/Desktop/ROS2Humble/basic_ws/install/turtlesim/local/lib/python3.10/dist-packages/turtlesim/_turtlesim_s.ep.rosidl_typesupport_fastrtps_c.c
[42.307s] -- Up-to-date symlink: /home/ueux/Desktop/ROS2Humble/basic_ws/install/turtlesim/local/lib/python3.10/dist-packages/turtlesim/_turtlesim_s.ep.rosidl_typesupport_introspection_c.c
[42.307s] -- Up-to-date symlink: /home/ueux/Desktop/ROS2Humble/basic_ws/install/turtlesim/local/lib/python3.10/dist-packages/turtlesim/action/__init__.py
[42.307s] -- Up-to-date symlink: /home/ueux/Desktop/ROS2Humble/basic_ws/install/turtlesim/local/lib/python3.10/dist-packages/turtlesim/action/_rotate_absolute.py
[42.308s] -- Up-to-date symlink: /home/ueux/Desktop/ROS2Humble/basic_ws/install/turtlesim/local/lib/python3.10/dist-packages/turtlesim/action/_rotate_absolute_s.c
[42.308s] -- Up-to-date symlink: /home/ueux/Desktop/ROS2Humble/basic_ws/install/turtlesim/local/lib/python3.10/dist-packages/turtlesim/libturtlesim__rosidl_generator_py.so
[42.308s] -- Up-to-date symlink: /home/ueux/Desktop/ROS2Humble/basic_ws/install/turtlesim/local/lib/python3.10/dist-packages/turtlesim/msg/__init__.py
[42.308s] -- Up-to-date symlink: /home/ueux/Desktop/ROS2Humble/basic_ws/install/turtlesim/local/lib/python3.10/dist-packages/turtlesim/msg/_color.py
[42.308s] -- Up-to-date symlink: /home/ueux/Desktop/ROS2Humble/basic_ws/install/turtlesim/local/lib/python3.10/dist-packages/turtlesim/msg/_color_s.c
[42.308s] -- Up-to-date symlink: /home/ueux/Desktop/ROS2Humble/basic_ws/install/turtlesim/local/lib/python3.10/dist-packages/turtlesim/msg/_pose.py
[42.308s] -- Up-to-date symlink: /home/ueux/Desktop/ROS2Humble/basic_ws/install/turtlesim/local/lib/python3.10/dist-packages/turtlesim/msg/_pose_s.c
[42.308s] -- Up-to-date symlink: /home/ueux/Desktop/ROS2Humble/basic_ws/install/turtlesim/local/lib/python3.10/dist-packages/turtlesim/srv/__init__.py
[42.308s] -- Up-to-date symlink: /home/ueux/Desktop/ROS2Humble/basic_ws/install/turtlesim/local/lib/python3.10/dist-packages/turtlesim/srv/_kill.py
[42.308s] -- Up-to-date symlink: /home/ueux/Desktop/ROS2Humble/basic_ws/install/turtlesim/local/lib/python3.10/dist-packages/turtlesim/srv/_kill_s.c
[42.308s] -- Up-to-date symlink: /home/ueux/Desktop/ROS2Humble/basic_ws/install/turtlesim/local/lib/python3.10/dist-packages/turtlesim/srv/_set_pen.py
[42.308s] -- Up-to-date symlink: /home/ueux/Desktop/ROS2Humble/basic_ws/install/turtlesim/local/lib/python3.10/dist-packages/turtlesim/srv/_set_pen_s.c
[42.308s] -- Up-to-date symlink: /home/ueux/Desktop/ROS2Humble/basic_ws/install/turtlesim/local/lib/python3.10/dist-packages/turtlesim/srv/_spawn.py
[42.308s] -- Up-to-date symlink: /home/ueux/Desktop/ROS2Humble/basic_ws/install/turtlesim/local/lib/python3.10/dist-packages/turtlesim/srv/_spawn_s.c
[42.309s] -- Up-to-date symlink: /home/ueux/Desktop/ROS2Humble/basic_ws/install/turtlesim/local/lib/python3.10/dist-packages/turtlesim/srv/_teleport_absolute.py
[42.309s] -- Up-to-date symlink: /home/ueux/Desktop/ROS2Humble/basic_ws/install/turtlesim/local/lib/python3.10/dist-packages/turtlesim/srv/_teleport_absolute_s.c
[42.309s] -- Up-to-date symlink: /home/ueux/Desktop/ROS2Humble/basic_ws/install/turtlesim/local/lib/python3.10/dist-packages/turtlesim/srv/_teleport_relative.py
[42.309s] -- Up-to-date symlink: /home/ueux/Desktop/ROS2Humble/basic_ws/install/turtlesim/local/lib/python3.10/dist-packages/turtlesim/srv/_teleport_relative_s.c
[42.309s] -- Up-to-date symlink: /home/ueux/Desktop/ROS2Humble/basic_ws/install/turtlesim/local/lib/python3.10/dist-packages/turtlesim/turtlesim_s__rosidl_typesupport_c.cpython-310-x86_64-linux-gnu.so
[42.309s] -- Up-to-date symlink: /home/ueux/Desktop/ROS2Humble/basic_ws/install/turtlesim/local/lib/python3.10/dist-packages/turtlesim/turtlesim_s__rosidl_typesupport_fastrtps_c.cpython-310-x86_64-linux-gnu.so
[42.309s] -- Up-to-date symlink: /home/ueux/Desktop/ROS2Humble/basic_ws/install/turtlesim/local/lib/python3.10/dist-packages/turtlesim/turtlesim_s__rosidl_typesupport_introspection_c.cpython-310-x86_64-linux-gnu.so
[42.309s] -- Up-to-date symlink: /home/ueux/Desktop/ROS2Humble/basic_ws/install/turtlesim/local/lib/python3.10/dist-packages/turtlesim/turtlesim_s__rosidl_typesupport_fastrtps_c.cpython-310-x86_64-linux-gnu.so
[42.309s] -- Up-to-date symlink: /home/ueux/Desktop/ROS2Humble/basic_ws/install/turtlesim/local/lib/python3.10/dist-packages/turtlesim/turtlesim_s__rosidl_typesupport_introspection_c.cpython-310-x86_64-linux-gnu.so
[42.310s] -- Up-to-date symlink: /home/ueux/Desktop/ROS2Humble/basic_ws/install/turtlesim/local/lib/python3.10/dist-packages/turtlesim/turtlesim_s__rosidl_typesupport_c.cpython-310-x86_64-linux-gnu.so
[42.310s] -- Up-to-date symlink: /home/ueux/Desktop/ROS2Humble/basic_ws/install/turtlesim/share/turtlesim/action/RotateAbsolute.idl
[42.311s] -- Up-to-date symlink: /home/ueux/Desktop/ROS2Humble/basic_ws/install/turtlesim/share/turtlesim/msg/Color.idl
[42.311s] -- Up-to-date symlink: /home/ueux/Desktop/ROS2Humble/basic_ws/install/turtlesim/share/turtlesim/msg/Pose.idl
[42.311s] -- Up-to-date symlink: /home/ueux/Desktop/ROS2Humble/basic_ws/install/turtlesim/share/turtlesim/srv/Kill.idl
[42.311s] -- Up-to-date symlink: /home/ueux/Desktop/ROS2Humble/basic_ws/install/turtlesim/share/turtlesim/srv/SetPen.idl
[42.311s] -- Up-to-date symlink: /home/ueux/Desktop/ROS2Humble/basic_ws/install/turtlesim/share/turtlesim/srv/Spawn.idl
[42.312s] -- Up-to-date symlink: /home/ueux/Desktop/ROS2Humble/basic_ws/install/turtlesim/share/turtlesim/srv/TeleportAbsolute.idl
[42.313s] -- Up-to-date symlink: /home/ueux/Desktop/ROS2Humble/basic_ws/install/turtlesim/share/turtlesim/srv/TeleportRelative.idl
[42.314s] -- Up-to-date symlink: /home/ueux/Desktop/ROS2Humble/basic_ws/install/turtlesim/share/turtlesim/action/RotateAbsolute.action
[42.314s] -- Up-to-date symlink: /home/ueux/Desktop/ROS2Humble/basic_ws/install/turtlesim/share/turtlesim/msg/Color.msg
[42.314s] -- Up-to-date symlink: /home/ueux/Desktop/ROS2Humble/basic_ws/install/turtlesim/share/turtlesim/msg/Pose.msg
[42.314s] -- Up-to-date symlink: /home/ueux/Desktop/ROS2Humble/basic_ws/install/turtlesim/share/turtlesim/srv/Kill.srv
[42.314s] -- Up-to-date symlink: /home/ueux/Desktop/ROS2Humble/basic_ws/install/turtlesim/share/turtlesim/srv/Kill_Request.msg
[42.316s] -- Up-to-date symlink: /home/ueux/Desktop/ROS2Humble/basic_ws/install/turtlesim/share/turtlesim/srv/Kill_Response.msg
[42.316s] -- Up-to-date symlink: /home/ueux/Desktop/ROS2Humble/basic_ws/install/turtlesim/share/turtlesim/srv/SetPen.srv
[42.316s] -- Up-to-date symlink: /home/ueux/Desktop/ROS2Humble/basic_ws/install/turtlesim/share/turtlesim/srv/SetPen_Request.msg
[42.317s] -- Up-to-date symlink: /home/ueux/Desktop/ROS2Humble/basic_ws/install/turtlesim/share/turtlesim/srv/SetPen_Response.msg
[42.317s] -- Up-to-date symlink: /home/ueux/Desktop/ROS2Humble/basic_ws/install/turtlesim/share/turtlesim/srv/Spawn.srv
[42.317s] -- Up-to-date symlink: /home/ueux/Desktop/ROS2Humble/basic_ws/install/turtlesim/share/turtlesim/srv/Spawn_Request.msg
[42.317s] -- Up-to-date symlink: /home/ueux/Desktop/ROS2Humble/basic_ws/install/turtlesim/share/turtlesim/srv/Spawn_Response.msg
[42.317s] -- Up-to-date symlink: /home/ueux/Desktop/ROS2Humble/basic_ws/install/turtlesim/share/turtlesim/srv/TeleportAbsolute.srv
[42.340s] -- Up-to-date symlink: /home/ueux/Desktop/ROS2Humble/basic_ws/install/turtlesim/share/turtlesim/srv/TeleportAbsolute_Request.msg
[42.340s] -- Up-to-date symlink: /home/ueux/Desktop/ROS2Humble/basic_ws/install/turtlesim/share/turtlesim/srv/TeleportAbsolute_Response.msg
[42.340s] -- Up-to-date symlink: /home/ueux/Desktop/ROS2Humble/basic_ws/install/turtlesim/share/turtlesim/srv/TeleportRelative.srv
[42.341s] -- Up-to-date symlink: /home/ueux/Desktop/ROS2Humble/basic_ws/install/turtlesim/share/turtlesim/srv/TeleportRelative_Request.msg
[42.341s] -- Up-to-date symlink: /home/ueux/Desktop/ROS2Humble/basic_ws/install/turtlesim/share/turtlesim/srv/TeleportRelative_Response.msg
[42.341s] -- Up-to-date symlink: /home/ueux/Desktop/ROS2Humble/basic_ws/install/turtlesim/lib/turtlesim/turtlesim_node
[42.342s] -- Up-to-date symlink: /home/ueux/Desktop/ROS2Humble/basic_ws/install/turtlesim/lib/turtlesim/turtle_teleop_key
[42.342s] -- Up-to-date symlink: /home/ueux/Desktop/ROS2Humble/basic_ws/install/turtlesim/lib/turtlesim/draw_square
[42.342s] -- Up-to-date symlink: /home/ueux/Desktop/ROS2Humble/basic_ws/install/turtlesim/lib/turtlesim/mimic
[42.342s] -- Up-to-date symlink: /home/ueux/Desktop/ROS2Humble/basic_ws/install/turtlesim/share/turtlesim/launch/multisim.launch.py
[42.342s] -- Up-to-date symlink: /home/ueux/Desktop/ROS2Humble/basic_ws/install/turtlesim/share/ament_index/resource_index/package_run_dependencies/turtlesim
[42.342s] -- Up-to-date symlink: /home/ueux/Desktop/ROS2Humble/basic_ws/install/turtlesim/share/ament_index/resource_index/parent_prefix_path/turtlesim
[42.342s] -- Up-to-date symlink: /home/ueux/Desktop/ROS2Humble/basic_ws/install/turtlesim/share/turtlesim/environment/ament_prefix_path.sh
[42.342s] -- Up-to-date symlink: /home/ueux/Desktop/ROS2Humble/basic_ws/install/turtlesim/share/turtlesim/environment/ament_prefix_path.dsv
[42.342s] -- Up-to-date symlink: /home/ueux/Desktop/ROS2Humble/basic_ws/install/turtlesim/share/turtlesim/environment/path.sh
[42.342s] -- Up-to-date symlink: /home/ueux/Desktop/ROS2Humble/basic_ws/install/turtlesim/share/turtlesim/environment/path.dsv
[42.342s] -- Up-to-date symlink: /home/ueux/Desktop/ROS2Humble/basic_ws/install/turtlesim/share/turtlesim/local_setup.bash
[42.342s] -- Up-to-date symlink: /home/ueux/Desktop/ROS2Humble/basic_ws/install/turtlesim/share/turtlesim/local_setup.sh
[42.342s] -- Up-to-date symlink: /home/ueux/Desktop/ROS2Humble/basic_ws/install/turtlesim/share/turtlesim/local_setup.zsh
[42.342s] -- Up-to-date symlink: /home/ueux/Desktop/ROS2Humble/basic_ws/install/turtlesim/share/turtlesim/local_setup.dsv
[42.342s] -- Symlinking: /home/ueux/Desktop/ROS2Humble/basic_ws/install/turtlesim/share/turtlesim/package.dsv
[42.389s] -- Up-to-date symlink: /home/ueux/Desktop/ROS2Humble/basic_ws/install/turtlesim/share/ament_index/resource_index/packages/turtlesim
[42.392s] -- Up-to-date symlink: /home/ueux/Desktop/ROS2Humble/basic_ws/install/turtlesim/share/turtlesim/cmake/rosidl_cmake-extras.cmake
[42.392s] -- Up-to-date symlink: /home/ueux/Desktop/ROS2Humble/basic_ws/install/turtlesim/share/turtlesim/cmake/ament_cmake_export_dependencies-extras.cmake
[42.392s] -- Up-to-date symlink: /home/ueux/Desktop/ROS2Humble/basic_ws/install/turtlesim/share/turtlesim/cmake/ament_cmake_export_include_directories-extras.cmake
[42.392s] -- Up-to-date symlink: /home/ueux/Desktop/ROS2Humble/basic_ws/install/turtlesim/share/turtlesim/cmake/ament_cmake_export_libraries-extras.cmake
[42.392s] -- Up-to-date symlink: /home/ueux/Desktop/ROS2Humble/basic_ws/install/turtlesim/share/turtlesim/cmake/ament_cmake_export_targets-extras.cmake
[42.392s] -- Up-to-date symlink: /home/ueux/Desktop/ROS2Humble/basic_ws/install/turtlesim/share/turtlesim/cmake/rosidl_cmake_export_typesupport_targets-extras.cmake
[42.392s] -- Up-to-date symlink: /home/ueux/Desktop/ROS2Humble/basic_ws/install/turtlesim/share/turtlesim/cmake/rosidl_cmake_export_typesupport_libraries-extras.cmake
[42.392s] -- Up-to-date symlink: /home/ueux/Desktop/ROS2Humble/basic_ws/install/turtlesim/share/turtlesim/cmake/turtlesimConfig.cmake
[42.392s] -- Up-to-date symlink: /home/ueux/Desktop/ROS2Humble/basic_ws/install/turtlesim/share/turtlesim/cmake/turtlesimConfig-version.cmake
[42.392s] -- Up-to-date symlink: /home/ueux/Desktop/ROS2Humble/basic_ws/install/turtlesim/share/turtlesim/package.xml
[42.395s] -- Up-to-date: /home/ueux/Desktop/ROS2Humble/basic_ws/install/turtlesim/lib/libturtlesim__rosidl_generator_c.so
[42.395s] -- Up-to-date: /home/ueux/Desktop/ROS2Humble/basic_ws/install/turtlesim/lib/libturtlesim__rosidl_typesupport_fastrtps_c.so
[42.395s] -- Up-to-date: /home/ueux/Desktop/ROS2Humble/basic_ws/install/turtlesim/lib/libturtlesim__rosidl_typesupport_fastrtps_cpp.so
[42.395s] -- Up-to-date: /home/ueux/Desktop/ROS2Humble/basic_ws/install/turtlesim/lib/libturtlesim__rosidl_typesupport_introspection_c.so
[42.395s] -- Up-to-date: /home/ueux/Desktop/ROS2Humble/basic_ws/install/turtlesim/lib/libturtlesim__rosidl_typesupport_c.so
[42.397s] -- Up-to-date: /home/ueux/Desktop/ROS2Humble/basic_ws/install/turtlesim/lib/libturtlesim__rosidl_typesupport_introspection_cpp.so
[42.398s] -- Up-to-date: /home/ueux/Desktop/ROS2Humble/basic_ws/install/turtlesim/lib/libturtlesim__rosidl_typesupport_cpp.so
[42.431s] Listing '/home/ueux/Desktop/ROS2Humble/basic_ws/install/turtlesim/local/lib/python3.10/dist-packages/turtlesim'...
[42.431s] Listing '/home/ueux/Desktop/ROS2Humble/basic_ws/install/turtlesim/local/lib/python3.10/dist-packages/turtlesim/action'...
[42.431s] Listing '/home/ueux/Desktop/ROS2Humble/basic_ws/install/turtlesim/local/lib/python3.10/dist-packages/turtlesim/msg'...
[42.431s] Listing '/home/ueux/Desktop/ROS2Humble/basic_ws/install/turtlesim/local/lib/python3.10/dist-packages/turtlesim/srv'...
[42.437s] -- Up-to-date: /home/ueux/Desktop/ROS2Humble/basic_ws/install/turtlesim/lib/libturtlesim__rosidl_generator_py.so
[42.438s] -- Up-to-date: /home/ueux/Desktop/ROS2Humble/basic_ws/install/turtlesim/share/turtlesim/images
[42.438s] -- Up-to-date: /home/ueux/Desktop/ROS2Humble/basic_ws/install/turtlesim/share/turtlesim/images/humble.png
[42.451s] -- Up-to-date: /home/ueux/Desktop/ROS2Humble/basic_ws/install/turtlesim/share/turtlesim/images/dashing.png
[42.453s] -- Up-to-date: /home/ueux/Desktop/ROS2Humble/basic_ws/install/turtlesim/share/turtlesim/images/crystal.png
[42.453s] -- Up-to-date: /home/ueux/Desktop/ROS2Humble/basic_ws/install/turtlesim/share/turtlesim/images/galactic.png
[42.453s] -- Up-to-date: /home/ueux/Desktop/ROS2Humble/basic_ws/install/turtlesim/share/turtlesim/images/eloquent.png
[42.453s] -- Up-to-date: /home/ueux/Desktop/ROS2Humble/basic_ws/install/turtlesim/share/turtlesim/images/foxy.png
[42.453s] -- Up-to-date: /home/ueux/Desktop/ROS2Humble/basic_ws/install/turtlesim/share/turtlesim/images/bouncy.png
[42.453s] -- Up-to-date: /home/ueux/Desktop/ROS2Humble/basic_ws/install/turtlesim/share/turtlesim/images/rolling.png
[42.453s] -- Up-to-date: /home/ueux/Desktop/ROS2Humble/basic_ws/install/turtlesim/share/turtlesim/images/ardent.png
[42.454s] -- Up-to-date: /home/ueux/Desktop/ROS2Humble/basic_ws/install/turtlesim/share/turtlesim/cmake/export_turtlesim__rosidl_generator_cExport.cmake
[42.454s] -- Up-to-date: /home/ueux/Desktop/ROS2Humble/basic_ws/install/turtlesim/share/turtlesim/cmake/export_turtlesim__rosidl_generator_cExport-noconfig.cmake
[42.454s] -- Up-to-date: /home/ueux/Desktop/ROS2Humble/basic_ws/install/turtlesim/share/turtlesim/cmake/export_turtlesim__rosidl_typesupport_fastrtps_cExport.cmake
[42.454s] -- Up-to-date: /home/ueux/Desktop/ROS2Humble/basic_ws/install/turtlesim/share/turtlesim/cmake/export_turtlesim__rosidl_typesupport_fastrtps_cExport-noconfig.cmake
[42.454s] -- Up-to-date: /home/ueux/Desktop/ROS2Humble/basic_ws/install/turtlesim/share/turtlesim/cmake/export_turtlesim__rosidl_generator_cppExport.cmake
[42.455s] -- Up-to-date: /home/ueux/Desktop/ROS2Humble/basic_ws/install/turtlesim/share/turtlesim/cmake/export_turtlesim__rosidl_typesupport_fastrtps_cppExport.cmake
[42.461s] -- Up-to-date: /home/ueux/Desktop/ROS2Humble/basic_ws/install/turtlesim/share/turtlesim/cmake/export_turtlesim__rosidl_typesupport_fastrtps_cppExport-noconfig.cmake
[42.461s] -- Up-to-date: /home/ueux/Desktop/ROS2Humble/basic_ws/install/turtlesim/share/turtlesim/cmake/turtlesim__rosidl_typesupport_introspection_cExport.cmake
[42.461s] -- Up-to-date: /home/ueux/Desktop/ROS2Humble/basic_ws/install/turtlesim/share/turtlesim/cmake/turtlesim__rosidl_typesupport_introspection_cExport-noconfig.cmake
[42.461s] -- Up-to-date: /home/ueux/Desktop/ROS2Humble/basic_ws/install/turtlesim/share/turtlesim/cmake/turtlesim__rosidl_typesupport_cExport.cmake
[42.461s] -- Up-to-date: /home/ueux/Desktop/ROS2Humble/basic_ws/install/turtlesim/share/turtlesim/cmake/turtlesim__rosidl_typesupport_cExport-noconfig.cmake
[42.461s] -- Up-to-date: /home/ueux/Desktop/ROS2Humble/basic_ws/install/turtlesim/share/turtlesim/cmake/turtlesim__rosidl_typesupport_introspection_cppExport.cmake
[42.461s] -- Up-to-date: /home/ueux/Desktop/ROS2Humble/basic_ws/install/turtlesim/share/turtlesim/cmake/turtlesim__rosidl_typesupport_introspection_cppExport-noconfig.cmake
[42.463s] -- Up-to-date: /home/ueux/Desktop/ROS2Humble/basic_ws/install/turtlesim/share/turtlesim/cmake/turtlesim__rosidl_typesupport_cppExport.cmake
[42.463s] -- Up-to-date: /home/ueux/Desktop/ROS2Humble/basic_ws/install/turtlesim/share/turtlesim/cmake/turtlesim__rosidl_typesupport_cppExport-noconfig.cmake
[42.463s] -- Up-to-date: /home/ueux/Desktop/ROS2Humble/basic_ws/install/turtlesim/share/turtlesim/cmake/export_turtlesim__rosidl_generator_pyExport.cmake
[42.463s] -- Up-to-date: /home/ueux/Desktop/ROS2Humble/basic_ws/install/turtlesim/share/turtlesim/cmake/export_turtlesim__rosidl_generator_pyExport-noconfig.cmake
[42.472s] Invoked command in '/home/ueux/Desktop/ROS2Humble/basic_ws/build/turtlesim' returned '0': CMAKE_PREFIX_PATH=${CMAKE_PREFIX_PATH}:/home/ueux/Desktop/ROS2Humble/basic_ws/install/my_robot_controller:/opt/ros/humble /usr/bin/cmake --install /home/ueux/Desktop/ROS2Humble/basic_ws/build/turtlesim
