[0.705s] Invoking command in '/home/navaneeth/Documents/course/Practice_programs/ROS2/urdf_ws/src/teleop_agv_keyboard': PYTHONPATH=/home/navaneeth/Documents/course/Practice_programs/ROS2/urdf_ws/build/teleop_agv_keyboard/prefix_override:/home/navaneeth/Documents/course/Practice_programs/ROS2/urdf_ws/install/teleop_agv_keyboard/lib/python3.10/site-packages:${PYTHONPATH} /usr/bin/python3 setup.py egg_info --egg-base ../../build/teleop_agv_keyboard build --build-base /home/navaneeth/Documents/course/Practice_programs/ROS2/urdf_ws/build/teleop_agv_keyboard/build install --record /home/navaneeth/Documents/course/Practice_programs/ROS2/urdf_ws/build/teleop_agv_keyboard/install.log --single-version-externally-managed
[0.900s] running egg_info
[0.900s] writing ../../build/teleop_agv_keyboard/teleop_agv_keyboard.egg-info/PKG-INFO
[0.900s] writing dependency_links to ../../build/teleop_agv_keyboard/teleop_agv_keyboard.egg-info/dependency_links.txt
[0.901s] writing entry points to ../../build/teleop_agv_keyboard/teleop_agv_keyboard.egg-info/entry_points.txt
[0.901s] writing requirements to ../../build/teleop_agv_keyboard/teleop_agv_keyboard.egg-info/requires.txt
[0.901s] writing top-level names to ../../build/teleop_agv_keyboard/teleop_agv_keyboard.egg-info/top_level.txt
[0.902s] reading manifest file '../../build/teleop_agv_keyboard/teleop_agv_keyboard.egg-info/SOURCES.txt'
[0.902s] writing manifest file '../../build/teleop_agv_keyboard/teleop_agv_keyboard.egg-info/SOURCES.txt'
[0.902s] running build
[0.903s] running build_py
[0.903s] running install
[0.903s] /usr/lib/python3/dist-packages/setuptools/command/install.py:34: SetuptoolsDeprecationWarning: setup.py install is deprecated. Use build and pip and other standards-based tools.
[0.903s]   warnings.warn(
[0.903s] running install_lib
[0.904s] running install_data
[0.904s] running install_egg_info
[0.905s] removing '/home/navaneeth/Documents/course/Practice_programs/ROS2/urdf_ws/install/teleop_agv_keyboard/lib/python3.10/site-packages/teleop_agv_keyboard-2.3.2-py3.10.egg-info' (and everything under it)
[0.905s] Copying ../../build/teleop_agv_keyboard/teleop_agv_keyboard.egg-info to /home/navaneeth/Documents/course/Practice_programs/ROS2/urdf_ws/install/teleop_agv_keyboard/lib/python3.10/site-packages/teleop_agv_keyboard-2.3.2-py3.10.egg-info
[0.906s] running install_scripts
[0.921s] Installing teleop_agv_keyboard script to /home/navaneeth/Documents/course/Practice_programs/ROS2/urdf_ws/install/teleop_agv_keyboard/lib/teleop_agv_keyboard
[0.921s] writing list of installed files to '/home/navaneeth/Documents/course/Practice_programs/ROS2/urdf_ws/build/teleop_agv_keyboard/install.log'
[0.937s] Invoked command in '/home/navaneeth/Documents/course/Practice_programs/ROS2/urdf_ws/src/teleop_agv_keyboard' returned '0': PYTHONPATH=/home/navaneeth/Documents/course/Practice_programs/ROS2/urdf_ws/build/teleop_agv_keyboard/prefix_override:/home/navaneeth/Documents/course/Practice_programs/ROS2/urdf_ws/install/teleop_agv_keyboard/lib/python3.10/site-packages:${PYTHONPATH} /usr/bin/python3 setup.py egg_info --egg-base ../../build/teleop_agv_keyboard build --build-base /home/navaneeth/Documents/course/Practice_programs/ROS2/urdf_ws/build/teleop_agv_keyboard/build install --record /home/navaneeth/Documents/course/Practice_programs/ROS2/urdf_ws/build/teleop_agv_keyboard/install.log --single-version-externally-managed
