[0.147s] Invoking command in '/home/vboxuser/Desktop/ROS2Humble/turtlebot3_ws/build/turtlebot3_simulations': AMENT_PREFIX_PATH=/home/vboxuser/Desktop/ROS2Humble/turtlebot3_ws/install/turtlebot3_fake_node:/home/vboxuser/Desktop/ROS2Humble/turtlebot3_ws/install/turtlebot3_msgs:/home/vboxuser/Desktop/ROS2Humble/turtlebot3_ws/install/turtlebot3_gazebo:${AMENT_PREFIX_PATH} CMAKE_PREFIX_PATH=/home/vboxuser/Desktop/ROS2Humble/turtlebot3_ws/install/turtlebot3_fake_node:/home/vboxuser/Desktop/ROS2Humble/turtlebot3_ws/install/turtlebot3_msgs:/home/vboxuser/Desktop/ROS2Humble/turtlebot3_ws/install/turtlebot3_gazebo:/home/vboxuser/Desktop/ROS2Humble/basic_ws/install/cpp_pubsub:/home/vboxuser/Desktop/ROS2Humble/urdf_ws/install/my_first_pkg:/home/vboxuser/Desktop/ROS2Humble/basic_ws/install/pubsub:/home/vboxuser/Desktop/ROS2Humble/ros2_ws/install/my_robot_controller:/home/vboxuser/Desktop/ROS2Humble/urdf_ws/install/teleop_agv_keyboard:/opt/ros/humble LD_LIBRARY_PATH=/home/vboxuser/Desktop/ROS2Humble/turtlebot3_ws/install/turtlebot3_msgs/lib:${LD_LIBRARY_PATH} PYTHONPATH=/home/vboxuser/Desktop/ROS2Humble/turtlebot3_ws/install/turtlebot3_msgs/local/lib/python3.10/dist-packages:${PYTHONPATH} /usr/bin/cmake /home/vboxuser/Desktop/ROS2Humble/turtlebot3_ws/src/turtlebot3_simulations/turtlebot3_simulations -DCMAKE_INSTALL_PREFIX=/home/vboxuser/Desktop/ROS2Humble/turtlebot3_ws/install/turtlebot3_simulations
[0.542s] -- The C compiler identification is GNU 11.4.0
[0.679s] -- The CXX compiler identification is GNU 11.4.0
[0.803s] -- Detecting C compiler ABI info
[1.062s] -- Detecting C compiler ABI info - done
[1.062s] -- Check for working C compiler: /usr/bin/cc - skipped
[1.063s] -- Detecting C compile features
[1.064s] -- Detecting C compile features - done
[1.084s] -- Detecting CXX compiler ABI info
[1.242s] -- Detecting CXX compiler ABI info - done
[1.243s] -- Check for working CXX compiler: /usr/bin/c++ - skipped
[1.243s] -- Detecting CXX compile features
[1.243s] -- Detecting CXX compile features - done
[1.280s] -- Found ament_cmake: 1.3.11 (/opt/ros/humble/share/ament_cmake/cmake)
[1.704s] -- Found Python3: /usr/bin/python3 (found version "3.10.12") found components: Interpreter 
[2.474s] -- Configuring done
[2.509s] -- Generating done
[2.538s] -- Build files have been written to: /home/vboxuser/Desktop/ROS2Humble/turtlebot3_ws/build/turtlebot3_simulations
[2.556s] Invoked command in '/home/vboxuser/Desktop/ROS2Humble/turtlebot3_ws/build/turtlebot3_simulations' returned '0': AMENT_PREFIX_PATH=/home/vboxuser/Desktop/ROS2Humble/turtlebot3_ws/install/turtlebot3_fake_node:/home/vboxuser/Desktop/ROS2Humble/turtlebot3_ws/install/turtlebot3_msgs:/home/vboxuser/Desktop/ROS2Humble/turtlebot3_ws/install/turtlebot3_gazebo:${AMENT_PREFIX_PATH} CMAKE_PREFIX_PATH=/home/vboxuser/Desktop/ROS2Humble/turtlebot3_ws/install/turtlebot3_fake_node:/home/vboxuser/Desktop/ROS2Humble/turtlebot3_ws/install/turtlebot3_msgs:/home/vboxuser/Desktop/ROS2Humble/turtlebot3_ws/install/turtlebot3_gazebo:/home/vboxuser/Desktop/ROS2Humble/basic_ws/install/cpp_pubsub:/home/vboxuser/Desktop/ROS2Humble/urdf_ws/install/my_first_pkg:/home/vboxuser/Desktop/ROS2Humble/basic_ws/install/pubsub:/home/vboxuser/Desktop/ROS2Humble/ros2_ws/install/my_robot_controller:/home/vboxuser/Desktop/ROS2Humble/urdf_ws/install/teleop_agv_keyboard:/opt/ros/humble LD_LIBRARY_PATH=/home/vboxuser/Desktop/ROS2Humble/turtlebot3_ws/install/turtlebot3_msgs/lib:${LD_LIBRARY_PATH} PYTHONPATH=/home/vboxuser/Desktop/ROS2Humble/turtlebot3_ws/install/turtlebot3_msgs/local/lib/python3.10/dist-packages:${PYTHONPATH} /usr/bin/cmake /home/vboxuser/Desktop/ROS2Humble/turtlebot3_ws/src/turtlebot3_simulations/turtlebot3_simulations -DCMAKE_INSTALL_PREFIX=/home/vboxuser/Desktop/ROS2Humble/turtlebot3_ws/install/turtlebot3_simulations
[2.580s] Invoking command in '/home/vboxuser/Desktop/ROS2Humble/turtlebot3_ws/build/turtlebot3_simulations': AMENT_PREFIX_PATH=/home/vboxuser/Desktop/ROS2Humble/turtlebot3_ws/install/turtlebot3_fake_node:/home/vboxuser/Desktop/ROS2Humble/turtlebot3_ws/install/turtlebot3_msgs:/home/vboxuser/Desktop/ROS2Humble/turtlebot3_ws/install/turtlebot3_gazebo:${AMENT_PREFIX_PATH} CMAKE_PREFIX_PATH=/home/vboxuser/Desktop/ROS2Humble/turtlebot3_ws/install/turtlebot3_fake_node:/home/vboxuser/Desktop/ROS2Humble/turtlebot3_ws/install/turtlebot3_msgs:/home/vboxuser/Desktop/ROS2Humble/turtlebot3_ws/install/turtlebot3_gazebo:/home/vboxuser/Desktop/ROS2Humble/basic_ws/install/cpp_pubsub:/home/vboxuser/Desktop/ROS2Humble/urdf_ws/install/my_first_pkg:/home/vboxuser/Desktop/ROS2Humble/basic_ws/install/pubsub:/home/vboxuser/Desktop/ROS2Humble/ros2_ws/install/my_robot_controller:/home/vboxuser/Desktop/ROS2Humble/urdf_ws/install/teleop_agv_keyboard:/opt/ros/humble LD_LIBRARY_PATH=/home/vboxuser/Desktop/ROS2Humble/turtlebot3_ws/install/turtlebot3_msgs/lib:${LD_LIBRARY_PATH} PYTHONPATH=/home/vboxuser/Desktop/ROS2Humble/turtlebot3_ws/install/turtlebot3_msgs/local/lib/python3.10/dist-packages:${PYTHONPATH} /usr/bin/cmake --build /home/vboxuser/Desktop/ROS2Humble/turtlebot3_ws/build/turtlebot3_simulations -- -j7 -l7
[2.663s] Invoked command in '/home/vboxuser/Desktop/ROS2Humble/turtlebot3_ws/build/turtlebot3_simulations' returned '0': AMENT_PREFIX_PATH=/home/vboxuser/Desktop/ROS2Humble/turtlebot3_ws/install/turtlebot3_fake_node:/home/vboxuser/Desktop/ROS2Humble/turtlebot3_ws/install/turtlebot3_msgs:/home/vboxuser/Desktop/ROS2Humble/turtlebot3_ws/install/turtlebot3_gazebo:${AMENT_PREFIX_PATH} CMAKE_PREFIX_PATH=/home/vboxuser/Desktop/ROS2Humble/turtlebot3_ws/install/turtlebot3_fake_node:/home/vboxuser/Desktop/ROS2Humble/turtlebot3_ws/install/turtlebot3_msgs:/home/vboxuser/Desktop/ROS2Humble/turtlebot3_ws/install/turtlebot3_gazebo:/home/vboxuser/Desktop/ROS2Humble/basic_ws/install/cpp_pubsub:/home/vboxuser/Desktop/ROS2Humble/urdf_ws/install/my_first_pkg:/home/vboxuser/Desktop/ROS2Humble/basic_ws/install/pubsub:/home/vboxuser/Desktop/ROS2Humble/ros2_ws/install/my_robot_controller:/home/vboxuser/Desktop/ROS2Humble/urdf_ws/install/teleop_agv_keyboard:/opt/ros/humble LD_LIBRARY_PATH=/home/vboxuser/Desktop/ROS2Humble/turtlebot3_ws/install/turtlebot3_msgs/lib:${LD_LIBRARY_PATH} PYTHONPATH=/home/vboxuser/Desktop/ROS2Humble/turtlebot3_ws/install/turtlebot3_msgs/local/lib/python3.10/dist-packages:${PYTHONPATH} /usr/bin/cmake --build /home/vboxuser/Desktop/ROS2Humble/turtlebot3_ws/build/turtlebot3_simulations -- -j7 -l7
[2.672s] Invoking command in '/home/vboxuser/Desktop/ROS2Humble/turtlebot3_ws/build/turtlebot3_simulations': AMENT_PREFIX_PATH=/home/vboxuser/Desktop/ROS2Humble/turtlebot3_ws/install/turtlebot3_fake_node:/home/vboxuser/Desktop/ROS2Humble/turtlebot3_ws/install/turtlebot3_msgs:/home/vboxuser/Desktop/ROS2Humble/turtlebot3_ws/install/turtlebot3_gazebo:${AMENT_PREFIX_PATH} CMAKE_PREFIX_PATH=/home/vboxuser/Desktop/ROS2Humble/turtlebot3_ws/install/turtlebot3_fake_node:/home/vboxuser/Desktop/ROS2Humble/turtlebot3_ws/install/turtlebot3_msgs:/home/vboxuser/Desktop/ROS2Humble/turtlebot3_ws/install/turtlebot3_gazebo:/home/vboxuser/Desktop/ROS2Humble/basic_ws/install/cpp_pubsub:/home/vboxuser/Desktop/ROS2Humble/urdf_ws/install/my_first_pkg:/home/vboxuser/Desktop/ROS2Humble/basic_ws/install/pubsub:/home/vboxuser/Desktop/ROS2Humble/ros2_ws/install/my_robot_controller:/home/vboxuser/Desktop/ROS2Humble/urdf_ws/install/teleop_agv_keyboard:/opt/ros/humble LD_LIBRARY_PATH=/home/vboxuser/Desktop/ROS2Humble/turtlebot3_ws/install/turtlebot3_msgs/lib:${LD_LIBRARY_PATH} PYTHONPATH=/home/vboxuser/Desktop/ROS2Humble/turtlebot3_ws/install/turtlebot3_msgs/local/lib/python3.10/dist-packages:${PYTHONPATH} /usr/bin/cmake --install /home/vboxuser/Desktop/ROS2Humble/turtlebot3_ws/build/turtlebot3_simulations
[2.700s] -- Install configuration: ""
[2.701s] -- Installing: /home/vboxuser/Desktop/ROS2Humble/turtlebot3_ws/install/turtlebot3_simulations/share/ament_index/resource_index/package_run_dependencies/turtlebot3_simulations
[2.701s] -- Installing: /home/vboxuser/Desktop/ROS2Humble/turtlebot3_ws/install/turtlebot3_simulations/share/ament_index/resource_index/parent_prefix_path/turtlebot3_simulations
[2.702s] -- Installing: /home/vboxuser/Desktop/ROS2Humble/turtlebot3_ws/install/turtlebot3_simulations/share/turtlebot3_simulations/environment/ament_prefix_path.sh
[2.702s] -- Installing: /home/vboxuser/Desktop/ROS2Humble/turtlebot3_ws/install/turtlebot3_simulations/share/turtlebot3_simulations/environment/ament_prefix_path.dsv
[2.702s] -- Installing: /home/vboxuser/Desktop/ROS2Humble/turtlebot3_ws/install/turtlebot3_simulations/share/turtlebot3_simulations/environment/path.sh
[2.702s] -- Installing: /home/vboxuser/Desktop/ROS2Humble/turtlebot3_ws/install/turtlebot3_simulations/share/turtlebot3_simulations/environment/path.dsv
[2.702s] -- Installing: /home/vboxuser/Desktop/ROS2Humble/turtlebot3_ws/install/turtlebot3_simulations/share/turtlebot3_simulations/local_setup.bash
[2.702s] -- Installing: /home/vboxuser/Desktop/ROS2Humble/turtlebot3_ws/install/turtlebot3_simulations/share/turtlebot3_simulations/local_setup.sh
[2.702s] -- Installing: /home/vboxuser/Desktop/ROS2Humble/turtlebot3_ws/install/turtlebot3_simulations/share/turtlebot3_simulations/local_setup.zsh
[2.703s] -- Installing: /home/vboxuser/Desktop/ROS2Humble/turtlebot3_ws/install/turtlebot3_simulations/share/turtlebot3_simulations/local_setup.dsv
[2.703s] -- Installing: /home/vboxuser/Desktop/ROS2Humble/turtlebot3_ws/install/turtlebot3_simulations/share/turtlebot3_simulations/package.dsv
[2.703s] -- Installing: /home/vboxuser/Desktop/ROS2Humble/turtlebot3_ws/install/turtlebot3_simulations/share/ament_index/resource_index/packages/turtlebot3_simulations
[2.703s] -- Installing: /home/vboxuser/Desktop/ROS2Humble/turtlebot3_ws/install/turtlebot3_simulations/share/turtlebot3_simulations/cmake/turtlebot3_simulationsConfig.cmake
[2.704s] -- Installing: /home/vboxuser/Desktop/ROS2Humble/turtlebot3_ws/install/turtlebot3_simulations/share/turtlebot3_simulations/cmake/turtlebot3_simulationsConfig-version.cmake
[2.704s] -- Installing: /home/vboxuser/Desktop/ROS2Humble/turtlebot3_ws/install/turtlebot3_simulations/share/turtlebot3_simulations/package.xml
[2.708s] Invoked command in '/home/vboxuser/Desktop/ROS2Humble/turtlebot3_ws/build/turtlebot3_simulations' returned '0': AMENT_PREFIX_PATH=/home/vboxuser/Desktop/ROS2Humble/turtlebot3_ws/install/turtlebot3_fake_node:/home/vboxuser/Desktop/ROS2Humble/turtlebot3_ws/install/turtlebot3_msgs:/home/vboxuser/Desktop/ROS2Humble/turtlebot3_ws/install/turtlebot3_gazebo:${AMENT_PREFIX_PATH} CMAKE_PREFIX_PATH=/home/vboxuser/Desktop/ROS2Humble/turtlebot3_ws/install/turtlebot3_fake_node:/home/vboxuser/Desktop/ROS2Humble/turtlebot3_ws/install/turtlebot3_msgs:/home/vboxuser/Desktop/ROS2Humble/turtlebot3_ws/install/turtlebot3_gazebo:/home/vboxuser/Desktop/ROS2Humble/basic_ws/install/cpp_pubsub:/home/vboxuser/Desktop/ROS2Humble/urdf_ws/install/my_first_pkg:/home/vboxuser/Desktop/ROS2Humble/basic_ws/install/pubsub:/home/vboxuser/Desktop/ROS2Humble/ros2_ws/install/my_robot_controller:/home/vboxuser/Desktop/ROS2Humble/urdf_ws/install/teleop_agv_keyboard:/opt/ros/humble LD_LIBRARY_PATH=/home/vboxuser/Desktop/ROS2Humble/turtlebot3_ws/install/turtlebot3_msgs/lib:${LD_LIBRARY_PATH} PYTHONPATH=/home/vboxuser/Desktop/ROS2Humble/turtlebot3_ws/install/turtlebot3_msgs/local/lib/python3.10/dist-packages:${PYTHONPATH} /usr/bin/cmake --install /home/vboxuser/Desktop/ROS2Humble/turtlebot3_ws/build/turtlebot3_simulations
