[0.432s] Invoking command in '/home/navaneeth/Documents/course/opencv/object_detection_in_gazebo_ros2_ws/build/yolobot_gazebo': CMAKE_PREFIX_PATH=${CMAKE_PREFIX_PATH}:/home/navaneeth/Documents/course/opencv/object_detection_in_gazebo_ros2_ws/install/teleop_agv_keyboard:/opt/ros/humble /usr/bin/cmake --build /home/navaneeth/Documents/course/opencv/object_detection_in_gazebo_ros2_ws/build/yolobot_gazebo -- -j16 -l16
[0.473s] Invoked command in '/home/navaneeth/Documents/course/opencv/object_detection_in_gazebo_ros2_ws/build/yolobot_gazebo' returned '0': CMAKE_PREFIX_PATH=${CMAKE_PREFIX_PATH}:/home/navaneeth/Documents/course/opencv/object_detection_in_gazebo_ros2_ws/install/teleop_agv_keyboard:/opt/ros/humble /usr/bin/cmake --build /home/navaneeth/Documents/course/opencv/object_detection_in_gazebo_ros2_ws/build/yolobot_gazebo -- -j16 -l16
[0.505s] Invoking command in '/home/navaneeth/Documents/course/opencv/object_detection_in_gazebo_ros2_ws/build/yolobot_gazebo': CMAKE_PREFIX_PATH=${CMAKE_PREFIX_PATH}:/home/navaneeth/Documents/course/opencv/object_detection_in_gazebo_ros2_ws/install/teleop_agv_keyboard:/opt/ros/humble /usr/bin/cmake --install /home/navaneeth/Documents/course/opencv/object_detection_in_gazebo_ros2_ws/build/yolobot_gazebo
[0.514s] -- Install configuration: ""
[0.514s] -- Up-to-date: /home/navaneeth/Documents/course/opencv/object_detection_in_gazebo_ros2_ws/install/yolobot_gazebo/share/yolobot_gazebo//launch
[0.515s] -- Up-to-date: /home/navaneeth/Documents/course/opencv/object_detection_in_gazebo_ros2_ws/install/yolobot_gazebo/share/yolobot_gazebo//launch/start_world_launch.py
[0.515s] -- Up-to-date: /home/navaneeth/Documents/course/opencv/object_detection_in_gazebo_ros2_ws/install/yolobot_gazebo/share/yolobot_gazebo//launch/yolobot_launch.py
[0.516s] -- Up-to-date: /home/navaneeth/Documents/course/opencv/object_detection_in_gazebo_ros2_ws/install/yolobot_gazebo/share/yolobot_gazebo//worlds
[0.516s] -- Up-to-date: /home/navaneeth/Documents/course/opencv/object_detection_in_gazebo_ros2_ws/install/yolobot_gazebo/share/yolobot_gazebo//worlds/yolo_test.world
[0.519s] -- Up-to-date: /home/navaneeth/Documents/course/opencv/object_detection_in_gazebo_ros2_ws/install/yolobot_gazebo/share/ament_index/resource_index/package_run_dependencies/yolobot_gazebo
[0.520s] -- Up-to-date: /home/navaneeth/Documents/course/opencv/object_detection_in_gazebo_ros2_ws/install/yolobot_gazebo/share/ament_index/resource_index/parent_prefix_path/yolobot_gazebo
[0.520s] -- Up-to-date: /home/navaneeth/Documents/course/opencv/object_detection_in_gazebo_ros2_ws/install/yolobot_gazebo/share/yolobot_gazebo/environment/ament_prefix_path.sh
[0.521s] -- Up-to-date: /home/navaneeth/Documents/course/opencv/object_detection_in_gazebo_ros2_ws/install/yolobot_gazebo/share/yolobot_gazebo/environment/ament_prefix_path.dsv
[0.521s] -- Up-to-date: /home/navaneeth/Documents/course/opencv/object_detection_in_gazebo_ros2_ws/install/yolobot_gazebo/share/yolobot_gazebo/environment/path.sh
[0.521s] -- Up-to-date: /home/navaneeth/Documents/course/opencv/object_detection_in_gazebo_ros2_ws/install/yolobot_gazebo/share/yolobot_gazebo/environment/path.dsv
[0.521s] -- Up-to-date: /home/navaneeth/Documents/course/opencv/object_detection_in_gazebo_ros2_ws/install/yolobot_gazebo/share/yolobot_gazebo/local_setup.bash
[0.521s] -- Up-to-date: /home/navaneeth/Documents/course/opencv/object_detection_in_gazebo_ros2_ws/install/yolobot_gazebo/share/yolobot_gazebo/local_setup.sh
[0.523s] -- Up-to-date: /home/navaneeth/Documents/course/opencv/object_detection_in_gazebo_ros2_ws/install/yolobot_gazebo/share/yolobot_gazebo/local_setup.zsh
[0.523s] -- Up-to-date: /home/navaneeth/Documents/course/opencv/object_detection_in_gazebo_ros2_ws/install/yolobot_gazebo/share/yolobot_gazebo/local_setup.dsv
[0.523s] -- Up-to-date: /home/navaneeth/Documents/course/opencv/object_detection_in_gazebo_ros2_ws/install/yolobot_gazebo/share/yolobot_gazebo/package.dsv
[0.523s] -- Up-to-date: /home/navaneeth/Documents/course/opencv/object_detection_in_gazebo_ros2_ws/install/yolobot_gazebo/share/ament_index/resource_index/packages/yolobot_gazebo
[0.523s] -- Up-to-date: /home/navaneeth/Documents/course/opencv/object_detection_in_gazebo_ros2_ws/install/yolobot_gazebo/share/yolobot_gazebo/cmake/yolobot_gazeboConfig.cmake
[0.523s] -- Up-to-date: /home/navaneeth/Documents/course/opencv/object_detection_in_gazebo_ros2_ws/install/yolobot_gazebo/share/yolobot_gazebo/cmake/yolobot_gazeboConfig-version.cmake
[0.524s] -- Up-to-date: /home/navaneeth/Documents/course/opencv/object_detection_in_gazebo_ros2_ws/install/yolobot_gazebo/share/yolobot_gazebo/package.xml
[0.623s] Invoked command in '/home/navaneeth/Documents/course/opencv/object_detection_in_gazebo_ros2_ws/build/yolobot_gazebo' returned '0': CMAKE_PREFIX_PATH=${CMAKE_PREFIX_PATH}:/home/navaneeth/Documents/course/opencv/object_detection_in_gazebo_ros2_ws/install/teleop_agv_keyboard:/opt/ros/humble /usr/bin/cmake --install /home/navaneeth/Documents/course/opencv/object_detection_in_gazebo_ros2_ws/build/yolobot_gazebo
