[0.290s] Invoking command in '/home/ueux/Desktop/ROS2Humble/basic_ws/build/turtlesim': CMAKE_PREFIX_PATH=${CMAKE_PREFIX_PATH}:/home/ueux/Desktop/ROS2Humble/basic_ws/install/my_robot_controller:/opt/ros/humble /usr/bin/cmake --build /home/ueux/Desktop/ROS2Humble/basic_ws/build/turtlesim -- -j8 -l8
[1.308s] [  1%] Built target turtlesim__cpp
[1.349s] [  1%] Built target ament_cmake_python_symlink_turtlesim
[1.426s] [ 11%] Built target turtlesim__rosidl_generator_c
[1.809s] [ 21%] Built target turtlesim__rosidl_typesupport_fastrtps_cpp
[1.860s] [ 31%] Built target turtlesim__rosidl_typesupport_cpp
[1.921s] [ 41%] Built target turtlesim__rosidl_typesupport_introspection_cpp
[1.944s] [ 59%] Built target turtlesim__rosidl_typesupport_c
[1.963s] [ 62%] Built target turtlesim__rosidl_typesupport_introspection_c
[1.967s] [ 71%] Built target turtlesim__rosidl_typesupport_fastrtps_c
[2.205s] [35m[1mConsolidate compiler generated dependencies of target turtlesim_node[0m
[2.386s] [ 71%] Built target turtlesim
[2.404s] [ 73%] Built target turtle_teleop_key
[2.421s] [ 75%] Built target mimic
[2.430s] [ 77%] Built target draw_square
[2.564s] [ 83%] Built target turtlesim_node
[2.600s] [ 84%] Built target turtlesim__py
[2.715s] running egg_info
[2.735s] writing turtlesim.egg-info/PKG-INFO
[2.735s] writing dependency_links to turtlesim.egg-info/dependency_links.txt
[2.753s] writing top-level names to turtlesim.egg-info/top_level.txt
[2.767s] reading manifest file 'turtlesim.egg-info/SOURCES.txt'
[2.799s] writing manifest file 'turtlesim.egg-info/SOURCES.txt'
[2.934s] [ 93%] Built target turtlesim__rosidl_generator_py
[3.065s] [ 93%] Built target ament_cmake_python_build_turtlesim_egg
[3.178s] [ 95%] Built target turtlesim__rosidl_typesupport_c__pyext
[3.179s] [ 97%] Built target turtlesim__rosidl_typesupport_fastrtps_c__pyext
[3.197s] [100%] Built target turtlesim__rosidl_typesupport_introspection_c__pyext
[3.241s] Invoked command in '/home/ueux/Desktop/ROS2Humble/basic_ws/build/turtlesim' returned '0': CMAKE_PREFIX_PATH=${CMAKE_PREFIX_PATH}:/home/ueux/Desktop/ROS2Humble/basic_ws/install/my_robot_controller:/opt/ros/humble /usr/bin/cmake --build /home/ueux/Desktop/ROS2Humble/basic_ws/build/turtlesim -- -j8 -l8
[3.263s] Invoking command in '/home/ueux/Desktop/ROS2Humble/basic_ws/build/turtlesim': CMAKE_PREFIX_PATH=${CMAKE_PREFIX_PATH}:/home/ueux/Desktop/ROS2Humble/basic_ws/install/my_robot_controller:/opt/ros/humble /usr/bin/cmake --install /home/ueux/Desktop/ROS2Humble/basic_ws/build/turtlesim
[3.273s] -- Install configuration: ""
[3.275s] -- Execute custom install script
[3.276s] -- Up-to-date symlink: /home/ueux/Desktop/ROS2Humble/basic_ws/install/turtlesim/share/ament_index/resource_index/rosidl_interfaces/turtlesim
[3.282s] -- Up-to-date symlink: /home/ueux/Desktop/ROS2Humble/basic_ws/install/turtlesim/include/turtlesim/turtlesim/action/detail/rotate_absolute__functions.h
[3.284s] -- Up-to-date symlink: /home/ueux/Desktop/ROS2Humble/basic_ws/install/turtlesim/include/turtlesim/turtlesim/action/detail/rotate_absolute__struct.h
[3.289s] -- Up-to-date symlink: /home/ueux/Desktop/ROS2Humble/basic_ws/install/turtlesim/include/turtlesim/turtlesim/action/detail/rotate_absolute__type_support.h
[3.289s] -- Up-to-date symlink: /home/ueux/Desktop/ROS2Humble/basic_ws/install/turtlesim/include/turtlesim/turtlesim/action/rotate_absolute.h
[3.289s] -- Up-to-date symlink: /home/ueux/Desktop/ROS2Humble/basic_ws/install/turtlesim/include/turtlesim/turtlesim/msg/color.h
[3.299s] -- Up-to-date symlink: /home/ueux/Desktop/ROS2Humble/basic_ws/install/turtlesim/include/turtlesim/turtlesim/msg/detail/color__functions.h
[3.304s] -- Up-to-date symlink: /home/ueux/Desktop/ROS2Humble/basic_ws/install/turtlesim/include/turtlesim/turtlesim/msg/detail/color__struct.h
[3.320s] -- Up-to-date symlink: /home/ueux/Desktop/ROS2Humble/basic_ws/install/turtlesim/include/turtlesim/turtlesim/msg/detail/color__type_support.h
[3.343s] -- Up-to-date symlink: /home/ueux/Desktop/ROS2Humble/basic_ws/install/turtlesim/include/turtlesim/turtlesim/msg/detail/pose__functions.h
[3.346s] -- Up-to-date symlink: /home/ueux/Desktop/ROS2Humble/basic_ws/install/turtlesim/include/turtlesim/turtlesim/msg/detail/pose__struct.h
[3.346s] -- Up-to-date symlink: /home/ueux/Desktop/ROS2Humble/basic_ws/install/turtlesim/include/turtlesim/turtlesim/msg/detail/pose__type_support.h
[3.346s] -- Up-to-date symlink: /home/ueux/Desktop/ROS2Humble/basic_ws/install/turtlesim/include/turtlesim/turtlesim/msg/pose.h
[3.362s] -- Up-to-date symlink: /home/ueux/Desktop/ROS2Humble/basic_ws/install/turtlesim/include/turtlesim/turtlesim/msg/rosidl_generator_c__visibility_control.h
[3.362s] -- Up-to-date symlink: /home/ueux/Desktop/ROS2Humble/basic_ws/install/turtlesim/include/turtlesim/turtlesim/srv/detail/kill__functions.h
[3.371s] -- Up-to-date symlink: /home/ueux/Desktop/ROS2Humble/basic_ws/install/turtlesim/include/turtlesim/turtlesim/srv/detail/kill__struct.h
[3.377s] -- Up-to-date symlink: /home/ueux/Desktop/ROS2Humble/basic_ws/install/turtlesim/include/turtlesim/turtlesim/srv/detail/kill__type_support.h
[3.382s] -- Up-to-date symlink: /home/ueux/Desktop/ROS2Humble/basic_ws/install/turtlesim/include/turtlesim/turtlesim/srv/detail/set_pen__functions.h
[3.391s] -- Up-to-date symlink: /home/ueux/Desktop/ROS2Humble/basic_ws/install/turtlesim/include/turtlesim/turtlesim/srv/detail/set_pen__struct.h
[3.396s] -- Up-to-date symlink: /home/ueux/Desktop/ROS2Humble/basic_ws/install/turtlesim/include/turtlesim/turtlesim/srv/detail/set_pen__type_support.h
[3.400s] -- Up-to-date symlink: /home/ueux/Desktop/ROS2Humble/basic_ws/install/turtlesim/include/turtlesim/turtlesim/srv/detail/spawn__functions.h
[3.402s] -- Up-to-date symlink: /home/ueux/Desktop/ROS2Humble/basic_ws/install/turtlesim/include/turtlesim/turtlesim/srv/detail/spawn__struct.h
[3.420s] -- Up-to-date symlink: /home/ueux/Desktop/ROS2Humble/basic_ws/install/turtlesim/include/turtlesim/turtlesim/srv/detail/spawn__type_support.h
[3.421s] -- Up-to-date symlink: /home/ueux/Desktop/ROS2Humble/basic_ws/install/turtlesim/include/turtlesim/turtlesim/srv/detail/teleport_absolute__functions.h
[3.426s] -- Up-to-date symlink: /home/ueux/Desktop/ROS2Humble/basic_ws/install/turtlesim/include/turtlesim/turtlesim/srv/detail/teleport_absolute__struct.h
[3.427s] -- Up-to-date symlink: /home/ueux/Desktop/ROS2Humble/basic_ws/install/turtlesim/include/turtlesim/turtlesim/srv/detail/teleport_absolute__type_support.h
[3.453s] -- Up-to-date symlink: /home/ueux/Desktop/ROS2Humble/basic_ws/install/turtlesim/include/turtlesim/turtlesim/srv/detail/teleport_relative__functions.h
[3.464s] -- Up-to-date symlink: /home/ueux/Desktop/ROS2Humble/basic_ws/install/turtlesim/include/turtlesim/turtlesim/srv/detail/teleport_relative__struct.h
[3.477s] -- Up-to-date symlink: /home/ueux/Desktop/ROS2Humble/basic_ws/install/turtlesim/include/turtlesim/turtlesim/srv/detail/teleport_relative__type_support.h
[3.488s] -- Up-to-date symlink: /home/ueux/Desktop/ROS2Humble/basic_ws/install/turtlesim/include/turtlesim/turtlesim/srv/kill.h
[3.488s] -- Up-to-date symlink: /home/ueux/Desktop/ROS2Humble/basic_ws/install/turtlesim/include/turtlesim/turtlesim/srv/set_pen.h
[3.494s] -- Up-to-date symlink: /home/ueux/Desktop/ROS2Humble/basic_ws/install/turtlesim/include/turtlesim/turtlesim/srv/spawn.h
[3.515s] -- Up-to-date symlink: /home/ueux/Desktop/ROS2Humble/basic_ws/install/turtlesim/include/turtlesim/turtlesim/srv/teleport_absolute.h
[3.515s] -- Up-to-date symlink: /home/ueux/Desktop/ROS2Humble/basic_ws/install/turtlesim/include/turtlesim/turtlesim/srv/teleport_relative.h
[3.526s] -- Up-to-date symlink: /home/ueux/Desktop/ROS2Humble/basic_ws/install/turtlesim/share/turtlesim/environment/library_path.sh
[3.526s] -- Up-to-date symlink: /home/ueux/Desktop/ROS2Humble/basic_ws/install/turtlesim/share/turtlesim/environment/library_path.dsv
[3.536s] -- Up-to-date symlink: /home/ueux/Desktop/ROS2Humble/basic_ws/install/turtlesim/include/turtlesim/turtlesim/action/detail/rotate_absolute__rosidl_typesupport_fastrtps_c.h
[3.540s] -- Up-to-date symlink: /home/ueux/Desktop/ROS2Humble/basic_ws/install/turtlesim/include/turtlesim/turtlesim/msg/detail/color__rosidl_typesupport_fastrtps_c.h
[3.541s] -- Up-to-date symlink: /home/ueux/Desktop/ROS2Humble/basic_ws/install/turtlesim/include/turtlesim/turtlesim/msg/detail/pose__rosidl_typesupport_fastrtps_c.h
[3.542s] -- Up-to-date symlink: /home/ueux/Desktop/ROS2Humble/basic_ws/install/turtlesim/include/turtlesim/turtlesim/msg/rosidl_typesupport_fastrtps_c__visibility_control.h
[3.543s] -- Up-to-date symlink: /home/ueux/Desktop/ROS2Humble/basic_ws/install/turtlesim/include/turtlesim/turtlesim/srv/detail/kill__rosidl_typesupport_fastrtps_c.h
[3.545s] -- Up-to-date symlink: /home/ueux/Desktop/ROS2Humble/basic_ws/install/turtlesim/include/turtlesim/turtlesim/srv/detail/set_pen__rosidl_typesupport_fastrtps_c.h
[3.546s] -- Up-to-date symlink: /home/ueux/Desktop/ROS2Humble/basic_ws/install/turtlesim/include/turtlesim/turtlesim/srv/detail/spawn__rosidl_typesupport_fastrtps_c.h
[3.550s] -- Up-to-date symlink: /home/ueux/Desktop/ROS2Humble/basic_ws/install/turtlesim/include/turtlesim/turtlesim/srv/detail/teleport_absolute__rosidl_typesupport_fastrtps_c.h
[3.554s] -- Up-to-date symlink: /home/ueux/Desktop/ROS2Humble/basic_ws/install/turtlesim/include/turtlesim/turtlesim/srv/detail/teleport_relative__rosidl_typesupport_fastrtps_c.h
[3.561s] -- Up-to-date symlink: /home/ueux/Desktop/ROS2Humble/basic_ws/install/turtlesim/include/turtlesim/turtlesim/action/detail/rotate_absolute__builder.hpp
[3.562s] -- Up-to-date symlink: /home/ueux/Desktop/ROS2Humble/basic_ws/install/turtlesim/include/turtlesim/turtlesim/action/detail/rotate_absolute__struct.hpp
[3.563s] -- Up-to-date symlink: /home/ueux/Desktop/ROS2Humble/basic_ws/install/turtlesim/include/turtlesim/turtlesim/action/detail/rotate_absolute__traits.hpp
[3.564s] -- Up-to-date symlink: /home/ueux/Desktop/ROS2Humble/basic_ws/install/turtlesim/include/turtlesim/turtlesim/action/detail/rotate_absolute__type_support.hpp
[3.564s] -- Up-to-date symlink: /home/ueux/Desktop/ROS2Humble/basic_ws/install/turtlesim/include/turtlesim/turtlesim/action/rotate_absolute.hpp
[3.566s] -- Up-to-date symlink: /home/ueux/Desktop/ROS2Humble/basic_ws/install/turtlesim/include/turtlesim/turtlesim/msg/color.hpp
[3.567s] -- Up-to-date symlink: /home/ueux/Desktop/ROS2Humble/basic_ws/install/turtlesim/include/turtlesim/turtlesim/msg/detail/color__builder.hpp
[3.568s] -- Up-to-date symlink: /home/ueux/Desktop/ROS2Humble/basic_ws/install/turtlesim/include/turtlesim/turtlesim/msg/detail/color__struct.hpp
[3.569s] -- Up-to-date symlink: /home/ueux/Desktop/ROS2Humble/basic_ws/install/turtlesim/include/turtlesim/turtlesim/msg/detail/color__traits.hpp
[3.570s] -- Up-to-date symlink: /home/ueux/Desktop/ROS2Humble/basic_ws/install/turtlesim/include/turtlesim/turtlesim/msg/detail/color__type_support.hpp
[3.571s] -- Up-to-date symlink: /home/ueux/Desktop/ROS2Humble/basic_ws/install/turtlesim/include/turtlesim/turtlesim/msg/detail/pose__builder.hpp
[3.575s] -- Up-to-date symlink: /home/ueux/Desktop/ROS2Humble/basic_ws/install/turtlesim/include/turtlesim/turtlesim/msg/detail/pose__struct.hpp
[3.600s] -- Up-to-date symlink: /home/ueux/Desktop/ROS2Humble/basic_ws/install/turtlesim/include/turtlesim/turtlesim/msg/detail/pose__traits.hpp
[3.600s] -- Up-to-date symlink: /home/ueux/Desktop/ROS2Humble/basic_ws/install/turtlesim/include/turtlesim/turtlesim/msg/detail/pose__type_support.hpp
[3.600s] -- Up-to-date symlink: /home/ueux/Desktop/ROS2Humble/basic_ws/install/turtlesim/include/turtlesim/turtlesim/msg/pose.hpp
[3.618s] -- Up-to-date symlink: /home/ueux/Desktop/ROS2Humble/basic_ws/install/turtlesim/include/turtlesim/turtlesim/msg/rosidl_generator_cpp__visibility_control.hpp
[3.627s] -- Up-to-date symlink: /home/ueux/Desktop/ROS2Humble/basic_ws/install/turtlesim/include/turtlesim/turtlesim/srv/detail/kill__builder.hpp
[3.636s] -- Up-to-date symlink: /home/ueux/Desktop/ROS2Humble/basic_ws/install/turtlesim/include/turtlesim/turtlesim/srv/detail/kill__struct.hpp
[3.651s] -- Up-to-date symlink: /home/ueux/Desktop/ROS2Humble/basic_ws/install/turtlesim/include/turtlesim/turtlesim/srv/detail/kill__traits.hpp
[3.651s] -- Up-to-date symlink: /home/ueux/Desktop/ROS2Humble/basic_ws/install/turtlesim/include/turtlesim/turtlesim/srv/detail/kill__type_support.hpp
[3.664s] -- Up-to-date symlink: /home/ueux/Desktop/ROS2Humble/basic_ws/install/turtlesim/include/turtlesim/turtlesim/srv/detail/set_pen__builder.hpp
[3.670s] -- Up-to-date symlink: /home/ueux/Desktop/ROS2Humble/basic_ws/install/turtlesim/include/turtlesim/turtlesim/srv/detail/set_pen__struct.hpp
[3.670s] -- Up-to-date symlink: /home/ueux/Desktop/ROS2Humble/basic_ws/install/turtlesim/include/turtlesim/turtlesim/srv/detail/set_pen__traits.hpp
[3.673s] -- Up-to-date symlink: /home/ueux/Desktop/ROS2Humble/basic_ws/install/turtlesim/include/turtlesim/turtlesim/srv/detail/set_pen__type_support.hpp
[3.674s] -- Up-to-date symlink: /home/ueux/Desktop/ROS2Humble/basic_ws/install/turtlesim/include/turtlesim/turtlesim/srv/detail/spawn__builder.hpp
[3.678s] -- Up-to-date symlink: /home/ueux/Desktop/ROS2Humble/basic_ws/install/turtlesim/include/turtlesim/turtlesim/srv/detail/spawn__struct.hpp
[3.687s] -- Up-to-date symlink: /home/ueux/Desktop/ROS2Humble/basic_ws/install/turtlesim/include/turtlesim/turtlesim/srv/detail/spawn__traits.hpp
[3.693s] -- Up-to-date symlink: /home/ueux/Desktop/ROS2Humble/basic_ws/install/turtlesim/include/turtlesim/turtlesim/srv/detail/spawn__type_support.hpp
[3.693s] -- Up-to-date symlink: /home/ueux/Desktop/ROS2Humble/basic_ws/install/turtlesim/include/turtlesim/turtlesim/srv/detail/teleport_absolute__builder.hpp
[3.709s] -- Up-to-date symlink: /home/ueux/Desktop/ROS2Humble/basic_ws/install/turtlesim/include/turtlesim/turtlesim/srv/detail/teleport_absolute__struct.hpp
[3.710s] -- Up-to-date symlink: /home/ueux/Desktop/ROS2Humble/basic_ws/install/turtlesim/include/turtlesim/turtlesim/srv/detail/teleport_absolute__traits.hpp
[3.711s] -- Up-to-date symlink: /home/ueux/Desktop/ROS2Humble/basic_ws/install/turtlesim/include/turtlesim/turtlesim/srv/detail/teleport_absolute__type_support.hpp
[3.713s] -- Up-to-date symlink: /home/ueux/Desktop/ROS2Humble/basic_ws/install/turtlesim/include/turtlesim/turtlesim/srv/detail/teleport_relative__builder.hpp
[3.714s] -- Up-to-date symlink: /home/ueux/Desktop/ROS2Humble/basic_ws/install/turtlesim/include/turtlesim/turtlesim/srv/detail/teleport_relative__struct.hpp
[3.728s] -- Up-to-date symlink: /home/ueux/Desktop/ROS2Humble/basic_ws/install/turtlesim/include/turtlesim/turtlesim/srv/detail/teleport_relative__traits.hpp
[3.735s] -- Up-to-date symlink: /home/ueux/Desktop/ROS2Humble/basic_ws/install/turtlesim/include/turtlesim/turtlesim/srv/detail/teleport_relative__type_support.hpp
[3.742s] -- Up-to-date symlink: /home/ueux/Desktop/ROS2Humble/basic_ws/install/turtlesim/include/turtlesim/turtlesim/srv/kill.hpp
[3.748s] -- Up-to-date symlink: /home/ueux/Desktop/ROS2Humble/basic_ws/install/turtlesim/include/turtlesim/turtlesim/srv/set_pen.hpp
[3.753s] -- Up-to-date symlink: /home/ueux/Desktop/ROS2Humble/basic_ws/install/turtlesim/include/turtlesim/turtlesim/srv/spawn.hpp
[3.754s] -- Up-to-date symlink: /home/ueux/Desktop/ROS2Humble/basic_ws/install/turtlesim/include/turtlesim/turtlesim/srv/teleport_absolute.hpp
[3.757s] -- Up-to-date symlink: /home/ueux/Desktop/ROS2Humble/basic_ws/install/turtlesim/include/turtlesim/turtlesim/srv/teleport_relative.hpp
[3.766s] -- Up-to-date symlink: /home/ueux/Desktop/ROS2Humble/basic_ws/install/turtlesim/include/turtlesim/turtlesim/action/detail/rotate_absolute__rosidl_typesupport_fastrtps_cpp.hpp
[3.772s] -- Up-to-date symlink: /home/ueux/Desktop/ROS2Humble/basic_ws/install/turtlesim/include/turtlesim/turtlesim/msg/detail/color__rosidl_typesupport_fastrtps_cpp.hpp
[3.776s] -- Up-to-date symlink: /home/ueux/Desktop/ROS2Humble/basic_ws/install/turtlesim/include/turtlesim/turtlesim/msg/detail/pose__rosidl_typesupport_fastrtps_cpp.hpp
[3.777s] -- Up-to-date symlink: /home/ueux/Desktop/ROS2Humble/basic_ws/install/turtlesim/include/turtlesim/turtlesim/msg/rosidl_typesupport_fastrtps_cpp__visibility_control.h
[3.778s] -- Up-to-date symlink: /home/ueux/Desktop/ROS2Humble/basic_ws/install/turtlesim/include/turtlesim/turtlesim/srv/detail/kill__rosidl_typesupport_fastrtps_cpp.hpp
[3.778s] -- Up-to-date symlink: /home/ueux/Desktop/ROS2Humble/basic_ws/install/turtlesim/include/turtlesim/turtlesim/srv/detail/set_pen__rosidl_typesupport_fastrtps_cpp.hpp
[3.783s] -- Up-to-date symlink: /home/ueux/Desktop/ROS2Humble/basic_ws/install/turtlesim/include/turtlesim/turtlesim/srv/detail/spawn__rosidl_typesupport_fastrtps_cpp.hpp
[3.784s] -- Up-to-date symlink: /home/ueux/Desktop/ROS2Humble/basic_ws/install/turtlesim/include/turtlesim/turtlesim/srv/detail/teleport_absolute__rosidl_typesupport_fastrtps_cpp.hpp
[3.786s] -- Up-to-date symlink: /home/ueux/Desktop/ROS2Humble/basic_ws/install/turtlesim/include/turtlesim/turtlesim/srv/detail/teleport_relative__rosidl_typesupport_fastrtps_cpp.hpp
[3.849s] -- Up-to-date symlink: /home/ueux/Desktop/ROS2Humble/basic_ws/install/turtlesim/include/turtlesim/turtlesim/action/detail/rotate_absolute__rosidl_typesupport_introspection_c.h
[3.868s] -- Up-to-date symlink: /home/ueux/Desktop/ROS2Humble/basic_ws/install/turtlesim/include/turtlesim/turtlesim/msg/detail/color__rosidl_typesupport_introspection_c.h
[3.868s] -- Up-to-date symlink: /home/ueux/Desktop/ROS2Humble/basic_ws/install/turtlesim/include/turtlesim/turtlesim/msg/detail/pose__rosidl_typesupport_introspection_c.h
[3.882s] -- Up-to-date symlink: /home/ueux/Desktop/ROS2Humble/basic_ws/install/turtlesim/include/turtlesim/turtlesim/msg/rosidl_typesupport_introspection_c__visibility_control.h
[3.883s] -- Up-to-date symlink: /home/ueux/Desktop/ROS2Humble/basic_ws/install/turtlesim/include/turtlesim/turtlesim/srv/detail/kill__rosidl_typesupport_introspection_c.h
[3.883s] -- Up-to-date symlink: /home/ueux/Desktop/ROS2Humble/basic_ws/install/turtlesim/include/turtlesim/turtlesim/srv/detail/set_pen__rosidl_typesupport_introspection_c.h
[3.884s] -- Up-to-date symlink: /home/ueux/Desktop/ROS2Humble/basic_ws/install/turtlesim/include/turtlesim/turtlesim/srv/detail/spawn__rosidl_typesupport_introspection_c.h
[3.884s] -- Up-to-date symlink: /home/ueux/Desktop/ROS2Humble/basic_ws/install/turtlesim/include/turtlesim/turtlesim/srv/detail/teleport_absolute__rosidl_typesupport_introspection_c.h
[3.890s] -- Up-to-date symlink: /home/ueux/Desktop/ROS2Humble/basic_ws/install/turtlesim/include/turtlesim/turtlesim/srv/detail/teleport_relative__rosidl_typesupport_introspection_c.h
[3.910s] -- Up-to-date symlink: /home/ueux/Desktop/ROS2Humble/basic_ws/install/turtlesim/include/turtlesim/turtlesim/action/detail/rotate_absolute__rosidl_typesupport_introspection_cpp.hpp
[3.913s] -- Up-to-date symlink: /home/ueux/Desktop/ROS2Humble/basic_ws/install/turtlesim/include/turtlesim/turtlesim/msg/detail/color__rosidl_typesupport_introspection_cpp.hpp
[3.913s] -- Up-to-date symlink: /home/ueux/Desktop/ROS2Humble/basic_ws/install/turtlesim/include/turtlesim/turtlesim/msg/detail/pose__rosidl_typesupport_introspection_cpp.hpp
[3.944s] -- Up-to-date symlink: /home/ueux/Desktop/ROS2Humble/basic_ws/install/turtlesim/include/turtlesim/turtlesim/srv/detail/kill__rosidl_typesupport_introspection_cpp.hpp
[3.945s] -- Up-to-date symlink: /home/ueux/Desktop/ROS2Humble/basic_ws/install/turtlesim/include/turtlesim/turtlesim/srv/detail/set_pen__rosidl_typesupport_introspection_cpp.hpp
[3.945s] -- Up-to-date symlink: /home/ueux/Desktop/ROS2Humble/basic_ws/install/turtlesim/include/turtlesim/turtlesim/srv/detail/spawn__rosidl_typesupport_introspection_cpp.hpp
[3.945s] -- Up-to-date symlink: /home/ueux/Desktop/ROS2Humble/basic_ws/install/turtlesim/include/turtlesim/turtlesim/srv/detail/teleport_absolute__rosidl_typesupport_introspection_cpp.hpp
[3.947s] -- Up-to-date symlink: /home/ueux/Desktop/ROS2Humble/basic_ws/install/turtlesim/include/turtlesim/turtlesim/srv/detail/teleport_relative__rosidl_typesupport_introspection_cpp.hpp
[3.981s] -- Up-to-date symlink: /home/ueux/Desktop/ROS2Humble/basic_ws/install/turtlesim/share/turtlesim/environment/pythonpath.sh
[3.982s] -- Up-to-date symlink: /home/ueux/Desktop/ROS2Humble/basic_ws/install/turtlesim/share/turtlesim/environment/pythonpath.dsv
[4.050s] -- Up-to-date symlink: /home/ueux/Desktop/ROS2Humble/basic_ws/install/turtlesim/local/lib/python3.10/dist-packages/turtlesim-1.4.2-py3.10.egg-info/PKG-INFO
[4.050s] -- Up-to-date symlink: /home/ueux/Desktop/ROS2Humble/basic_ws/install/turtlesim/local/lib/python3.10/dist-packages/turtlesim-1.4.2-py3.10.egg-info/SOURCES.txt
[4.073s] -- Up-to-date symlink: /home/ueux/Desktop/ROS2Humble/basic_ws/install/turtlesim/local/lib/python3.10/dist-packages/turtlesim-1.4.2-py3.10.egg-info/dependency_links.txt
[4.073s] -- Up-to-date symlink: /home/ueux/Desktop/ROS2Humble/basic_ws/install/turtlesim/local/lib/python3.10/dist-packages/turtlesim-1.4.2-py3.10.egg-info/top_level.txt
[4.083s] -- Up-to-date symlink: /home/ueux/Desktop/ROS2Humble/basic_ws/install/turtlesim/local/lib/python3.10/dist-packages/turtlesim/__init__.py
[4.083s] -- Up-to-date symlink: /home/ueux/Desktop/ROS2Humble/basic_ws/install/turtlesim/local/lib/python3.10/dist-packages/turtlesim/_turtlesim_s.ep.rosidl_typesupport_c.c
[4.084s] -- Up-to-date symlink: /home/ueux/Desktop/ROS2Humble/basic_ws/install/turtlesim/local/lib/python3.10/dist-packages/turtlesim/_turtlesim_s.ep.rosidl_typesupport_fastrtps_c.c
[4.084s] -- Up-to-date symlink: /home/ueux/Desktop/ROS2Humble/basic_ws/install/turtlesim/local/lib/python3.10/dist-packages/turtlesim/_turtlesim_s.ep.rosidl_typesupport_introspection_c.c
[4.093s] -- Up-to-date symlink: /home/ueux/Desktop/ROS2Humble/basic_ws/install/turtlesim/local/lib/python3.10/dist-packages/turtlesim/action/__init__.py
[4.098s] -- Up-to-date symlink: /home/ueux/Desktop/ROS2Humble/basic_ws/install/turtlesim/local/lib/python3.10/dist-packages/turtlesim/action/_rotate_absolute.py
[4.113s] -- Up-to-date symlink: /home/ueux/Desktop/ROS2Humble/basic_ws/install/turtlesim/local/lib/python3.10/dist-packages/turtlesim/action/_rotate_absolute_s.c
[4.114s] -- Up-to-date symlink: /home/ueux/Desktop/ROS2Humble/basic_ws/install/turtlesim/local/lib/python3.10/dist-packages/turtlesim/libturtlesim__rosidl_generator_py.so
[4.118s] -- Up-to-date symlink: /home/ueux/Desktop/ROS2Humble/basic_ws/install/turtlesim/local/lib/python3.10/dist-packages/turtlesim/msg/__init__.py
[4.136s] -- Up-to-date symlink: /home/ueux/Desktop/ROS2Humble/basic_ws/install/turtlesim/local/lib/python3.10/dist-packages/turtlesim/msg/_color.py
[4.138s] -- Up-to-date symlink: /home/ueux/Desktop/ROS2Humble/basic_ws/install/turtlesim/local/lib/python3.10/dist-packages/turtlesim/msg/_color_s.c
[4.158s] -- Up-to-date symlink: /home/ueux/Desktop/ROS2Humble/basic_ws/install/turtlesim/local/lib/python3.10/dist-packages/turtlesim/msg/_pose.py
[4.168s] -- Up-to-date symlink: /home/ueux/Desktop/ROS2Humble/basic_ws/install/turtlesim/local/lib/python3.10/dist-packages/turtlesim/msg/_pose_s.c
[4.173s] -- Up-to-date symlink: /home/ueux/Desktop/ROS2Humble/basic_ws/install/turtlesim/local/lib/python3.10/dist-packages/turtlesim/srv/__init__.py
[4.185s] -- Up-to-date symlink: /home/ueux/Desktop/ROS2Humble/basic_ws/install/turtlesim/local/lib/python3.10/dist-packages/turtlesim/srv/_kill.py
[4.202s] -- Up-to-date symlink: /home/ueux/Desktop/ROS2Humble/basic_ws/install/turtlesim/local/lib/python3.10/dist-packages/turtlesim/srv/_kill_s.c
[4.206s] -- Up-to-date symlink: /home/ueux/Desktop/ROS2Humble/basic_ws/install/turtlesim/local/lib/python3.10/dist-packages/turtlesim/srv/_set_pen.py
[4.206s] -- Up-to-date symlink: /home/ueux/Desktop/ROS2Humble/basic_ws/install/turtlesim/local/lib/python3.10/dist-packages/turtlesim/srv/_set_pen_s.c
[4.224s] -- Up-to-date symlink: /home/ueux/Desktop/ROS2Humble/basic_ws/install/turtlesim/local/lib/python3.10/dist-packages/turtlesim/srv/_spawn.py
[4.231s] -- Up-to-date symlink: /home/ueux/Desktop/ROS2Humble/basic_ws/install/turtlesim/local/lib/python3.10/dist-packages/turtlesim/srv/_spawn_s.c
[4.236s] -- Up-to-date symlink: /home/ueux/Desktop/ROS2Humble/basic_ws/install/turtlesim/local/lib/python3.10/dist-packages/turtlesim/srv/_teleport_absolute.py
[4.240s] -- Up-to-date symlink: /home/ueux/Desktop/ROS2Humble/basic_ws/install/turtlesim/local/lib/python3.10/dist-packages/turtlesim/srv/_teleport_absolute_s.c
[4.258s] -- Up-to-date symlink: /home/ueux/Desktop/ROS2Humble/basic_ws/install/turtlesim/local/lib/python3.10/dist-packages/turtlesim/srv/_teleport_relative.py
[4.269s] -- Up-to-date symlink: /home/ueux/Desktop/ROS2Humble/basic_ws/install/turtlesim/local/lib/python3.10/dist-packages/turtlesim/srv/_teleport_relative_s.c
[4.275s] -- Up-to-date symlink: /home/ueux/Desktop/ROS2Humble/basic_ws/install/turtlesim/local/lib/python3.10/dist-packages/turtlesim/turtlesim_s__rosidl_typesupport_c.cpython-310-x86_64-linux-gnu.so
[4.277s] -- Up-to-date symlink: /home/ueux/Desktop/ROS2Humble/basic_ws/install/turtlesim/local/lib/python3.10/dist-packages/turtlesim/turtlesim_s__rosidl_typesupport_fastrtps_c.cpython-310-x86_64-linux-gnu.so
[4.279s] -- Up-to-date symlink: /home/ueux/Desktop/ROS2Humble/basic_ws/install/turtlesim/local/lib/python3.10/dist-packages/turtlesim/turtlesim_s__rosidl_typesupport_introspection_c.cpython-310-x86_64-linux-gnu.so
[4.280s] -- Up-to-date symlink: /home/ueux/Desktop/ROS2Humble/basic_ws/install/turtlesim/local/lib/python3.10/dist-packages/turtlesim/turtlesim_s__rosidl_typesupport_fastrtps_c.cpython-310-x86_64-linux-gnu.so
[4.283s] -- Up-to-date symlink: /home/ueux/Desktop/ROS2Humble/basic_ws/install/turtlesim/local/lib/python3.10/dist-packages/turtlesim/turtlesim_s__rosidl_typesupport_introspection_c.cpython-310-x86_64-linux-gnu.so
[4.284s] -- Up-to-date symlink: /home/ueux/Desktop/ROS2Humble/basic_ws/install/turtlesim/local/lib/python3.10/dist-packages/turtlesim/turtlesim_s__rosidl_typesupport_c.cpython-310-x86_64-linux-gnu.so
[4.285s] -- Up-to-date symlink: /home/ueux/Desktop/ROS2Humble/basic_ws/install/turtlesim/share/turtlesim/action/RotateAbsolute.idl
[4.305s] -- Up-to-date symlink: /home/ueux/Desktop/ROS2Humble/basic_ws/install/turtlesim/share/turtlesim/msg/Color.idl
[4.312s] -- Up-to-date symlink: /home/ueux/Desktop/ROS2Humble/basic_ws/install/turtlesim/share/turtlesim/msg/Pose.idl
[4.323s] -- Up-to-date symlink: /home/ueux/Desktop/ROS2Humble/basic_ws/install/turtlesim/share/turtlesim/srv/Kill.idl
[4.356s] -- Up-to-date symlink: /home/ueux/Desktop/ROS2Humble/basic_ws/install/turtlesim/share/turtlesim/srv/SetPen.idl
[4.376s] -- Up-to-date symlink: /home/ueux/Desktop/ROS2Humble/basic_ws/install/turtlesim/share/turtlesim/srv/Spawn.idl
[4.382s] -- Up-to-date symlink: /home/ueux/Desktop/ROS2Humble/basic_ws/install/turtlesim/share/turtlesim/srv/TeleportAbsolute.idl
[4.395s] -- Up-to-date symlink: /home/ueux/Desktop/ROS2Humble/basic_ws/install/turtlesim/share/turtlesim/srv/TeleportRelative.idl
[4.397s] -- Up-to-date symlink: /home/ueux/Desktop/ROS2Humble/basic_ws/install/turtlesim/share/turtlesim/action/RotateAbsolute.action
[4.403s] -- Up-to-date symlink: /home/ueux/Desktop/ROS2Humble/basic_ws/install/turtlesim/share/turtlesim/msg/Color.msg
[4.403s] -- Up-to-date symlink: /home/ueux/Desktop/ROS2Humble/basic_ws/install/turtlesim/share/turtlesim/msg/Pose.msg
[4.406s] -- Up-to-date symlink: /home/ueux/Desktop/ROS2Humble/basic_ws/install/turtlesim/share/turtlesim/srv/Kill.srv
[4.411s] -- Up-to-date symlink: /home/ueux/Desktop/ROS2Humble/basic_ws/install/turtlesim/share/turtlesim/srv/Kill_Request.msg
[4.414s] -- Up-to-date symlink: /home/ueux/Desktop/ROS2Humble/basic_ws/install/turtlesim/share/turtlesim/srv/Kill_Response.msg
[4.416s] -- Up-to-date symlink: /home/ueux/Desktop/ROS2Humble/basic_ws/install/turtlesim/share/turtlesim/srv/SetPen.srv
[4.418s] -- Up-to-date symlink: /home/ueux/Desktop/ROS2Humble/basic_ws/install/turtlesim/share/turtlesim/srv/SetPen_Request.msg
[4.419s] -- Up-to-date symlink: /home/ueux/Desktop/ROS2Humble/basic_ws/install/turtlesim/share/turtlesim/srv/SetPen_Response.msg
[4.423s] -- Up-to-date symlink: /home/ueux/Desktop/ROS2Humble/basic_ws/install/turtlesim/share/turtlesim/srv/Spawn.srv
[4.428s] -- Up-to-date symlink: /home/ueux/Desktop/ROS2Humble/basic_ws/install/turtlesim/share/turtlesim/srv/Spawn_Request.msg
[4.438s] -- Up-to-date symlink: /home/ueux/Desktop/ROS2Humble/basic_ws/install/turtlesim/share/turtlesim/srv/Spawn_Response.msg
[4.454s] -- Up-to-date symlink: /home/ueux/Desktop/ROS2Humble/basic_ws/install/turtlesim/share/turtlesim/srv/TeleportAbsolute.srv
[4.462s] -- Up-to-date symlink: /home/ueux/Desktop/ROS2Humble/basic_ws/install/turtlesim/share/turtlesim/srv/TeleportAbsolute_Request.msg
[4.469s] -- Up-to-date symlink: /home/ueux/Desktop/ROS2Humble/basic_ws/install/turtlesim/share/turtlesim/srv/TeleportAbsolute_Response.msg
[4.476s] -- Up-to-date symlink: /home/ueux/Desktop/ROS2Humble/basic_ws/install/turtlesim/share/turtlesim/srv/TeleportRelative.srv
[4.479s] -- Up-to-date symlink: /home/ueux/Desktop/ROS2Humble/basic_ws/install/turtlesim/share/turtlesim/srv/TeleportRelative_Request.msg
[4.479s] -- Up-to-date symlink: /home/ueux/Desktop/ROS2Humble/basic_ws/install/turtlesim/share/turtlesim/srv/TeleportRelative_Response.msg
[4.490s] -- Up-to-date symlink: /home/ueux/Desktop/ROS2Humble/basic_ws/install/turtlesim/lib/turtlesim/turtlesim_node
[4.492s] -- Up-to-date symlink: /home/ueux/Desktop/ROS2Humble/basic_ws/install/turtlesim/lib/turtlesim/turtle_teleop_key
[4.494s] -- Up-to-date symlink: /home/ueux/Desktop/ROS2Humble/basic_ws/install/turtlesim/lib/turtlesim/draw_square
[4.495s] -- Up-to-date symlink: /home/ueux/Desktop/ROS2Humble/basic_ws/install/turtlesim/lib/turtlesim/mimic
[4.496s] -- Up-to-date symlink: /home/ueux/Desktop/ROS2Humble/basic_ws/install/turtlesim/share/turtlesim/launch/multisim.launch.py
[4.497s] -- Up-to-date symlink: /home/ueux/Desktop/ROS2Humble/basic_ws/install/turtlesim/share/ament_index/resource_index/package_run_dependencies/turtlesim
[4.499s] -- Up-to-date symlink: /home/ueux/Desktop/ROS2Humble/basic_ws/install/turtlesim/share/ament_index/resource_index/parent_prefix_path/turtlesim
[4.500s] -- Up-to-date symlink: /home/ueux/Desktop/ROS2Humble/basic_ws/install/turtlesim/share/turtlesim/environment/ament_prefix_path.sh
[4.502s] -- Up-to-date symlink: /home/ueux/Desktop/ROS2Humble/basic_ws/install/turtlesim/share/turtlesim/environment/ament_prefix_path.dsv
[4.503s] -- Up-to-date symlink: /home/ueux/Desktop/ROS2Humble/basic_ws/install/turtlesim/share/turtlesim/environment/path.sh
[4.504s] -- Up-to-date symlink: /home/ueux/Desktop/ROS2Humble/basic_ws/install/turtlesim/share/turtlesim/environment/path.dsv
[4.505s] -- Up-to-date symlink: /home/ueux/Desktop/ROS2Humble/basic_ws/install/turtlesim/share/turtlesim/local_setup.bash
[4.510s] -- Up-to-date symlink: /home/ueux/Desktop/ROS2Humble/basic_ws/install/turtlesim/share/turtlesim/local_setup.sh
[4.511s] -- Up-to-date symlink: /home/ueux/Desktop/ROS2Humble/basic_ws/install/turtlesim/share/turtlesim/local_setup.zsh
[4.514s] -- Up-to-date symlink: /home/ueux/Desktop/ROS2Humble/basic_ws/install/turtlesim/share/turtlesim/local_setup.dsv
[4.515s] -- Symlinking: /home/ueux/Desktop/ROS2Humble/basic_ws/install/turtlesim/share/turtlesim/package.dsv
[4.587s] -- Up-to-date symlink: /home/ueux/Desktop/ROS2Humble/basic_ws/install/turtlesim/share/ament_index/resource_index/packages/turtlesim
[4.594s] -- Up-to-date symlink: /home/ueux/Desktop/ROS2Humble/basic_ws/install/turtlesim/share/turtlesim/cmake/rosidl_cmake-extras.cmake
[4.649s] -- Up-to-date symlink: /home/ueux/Desktop/ROS2Humble/basic_ws/install/turtlesim/share/turtlesim/cmake/ament_cmake_export_dependencies-extras.cmake
[4.650s] -- Up-to-date symlink: /home/ueux/Desktop/ROS2Humble/basic_ws/install/turtlesim/share/turtlesim/cmake/ament_cmake_export_include_directories-extras.cmake
[4.650s] -- Up-to-date symlink: /home/ueux/Desktop/ROS2Humble/basic_ws/install/turtlesim/share/turtlesim/cmake/ament_cmake_export_libraries-extras.cmake
[4.655s] -- Up-to-date symlink: /home/ueux/Desktop/ROS2Humble/basic_ws/install/turtlesim/share/turtlesim/cmake/ament_cmake_export_targets-extras.cmake
[4.658s] -- Up-to-date symlink: /home/ueux/Desktop/ROS2Humble/basic_ws/install/turtlesim/share/turtlesim/cmake/rosidl_cmake_export_typesupport_targets-extras.cmake
[4.676s] -- Up-to-date symlink: /home/ueux/Desktop/ROS2Humble/basic_ws/install/turtlesim/share/turtlesim/cmake/rosidl_cmake_export_typesupport_libraries-extras.cmake
[4.715s] -- Up-to-date symlink: /home/ueux/Desktop/ROS2Humble/basic_ws/install/turtlesim/share/turtlesim/cmake/turtlesimConfig.cmake
[4.716s] -- Up-to-date symlink: /home/ueux/Desktop/ROS2Humble/basic_ws/install/turtlesim/share/turtlesim/cmake/turtlesimConfig-version.cmake
[4.716s] -- Up-to-date symlink: /home/ueux/Desktop/ROS2Humble/basic_ws/install/turtlesim/share/turtlesim/package.xml
[4.723s] -- Up-to-date: /home/ueux/Desktop/ROS2Humble/basic_ws/install/turtlesim/lib/libturtlesim__rosidl_generator_c.so
[4.741s] -- Up-to-date: /home/ueux/Desktop/ROS2Humble/basic_ws/install/turtlesim/lib/libturtlesim__rosidl_typesupport_fastrtps_c.so
[4.754s] -- Up-to-date: /home/ueux/Desktop/ROS2Humble/basic_ws/install/turtlesim/lib/libturtlesim__rosidl_typesupport_fastrtps_cpp.so
[4.775s] -- Up-to-date: /home/ueux/Desktop/ROS2Humble/basic_ws/install/turtlesim/lib/libturtlesim__rosidl_typesupport_introspection_c.so
[4.787s] -- Up-to-date: /home/ueux/Desktop/ROS2Humble/basic_ws/install/turtlesim/lib/libturtlesim__rosidl_typesupport_c.so
[4.791s] -- Up-to-date: /home/ueux/Desktop/ROS2Humble/basic_ws/install/turtlesim/lib/libturtlesim__rosidl_typesupport_introspection_cpp.so
[4.795s] -- Up-to-date: /home/ueux/Desktop/ROS2Humble/basic_ws/install/turtlesim/lib/libturtlesim__rosidl_typesupport_cpp.so
[4.904s] Listing '/home/ueux/Desktop/ROS2Humble/basic_ws/install/turtlesim/local/lib/python3.10/dist-packages/turtlesim'...
[4.905s] Listing '/home/ueux/Desktop/ROS2Humble/basic_ws/install/turtlesim/local/lib/python3.10/dist-packages/turtlesim/action'...
[4.905s] Listing '/home/ueux/Desktop/ROS2Humble/basic_ws/install/turtlesim/local/lib/python3.10/dist-packages/turtlesim/msg'...
[4.905s] Listing '/home/ueux/Desktop/ROS2Humble/basic_ws/install/turtlesim/local/lib/python3.10/dist-packages/turtlesim/srv'...
[4.913s] -- Up-to-date: /home/ueux/Desktop/ROS2Humble/basic_ws/install/turtlesim/lib/libturtlesim__rosidl_generator_py.so
[4.913s] -- Up-to-date: /home/ueux/Desktop/ROS2Humble/basic_ws/install/turtlesim/share/turtlesim/images
[4.914s] -- Up-to-date: /home/ueux/Desktop/ROS2Humble/basic_ws/install/turtlesim/share/turtlesim/images/humble.png
[4.914s] -- Up-to-date: /home/ueux/Desktop/ROS2Humble/basic_ws/install/turtlesim/share/turtlesim/images/dashing.png
[4.914s] -- Up-to-date: /home/ueux/Desktop/ROS2Humble/basic_ws/install/turtlesim/share/turtlesim/images/crystal.png
[4.917s] -- Up-to-date: /home/ueux/Desktop/ROS2Humble/basic_ws/install/turtlesim/share/turtlesim/images/galactic.png
[4.917s] -- Up-to-date: /home/ueux/Desktop/ROS2Humble/basic_ws/install/turtlesim/share/turtlesim/images/eloquent.png
[4.917s] -- Up-to-date: /home/ueux/Desktop/ROS2Humble/basic_ws/install/turtlesim/share/turtlesim/images/foxy.png
[4.918s] -- Up-to-date: /home/ueux/Desktop/ROS2Humble/basic_ws/install/turtlesim/share/turtlesim/images/bouncy.png
[4.922s] -- Up-to-date: /home/ueux/Desktop/ROS2Humble/basic_ws/install/turtlesim/share/turtlesim/images/rolling.png
[4.922s] -- Up-to-date: /home/ueux/Desktop/ROS2Humble/basic_ws/install/turtlesim/share/turtlesim/images/ardent.png
[4.922s] -- Up-to-date: /home/ueux/Desktop/ROS2Humble/basic_ws/install/turtlesim/share/turtlesim/cmake/export_turtlesim__rosidl_generator_cExport.cmake
[4.922s] -- Up-to-date: /home/ueux/Desktop/ROS2Humble/basic_ws/install/turtlesim/share/turtlesim/cmake/export_turtlesim__rosidl_generator_cExport-noconfig.cmake
[4.927s] -- Up-to-date: /home/ueux/Desktop/ROS2Humble/basic_ws/install/turtlesim/share/turtlesim/cmake/export_turtlesim__rosidl_typesupport_fastrtps_cExport.cmake
[4.927s] -- Up-to-date: /home/ueux/Desktop/ROS2Humble/basic_ws/install/turtlesim/share/turtlesim/cmake/export_turtlesim__rosidl_typesupport_fastrtps_cExport-noconfig.cmake
[4.959s] -- Up-to-date: /home/ueux/Desktop/ROS2Humble/basic_ws/install/turtlesim/share/turtlesim/cmake/export_turtlesim__rosidl_generator_cppExport.cmake
[4.980s] -- Up-to-date: /home/ueux/Desktop/ROS2Humble/basic_ws/install/turtlesim/share/turtlesim/cmake/export_turtlesim__rosidl_typesupport_fastrtps_cppExport.cmake
[4.980s] -- Up-to-date: /home/ueux/Desktop/ROS2Humble/basic_ws/install/turtlesim/share/turtlesim/cmake/export_turtlesim__rosidl_typesupport_fastrtps_cppExport-noconfig.cmake
[4.981s] -- Up-to-date: /home/ueux/Desktop/ROS2Humble/basic_ws/install/turtlesim/share/turtlesim/cmake/turtlesim__rosidl_typesupport_introspection_cExport.cmake
[4.981s] -- Up-to-date: /home/ueux/Desktop/ROS2Humble/basic_ws/install/turtlesim/share/turtlesim/cmake/turtlesim__rosidl_typesupport_introspection_cExport-noconfig.cmake
[4.987s] -- Up-to-date: /home/ueux/Desktop/ROS2Humble/basic_ws/install/turtlesim/share/turtlesim/cmake/turtlesim__rosidl_typesupport_cExport.cmake
[4.987s] -- Up-to-date: /home/ueux/Desktop/ROS2Humble/basic_ws/install/turtlesim/share/turtlesim/cmake/turtlesim__rosidl_typesupport_cExport-noconfig.cmake
[4.997s] -- Up-to-date: /home/ueux/Desktop/ROS2Humble/basic_ws/install/turtlesim/share/turtlesim/cmake/turtlesim__rosidl_typesupport_introspection_cppExport.cmake
[4.997s] -- Up-to-date: /home/ueux/Desktop/ROS2Humble/basic_ws/install/turtlesim/share/turtlesim/cmake/turtlesim__rosidl_typesupport_introspection_cppExport-noconfig.cmake
[4.998s] -- Up-to-date: /home/ueux/Desktop/ROS2Humble/basic_ws/install/turtlesim/share/turtlesim/cmake/turtlesim__rosidl_typesupport_cppExport.cmake
[4.999s] -- Up-to-date: /home/ueux/Desktop/ROS2Humble/basic_ws/install/turtlesim/share/turtlesim/cmake/turtlesim__rosidl_typesupport_cppExport-noconfig.cmake
[5.009s] -- Up-to-date: /home/ueux/Desktop/ROS2Humble/basic_ws/install/turtlesim/share/turtlesim/cmake/export_turtlesim__rosidl_generator_pyExport.cmake
[5.010s] -- Up-to-date: /home/ueux/Desktop/ROS2Humble/basic_ws/install/turtlesim/share/turtlesim/cmake/export_turtlesim__rosidl_generator_pyExport-noconfig.cmake
[5.024s] Invoked command in '/home/ueux/Desktop/ROS2Humble/basic_ws/build/turtlesim' returned '0': CMAKE_PREFIX_PATH=${CMAKE_PREFIX_PATH}:/home/ueux/Desktop/ROS2Humble/basic_ws/install/my_robot_controller:/opt/ros/humble /usr/bin/cmake --install /home/ueux/Desktop/ROS2Humble/basic_ws/build/turtlesim
