[0.808s] Invoking command in '/home/navaneeth/Documents/course/Practice_programs/ROS2/urdf_ws/src/teleop_agv_keyboard': PYTHONPATH=/home/navaneeth/Documents/course/Practice_programs/ROS2/urdf_ws/build/teleop_agv_keyboard/prefix_override:/home/navaneeth/Documents/course/Practice_programs/ROS2/urdf_ws/install/teleop_agv_keyboard/lib/python3.10/site-packages:${PYTHONPATH} /usr/bin/python3 setup.py egg_info --egg-base ../../build/teleop_agv_keyboard build --build-base /home/navaneeth/Documents/course/Practice_programs/ROS2/urdf_ws/build/teleop_agv_keyboard/build install --record /home/navaneeth/Documents/course/Practice_programs/ROS2/urdf_ws/build/teleop_agv_keyboard/install.log --single-version-externally-managed
[1.003s] running egg_info
[1.003s] writing ../../build/teleop_agv_keyboard/teleop_agv_keyboard.egg-info/PKG-INFO
[1.003s] writing dependency_links to ../../build/teleop_agv_keyboard/teleop_agv_keyboard.egg-info/dependency_links.txt
[1.003s] writing entry points to ../../build/teleop_agv_keyboard/teleop_agv_keyboard.egg-info/entry_points.txt
[1.003s] writing requirements to ../../build/teleop_agv_keyboard/teleop_agv_keyboard.egg-info/requires.txt
[1.003s] writing top-level names to ../../build/teleop_agv_keyboard/teleop_agv_keyboard.egg-info/top_level.txt
[1.005s] reading manifest file '../../build/teleop_agv_keyboard/teleop_agv_keyboard.egg-info/SOURCES.txt'
[1.006s] writing manifest file '../../build/teleop_agv_keyboard/teleop_agv_keyboard.egg-info/SOURCES.txt'
[1.006s] running build
[1.007s] running build_py
[1.007s] running install
[1.007s] /usr/lib/python3/dist-packages/setuptools/command/install.py:34: SetuptoolsDeprecationWarning: setup.py install is deprecated. Use build and pip and other standards-based tools.
[1.007s]   warnings.warn(
[1.007s] running install_lib
[1.008s] running install_data
[1.008s] running install_egg_info
[1.009s] removing '/home/navaneeth/Documents/course/Practice_programs/ROS2/urdf_ws/install/teleop_agv_keyboard/lib/python3.10/site-packages/teleop_agv_keyboard-2.3.2-py3.10.egg-info' (and everything under it)
[1.010s] Copying ../../build/teleop_agv_keyboard/teleop_agv_keyboard.egg-info to /home/navaneeth/Documents/course/Practice_programs/ROS2/urdf_ws/install/teleop_agv_keyboard/lib/python3.10/site-packages/teleop_agv_keyboard-2.3.2-py3.10.egg-info
[1.010s] running install_scripts
[1.024s] Installing teleop_agv_keyboard script to /home/navaneeth/Documents/course/Practice_programs/ROS2/urdf_ws/install/teleop_agv_keyboard/lib/teleop_agv_keyboard
[1.024s] writing list of installed files to '/home/navaneeth/Documents/course/Practice_programs/ROS2/urdf_ws/build/teleop_agv_keyboard/install.log'
[1.044s] Invoked command in '/home/navaneeth/Documents/course/Practice_programs/ROS2/urdf_ws/src/teleop_agv_keyboard' returned '0': PYTHONPATH=/home/navaneeth/Documents/course/Practice_programs/ROS2/urdf_ws/build/teleop_agv_keyboard/prefix_override:/home/navaneeth/Documents/course/Practice_programs/ROS2/urdf_ws/install/teleop_agv_keyboard/lib/python3.10/site-packages:${PYTHONPATH} /usr/bin/python3 setup.py egg_info --egg-base ../../build/teleop_agv_keyboard build --build-base /home/navaneeth/Documents/course/Practice_programs/ROS2/urdf_ws/build/teleop_agv_keyboard/build install --record /home/navaneeth/Documents/course/Practice_programs/ROS2/urdf_ws/build/teleop_agv_keyboard/install.log --single-version-externally-managed
