[0.955s] Invoking command in '/home/ueux/Desktop/ROS2Humble/basic_ws/build/my_robot_controller': PYTHONPATH=/home/ueux/Desktop/ROS2Humble/basic_ws/build/my_robot_controller/prefix_override:/usr/lib/python3/dist-packages/colcon_core/task/python/colcon_distutils_commands:/home/ueux/Desktop/ROS2Humble/basic_ws/install/my_robot_controller/lib/python3.10/site-packages:${PYTHONPATH} /usr/bin/python3 -W ignore:setup.py install is deprecated -W ignore:easy_install command is deprecated setup.py develop --editable --build-directory /home/ueux/Desktop/ROS2Humble/basic_ws/build/my_robot_controller/build --no-deps symlink_data
[1.453s] running develop
[1.668s] running egg_info
[1.669s] writing my_robot_controller.egg-info/PKG-INFO
[1.670s] writing dependency_links to my_robot_controller.egg-info/dependency_links.txt
[1.672s] writing entry points to my_robot_controller.egg-info/entry_points.txt
[1.672s] writing requirements to my_robot_controller.egg-info/requires.txt
[1.672s] writing top-level names to my_robot_controller.egg-info/top_level.txt
[1.676s] reading manifest file 'my_robot_controller.egg-info/SOURCES.txt'
[1.690s] writing manifest file 'my_robot_controller.egg-info/SOURCES.txt'
[1.694s] running build_ext
[1.694s] Creating /home/ueux/Desktop/ROS2Humble/basic_ws/install/my_robot_controller/lib/python3.10/site-packages/my-robot-controller.egg-link (link to .)
[1.695s] Installing draw_circle script to /home/ueux/Desktop/ROS2Humble/basic_ws/install/my_robot_controller/lib/my_robot_controller
[1.696s] Installing pose_subscriber script to /home/ueux/Desktop/ROS2Humble/basic_ws/install/my_robot_controller/lib/my_robot_controller
[1.696s] Installing test_node script to /home/ueux/Desktop/ROS2Humble/basic_ws/install/my_robot_controller/lib/my_robot_controller
[1.704s] Installing turtle_controller script to /home/ueux/Desktop/ROS2Humble/basic_ws/install/my_robot_controller/lib/my_robot_controller
[1.718s] 
[1.718s] Installed /home/ueux/Desktop/ROS2Humble/basic_ws/build/my_robot_controller
[1.718s] running symlink_data
[1.860s] Invoked command in '/home/ueux/Desktop/ROS2Humble/basic_ws/build/my_robot_controller' returned '0': PYTHONPATH=/home/ueux/Desktop/ROS2Humble/basic_ws/build/my_robot_controller/prefix_override:/usr/lib/python3/dist-packages/colcon_core/task/python/colcon_distutils_commands:/home/ueux/Desktop/ROS2Humble/basic_ws/install/my_robot_controller/lib/python3.10/site-packages:${PYTHONPATH} /usr/bin/python3 -W ignore:setup.py install is deprecated -W ignore:easy_install command is deprecated setup.py develop --editable --build-directory /home/ueux/Desktop/ROS2Humble/basic_ws/build/my_robot_controller/build --no-deps symlink_data
