[0.506s] DEBUG:colcon:Command line arguments: ['/usr/bin/colcon', 'build']
[0.506s] DEBUG:colcon:Parsed command line arguments: Namespace(log_base=None, log_level=None, verb_name='build', build_base='build', install_base='install', merge_install=False, symlink_install=False, test_result_base=None, continue_on_error=False, executor='parallel', parallel_workers=7, event_handlers=None, ignore_user_meta=False, metas=['./colcon.meta'], base_paths=['.'], packages_ignore=None, packages_ignore_regex=None, paths=None, packages_up_to=None, packages_up_to_regex=None, packages_above=None, packages_above_and_dependencies=None, packages_above_depth=None, packages_select_by_dep=None, packages_skip_by_dep=None, packages_skip_up_to=None, packages_select_build_failed=False, packages_skip_build_finished=False, packages_select_test_failures=False, packages_skip_test_passed=False, packages_select=None, packages_skip=None, packages_select_regex=None, packages_skip_regex=None, packages_start=None, packages_end=None, allow_overriding=[], cmake_args=None, cmake_target=None, cmake_target_skip_unavailable=False, cmake_clean_cache=False, cmake_clean_first=False, cmake_force_configure=False, ament_cmake_args=None, catkin_cmake_args=None, catkin_skip_building_tests=False, mixin_files=None, mixin=None, verb_parser=<colcon_mixin.mixin.mixin_argument.MixinArgumentDecorator object at 0x71fbad655270>, verb_extension=<colcon_core.verb.build.BuildVerb object at 0x71fbad762200>, main=<bound method BuildVerb.main of <colcon_core.verb.build.BuildVerb object at 0x71fbad762200>>, mixin_verb=('build',))
[1.349s] Level 1:colcon.colcon_core.package_discovery:discover_packages(colcon_meta) check parameters
[1.350s] Level 1:colcon.colcon_core.package_discovery:discover_packages(recursive) check parameters
[1.350s] Level 1:colcon.colcon_core.package_discovery:discover_packages(ignore) check parameters
[1.350s] Level 1:colcon.colcon_core.package_discovery:discover_packages(path) check parameters
[1.350s] Level 1:colcon.colcon_core.package_discovery:discover_packages(colcon_meta) discover
[1.350s] Level 1:colcon.colcon_core.package_discovery:discover_packages(recursive) discover
[1.350s] INFO:colcon.colcon_core.package_discovery:Crawling recursively for packages in '/home/vboxuser/Desktop/ROS2Humble/urdf_ws'
[1.350s] Level 1:colcon.colcon_core.package_identification:_identify(.) by extensions ['ignore', 'ignore_ament_install']
[1.350s] Level 1:colcon.colcon_core.package_identification:_identify(.) by extension 'ignore'
[1.350s] Level 1:colcon.colcon_core.package_identification:_identify(.) by extension 'ignore_ament_install'
[1.350s] Level 1:colcon.colcon_core.package_identification:_identify(.) by extensions ['colcon_pkg']
[1.350s] Level 1:colcon.colcon_core.package_identification:_identify(.) by extension 'colcon_pkg'
[1.350s] Level 1:colcon.colcon_core.package_identification:_identify(.) by extensions ['colcon_meta']
[1.350s] Level 1:colcon.colcon_core.package_identification:_identify(.) by extension 'colcon_meta'
[1.350s] Level 1:colcon.colcon_core.package_identification:_identify(.) by extensions ['ros']
[1.350s] Level 1:colcon.colcon_core.package_identification:_identify(.) by extension 'ros'
[1.385s] Level 1:colcon.colcon_core.package_identification:_identify(.) by extensions ['cmake', 'python']
[1.385s] Level 1:colcon.colcon_core.package_identification:_identify(.) by extension 'cmake'
[1.385s] Level 1:colcon.colcon_core.package_identification:_identify(.) by extension 'python'
[1.385s] Level 1:colcon.colcon_core.package_identification:_identify(.) by extensions ['python_setup_py']
[1.385s] Level 1:colcon.colcon_core.package_identification:_identify(.) by extension 'python_setup_py'
[1.392s] Level 1:colcon.colcon_core.package_identification:_identify(build) by extensions ['ignore', 'ignore_ament_install']
[1.392s] Level 1:colcon.colcon_core.package_identification:_identify(build) by extension 'ignore'
[1.392s] Level 1:colcon.colcon_core.package_identification:_identify(build) ignored
[1.396s] Level 1:colcon.colcon_core.package_identification:_identify(install) by extensions ['ignore', 'ignore_ament_install']
[1.397s] Level 1:colcon.colcon_core.package_identification:_identify(install) by extension 'ignore'
[1.397s] Level 1:colcon.colcon_core.package_identification:_identify(install) ignored
[1.398s] Level 1:colcon.colcon_core.package_identification:_identify(log) by extensions ['ignore', 'ignore_ament_install']
[1.398s] Level 1:colcon.colcon_core.package_identification:_identify(log) by extension 'ignore'
[1.398s] Level 1:colcon.colcon_core.package_identification:_identify(log) ignored
[1.418s] Level 1:colcon.colcon_core.package_identification:_identify(src) by extensions ['ignore', 'ignore_ament_install']
[1.426s] Level 1:colcon.colcon_core.package_identification:_identify(src) by extension 'ignore'
[1.426s] Level 1:colcon.colcon_core.package_identification:_identify(src) by extension 'ignore_ament_install'
[1.426s] Level 1:colcon.colcon_core.package_identification:_identify(src) by extensions ['colcon_pkg']
[1.426s] Level 1:colcon.colcon_core.package_identification:_identify(src) by extension 'colcon_pkg'
[1.426s] Level 1:colcon.colcon_core.package_identification:_identify(src) by extensions ['colcon_meta']
[1.426s] Level 1:colcon.colcon_core.package_identification:_identify(src) by extension 'colcon_meta'
[1.426s] Level 1:colcon.colcon_core.package_identification:_identify(src) by extensions ['ros']
[1.426s] Level 1:colcon.colcon_core.package_identification:_identify(src) by extension 'ros'
[1.429s] Level 1:colcon.colcon_core.package_identification:_identify(src) by extensions ['cmake', 'python']
[1.430s] Level 1:colcon.colcon_core.package_identification:_identify(src) by extension 'cmake'
[1.430s] Level 1:colcon.colcon_core.package_identification:_identify(src) by extension 'python'
[1.431s] Level 1:colcon.colcon_core.package_identification:_identify(src) by extensions ['python_setup_py']
[1.431s] Level 1:colcon.colcon_core.package_identification:_identify(src) by extension 'python_setup_py'
[1.433s] Level 1:colcon.colcon_core.package_identification:_identify(src/my_first_pkg) by extensions ['ignore', 'ignore_ament_install']
[1.433s] Level 1:colcon.colcon_core.package_identification:_identify(src/my_first_pkg) by extension 'ignore'
[1.433s] Level 1:colcon.colcon_core.package_identification:_identify(src/my_first_pkg) by extension 'ignore_ament_install'
[1.433s] Level 1:colcon.colcon_core.package_identification:_identify(src/my_first_pkg) by extensions ['colcon_pkg']
[1.433s] Level 1:colcon.colcon_core.package_identification:_identify(src/my_first_pkg) by extension 'colcon_pkg'
[1.434s] Level 1:colcon.colcon_core.package_identification:_identify(src/my_first_pkg) by extensions ['colcon_meta']
[1.434s] Level 1:colcon.colcon_core.package_identification:_identify(src/my_first_pkg) by extension 'colcon_meta'
[1.434s] Level 1:colcon.colcon_core.package_identification:_identify(src/my_first_pkg) by extensions ['ros']
[1.434s] Level 1:colcon.colcon_core.package_identification:_identify(src/my_first_pkg) by extension 'ros'
[1.439s] DEBUG:colcon.colcon_core.package_identification:Package 'src/my_first_pkg' with type 'ros.ament_cmake' and name 'my_first_pkg'
[1.440s] Level 1:colcon.colcon_core.package_identification:_identify(src/teleop_agv_keyboard) by extensions ['ignore', 'ignore_ament_install']
[1.440s] Level 1:colcon.colcon_core.package_identification:_identify(src/teleop_agv_keyboard) by extension 'ignore'
[1.441s] Level 1:colcon.colcon_core.package_identification:_identify(src/teleop_agv_keyboard) by extension 'ignore_ament_install'
[1.441s] Level 1:colcon.colcon_core.package_identification:_identify(src/teleop_agv_keyboard) by extensions ['colcon_pkg']
[1.441s] Level 1:colcon.colcon_core.package_identification:_identify(src/teleop_agv_keyboard) by extension 'colcon_pkg'
[1.441s] Level 1:colcon.colcon_core.package_identification:_identify(src/teleop_agv_keyboard) by extensions ['colcon_meta']
[1.441s] Level 1:colcon.colcon_core.package_identification:_identify(src/teleop_agv_keyboard) by extension 'colcon_meta'
[1.441s] Level 1:colcon.colcon_core.package_identification:_identify(src/teleop_agv_keyboard) by extensions ['ros']
[1.441s] Level 1:colcon.colcon_core.package_identification:_identify(src/teleop_agv_keyboard) by extension 'ros'
[1.442s] DEBUG:colcon.colcon_core.package_identification:Package 'src/teleop_agv_keyboard' with type 'ros.ament_python' and name 'teleop_agv_keyboard'
[1.442s] Level 1:colcon.colcon_core.package_discovery:discover_packages(recursive) using defaults
[1.442s] Level 1:colcon.colcon_core.package_discovery:discover_packages(ignore) discover
[1.442s] Level 1:colcon.colcon_core.package_discovery:discover_packages(ignore) using defaults
[1.442s] Level 1:colcon.colcon_core.package_discovery:discover_packages(path) discover
[1.442s] Level 1:colcon.colcon_core.package_discovery:discover_packages(path) using defaults
[1.695s] Level 1:colcon.colcon_core.package_discovery:discover_packages(prefix_path) check parameters
[1.695s] Level 1:colcon.colcon_core.package_discovery:discover_packages(prefix_path) discover
[1.711s] DEBUG:colcon.colcon_installed_package_information.package_discovery:Found 2 installed packages in /home/vboxuser/Desktop/ROS2Humble/urdf_ws/install
[1.716s] DEBUG:colcon.colcon_installed_package_information.package_discovery:Found 367 installed packages in /opt/ros/humble
[1.726s] Level 1:colcon.colcon_core.package_discovery:discover_packages(prefix_path) using defaults
[2.211s] Level 5:colcon.colcon_core.verb:set package 'my_first_pkg' build argument 'cmake_args' from command line to 'None'
[2.212s] Level 5:colcon.colcon_core.verb:set package 'my_first_pkg' build argument 'cmake_target' from command line to 'None'
[2.212s] Level 5:colcon.colcon_core.verb:set package 'my_first_pkg' build argument 'cmake_target_skip_unavailable' from command line to 'False'
[2.212s] Level 5:colcon.colcon_core.verb:set package 'my_first_pkg' build argument 'cmake_clean_cache' from command line to 'False'
[2.212s] Level 5:colcon.colcon_core.verb:set package 'my_first_pkg' build argument 'cmake_clean_first' from command line to 'False'
[2.212s] Level 5:colcon.colcon_core.verb:set package 'my_first_pkg' build argument 'cmake_force_configure' from command line to 'False'
[2.212s] Level 5:colcon.colcon_core.verb:set package 'my_first_pkg' build argument 'ament_cmake_args' from command line to 'None'
[2.212s] Level 5:colcon.colcon_core.verb:set package 'my_first_pkg' build argument 'catkin_cmake_args' from command line to 'None'
[2.212s] Level 5:colcon.colcon_core.verb:set package 'my_first_pkg' build argument 'catkin_skip_building_tests' from command line to 'False'
[2.212s] DEBUG:colcon.colcon_core.verb:Building package 'my_first_pkg' with the following arguments: {'ament_cmake_args': None, 'build_base': '/home/vboxuser/Desktop/ROS2Humble/urdf_ws/build/my_first_pkg', 'catkin_cmake_args': None, 'catkin_skip_building_tests': False, 'cmake_args': None, 'cmake_clean_cache': False, 'cmake_clean_first': False, 'cmake_force_configure': False, 'cmake_target': None, 'cmake_target_skip_unavailable': False, 'install_base': '/home/vboxuser/Desktop/ROS2Humble/urdf_ws/install/my_first_pkg', 'merge_install': False, 'path': '/home/vboxuser/Desktop/ROS2Humble/urdf_ws/src/my_first_pkg', 'symlink_install': False, 'test_result_base': None}
[2.212s] Level 5:colcon.colcon_core.verb:set package 'teleop_agv_keyboard' build argument 'cmake_args' from command line to 'None'
[2.212s] Level 5:colcon.colcon_core.verb:set package 'teleop_agv_keyboard' build argument 'cmake_target' from command line to 'None'
[2.212s] Level 5:colcon.colcon_core.verb:set package 'teleop_agv_keyboard' build argument 'cmake_target_skip_unavailable' from command line to 'False'
[2.212s] Level 5:colcon.colcon_core.verb:set package 'teleop_agv_keyboard' build argument 'cmake_clean_cache' from command line to 'False'
[2.212s] Level 5:colcon.colcon_core.verb:set package 'teleop_agv_keyboard' build argument 'cmake_clean_first' from command line to 'False'
[2.212s] Level 5:colcon.colcon_core.verb:set package 'teleop_agv_keyboard' build argument 'cmake_force_configure' from command line to 'False'
[2.212s] Level 5:colcon.colcon_core.verb:set package 'teleop_agv_keyboard' build argument 'ament_cmake_args' from command line to 'None'
[2.212s] Level 5:colcon.colcon_core.verb:set package 'teleop_agv_keyboard' build argument 'catkin_cmake_args' from command line to 'None'
[2.213s] Level 5:colcon.colcon_core.verb:set package 'teleop_agv_keyboard' build argument 'catkin_skip_building_tests' from command line to 'False'
[2.213s] DEBUG:colcon.colcon_core.verb:Building package 'teleop_agv_keyboard' with the following arguments: {'ament_cmake_args': None, 'build_base': '/home/vboxuser/Desktop/ROS2Humble/urdf_ws/build/teleop_agv_keyboard', 'catkin_cmake_args': None, 'catkin_skip_building_tests': False, 'cmake_args': None, 'cmake_clean_cache': False, 'cmake_clean_first': False, 'cmake_force_configure': False, 'cmake_target': None, 'cmake_target_skip_unavailable': False, 'install_base': '/home/vboxuser/Desktop/ROS2Humble/urdf_ws/install/teleop_agv_keyboard', 'merge_install': False, 'path': '/home/vboxuser/Desktop/ROS2Humble/urdf_ws/src/teleop_agv_keyboard', 'symlink_install': False, 'test_result_base': None}
[2.214s] INFO:colcon.colcon_core.executor:Executing jobs using 'parallel' executor
[2.232s] DEBUG:colcon.colcon_parallel_executor.executor.parallel:run_until_complete
[2.233s] INFO:colcon.colcon_ros.task.ament_cmake.build:Building ROS package in '/home/vboxuser/Desktop/ROS2Humble/urdf_ws/src/my_first_pkg' with build type 'ament_cmake'
[2.233s] INFO:colcon.colcon_cmake.task.cmake.build:Building CMake package in '/home/vboxuser/Desktop/ROS2Humble/urdf_ws/src/my_first_pkg'
[2.262s] INFO:colcon.colcon_core.plugin_system:Skipping extension 'colcon_core.shell.bat': Not used on non-Windows systems
[2.262s] INFO:colcon.colcon_core.shell:Skip shell extension 'powershell' for command environment: Not usable outside of PowerShell
[2.262s] DEBUG:colcon.colcon_core.shell:Skip shell extension 'dsv' for command environment
[2.310s] INFO:colcon.colcon_ros.task.ament_python.build:Building ROS package in '/home/vboxuser/Desktop/ROS2Humble/urdf_ws/src/teleop_agv_keyboard' with build type 'ament_python'
[2.311s] Level 1:colcon.colcon_core.shell:create_environment_hook('teleop_agv_keyboard', 'ament_prefix_path')
[2.311s] INFO:colcon.colcon_core.shell:Creating environment hook '/home/vboxuser/Desktop/ROS2Humble/urdf_ws/install/teleop_agv_keyboard/share/teleop_agv_keyboard/hook/ament_prefix_path.ps1'
[2.312s] INFO:colcon.colcon_core.shell:Creating environment descriptor '/home/vboxuser/Desktop/ROS2Humble/urdf_ws/install/teleop_agv_keyboard/share/teleop_agv_keyboard/hook/ament_prefix_path.dsv'
[2.313s] INFO:colcon.colcon_core.shell:Creating environment hook '/home/vboxuser/Desktop/ROS2Humble/urdf_ws/install/teleop_agv_keyboard/share/teleop_agv_keyboard/hook/ament_prefix_path.sh'
[2.326s] INFO:colcon.colcon_core.shell:Skip shell extension 'powershell' for command environment: Not usable outside of PowerShell
[2.328s] DEBUG:colcon.colcon_core.shell:Skip shell extension 'dsv' for command environment
[2.443s] DEBUG:colcon.colcon_core.event_handler.log_command:Invoking command in '/home/vboxuser/Desktop/ROS2Humble/urdf_ws/build/my_first_pkg': CMAKE_PREFIX_PATH=${CMAKE_PREFIX_PATH}:/home/vboxuser/Desktop/ROS2Humble/urdf_ws/install/teleop_agv_keyboard:/opt/ros/humble /usr/bin/cmake /home/vboxuser/Desktop/ROS2Humble/urdf_ws/src/my_first_pkg -DCMAKE_INSTALL_PREFIX=/home/vboxuser/Desktop/ROS2Humble/urdf_ws/install/my_first_pkg
[3.771s] INFO:colcon.colcon_core.task.python.build:Building Python package in '/home/vboxuser/Desktop/ROS2Humble/urdf_ws/src/teleop_agv_keyboard'
[3.772s] INFO:colcon.colcon_core.shell:Skip shell extension 'powershell' for command environment: Not usable outside of PowerShell
[3.772s] DEBUG:colcon.colcon_core.shell:Skip shell extension 'dsv' for command environment
[5.911s] DEBUG:colcon.colcon_core.event_handler.log_command:Invoked command in '/home/vboxuser/Desktop/ROS2Humble/urdf_ws/build/my_first_pkg' returned '0': CMAKE_PREFIX_PATH=${CMAKE_PREFIX_PATH}:/home/vboxuser/Desktop/ROS2Humble/urdf_ws/install/teleop_agv_keyboard:/opt/ros/humble /usr/bin/cmake /home/vboxuser/Desktop/ROS2Humble/urdf_ws/src/my_first_pkg -DCMAKE_INSTALL_PREFIX=/home/vboxuser/Desktop/ROS2Humble/urdf_ws/install/my_first_pkg
[5.913s] DEBUG:colcon.colcon_core.event_handler.log_command:Invoking command in '/home/vboxuser/Desktop/ROS2Humble/urdf_ws/build/my_first_pkg': CMAKE_PREFIX_PATH=${CMAKE_PREFIX_PATH}:/home/vboxuser/Desktop/ROS2Humble/urdf_ws/install/teleop_agv_keyboard:/opt/ros/humble /usr/bin/cmake --build /home/vboxuser/Desktop/ROS2Humble/urdf_ws/build/my_first_pkg -- -j7 -l7
[6.953s] DEBUG:colcon.colcon_core.event_handler.log_command:Invoked command in '/home/vboxuser/Desktop/ROS2Humble/urdf_ws/build/my_first_pkg' returned '0': CMAKE_PREFIX_PATH=${CMAKE_PREFIX_PATH}:/home/vboxuser/Desktop/ROS2Humble/urdf_ws/install/teleop_agv_keyboard:/opt/ros/humble /usr/bin/cmake --build /home/vboxuser/Desktop/ROS2Humble/urdf_ws/build/my_first_pkg -- -j7 -l7
[7.090s] DEBUG:colcon.colcon_core.event_handler.log_command:Invoking command in '/home/vboxuser/Desktop/ROS2Humble/urdf_ws/build/my_first_pkg': CMAKE_PREFIX_PATH=${CMAKE_PREFIX_PATH}:/home/vboxuser/Desktop/ROS2Humble/urdf_ws/install/teleop_agv_keyboard:/opt/ros/humble /usr/bin/cmake --install /home/vboxuser/Desktop/ROS2Humble/urdf_ws/build/my_first_pkg
[7.428s] Level 1:colcon.colcon_core.environment:create_environment_scripts_only(my_first_pkg)
[7.429s] DEBUG:colcon.colcon_core.event_handler.log_command:Invoked command in '/home/vboxuser/Desktop/ROS2Humble/urdf_ws/build/my_first_pkg' returned '0': CMAKE_PREFIX_PATH=${CMAKE_PREFIX_PATH}:/home/vboxuser/Desktop/ROS2Humble/urdf_ws/install/teleop_agv_keyboard:/opt/ros/humble /usr/bin/cmake --install /home/vboxuser/Desktop/ROS2Humble/urdf_ws/build/my_first_pkg
[7.492s] Level 1:colcon.colcon_core.environment:checking '/home/vboxuser/Desktop/ROS2Humble/urdf_ws/install/my_first_pkg' for CMake module files
[7.500s] Level 1:colcon.colcon_core.environment:checking '/home/vboxuser/Desktop/ROS2Humble/urdf_ws/install/my_first_pkg' for CMake config files
[7.519s] Level 1:colcon.colcon_core.shell:create_environment_hook('my_first_pkg', 'cmake_prefix_path')
[7.519s] INFO:colcon.colcon_core.shell:Creating environment hook '/home/vboxuser/Desktop/ROS2Humble/urdf_ws/install/my_first_pkg/share/my_first_pkg/hook/cmake_prefix_path.ps1'
[7.546s] INFO:colcon.colcon_core.shell:Creating environment descriptor '/home/vboxuser/Desktop/ROS2Humble/urdf_ws/install/my_first_pkg/share/my_first_pkg/hook/cmake_prefix_path.dsv'
[7.548s] INFO:colcon.colcon_core.shell:Creating environment hook '/home/vboxuser/Desktop/ROS2Humble/urdf_ws/install/my_first_pkg/share/my_first_pkg/hook/cmake_prefix_path.sh'
[7.572s] Level 1:colcon.colcon_core.environment:checking '/home/vboxuser/Desktop/ROS2Humble/urdf_ws/install/my_first_pkg/lib'
[7.574s] Level 1:colcon.colcon_core.environment:checking '/home/vboxuser/Desktop/ROS2Humble/urdf_ws/install/my_first_pkg/bin'
[7.574s] Level 1:colcon.colcon_core.environment:checking '/home/vboxuser/Desktop/ROS2Humble/urdf_ws/install/my_first_pkg/lib/pkgconfig/my_first_pkg.pc'
[7.574s] Level 1:colcon.colcon_core.environment:checking '/home/vboxuser/Desktop/ROS2Humble/urdf_ws/install/my_first_pkg/lib/python3.10/site-packages'
[7.575s] Level 1:colcon.colcon_core.environment:checking '/home/vboxuser/Desktop/ROS2Humble/urdf_ws/install/my_first_pkg/bin'
[7.576s] INFO:colcon.colcon_core.shell:Creating package script '/home/vboxuser/Desktop/ROS2Humble/urdf_ws/install/my_first_pkg/share/my_first_pkg/package.ps1'
[7.627s] INFO:colcon.colcon_core.shell:Creating package descriptor '/home/vboxuser/Desktop/ROS2Humble/urdf_ws/install/my_first_pkg/share/my_first_pkg/package.dsv'
[7.656s] INFO:colcon.colcon_core.shell:Creating package script '/home/vboxuser/Desktop/ROS2Humble/urdf_ws/install/my_first_pkg/share/my_first_pkg/package.sh'
[7.666s] INFO:colcon.colcon_core.shell:Creating package script '/home/vboxuser/Desktop/ROS2Humble/urdf_ws/install/my_first_pkg/share/my_first_pkg/package.bash'
[7.684s] INFO:colcon.colcon_core.shell:Creating package script '/home/vboxuser/Desktop/ROS2Humble/urdf_ws/install/my_first_pkg/share/my_first_pkg/package.zsh'
[7.700s] Level 1:colcon.colcon_core.environment:create_file_with_runtime_dependencies(/home/vboxuser/Desktop/ROS2Humble/urdf_ws/install/my_first_pkg/share/colcon-core/packages/my_first_pkg)
[7.728s] Level 1:colcon.colcon_core.environment:create_environment_scripts_only(my_first_pkg)
[7.731s] Level 1:colcon.colcon_core.environment:checking '/home/vboxuser/Desktop/ROS2Humble/urdf_ws/install/my_first_pkg' for CMake module files
[7.743s] Level 1:colcon.colcon_core.environment:checking '/home/vboxuser/Desktop/ROS2Humble/urdf_ws/install/my_first_pkg' for CMake config files
[7.745s] Level 1:colcon.colcon_core.shell:create_environment_hook('my_first_pkg', 'cmake_prefix_path')
[7.745s] INFO:colcon.colcon_core.shell:Creating environment hook '/home/vboxuser/Desktop/ROS2Humble/urdf_ws/install/my_first_pkg/share/my_first_pkg/hook/cmake_prefix_path.ps1'
[7.748s] INFO:colcon.colcon_core.shell:Creating environment descriptor '/home/vboxuser/Desktop/ROS2Humble/urdf_ws/install/my_first_pkg/share/my_first_pkg/hook/cmake_prefix_path.dsv'
[7.752s] INFO:colcon.colcon_core.shell:Creating environment hook '/home/vboxuser/Desktop/ROS2Humble/urdf_ws/install/my_first_pkg/share/my_first_pkg/hook/cmake_prefix_path.sh'
[7.756s] Level 1:colcon.colcon_core.environment:checking '/home/vboxuser/Desktop/ROS2Humble/urdf_ws/install/my_first_pkg/lib'
[7.756s] Level 1:colcon.colcon_core.environment:checking '/home/vboxuser/Desktop/ROS2Humble/urdf_ws/install/my_first_pkg/bin'
[7.756s] Level 1:colcon.colcon_core.environment:checking '/home/vboxuser/Desktop/ROS2Humble/urdf_ws/install/my_first_pkg/lib/pkgconfig/my_first_pkg.pc'
[7.757s] Level 1:colcon.colcon_core.environment:checking '/home/vboxuser/Desktop/ROS2Humble/urdf_ws/install/my_first_pkg/lib/python3.10/site-packages'
[7.757s] Level 1:colcon.colcon_core.environment:checking '/home/vboxuser/Desktop/ROS2Humble/urdf_ws/install/my_first_pkg/bin'
[7.760s] INFO:colcon.colcon_core.shell:Creating package script '/home/vboxuser/Desktop/ROS2Humble/urdf_ws/install/my_first_pkg/share/my_first_pkg/package.ps1'
[7.761s] INFO:colcon.colcon_core.shell:Creating package descriptor '/home/vboxuser/Desktop/ROS2Humble/urdf_ws/install/my_first_pkg/share/my_first_pkg/package.dsv'
[7.773s] INFO:colcon.colcon_core.shell:Creating package script '/home/vboxuser/Desktop/ROS2Humble/urdf_ws/install/my_first_pkg/share/my_first_pkg/package.sh'
[7.820s] INFO:colcon.colcon_core.shell:Creating package script '/home/vboxuser/Desktop/ROS2Humble/urdf_ws/install/my_first_pkg/share/my_first_pkg/package.bash'
[7.850s] INFO:colcon.colcon_core.shell:Creating package script '/home/vboxuser/Desktop/ROS2Humble/urdf_ws/install/my_first_pkg/share/my_first_pkg/package.zsh'
[7.853s] Level 1:colcon.colcon_core.environment:create_file_with_runtime_dependencies(/home/vboxuser/Desktop/ROS2Humble/urdf_ws/install/my_first_pkg/share/colcon-core/packages/my_first_pkg)
[8.588s] DEBUG:colcon.colcon_core.event_handler.log_command:Invoking command in '/home/vboxuser/Desktop/ROS2Humble/urdf_ws/build/teleop_agv_keyboard': PYTHONPATH=/home/vboxuser/Desktop/ROS2Humble/urdf_ws/build/teleop_agv_keyboard/prefix_override:/usr/lib/python3/dist-packages/colcon_core/task/python/colcon_distutils_commands:/home/vboxuser/Desktop/ROS2Humble/urdf_ws/install/teleop_agv_keyboard/lib/python3.10/site-packages:${PYTHONPATH} /usr/bin/python3 -W ignore:setup.py install is deprecated -W ignore:easy_install command is deprecated setup.py develop --uninstall --editable --build-directory /home/vboxuser/Desktop/ROS2Humble/urdf_ws/build/teleop_agv_keyboard/build
[11.040s] DEBUG:colcon.colcon_core.event_handler.log_command:Invoked command in '/home/vboxuser/Desktop/ROS2Humble/urdf_ws/build/teleop_agv_keyboard' returned '0': PYTHONPATH=/home/vboxuser/Desktop/ROS2Humble/urdf_ws/build/teleop_agv_keyboard/prefix_override:/usr/lib/python3/dist-packages/colcon_core/task/python/colcon_distutils_commands:/home/vboxuser/Desktop/ROS2Humble/urdf_ws/install/teleop_agv_keyboard/lib/python3.10/site-packages:${PYTHONPATH} /usr/bin/python3 -W ignore:setup.py install is deprecated -W ignore:easy_install command is deprecated setup.py develop --uninstall --editable --build-directory /home/vboxuser/Desktop/ROS2Humble/urdf_ws/build/teleop_agv_keyboard/build
[11.057s] DEBUG:colcon.colcon_core.event_handler.log_command:Invoking command in '/home/vboxuser/Desktop/ROS2Humble/urdf_ws/src/teleop_agv_keyboard': PYTHONPATH=/home/vboxuser/Desktop/ROS2Humble/urdf_ws/build/teleop_agv_keyboard/prefix_override:/usr/lib/python3/dist-packages/colcon_core/task/python/colcon_distutils_commands:/home/vboxuser/Desktop/ROS2Humble/urdf_ws/install/teleop_agv_keyboard/lib/python3.10/site-packages:${PYTHONPATH} /usr/bin/python3 -W ignore:setup.py install is deprecated -W ignore:easy_install command is deprecated setup.py egg_info --egg-base ../../build/teleop_agv_keyboard build --build-base /home/vboxuser/Desktop/ROS2Humble/urdf_ws/build/teleop_agv_keyboard/build install --record /home/vboxuser/Desktop/ROS2Humble/urdf_ws/build/teleop_agv_keyboard/install.log --single-version-externally-managed install_data --force
[12.796s] Level 1:colcon.colcon_core.environment:checking '/home/vboxuser/Desktop/ROS2Humble/urdf_ws/install/teleop_agv_keyboard' for CMake module files
[12.798s] DEBUG:colcon.colcon_core.event_handler.log_command:Invoked command in '/home/vboxuser/Desktop/ROS2Humble/urdf_ws/src/teleop_agv_keyboard' returned '0': PYTHONPATH=/home/vboxuser/Desktop/ROS2Humble/urdf_ws/build/teleop_agv_keyboard/prefix_override:/usr/lib/python3/dist-packages/colcon_core/task/python/colcon_distutils_commands:/home/vboxuser/Desktop/ROS2Humble/urdf_ws/install/teleop_agv_keyboard/lib/python3.10/site-packages:${PYTHONPATH} /usr/bin/python3 -W ignore:setup.py install is deprecated -W ignore:easy_install command is deprecated setup.py egg_info --egg-base ../../build/teleop_agv_keyboard build --build-base /home/vboxuser/Desktop/ROS2Humble/urdf_ws/build/teleop_agv_keyboard/build install --record /home/vboxuser/Desktop/ROS2Humble/urdf_ws/build/teleop_agv_keyboard/install.log --single-version-externally-managed install_data --force
[12.799s] Level 1:colcon.colcon_core.environment:checking '/home/vboxuser/Desktop/ROS2Humble/urdf_ws/install/teleop_agv_keyboard' for CMake config files
[12.809s] Level 1:colcon.colcon_core.environment:checking '/home/vboxuser/Desktop/ROS2Humble/urdf_ws/install/teleop_agv_keyboard/lib'
[12.810s] Level 1:colcon.colcon_core.environment:checking '/home/vboxuser/Desktop/ROS2Humble/urdf_ws/install/teleop_agv_keyboard/bin'
[12.810s] Level 1:colcon.colcon_core.environment:checking '/home/vboxuser/Desktop/ROS2Humble/urdf_ws/install/teleop_agv_keyboard/lib/pkgconfig/teleop_agv_keyboard.pc'
[12.811s] Level 1:colcon.colcon_core.environment:checking '/home/vboxuser/Desktop/ROS2Humble/urdf_ws/install/teleop_agv_keyboard/lib/python3.10/site-packages'
[12.811s] Level 1:colcon.colcon_core.shell:create_environment_hook('teleop_agv_keyboard', 'pythonpath')
[12.811s] INFO:colcon.colcon_core.shell:Creating environment hook '/home/vboxuser/Desktop/ROS2Humble/urdf_ws/install/teleop_agv_keyboard/share/teleop_agv_keyboard/hook/pythonpath.ps1'
[12.814s] INFO:colcon.colcon_core.shell:Creating environment descriptor '/home/vboxuser/Desktop/ROS2Humble/urdf_ws/install/teleop_agv_keyboard/share/teleop_agv_keyboard/hook/pythonpath.dsv'
[12.815s] INFO:colcon.colcon_core.shell:Creating environment hook '/home/vboxuser/Desktop/ROS2Humble/urdf_ws/install/teleop_agv_keyboard/share/teleop_agv_keyboard/hook/pythonpath.sh'
[12.816s] Level 1:colcon.colcon_core.environment:checking '/home/vboxuser/Desktop/ROS2Humble/urdf_ws/install/teleop_agv_keyboard/bin'
[12.816s] Level 1:colcon.colcon_core.environment:create_environment_scripts_only(teleop_agv_keyboard)
[12.817s] INFO:colcon.colcon_core.shell:Creating package script '/home/vboxuser/Desktop/ROS2Humble/urdf_ws/install/teleop_agv_keyboard/share/teleop_agv_keyboard/package.ps1'
[12.818s] INFO:colcon.colcon_core.shell:Creating package descriptor '/home/vboxuser/Desktop/ROS2Humble/urdf_ws/install/teleop_agv_keyboard/share/teleop_agv_keyboard/package.dsv'
[12.819s] INFO:colcon.colcon_core.shell:Creating package script '/home/vboxuser/Desktop/ROS2Humble/urdf_ws/install/teleop_agv_keyboard/share/teleop_agv_keyboard/package.sh'
[12.822s] INFO:colcon.colcon_core.shell:Creating package script '/home/vboxuser/Desktop/ROS2Humble/urdf_ws/install/teleop_agv_keyboard/share/teleop_agv_keyboard/package.bash'
[12.822s] INFO:colcon.colcon_core.shell:Creating package script '/home/vboxuser/Desktop/ROS2Humble/urdf_ws/install/teleop_agv_keyboard/share/teleop_agv_keyboard/package.zsh'
[12.830s] Level 1:colcon.colcon_core.environment:create_file_with_runtime_dependencies(/home/vboxuser/Desktop/ROS2Humble/urdf_ws/install/teleop_agv_keyboard/share/colcon-core/packages/teleop_agv_keyboard)
[12.845s] DEBUG:colcon.colcon_parallel_executor.executor.parallel:closing loop
[12.846s] DEBUG:colcon.colcon_parallel_executor.executor.parallel:loop closed
[12.846s] DEBUG:colcon.colcon_parallel_executor.executor.parallel:run_until_complete finished with '0'
[12.846s] DEBUG:colcon.colcon_core.event_reactor:joining thread
[12.952s] INFO:colcon.colcon_core.plugin_system:Skipping extension 'colcon_notification.desktop_notification.terminal_notifier': Not used on non-Darwin systems
[12.953s] INFO:colcon.colcon_core.plugin_system:Skipping extension 'colcon_notification.desktop_notification.win32': Not used on non-Windows systems
[12.953s] INFO:colcon.colcon_notification.desktop_notification:Sending desktop notification using 'notify2'
[13.205s] DEBUG:colcon.colcon_core.event_reactor:joined thread
[13.206s] INFO:colcon.colcon_core.shell:Creating prefix script '/home/vboxuser/Desktop/ROS2Humble/urdf_ws/install/local_setup.ps1'
[13.207s] INFO:colcon.colcon_core.shell:Creating prefix util module '/home/vboxuser/Desktop/ROS2Humble/urdf_ws/install/_local_setup_util_ps1.py'
[13.210s] INFO:colcon.colcon_core.shell:Creating prefix chain script '/home/vboxuser/Desktop/ROS2Humble/urdf_ws/install/setup.ps1'
[13.213s] INFO:colcon.colcon_core.shell:Creating prefix script '/home/vboxuser/Desktop/ROS2Humble/urdf_ws/install/local_setup.sh'
[13.217s] INFO:colcon.colcon_core.shell:Creating prefix util module '/home/vboxuser/Desktop/ROS2Humble/urdf_ws/install/_local_setup_util_sh.py'
[13.219s] INFO:colcon.colcon_core.shell:Creating prefix chain script '/home/vboxuser/Desktop/ROS2Humble/urdf_ws/install/setup.sh'
[13.227s] INFO:colcon.colcon_core.shell:Creating prefix script '/home/vboxuser/Desktop/ROS2Humble/urdf_ws/install/local_setup.bash'
[13.228s] INFO:colcon.colcon_core.shell:Creating prefix chain script '/home/vboxuser/Desktop/ROS2Humble/urdf_ws/install/setup.bash'
[13.229s] INFO:colcon.colcon_core.shell:Creating prefix script '/home/vboxuser/Desktop/ROS2Humble/urdf_ws/install/local_setup.zsh'
[13.231s] INFO:colcon.colcon_core.shell:Creating prefix chain script '/home/vboxuser/Desktop/ROS2Humble/urdf_ws/install/setup.zsh'
