[1.559s] Invoking command in '/home/ueux/Desktop/ROS2Humble/basic_ws/src/action_py': CMAKE_PREFIX_PATH=/home/ueux/Desktop/ROS2Humble/basic_ws/install/my_robot_interfaces:/home/ueux/Desktop/ROS2Humble/basic_ws/install/my_package:/home/ueux/Desktop/ROS2Humble/basic_ws/install/turtlesim PYTHONPATH=/home/ueux/Desktop/ROS2Humble/basic_ws/build/action_py/prefix_override:/usr/lib/python3/dist-packages/colcon_core/task/python/colcon_distutils_commands:/home/ueux/Desktop/ROS2Humble/basic_ws/install/action_py/lib/python3.10/site-packages:${PYTHONPATH} /usr/bin/python3 -W ignore:setup.py install is deprecated -W ignore:easy_install command is deprecated setup.py egg_info --egg-base ../../build/action_py build --build-base /home/ueux/Desktop/ROS2Humble/basic_ws/build/action_py/build install --record /home/ueux/Desktop/ROS2Humble/basic_ws/build/action_py/install.log --single-version-externally-managed install_data
[2.073s] running egg_info
[2.074s] writing ../../build/action_py/action_py.egg-info/PKG-INFO
[2.074s] writing dependency_links to ../../build/action_py/action_py.egg-info/dependency_links.txt
[2.074s] writing entry points to ../../build/action_py/action_py.egg-info/entry_points.txt
[2.078s] writing requirements to ../../build/action_py/action_py.egg-info/requires.txt
[2.078s] writing top-level names to ../../build/action_py/action_py.egg-info/top_level.txt
[2.082s] reading manifest file '../../build/action_py/action_py.egg-info/SOURCES.txt'
[2.086s] writing manifest file '../../build/action_py/action_py.egg-info/SOURCES.txt'
[2.086s] running build
[2.086s] running build_py
[2.086s] copying action_py/count_until_client.py -> /home/ueux/Desktop/ROS2Humble/basic_ws/build/action_py/build/lib/action_py
[2.087s] running install
[2.087s] running install_lib
[2.090s] copying /home/ueux/Desktop/ROS2Humble/basic_ws/build/action_py/build/lib/action_py/count_until_client.py -> /home/ueux/Desktop/ROS2Humble/basic_ws/install/action_py/lib/python3.10/site-packages/action_py
[2.091s] byte-compiling /home/ueux/Desktop/ROS2Humble/basic_ws/install/action_py/lib/python3.10/site-packages/action_py/count_until_client.py to count_until_client.cpython-310.pyc
[2.091s] running install_data
[2.094s] running install_egg_info
[2.097s] removing '/home/ueux/Desktop/ROS2Humble/basic_ws/install/action_py/lib/python3.10/site-packages/action_py-0.0.0-py3.10.egg-info' (and everything under it)
[2.099s] Copying ../../build/action_py/action_py.egg-info to /home/ueux/Desktop/ROS2Humble/basic_ws/install/action_py/lib/python3.10/site-packages/action_py-0.0.0-py3.10.egg-info
[2.108s] running install_scripts
[2.164s] Installing count_until_client script to /home/ueux/Desktop/ROS2Humble/basic_ws/install/action_py/lib/action_py
[2.166s] Installing count_until_server script to /home/ueux/Desktop/ROS2Humble/basic_ws/install/action_py/lib/action_py
[2.166s] writing list of installed files to '/home/ueux/Desktop/ROS2Humble/basic_ws/build/action_py/install.log'
[2.193s] Invoked command in '/home/ueux/Desktop/ROS2Humble/basic_ws/src/action_py' returned '0': CMAKE_PREFIX_PATH=/home/ueux/Desktop/ROS2Humble/basic_ws/install/my_robot_interfaces:/home/ueux/Desktop/ROS2Humble/basic_ws/install/my_package:/home/ueux/Desktop/ROS2Humble/basic_ws/install/turtlesim PYTHONPATH=/home/ueux/Desktop/ROS2Humble/basic_ws/build/action_py/prefix_override:/usr/lib/python3/dist-packages/colcon_core/task/python/colcon_distutils_commands:/home/ueux/Desktop/ROS2Humble/basic_ws/install/action_py/lib/python3.10/site-packages:${PYTHONPATH} /usr/bin/python3 -W ignore:setup.py install is deprecated -W ignore:easy_install command is deprecated setup.py egg_info --egg-base ../../build/action_py build --build-base /home/ueux/Desktop/ROS2Humble/basic_ws/build/action_py/build install --record /home/ueux/Desktop/ROS2Humble/basic_ws/build/action_py/install.log --single-version-externally-managed install_data
