[0.122s] Invoking command in '/home/ueux/Desktop/ROS2Humble/basic_ws/build/my_robot_interfaces': CMAKE_PREFIX_PATH=${CMAKE_PREFIX_PATH}:/home/ueux/Desktop/ROS2Humble/basic_ws/install/my_robot_controller:/opt/ros/humble /usr/bin/cmake /home/ueux/Desktop/ROS2Humble/basic_ws/src/my_robot_interfaces -DCMAKE_INSTALL_PREFIX=/home/ueux/Desktop/ROS2Humble/basic_ws/install/my_robot_interfaces
[0.164s] -- Found ament_cmake: 1.3.11 (/opt/ros/humble/share/ament_cmake/cmake)
[0.453s] -- Override CMake install command with custom implementation using symlinks instead of copying resources
[0.468s] -- Found rosidl_default_generators: 1.2.0 (/opt/ros/humble/share/rosidl_default_generators/cmake)
[0.534s] -- Using all available rosidl_typesupport_c: rosidl_typesupport_fastrtps_c;rosidl_typesupport_introspection_c
[0.599s] -- Found rosidl_adapter: 3.1.6 (/opt/ros/humble/share/rosidl_adapter/cmake)
[0.922s] -- Using all available rosidl_typesupport_cpp: rosidl_typesupport_fastrtps_cpp;rosidl_typesupport_introspection_cpp
[1.786s] -- Found ament_cmake_ros: 0.10.0 (/opt/ros/humble/share/ament_cmake_ros/cmake)
[2.172s] -- Using all available rosidl_typesupport_c: rosidl_typesupport_fastrtps_c;rosidl_typesupport_introspection_c
[3.608s] -- Using all available rosidl_typesupport_cpp: rosidl_typesupport_fastrtps_cpp;rosidl_typesupport_introspection_cpp
[3.739s] -- Found PythonInterp: /usr/bin/python3 (found suitable version "3.10.12", minimum required is "3.6") 
[3.761s] -- Found python_cmake_module: 0.10.0 (/opt/ros/humble/share/python_cmake_module/cmake)
[4.225s] -- Found PythonLibs: /usr/lib/x86_64-linux-gnu/libpython3.10.so (found suitable version "3.10.12", minimum required is "3.5") 
[4.225s] -- Using PYTHON_EXECUTABLE: /usr/bin/python3
[4.225s] -- Using PYTHON_INCLUDE_DIRS: /usr/include/python3.10
[4.225s] -- Using PYTHON_LIBRARIES: /usr/lib/x86_64-linux-gnu/libpython3.10.so
[4.318s] -- Found PythonExtra: .so  
[4.730s] -- Found ament_lint_auto: 0.12.11 (/opt/ros/humble/share/ament_lint_auto/cmake)
[4.822s] -- Added test 'lint_cmake' to check CMake code style
[4.824s] -- Added test 'xmllint' to check XML markup files
[4.836s] -- Configuring done
[5.379s] -- Generating done
[5.486s] -- Build files have been written to: /home/ueux/Desktop/ROS2Humble/basic_ws/build/my_robot_interfaces
[5.600s] Invoked command in '/home/ueux/Desktop/ROS2Humble/basic_ws/build/my_robot_interfaces' returned '0': CMAKE_PREFIX_PATH=${CMAKE_PREFIX_PATH}:/home/ueux/Desktop/ROS2Humble/basic_ws/install/my_robot_controller:/opt/ros/humble /usr/bin/cmake /home/ueux/Desktop/ROS2Humble/basic_ws/src/my_robot_interfaces -DCMAKE_INSTALL_PREFIX=/home/ueux/Desktop/ROS2Humble/basic_ws/install/my_robot_interfaces
[5.613s] Invoking command in '/home/ueux/Desktop/ROS2Humble/basic_ws/build/my_robot_interfaces': CMAKE_PREFIX_PATH=${CMAKE_PREFIX_PATH}:/home/ueux/Desktop/ROS2Humble/basic_ws/install/my_robot_controller:/opt/ros/humble /usr/bin/cmake --build /home/ueux/Desktop/ROS2Humble/basic_ws/build/my_robot_interfaces -- -j8 -l8
[6.036s] [  3%] [34m[1mGenerating C code for ROS interfaces[0m
[6.140s] [  6%] [34m[1mGenerating C++ code for ROS interfaces[0m
[6.252s] [  6%] Built target ament_cmake_python_symlink_my_robot_interfaces
[6.646s] running egg_info
[6.647s] creating my_robot_interfaces.egg-info
[6.648s] writing my_robot_interfaces.egg-info/PKG-INFO
[6.662s] writing dependency_links to my_robot_interfaces.egg-info/dependency_links.txt
[6.662s] writing top-level names to my_robot_interfaces.egg-info/top_level.txt
[6.662s] writing manifest file 'my_robot_interfaces.egg-info/SOURCES.txt'
[6.674s] reading manifest file 'my_robot_interfaces.egg-info/SOURCES.txt'
[6.674s] writing manifest file 'my_robot_interfaces.egg-info/SOURCES.txt'
[6.726s] [  6%] Built target ament_cmake_python_build_my_robot_interfaces_egg
[6.938s] [  6%] Built target my_robot_interfaces__cpp
[6.965s] [  9%] [34m[1mGenerating C++ type support dispatch for ROS interfaces[0m
[6.979s] [ 16%] [34m[1mGenerating C++ introspection for ROS interfaces[0m
[6.982s] [ 16%] [34m[1mGenerating C++ type support for eProsima Fast-RTPS[0m
[7.016s] [ 19%] [32mBuilding C object CMakeFiles/my_robot_interfaces__rosidl_generator_c.dir/rosidl_generator_c/my_robot_interfaces/action/detail/count_until__functions.c.o[0m
[7.578s] [ 22%] [32mBuilding CXX object CMakeFiles/my_robot_interfaces__rosidl_typesupport_cpp.dir/rosidl_typesupport_cpp/my_robot_interfaces/action/count_until__type_support.cpp.o[0m
[7.935s] [ 25%] [32mBuilding CXX object CMakeFiles/my_robot_interfaces__rosidl_typesupport_introspection_cpp.dir/rosidl_typesupport_introspection_cpp/my_robot_interfaces/action/detail/count_until__type_support.cpp.o[0m
[8.113s] [ 29%] [32mBuilding CXX object CMakeFiles/my_robot_interfaces__rosidl_typesupport_fastrtps_cpp.dir/rosidl_typesupport_fastrtps_cpp/my_robot_interfaces/action/detail/dds_fastrtps/count_until__type_support.cpp.o[0m
[8.538s] [ 32%] [32m[1mLinking C shared library libmy_robot_interfaces__rosidl_generator_c.so[0m
[8.803s] [ 32%] Built target my_robot_interfaces__rosidl_generator_c
[8.824s] [ 35%] [34m[1mGenerating C type support dispatch for ROS interfaces[0m
[8.826s] [ 38%] [34m[1mGenerating C introspection for ROS interfaces[0m
[8.873s] [ 41%] [34m[1mGenerating C type support for eProsima Fast-RTPS[0m
[10.249s] [ 45%] [32mBuilding CXX object CMakeFiles/my_robot_interfaces__rosidl_typesupport_c.dir/rosidl_typesupport_c/my_robot_interfaces/action/count_until__type_support.cpp.o[0m
[10.513s] [ 48%] [32mBuilding CXX object CMakeFiles/my_robot_interfaces__rosidl_typesupport_fastrtps_c.dir/rosidl_typesupport_fastrtps_c/my_robot_interfaces/action/detail/count_until__type_support_c.cpp.o[0m
[10.529s] [ 51%] [32mBuilding C object CMakeFiles/my_robot_interfaces__rosidl_typesupport_introspection_c.dir/rosidl_typesupport_introspection_c/my_robot_interfaces/action/detail/count_until__type_support.c.o[0m
[10.553s] [ 54%] [32m[1mLinking CXX shared library libmy_robot_interfaces__rosidl_typesupport_c.so[0m
[10.933s] [ 58%] [32m[1mLinking C shared library libmy_robot_interfaces__rosidl_typesupport_introspection_c.so[0m
[10.953s] [ 58%] Built target my_robot_interfaces__rosidl_typesupport_c
[11.003s] [ 58%] Built target my_robot_interfaces__rosidl_typesupport_introspection_c
[12.812s] [ 61%] [32m[1mLinking CXX shared library libmy_robot_interfaces__rosidl_typesupport_fastrtps_c.so[0m
[13.032s] [ 64%] [32m[1mLinking CXX shared library libmy_robot_interfaces__rosidl_typesupport_cpp.so[0m
[13.170s] [ 64%] Built target my_robot_interfaces__rosidl_typesupport_fastrtps_c
[13.195s] [ 67%] [32m[1mLinking CXX shared library libmy_robot_interfaces__rosidl_typesupport_introspection_cpp.so[0m
[13.241s] [ 70%] [32m[1mLinking CXX shared library libmy_robot_interfaces__rosidl_typesupport_fastrtps_cpp.so[0m
[13.611s] [ 70%] Built target my_robot_interfaces__rosidl_typesupport_cpp
[13.770s] [ 70%] Built target my_robot_interfaces__rosidl_typesupport_introspection_cpp
[13.975s] [ 70%] Built target my_robot_interfaces__rosidl_typesupport_fastrtps_cpp
[14.087s] [ 70%] Built target my_robot_interfaces
[14.102s] [ 74%] [34m[1mGenerating Python code for ROS interfaces[0m
[15.091s] [ 74%] Built target my_robot_interfaces__py
[15.156s] [ 77%] [32mBuilding C object CMakeFiles/my_robot_interfaces__rosidl_generator_py.dir/rosidl_generator_py/my_robot_interfaces/action/_count_until_s.c.o[0m
[15.581s] [ 80%] [32m[1mLinking C shared library rosidl_generator_py/my_robot_interfaces/libmy_robot_interfaces__rosidl_generator_py.so[0m
[15.898s] [ 80%] Built target my_robot_interfaces__rosidl_generator_py
[15.997s] [ 83%] [32mBuilding C object CMakeFiles/my_robot_interfaces__rosidl_typesupport_fastrtps_c__pyext.dir/rosidl_generator_py/my_robot_interfaces/_my_robot_interfaces_s.ep.rosidl_typesupport_fastrtps_c.c.o[0m
[15.997s] [ 87%] [32mBuilding C object CMakeFiles/my_robot_interfaces__rosidl_typesupport_c__pyext.dir/rosidl_generator_py/my_robot_interfaces/_my_robot_interfaces_s.ep.rosidl_typesupport_c.c.o[0m
[16.015s] [ 90%] [32mBuilding C object CMakeFiles/my_robot_interfaces__rosidl_typesupport_introspection_c__pyext.dir/rosidl_generator_py/my_robot_interfaces/_my_robot_interfaces_s.ep.rosidl_typesupport_introspection_c.c.o[0m
[16.371s] [ 93%] [32m[1mLinking C shared library rosidl_generator_py/my_robot_interfaces/my_robot_interfaces_s__rosidl_typesupport_c.cpython-310-x86_64-linux-gnu.so[0m
[16.394s] [ 96%] [32m[1mLinking C shared library rosidl_generator_py/my_robot_interfaces/my_robot_interfaces_s__rosidl_typesupport_introspection_c.cpython-310-x86_64-linux-gnu.so[0m
[16.436s] [100%] [32m[1mLinking C shared library rosidl_generator_py/my_robot_interfaces/my_robot_interfaces_s__rosidl_typesupport_fastrtps_c.cpython-310-x86_64-linux-gnu.so[0m
[16.597s] [100%] Built target my_robot_interfaces__rosidl_typesupport_c__pyext
[16.625s] [100%] Built target my_robot_interfaces__rosidl_typesupport_introspection_c__pyext
[16.663s] [100%] Built target my_robot_interfaces__rosidl_typesupport_fastrtps_c__pyext
[16.971s] Invoked command in '/home/ueux/Desktop/ROS2Humble/basic_ws/build/my_robot_interfaces' returned '0': CMAKE_PREFIX_PATH=${CMAKE_PREFIX_PATH}:/home/ueux/Desktop/ROS2Humble/basic_ws/install/my_robot_controller:/opt/ros/humble /usr/bin/cmake --build /home/ueux/Desktop/ROS2Humble/basic_ws/build/my_robot_interfaces -- -j8 -l8
[17.002s] Invoking command in '/home/ueux/Desktop/ROS2Humble/basic_ws/build/my_robot_interfaces': CMAKE_PREFIX_PATH=${CMAKE_PREFIX_PATH}:/home/ueux/Desktop/ROS2Humble/basic_ws/install/my_robot_controller:/opt/ros/humble /usr/bin/cmake --install /home/ueux/Desktop/ROS2Humble/basic_ws/build/my_robot_interfaces
[17.036s] -- Install configuration: ""
[17.036s] -- Execute custom install script
[17.037s] -- Symlinking: /home/ueux/Desktop/ROS2Humble/basic_ws/install/my_robot_interfaces/share/ament_index/resource_index/rosidl_interfaces/my_robot_interfaces
[17.067s] -- Symlinking: /home/ueux/Desktop/ROS2Humble/basic_ws/install/my_robot_interfaces/include/my_robot_interfaces/my_robot_interfaces/action/count_until.h
[17.086s] -- Symlinking: /home/ueux/Desktop/ROS2Humble/basic_ws/install/my_robot_interfaces/include/my_robot_interfaces/my_robot_interfaces/action/detail/count_until__functions.h
[17.105s] -- Symlinking: /home/ueux/Desktop/ROS2Humble/basic_ws/install/my_robot_interfaces/include/my_robot_interfaces/my_robot_interfaces/action/detail/count_until__struct.h
[17.120s] -- Symlinking: /home/ueux/Desktop/ROS2Humble/basic_ws/install/my_robot_interfaces/include/my_robot_interfaces/my_robot_interfaces/action/detail/count_until__type_support.h
[17.136s] -- Symlinking: /home/ueux/Desktop/ROS2Humble/basic_ws/install/my_robot_interfaces/include/my_robot_interfaces/my_robot_interfaces/msg/rosidl_generator_c__visibility_control.h
[17.175s] -- Symlinking: /home/ueux/Desktop/ROS2Humble/basic_ws/install/my_robot_interfaces/share/my_robot_interfaces/environment/library_path.sh
[17.275s] -- Symlinking: /home/ueux/Desktop/ROS2Humble/basic_ws/install/my_robot_interfaces/share/my_robot_interfaces/environment/library_path.dsv
[17.337s] -- Symlinking: /home/ueux/Desktop/ROS2Humble/basic_ws/install/my_robot_interfaces/include/my_robot_interfaces/my_robot_interfaces/action/detail/count_until__rosidl_typesupport_fastrtps_c.h
[17.431s] -- Symlinking: /home/ueux/Desktop/ROS2Humble/basic_ws/install/my_robot_interfaces/include/my_robot_interfaces/my_robot_interfaces/msg/rosidl_typesupport_fastrtps_c__visibility_control.h
[17.503s] -- Symlinking: /home/ueux/Desktop/ROS2Humble/basic_ws/install/my_robot_interfaces/include/my_robot_interfaces/my_robot_interfaces/action/detail/count_until__rosidl_typesupport_introspection_c.h
[17.561s] -- Symlinking: /home/ueux/Desktop/ROS2Humble/basic_ws/install/my_robot_interfaces/include/my_robot_interfaces/my_robot_interfaces/msg/rosidl_typesupport_introspection_c__visibility_control.h
[17.585s] -- Symlinking: /home/ueux/Desktop/ROS2Humble/basic_ws/install/my_robot_interfaces/include/my_robot_interfaces/my_robot_interfaces/action/count_until.hpp
[17.602s] -- Symlinking: /home/ueux/Desktop/ROS2Humble/basic_ws/install/my_robot_interfaces/include/my_robot_interfaces/my_robot_interfaces/action/detail/count_until__builder.hpp
[17.634s] -- Symlinking: /home/ueux/Desktop/ROS2Humble/basic_ws/install/my_robot_interfaces/include/my_robot_interfaces/my_robot_interfaces/action/detail/count_until__struct.hpp
[17.649s] -- Symlinking: /home/ueux/Desktop/ROS2Humble/basic_ws/install/my_robot_interfaces/include/my_robot_interfaces/my_robot_interfaces/action/detail/count_until__traits.hpp
[17.669s] -- Symlinking: /home/ueux/Desktop/ROS2Humble/basic_ws/install/my_robot_interfaces/include/my_robot_interfaces/my_robot_interfaces/action/detail/count_until__type_support.hpp
[17.686s] -- Symlinking: /home/ueux/Desktop/ROS2Humble/basic_ws/install/my_robot_interfaces/include/my_robot_interfaces/my_robot_interfaces/msg/rosidl_generator_cpp__visibility_control.hpp
[17.698s] -- Symlinking: /home/ueux/Desktop/ROS2Humble/basic_ws/install/my_robot_interfaces/include/my_robot_interfaces/my_robot_interfaces/action/detail/count_until__rosidl_typesupport_fastrtps_cpp.hpp
[17.712s] -- Symlinking: /home/ueux/Desktop/ROS2Humble/basic_ws/install/my_robot_interfaces/include/my_robot_interfaces/my_robot_interfaces/msg/rosidl_typesupport_fastrtps_cpp__visibility_control.h
[17.749s] -- Symlinking: /home/ueux/Desktop/ROS2Humble/basic_ws/install/my_robot_interfaces/include/my_robot_interfaces/my_robot_interfaces/action/detail/count_until__rosidl_typesupport_introspection_cpp.hpp
[17.773s] -- Symlinking: /home/ueux/Desktop/ROS2Humble/basic_ws/install/my_robot_interfaces/share/my_robot_interfaces/environment/pythonpath.sh
[17.785s] -- Symlinking: /home/ueux/Desktop/ROS2Humble/basic_ws/install/my_robot_interfaces/share/my_robot_interfaces/environment/pythonpath.dsv
[17.814s] -- Symlinking: /home/ueux/Desktop/ROS2Humble/basic_ws/install/my_robot_interfaces/local/lib/python3.10/dist-packages/my_robot_interfaces-0.0.0-py3.10.egg-info/PKG-INFO
[17.850s] -- Symlinking: /home/ueux/Desktop/ROS2Humble/basic_ws/install/my_robot_interfaces/local/lib/python3.10/dist-packages/my_robot_interfaces-0.0.0-py3.10.egg-info/SOURCES.txt
[17.885s] -- Symlinking: /home/ueux/Desktop/ROS2Humble/basic_ws/install/my_robot_interfaces/local/lib/python3.10/dist-packages/my_robot_interfaces-0.0.0-py3.10.egg-info/dependency_links.txt
[17.900s] -- Symlinking: /home/ueux/Desktop/ROS2Humble/basic_ws/install/my_robot_interfaces/local/lib/python3.10/dist-packages/my_robot_interfaces-0.0.0-py3.10.egg-info/top_level.txt
[17.911s] -- Symlinking: /home/ueux/Desktop/ROS2Humble/basic_ws/install/my_robot_interfaces/local/lib/python3.10/dist-packages/my_robot_interfaces/__init__.py
[17.955s] -- Symlinking: /home/ueux/Desktop/ROS2Humble/basic_ws/install/my_robot_interfaces/local/lib/python3.10/dist-packages/my_robot_interfaces/_my_robot_interfaces_s.ep.rosidl_typesupport_c.c
[18.050s] -- Symlinking: /home/ueux/Desktop/ROS2Humble/basic_ws/install/my_robot_interfaces/local/lib/python3.10/dist-packages/my_robot_interfaces/_my_robot_interfaces_s.ep.rosidl_typesupport_fastrtps_c.c
[18.092s] -- Symlinking: /home/ueux/Desktop/ROS2Humble/basic_ws/install/my_robot_interfaces/local/lib/python3.10/dist-packages/my_robot_interfaces/_my_robot_interfaces_s.ep.rosidl_typesupport_introspection_c.c
[18.143s] -- Symlinking: /home/ueux/Desktop/ROS2Humble/basic_ws/install/my_robot_interfaces/local/lib/python3.10/dist-packages/my_robot_interfaces/action/__init__.py
[18.176s] -- Symlinking: /home/ueux/Desktop/ROS2Humble/basic_ws/install/my_robot_interfaces/local/lib/python3.10/dist-packages/my_robot_interfaces/action/_count_until.py
[18.182s] -- Symlinking: /home/ueux/Desktop/ROS2Humble/basic_ws/install/my_robot_interfaces/local/lib/python3.10/dist-packages/my_robot_interfaces/action/_count_until_s.c
[18.191s] -- Symlinking: /home/ueux/Desktop/ROS2Humble/basic_ws/install/my_robot_interfaces/local/lib/python3.10/dist-packages/my_robot_interfaces/libmy_robot_interfaces__rosidl_generator_py.so
[18.222s] -- Symlinking: /home/ueux/Desktop/ROS2Humble/basic_ws/install/my_robot_interfaces/local/lib/python3.10/dist-packages/my_robot_interfaces/my_robot_interfaces_s__rosidl_typesupport_c.cpython-310-x86_64-linux-gnu.so
[18.264s] -- Symlinking: /home/ueux/Desktop/ROS2Humble/basic_ws/install/my_robot_interfaces/local/lib/python3.10/dist-packages/my_robot_interfaces/my_robot_interfaces_s__rosidl_typesupport_fastrtps_c.cpython-310-x86_64-linux-gnu.so
[18.282s] -- Symlinking: /home/ueux/Desktop/ROS2Humble/basic_ws/install/my_robot_interfaces/local/lib/python3.10/dist-packages/my_robot_interfaces/my_robot_interfaces_s__rosidl_typesupport_introspection_c.cpython-310-x86_64-linux-gnu.so
[18.300s] -- Up-to-date symlink: /home/ueux/Desktop/ROS2Humble/basic_ws/install/my_robot_interfaces/local/lib/python3.10/dist-packages/my_robot_interfaces/my_robot_interfaces_s__rosidl_typesupport_fastrtps_c.cpython-310-x86_64-linux-gnu.so
[18.300s] -- Up-to-date symlink: /home/ueux/Desktop/ROS2Humble/basic_ws/install/my_robot_interfaces/local/lib/python3.10/dist-packages/my_robot_interfaces/my_robot_interfaces_s__rosidl_typesupport_introspection_c.cpython-310-x86_64-linux-gnu.so
[18.300s] -- Up-to-date symlink: /home/ueux/Desktop/ROS2Humble/basic_ws/install/my_robot_interfaces/local/lib/python3.10/dist-packages/my_robot_interfaces/my_robot_interfaces_s__rosidl_typesupport_c.cpython-310-x86_64-linux-gnu.so
[18.300s] -- Symlinking: /home/ueux/Desktop/ROS2Humble/basic_ws/install/my_robot_interfaces/share/my_robot_interfaces/action/CountUntil.idl
[18.311s] -- Symlinking: /home/ueux/Desktop/ROS2Humble/basic_ws/install/my_robot_interfaces/share/my_robot_interfaces/action/CountUntil.action
[18.379s] -- Up-to-date symlink: /home/ueux/Desktop/ROS2Humble/basic_ws/install/my_robot_interfaces/share/ament_index/resource_index/package_run_dependencies/my_robot_interfaces
[18.379s] -- Up-to-date symlink: /home/ueux/Desktop/ROS2Humble/basic_ws/install/my_robot_interfaces/share/ament_index/resource_index/parent_prefix_path/my_robot_interfaces
[18.379s] -- Up-to-date symlink: /home/ueux/Desktop/ROS2Humble/basic_ws/install/my_robot_interfaces/share/my_robot_interfaces/environment/ament_prefix_path.sh
[18.379s] -- Up-to-date symlink: /home/ueux/Desktop/ROS2Humble/basic_ws/install/my_robot_interfaces/share/my_robot_interfaces/environment/ament_prefix_path.dsv
[18.379s] -- Up-to-date symlink: /home/ueux/Desktop/ROS2Humble/basic_ws/install/my_robot_interfaces/share/my_robot_interfaces/environment/path.sh
[18.379s] -- Up-to-date symlink: /home/ueux/Desktop/ROS2Humble/basic_ws/install/my_robot_interfaces/share/my_robot_interfaces/environment/path.dsv
[18.379s] -- Up-to-date symlink: /home/ueux/Desktop/ROS2Humble/basic_ws/install/my_robot_interfaces/share/my_robot_interfaces/local_setup.bash
[18.379s] -- Up-to-date symlink: /home/ueux/Desktop/ROS2Humble/basic_ws/install/my_robot_interfaces/share/my_robot_interfaces/local_setup.sh
[18.379s] -- Up-to-date symlink: /home/ueux/Desktop/ROS2Humble/basic_ws/install/my_robot_interfaces/share/my_robot_interfaces/local_setup.zsh
[18.379s] -- Up-to-date symlink: /home/ueux/Desktop/ROS2Humble/basic_ws/install/my_robot_interfaces/share/my_robot_interfaces/local_setup.dsv
[18.379s] -- Symlinking: /home/ueux/Desktop/ROS2Humble/basic_ws/install/my_robot_interfaces/share/my_robot_interfaces/package.dsv
[18.430s] -- Up-to-date symlink: /home/ueux/Desktop/ROS2Humble/basic_ws/install/my_robot_interfaces/share/ament_index/resource_index/packages/my_robot_interfaces
[18.430s] -- Symlinking: /home/ueux/Desktop/ROS2Humble/basic_ws/install/my_robot_interfaces/share/my_robot_interfaces/cmake/rosidl_cmake-extras.cmake
[18.475s] -- Symlinking: /home/ueux/Desktop/ROS2Humble/basic_ws/install/my_robot_interfaces/share/my_robot_interfaces/cmake/ament_cmake_export_dependencies-extras.cmake
[18.502s] -- Symlinking: /home/ueux/Desktop/ROS2Humble/basic_ws/install/my_robot_interfaces/share/my_robot_interfaces/cmake/ament_cmake_export_include_directories-extras.cmake
[18.534s] -- Symlinking: /home/ueux/Desktop/ROS2Humble/basic_ws/install/my_robot_interfaces/share/my_robot_interfaces/cmake/ament_cmake_export_libraries-extras.cmake
[18.602s] -- Symlinking: /home/ueux/Desktop/ROS2Humble/basic_ws/install/my_robot_interfaces/share/my_robot_interfaces/cmake/ament_cmake_export_targets-extras.cmake
[18.639s] -- Symlinking: /home/ueux/Desktop/ROS2Humble/basic_ws/install/my_robot_interfaces/share/my_robot_interfaces/cmake/rosidl_cmake_export_typesupport_targets-extras.cmake
[18.672s] -- Symlinking: /home/ueux/Desktop/ROS2Humble/basic_ws/install/my_robot_interfaces/share/my_robot_interfaces/cmake/rosidl_cmake_export_typesupport_libraries-extras.cmake
[18.706s] -- Up-to-date symlink: /home/ueux/Desktop/ROS2Humble/basic_ws/install/my_robot_interfaces/share/my_robot_interfaces/cmake/my_robot_interfacesConfig.cmake
[18.707s] -- Up-to-date symlink: /home/ueux/Desktop/ROS2Humble/basic_ws/install/my_robot_interfaces/share/my_robot_interfaces/cmake/my_robot_interfacesConfig-version.cmake
[18.707s] -- Up-to-date symlink: /home/ueux/Desktop/ROS2Humble/basic_ws/install/my_robot_interfaces/share/my_robot_interfaces/package.xml
[18.707s] -- Installing: /home/ueux/Desktop/ROS2Humble/basic_ws/install/my_robot_interfaces/lib/libmy_robot_interfaces__rosidl_generator_c.so
[18.707s] -- Set runtime path of "/home/ueux/Desktop/ROS2Humble/basic_ws/install/my_robot_interfaces/lib/libmy_robot_interfaces__rosidl_generator_c.so" to ""
[18.707s] -- Installing: /home/ueux/Desktop/ROS2Humble/basic_ws/install/my_robot_interfaces/lib/libmy_robot_interfaces__rosidl_typesupport_fastrtps_c.so
[18.707s] -- Set runtime path of "/home/ueux/Desktop/ROS2Humble/basic_ws/install/my_robot_interfaces/lib/libmy_robot_interfaces__rosidl_typesupport_fastrtps_c.so" to ""
[18.707s] -- Installing: /home/ueux/Desktop/ROS2Humble/basic_ws/install/my_robot_interfaces/lib/libmy_robot_interfaces__rosidl_typesupport_introspection_c.so
[18.707s] -- Set runtime path of "/home/ueux/Desktop/ROS2Humble/basic_ws/install/my_robot_interfaces/lib/libmy_robot_interfaces__rosidl_typesupport_introspection_c.so" to ""
[18.707s] -- Installing: /home/ueux/Desktop/ROS2Humble/basic_ws/install/my_robot_interfaces/lib/libmy_robot_interfaces__rosidl_typesupport_c.so
[18.707s] -- Set runtime path of "/home/ueux/Desktop/ROS2Humble/basic_ws/install/my_robot_interfaces/lib/libmy_robot_interfaces__rosidl_typesupport_c.so" to ""
[18.707s] -- Installing: /home/ueux/Desktop/ROS2Humble/basic_ws/install/my_robot_interfaces/lib/libmy_robot_interfaces__rosidl_typesupport_fastrtps_cpp.so
[18.707s] -- Set runtime path of "/home/ueux/Desktop/ROS2Humble/basic_ws/install/my_robot_interfaces/lib/libmy_robot_interfaces__rosidl_typesupport_fastrtps_cpp.so" to ""
[18.707s] -- Installing: /home/ueux/Desktop/ROS2Humble/basic_ws/install/my_robot_interfaces/lib/libmy_robot_interfaces__rosidl_typesupport_introspection_cpp.so
[18.707s] -- Set runtime path of "/home/ueux/Desktop/ROS2Humble/basic_ws/install/my_robot_interfaces/lib/libmy_robot_interfaces__rosidl_typesupport_introspection_cpp.so" to ""
[18.707s] -- Installing: /home/ueux/Desktop/ROS2Humble/basic_ws/install/my_robot_interfaces/lib/libmy_robot_interfaces__rosidl_typesupport_cpp.so
[18.707s] -- Set runtime path of "/home/ueux/Desktop/ROS2Humble/basic_ws/install/my_robot_interfaces/lib/libmy_robot_interfaces__rosidl_typesupport_cpp.so" to ""
[18.795s] Listing '/home/ueux/Desktop/ROS2Humble/basic_ws/install/my_robot_interfaces/local/lib/python3.10/dist-packages/my_robot_interfaces'...
[18.796s] Compiling '/home/ueux/Desktop/ROS2Humble/basic_ws/install/my_robot_interfaces/local/lib/python3.10/dist-packages/my_robot_interfaces/__init__.py'...
[18.796s] Listing '/home/ueux/Desktop/ROS2Humble/basic_ws/install/my_robot_interfaces/local/lib/python3.10/dist-packages/my_robot_interfaces/action'...
[18.796s] Compiling '/home/ueux/Desktop/ROS2Humble/basic_ws/install/my_robot_interfaces/local/lib/python3.10/dist-packages/my_robot_interfaces/action/__init__.py'...
[18.796s] Compiling '/home/ueux/Desktop/ROS2Humble/basic_ws/install/my_robot_interfaces/local/lib/python3.10/dist-packages/my_robot_interfaces/action/_count_until.py'...
[18.812s] -- Installing: /home/ueux/Desktop/ROS2Humble/basic_ws/install/my_robot_interfaces/lib/libmy_robot_interfaces__rosidl_generator_py.so
[18.814s] -- Set runtime path of "/home/ueux/Desktop/ROS2Humble/basic_ws/install/my_robot_interfaces/lib/libmy_robot_interfaces__rosidl_generator_py.so" to ""
[18.814s] -- Installing: /home/ueux/Desktop/ROS2Humble/basic_ws/install/my_robot_interfaces/share/my_robot_interfaces/cmake/export_my_robot_interfaces__rosidl_generator_cExport.cmake
[18.816s] -- Installing: /home/ueux/Desktop/ROS2Humble/basic_ws/install/my_robot_interfaces/share/my_robot_interfaces/cmake/export_my_robot_interfaces__rosidl_generator_cExport-noconfig.cmake
[18.817s] -- Installing: /home/ueux/Desktop/ROS2Humble/basic_ws/install/my_robot_interfaces/share/my_robot_interfaces/cmake/export_my_robot_interfaces__rosidl_typesupport_fastrtps_cExport.cmake
[18.817s] -- Installing: /home/ueux/Desktop/ROS2Humble/basic_ws/install/my_robot_interfaces/share/my_robot_interfaces/cmake/export_my_robot_interfaces__rosidl_typesupport_fastrtps_cExport-noconfig.cmake
[18.817s] -- Installing: /home/ueux/Desktop/ROS2Humble/basic_ws/install/my_robot_interfaces/share/my_robot_interfaces/cmake/my_robot_interfaces__rosidl_typesupport_introspection_cExport.cmake
[18.817s] -- Installing: /home/ueux/Desktop/ROS2Humble/basic_ws/install/my_robot_interfaces/share/my_robot_interfaces/cmake/my_robot_interfaces__rosidl_typesupport_introspection_cExport-noconfig.cmake
[18.817s] -- Installing: /home/ueux/Desktop/ROS2Humble/basic_ws/install/my_robot_interfaces/share/my_robot_interfaces/cmake/my_robot_interfaces__rosidl_typesupport_cExport.cmake
[18.817s] -- Installing: /home/ueux/Desktop/ROS2Humble/basic_ws/install/my_robot_interfaces/share/my_robot_interfaces/cmake/my_robot_interfaces__rosidl_typesupport_cExport-noconfig.cmake
[18.817s] -- Installing: /home/ueux/Desktop/ROS2Humble/basic_ws/install/my_robot_interfaces/share/my_robot_interfaces/cmake/export_my_robot_interfaces__rosidl_generator_cppExport.cmake
[18.817s] -- Installing: /home/ueux/Desktop/ROS2Humble/basic_ws/install/my_robot_interfaces/share/my_robot_interfaces/cmake/export_my_robot_interfaces__rosidl_typesupport_fastrtps_cppExport.cmake
[18.817s] -- Installing: /home/ueux/Desktop/ROS2Humble/basic_ws/install/my_robot_interfaces/share/my_robot_interfaces/cmake/export_my_robot_interfaces__rosidl_typesupport_fastrtps_cppExport-noconfig.cmake
[18.817s] -- Installing: /home/ueux/Desktop/ROS2Humble/basic_ws/install/my_robot_interfaces/share/my_robot_interfaces/cmake/my_robot_interfaces__rosidl_typesupport_introspection_cppExport.cmake
[18.820s] -- Installing: /home/ueux/Desktop/ROS2Humble/basic_ws/install/my_robot_interfaces/share/my_robot_interfaces/cmake/my_robot_interfaces__rosidl_typesupport_introspection_cppExport-noconfig.cmake
[18.821s] -- Installing: /home/ueux/Desktop/ROS2Humble/basic_ws/install/my_robot_interfaces/share/my_robot_interfaces/cmake/my_robot_interfaces__rosidl_typesupport_cppExport.cmake
[18.822s] -- Installing: /home/ueux/Desktop/ROS2Humble/basic_ws/install/my_robot_interfaces/share/my_robot_interfaces/cmake/my_robot_interfaces__rosidl_typesupport_cppExport-noconfig.cmake
[18.822s] -- Installing: /home/ueux/Desktop/ROS2Humble/basic_ws/install/my_robot_interfaces/share/my_robot_interfaces/cmake/export_my_robot_interfaces__rosidl_generator_pyExport.cmake
[18.822s] -- Installing: /home/ueux/Desktop/ROS2Humble/basic_ws/install/my_robot_interfaces/share/my_robot_interfaces/cmake/export_my_robot_interfaces__rosidl_generator_pyExport-noconfig.cmake
[18.834s] Invoked command in '/home/ueux/Desktop/ROS2Humble/basic_ws/build/my_robot_interfaces' returned '0': CMAKE_PREFIX_PATH=${CMAKE_PREFIX_PATH}:/home/ueux/Desktop/ROS2Humble/basic_ws/install/my_robot_controller:/opt/ros/humble /usr/bin/cmake --install /home/ueux/Desktop/ROS2Humble/basic_ws/build/my_robot_interfaces
