[9.466s] DEBUG:colcon:Command line arguments: ['/usr/bin/colcon', 'list', '-p', '--base-paths', '/home/vboxuser/Desktop/ROS2Humble/turtlebot3_ws']
[9.466s] DEBUG:colcon:Parsed command line arguments: Namespace(log_base=None, log_level=None, verb_name='list', build_base='build', ignore_user_meta=False, metas=['./colcon.meta'], base_paths=['/home/vboxuser/Desktop/ROS2Humble/turtlebot3_ws'], packages_ignore=None, packages_ignore_regex=None, paths=None, packages_up_to=None, packages_up_to_regex=None, packages_above=None, packages_above_and_dependencies=None, packages_above_depth=None, packages_select_by_dep=None, packages_skip_by_dep=None, packages_skip_up_to=None, packages_select_build_failed=False, packages_skip_build_finished=False, packages_select_test_failures=False, packages_skip_test_passed=False, packages_select=None, packages_skip=None, packages_select_regex=None, packages_skip_regex=None, packages_start=None, packages_end=None, allow_overriding=[], topological_order=False, names_only=False, paths_only=True, topological_graph=False, topological_graph_dot=False, topological_graph_density=False, topological_graph_legend=False, topological_graph_dot_cluster=False, topological_graph_dot_include_skipped=False, mixin_files=None, mixin=None, verb_parser=<colcon_mixin.mixin.mixin_argument.MixinArgumentDecorator object at 0x79bbf155b160>, verb_extension=<colcon_package_information.verb.list.ListVerb object at 0x79bbf1520220>, main=<bound method ListVerb.main of <colcon_package_information.verb.list.ListVerb object at 0x79bbf1520220>>, mixin_verb=('list',))
[14.126s] Level 1:colcon.colcon_core.package_discovery:discover_packages(colcon_meta) check parameters
[14.127s] Level 1:colcon.colcon_core.package_discovery:discover_packages(recursive) check parameters
[14.128s] Level 1:colcon.colcon_core.package_discovery:discover_packages(ignore) check parameters
[14.128s] Level 1:colcon.colcon_core.package_discovery:discover_packages(path) check parameters
[14.128s] Level 1:colcon.colcon_core.package_discovery:discover_packages(recursive) discover
[14.144s] INFO:colcon.colcon_core.package_discovery:Crawling recursively for packages in '/home/vboxuser/Desktop/ROS2Humble/turtlebot3_ws'
[14.144s] Level 1:colcon.colcon_core.package_identification:_identify(/home/vboxuser/Desktop/ROS2Humble/turtlebot3_ws) by extensions ['ignore', 'ignore_ament_install']
[14.145s] Level 1:colcon.colcon_core.package_identification:_identify(/home/vboxuser/Desktop/ROS2Humble/turtlebot3_ws) by extension 'ignore'
[14.148s] Level 1:colcon.colcon_core.package_identification:_identify(/home/vboxuser/Desktop/ROS2Humble/turtlebot3_ws) by extension 'ignore_ament_install'
[14.148s] Level 1:colcon.colcon_core.package_identification:_identify(/home/vboxuser/Desktop/ROS2Humble/turtlebot3_ws) by extensions ['colcon_pkg']
[14.148s] Level 1:colcon.colcon_core.package_identification:_identify(/home/vboxuser/Desktop/ROS2Humble/turtlebot3_ws) by extension 'colcon_pkg'
[14.148s] Level 1:colcon.colcon_core.package_identification:_identify(/home/vboxuser/Desktop/ROS2Humble/turtlebot3_ws) by extensions ['colcon_meta']
[14.148s] Level 1:colcon.colcon_core.package_identification:_identify(/home/vboxuser/Desktop/ROS2Humble/turtlebot3_ws) by extension 'colcon_meta'
[14.148s] Level 1:colcon.colcon_core.package_identification:_identify(/home/vboxuser/Desktop/ROS2Humble/turtlebot3_ws) by extensions ['ros']
[14.155s] Level 1:colcon.colcon_core.package_identification:_identify(/home/vboxuser/Desktop/ROS2Humble/turtlebot3_ws) by extension 'ros'
[14.308s] Level 1:colcon.colcon_core.package_identification:_identify(/home/vboxuser/Desktop/ROS2Humble/turtlebot3_ws) by extensions ['cmake', 'python']
[14.328s] Level 1:colcon.colcon_core.package_identification:_identify(/home/vboxuser/Desktop/ROS2Humble/turtlebot3_ws) by extension 'cmake'
[14.331s] Level 1:colcon.colcon_core.package_identification:_identify(/home/vboxuser/Desktop/ROS2Humble/turtlebot3_ws) by extension 'python'
[14.331s] Level 1:colcon.colcon_core.package_identification:_identify(/home/vboxuser/Desktop/ROS2Humble/turtlebot3_ws) by extensions ['python_setup_py']
[14.331s] Level 1:colcon.colcon_core.package_identification:_identify(/home/vboxuser/Desktop/ROS2Humble/turtlebot3_ws) by extension 'python_setup_py'
[14.331s] Level 1:colcon.colcon_core.package_identification:_identify(/home/vboxuser/Desktop/ROS2Humble/turtlebot3_ws/build) by extensions ['ignore', 'ignore_ament_install']
[14.331s] Level 1:colcon.colcon_core.package_identification:_identify(/home/vboxuser/Desktop/ROS2Humble/turtlebot3_ws/build) by extension 'ignore'
[14.331s] Level 1:colcon.colcon_core.package_identification:_identify(/home/vboxuser/Desktop/ROS2Humble/turtlebot3_ws/build) ignored
[14.347s] Level 1:colcon.colcon_core.package_identification:_identify(/home/vboxuser/Desktop/ROS2Humble/turtlebot3_ws/install) by extensions ['ignore', 'ignore_ament_install']
[14.347s] Level 1:colcon.colcon_core.package_identification:_identify(/home/vboxuser/Desktop/ROS2Humble/turtlebot3_ws/install) by extension 'ignore'
[14.347s] Level 1:colcon.colcon_core.package_identification:_identify(/home/vboxuser/Desktop/ROS2Humble/turtlebot3_ws/install) ignored
[14.359s] Level 1:colcon.colcon_core.package_identification:_identify(/home/vboxuser/Desktop/ROS2Humble/turtlebot3_ws/log) by extensions ['ignore', 'ignore_ament_install']
[14.391s] Level 1:colcon.colcon_core.package_identification:_identify(/home/vboxuser/Desktop/ROS2Humble/turtlebot3_ws/log) by extension 'ignore'
[14.391s] Level 1:colcon.colcon_core.package_identification:_identify(/home/vboxuser/Desktop/ROS2Humble/turtlebot3_ws/log) ignored
[14.412s] Level 1:colcon.colcon_core.package_identification:_identify(/home/vboxuser/Desktop/ROS2Humble/turtlebot3_ws/src) by extensions ['ignore', 'ignore_ament_install']
[14.421s] Level 1:colcon.colcon_core.package_identification:_identify(/home/vboxuser/Desktop/ROS2Humble/turtlebot3_ws/src) by extension 'ignore'
[14.421s] Level 1:colcon.colcon_core.package_identification:_identify(/home/vboxuser/Desktop/ROS2Humble/turtlebot3_ws/src) by extension 'ignore_ament_install'
[14.421s] Level 1:colcon.colcon_core.package_identification:_identify(/home/vboxuser/Desktop/ROS2Humble/turtlebot3_ws/src) by extensions ['colcon_pkg']
[14.421s] Level 1:colcon.colcon_core.package_identification:_identify(/home/vboxuser/Desktop/ROS2Humble/turtlebot3_ws/src) by extension 'colcon_pkg'
[14.422s] Level 1:colcon.colcon_core.package_identification:_identify(/home/vboxuser/Desktop/ROS2Humble/turtlebot3_ws/src) by extensions ['colcon_meta']
[14.422s] Level 1:colcon.colcon_core.package_identification:_identify(/home/vboxuser/Desktop/ROS2Humble/turtlebot3_ws/src) by extension 'colcon_meta'
[14.422s] Level 1:colcon.colcon_core.package_identification:_identify(/home/vboxuser/Desktop/ROS2Humble/turtlebot3_ws/src) by extensions ['ros']
[14.422s] Level 1:colcon.colcon_core.package_identification:_identify(/home/vboxuser/Desktop/ROS2Humble/turtlebot3_ws/src) by extension 'ros'
[14.422s] Level 1:colcon.colcon_core.package_identification:_identify(/home/vboxuser/Desktop/ROS2Humble/turtlebot3_ws/src) by extensions ['cmake', 'python']
[14.445s] Level 1:colcon.colcon_core.package_identification:_identify(/home/vboxuser/Desktop/ROS2Humble/turtlebot3_ws/src) by extension 'cmake'
[14.445s] Level 1:colcon.colcon_core.package_identification:_identify(/home/vboxuser/Desktop/ROS2Humble/turtlebot3_ws/src) by extension 'python'
[14.445s] Level 1:colcon.colcon_core.package_identification:_identify(/home/vboxuser/Desktop/ROS2Humble/turtlebot3_ws/src) by extensions ['python_setup_py']
[14.447s] Level 1:colcon.colcon_core.package_identification:_identify(/home/vboxuser/Desktop/ROS2Humble/turtlebot3_ws/src) by extension 'python_setup_py'
[14.453s] Level 1:colcon.colcon_core.package_identification:_identify(/home/vboxuser/Desktop/ROS2Humble/turtlebot3_ws/src/DynamixelSDK) by extensions ['ignore', 'ignore_ament_install']
[14.457s] Level 1:colcon.colcon_core.package_identification:_identify(/home/vboxuser/Desktop/ROS2Humble/turtlebot3_ws/src/DynamixelSDK) by extension 'ignore'
[14.457s] Level 1:colcon.colcon_core.package_identification:_identify(/home/vboxuser/Desktop/ROS2Humble/turtlebot3_ws/src/DynamixelSDK) by extension 'ignore_ament_install'
[18.952s] Level 1:colcon.colcon_core.package_identification:_identify(/home/vboxuser/Desktop/ROS2Humble/turtlebot3_ws/src/DynamixelSDK) by extensions ['colcon_pkg']
[18.953s] Level 1:colcon.colcon_core.package_identification:_identify(/home/vboxuser/Desktop/ROS2Humble/turtlebot3_ws/src/DynamixelSDK) by extension 'colcon_pkg'
[18.953s] Level 1:colcon.colcon_core.package_identification:_identify(/home/vboxuser/Desktop/ROS2Humble/turtlebot3_ws/src/DynamixelSDK) by extensions ['colcon_meta']
[18.953s] Level 1:colcon.colcon_core.package_identification:_identify(/home/vboxuser/Desktop/ROS2Humble/turtlebot3_ws/src/DynamixelSDK) by extension 'colcon_meta'
[18.953s] Level 1:colcon.colcon_core.package_identification:_identify(/home/vboxuser/Desktop/ROS2Humble/turtlebot3_ws/src/DynamixelSDK) by extensions ['ros']
[18.953s] Level 1:colcon.colcon_core.package_identification:_identify(/home/vboxuser/Desktop/ROS2Humble/turtlebot3_ws/src/DynamixelSDK) by extension 'ros'
[18.953s] Level 1:colcon.colcon_core.package_identification:_identify(/home/vboxuser/Desktop/ROS2Humble/turtlebot3_ws/src/DynamixelSDK) by extensions ['cmake', 'python']
[18.953s] Level 1:colcon.colcon_core.package_identification:_identify(/home/vboxuser/Desktop/ROS2Humble/turtlebot3_ws/src/DynamixelSDK) by extension 'cmake'
[18.953s] Level 1:colcon.colcon_core.package_identification:_identify(/home/vboxuser/Desktop/ROS2Humble/turtlebot3_ws/src/DynamixelSDK) by extension 'python'
[18.953s] Level 1:colcon.colcon_core.package_identification:_identify(/home/vboxuser/Desktop/ROS2Humble/turtlebot3_ws/src/DynamixelSDK) by extensions ['python_setup_py']
[18.953s] Level 1:colcon.colcon_core.package_identification:_identify(/home/vboxuser/Desktop/ROS2Humble/turtlebot3_ws/src/DynamixelSDK) by extension 'python_setup_py'
[18.967s] Level 1:colcon.colcon_core.package_identification:_identify(/home/vboxuser/Desktop/ROS2Humble/turtlebot3_ws/src/DynamixelSDK/dynamixel_sdk) by extensions ['ignore', 'ignore_ament_install']
[18.967s] Level 1:colcon.colcon_core.package_identification:_identify(/home/vboxuser/Desktop/ROS2Humble/turtlebot3_ws/src/DynamixelSDK/dynamixel_sdk) by extension 'ignore'
[18.967s] Level 1:colcon.colcon_core.package_identification:_identify(/home/vboxuser/Desktop/ROS2Humble/turtlebot3_ws/src/DynamixelSDK/dynamixel_sdk) by extension 'ignore_ament_install'
[18.967s] Level 1:colcon.colcon_core.package_identification:_identify(/home/vboxuser/Desktop/ROS2Humble/turtlebot3_ws/src/DynamixelSDK/dynamixel_sdk) by extensions ['colcon_pkg']
[18.967s] Level 1:colcon.colcon_core.package_identification:_identify(/home/vboxuser/Desktop/ROS2Humble/turtlebot3_ws/src/DynamixelSDK/dynamixel_sdk) by extension 'colcon_pkg'
[18.967s] Level 1:colcon.colcon_core.package_identification:_identify(/home/vboxuser/Desktop/ROS2Humble/turtlebot3_ws/src/DynamixelSDK/dynamixel_sdk) by extensions ['colcon_meta']
[18.967s] Level 1:colcon.colcon_core.package_identification:_identify(/home/vboxuser/Desktop/ROS2Humble/turtlebot3_ws/src/DynamixelSDK/dynamixel_sdk) by extension 'colcon_meta'
[18.967s] Level 1:colcon.colcon_core.package_identification:_identify(/home/vboxuser/Desktop/ROS2Humble/turtlebot3_ws/src/DynamixelSDK/dynamixel_sdk) by extensions ['ros']
[18.967s] Level 1:colcon.colcon_core.package_identification:_identify(/home/vboxuser/Desktop/ROS2Humble/turtlebot3_ws/src/DynamixelSDK/dynamixel_sdk) by extension 'ros'
[19.027s] DEBUG:colcon.colcon_core.package_identification:Package '/home/vboxuser/Desktop/ROS2Humble/turtlebot3_ws/src/DynamixelSDK/dynamixel_sdk' with type 'ros.ament_cmake' and name 'dynamixel_sdk'
[19.028s] Level 1:colcon.colcon_core.package_identification:_identify(/home/vboxuser/Desktop/ROS2Humble/turtlebot3_ws/src/DynamixelSDK/dynamixel_sdk_custom_interfaces) by extensions ['ignore', 'ignore_ament_install']
[19.028s] Level 1:colcon.colcon_core.package_identification:_identify(/home/vboxuser/Desktop/ROS2Humble/turtlebot3_ws/src/DynamixelSDK/dynamixel_sdk_custom_interfaces) by extension 'ignore'
[19.028s] Level 1:colcon.colcon_core.package_identification:_identify(/home/vboxuser/Desktop/ROS2Humble/turtlebot3_ws/src/DynamixelSDK/dynamixel_sdk_custom_interfaces) by extension 'ignore_ament_install'
[19.028s] Level 1:colcon.colcon_core.package_identification:_identify(/home/vboxuser/Desktop/ROS2Humble/turtlebot3_ws/src/DynamixelSDK/dynamixel_sdk_custom_interfaces) by extensions ['colcon_pkg']
[19.028s] Level 1:colcon.colcon_core.package_identification:_identify(/home/vboxuser/Desktop/ROS2Humble/turtlebot3_ws/src/DynamixelSDK/dynamixel_sdk_custom_interfaces) by extension 'colcon_pkg'
[19.028s] Level 1:colcon.colcon_core.package_identification:_identify(/home/vboxuser/Desktop/ROS2Humble/turtlebot3_ws/src/DynamixelSDK/dynamixel_sdk_custom_interfaces) by extensions ['colcon_meta']
[19.028s] Level 1:colcon.colcon_core.package_identification:_identify(/home/vboxuser/Desktop/ROS2Humble/turtlebot3_ws/src/DynamixelSDK/dynamixel_sdk_custom_interfaces) by extension 'colcon_meta'
[19.028s] Level 1:colcon.colcon_core.package_identification:_identify(/home/vboxuser/Desktop/ROS2Humble/turtlebot3_ws/src/DynamixelSDK/dynamixel_sdk_custom_interfaces) by extensions ['ros']
[19.028s] Level 1:colcon.colcon_core.package_identification:_identify(/home/vboxuser/Desktop/ROS2Humble/turtlebot3_ws/src/DynamixelSDK/dynamixel_sdk_custom_interfaces) by extension 'ros'
[19.081s] DEBUG:colcon.colcon_core.package_identification:Package '/home/vboxuser/Desktop/ROS2Humble/turtlebot3_ws/src/DynamixelSDK/dynamixel_sdk_custom_interfaces' with type 'ros.ament_cmake' and name 'dynamixel_sdk_custom_interfaces'
[19.081s] Level 1:colcon.colcon_core.package_identification:_identify(/home/vboxuser/Desktop/ROS2Humble/turtlebot3_ws/src/DynamixelSDK/dynamixel_sdk_examples) by extensions ['ignore', 'ignore_ament_install']
[19.082s] Level 1:colcon.colcon_core.package_identification:_identify(/home/vboxuser/Desktop/ROS2Humble/turtlebot3_ws/src/DynamixelSDK/dynamixel_sdk_examples) by extension 'ignore'
[19.083s] Level 1:colcon.colcon_core.package_identification:_identify(/home/vboxuser/Desktop/ROS2Humble/turtlebot3_ws/src/DynamixelSDK/dynamixel_sdk_examples) by extension 'ignore_ament_install'
[19.099s] Level 1:colcon.colcon_core.package_identification:_identify(/home/vboxuser/Desktop/ROS2Humble/turtlebot3_ws/src/DynamixelSDK/dynamixel_sdk_examples) by extensions ['colcon_pkg']
[19.101s] Level 1:colcon.colcon_core.package_identification:_identify(/home/vboxuser/Desktop/ROS2Humble/turtlebot3_ws/src/DynamixelSDK/dynamixel_sdk_examples) by extension 'colcon_pkg'
[19.101s] Level 1:colcon.colcon_core.package_identification:_identify(/home/vboxuser/Desktop/ROS2Humble/turtlebot3_ws/src/DynamixelSDK/dynamixel_sdk_examples) by extensions ['colcon_meta']
[19.101s] Level 1:colcon.colcon_core.package_identification:_identify(/home/vboxuser/Desktop/ROS2Humble/turtlebot3_ws/src/DynamixelSDK/dynamixel_sdk_examples) by extension 'colcon_meta'
[19.101s] Level 1:colcon.colcon_core.package_identification:_identify(/home/vboxuser/Desktop/ROS2Humble/turtlebot3_ws/src/DynamixelSDK/dynamixel_sdk_examples) by extensions ['ros']
[19.101s] Level 1:colcon.colcon_core.package_identification:_identify(/home/vboxuser/Desktop/ROS2Humble/turtlebot3_ws/src/DynamixelSDK/dynamixel_sdk_examples) by extension 'ros'
[19.103s] DEBUG:colcon.colcon_core.package_identification:Package '/home/vboxuser/Desktop/ROS2Humble/turtlebot3_ws/src/DynamixelSDK/dynamixel_sdk_examples' with type 'ros.ament_cmake' and name 'dynamixel_sdk_examples'
[19.111s] Level 1:colcon.colcon_core.package_identification:_identify(/home/vboxuser/Desktop/ROS2Humble/turtlebot3_ws/src/turtlebot3) by extensions ['ignore', 'ignore_ament_install']
[19.111s] Level 1:colcon.colcon_core.package_identification:_identify(/home/vboxuser/Desktop/ROS2Humble/turtlebot3_ws/src/turtlebot3) by extension 'ignore'
[19.111s] Level 1:colcon.colcon_core.package_identification:_identify(/home/vboxuser/Desktop/ROS2Humble/turtlebot3_ws/src/turtlebot3) by extension 'ignore_ament_install'
[19.112s] Level 1:colcon.colcon_core.package_identification:_identify(/home/vboxuser/Desktop/ROS2Humble/turtlebot3_ws/src/turtlebot3) by extensions ['colcon_pkg']
[19.112s] Level 1:colcon.colcon_core.package_identification:_identify(/home/vboxuser/Desktop/ROS2Humble/turtlebot3_ws/src/turtlebot3) by extension 'colcon_pkg'
[19.112s] Level 1:colcon.colcon_core.package_identification:_identify(/home/vboxuser/Desktop/ROS2Humble/turtlebot3_ws/src/turtlebot3) by extensions ['colcon_meta']
[19.112s] Level 1:colcon.colcon_core.package_identification:_identify(/home/vboxuser/Desktop/ROS2Humble/turtlebot3_ws/src/turtlebot3) by extension 'colcon_meta'
[19.112s] Level 1:colcon.colcon_core.package_identification:_identify(/home/vboxuser/Desktop/ROS2Humble/turtlebot3_ws/src/turtlebot3) by extensions ['ros']
[19.112s] Level 1:colcon.colcon_core.package_identification:_identify(/home/vboxuser/Desktop/ROS2Humble/turtlebot3_ws/src/turtlebot3) by extension 'ros'
[19.112s] Level 1:colcon.colcon_core.package_identification:_identify(/home/vboxuser/Desktop/ROS2Humble/turtlebot3_ws/src/turtlebot3) by extensions ['cmake', 'python']
[19.112s] Level 1:colcon.colcon_core.package_identification:_identify(/home/vboxuser/Desktop/ROS2Humble/turtlebot3_ws/src/turtlebot3) by extension 'cmake'
[19.112s] Level 1:colcon.colcon_core.package_identification:_identify(/home/vboxuser/Desktop/ROS2Humble/turtlebot3_ws/src/turtlebot3) by extension 'python'
[19.112s] Level 1:colcon.colcon_core.package_identification:_identify(/home/vboxuser/Desktop/ROS2Humble/turtlebot3_ws/src/turtlebot3) by extensions ['python_setup_py']
[19.112s] Level 1:colcon.colcon_core.package_identification:_identify(/home/vboxuser/Desktop/ROS2Humble/turtlebot3_ws/src/turtlebot3) by extension 'python_setup_py'
[19.112s] Level 1:colcon.colcon_core.package_identification:_identify(/home/vboxuser/Desktop/ROS2Humble/turtlebot3_ws/src/turtlebot3/turtlebot3) by extensions ['ignore', 'ignore_ament_install']
[19.112s] Level 1:colcon.colcon_core.package_identification:_identify(/home/vboxuser/Desktop/ROS2Humble/turtlebot3_ws/src/turtlebot3/turtlebot3) by extension 'ignore'
[19.112s] Level 1:colcon.colcon_core.package_identification:_identify(/home/vboxuser/Desktop/ROS2Humble/turtlebot3_ws/src/turtlebot3/turtlebot3) by extension 'ignore_ament_install'
[19.112s] Level 1:colcon.colcon_core.package_identification:_identify(/home/vboxuser/Desktop/ROS2Humble/turtlebot3_ws/src/turtlebot3/turtlebot3) by extensions ['colcon_pkg']
[19.112s] Level 1:colcon.colcon_core.package_identification:_identify(/home/vboxuser/Desktop/ROS2Humble/turtlebot3_ws/src/turtlebot3/turtlebot3) by extension 'colcon_pkg'
[19.112s] Level 1:colcon.colcon_core.package_identification:_identify(/home/vboxuser/Desktop/ROS2Humble/turtlebot3_ws/src/turtlebot3/turtlebot3) by extensions ['colcon_meta']
[19.112s] Level 1:colcon.colcon_core.package_identification:_identify(/home/vboxuser/Desktop/ROS2Humble/turtlebot3_ws/src/turtlebot3/turtlebot3) by extension 'colcon_meta'
[19.112s] Level 1:colcon.colcon_core.package_identification:_identify(/home/vboxuser/Desktop/ROS2Humble/turtlebot3_ws/src/turtlebot3/turtlebot3) by extensions ['ros']
[19.112s] Level 1:colcon.colcon_core.package_identification:_identify(/home/vboxuser/Desktop/ROS2Humble/turtlebot3_ws/src/turtlebot3/turtlebot3) by extension 'ros'
[19.118s] DEBUG:colcon.colcon_core.package_identification:Package '/home/vboxuser/Desktop/ROS2Humble/turtlebot3_ws/src/turtlebot3/turtlebot3' with type 'ros.ament_cmake' and name 'turtlebot3'
[19.122s] Level 1:colcon.colcon_core.package_identification:_identify(/home/vboxuser/Desktop/ROS2Humble/turtlebot3_ws/src/turtlebot3/turtlebot3_bringup) by extensions ['ignore', 'ignore_ament_install']
[19.126s] Level 1:colcon.colcon_core.package_identification:_identify(/home/vboxuser/Desktop/ROS2Humble/turtlebot3_ws/src/turtlebot3/turtlebot3_bringup) by extension 'ignore'
[19.172s] Level 1:colcon.colcon_core.package_identification:_identify(/home/vboxuser/Desktop/ROS2Humble/turtlebot3_ws/src/turtlebot3/turtlebot3_bringup) by extension 'ignore_ament_install'
[19.175s] Level 1:colcon.colcon_core.package_identification:_identify(/home/vboxuser/Desktop/ROS2Humble/turtlebot3_ws/src/turtlebot3/turtlebot3_bringup) by extensions ['colcon_pkg']
[19.193s] Level 1:colcon.colcon_core.package_identification:_identify(/home/vboxuser/Desktop/ROS2Humble/turtlebot3_ws/src/turtlebot3/turtlebot3_bringup) by extension 'colcon_pkg'
[19.193s] Level 1:colcon.colcon_core.package_identification:_identify(/home/vboxuser/Desktop/ROS2Humble/turtlebot3_ws/src/turtlebot3/turtlebot3_bringup) by extensions ['colcon_meta']
[19.193s] Level 1:colcon.colcon_core.package_identification:_identify(/home/vboxuser/Desktop/ROS2Humble/turtlebot3_ws/src/turtlebot3/turtlebot3_bringup) by extension 'colcon_meta'
[19.199s] Level 1:colcon.colcon_core.package_identification:_identify(/home/vboxuser/Desktop/ROS2Humble/turtlebot3_ws/src/turtlebot3/turtlebot3_bringup) by extensions ['ros']
[19.200s] Level 1:colcon.colcon_core.package_identification:_identify(/home/vboxuser/Desktop/ROS2Humble/turtlebot3_ws/src/turtlebot3/turtlebot3_bringup) by extension 'ros'
[19.218s] DEBUG:colcon.colcon_core.package_identification:Package '/home/vboxuser/Desktop/ROS2Humble/turtlebot3_ws/src/turtlebot3/turtlebot3_bringup' with type 'ros.ament_cmake' and name 'turtlebot3_bringup'
[19.238s] Level 1:colcon.colcon_core.package_identification:_identify(/home/vboxuser/Desktop/ROS2Humble/turtlebot3_ws/src/turtlebot3/turtlebot3_cartographer) by extensions ['ignore', 'ignore_ament_install']
[19.238s] Level 1:colcon.colcon_core.package_identification:_identify(/home/vboxuser/Desktop/ROS2Humble/turtlebot3_ws/src/turtlebot3/turtlebot3_cartographer) by extension 'ignore'
[19.238s] Level 1:colcon.colcon_core.package_identification:_identify(/home/vboxuser/Desktop/ROS2Humble/turtlebot3_ws/src/turtlebot3/turtlebot3_cartographer) by extension 'ignore_ament_install'
[19.238s] Level 1:colcon.colcon_core.package_identification:_identify(/home/vboxuser/Desktop/ROS2Humble/turtlebot3_ws/src/turtlebot3/turtlebot3_cartographer) by extensions ['colcon_pkg']
[19.238s] Level 1:colcon.colcon_core.package_identification:_identify(/home/vboxuser/Desktop/ROS2Humble/turtlebot3_ws/src/turtlebot3/turtlebot3_cartographer) by extension 'colcon_pkg'
[19.239s] Level 1:colcon.colcon_core.package_identification:_identify(/home/vboxuser/Desktop/ROS2Humble/turtlebot3_ws/src/turtlebot3/turtlebot3_cartographer) by extensions ['colcon_meta']
[19.239s] Level 1:colcon.colcon_core.package_identification:_identify(/home/vboxuser/Desktop/ROS2Humble/turtlebot3_ws/src/turtlebot3/turtlebot3_cartographer) by extension 'colcon_meta'
[19.239s] Level 1:colcon.colcon_core.package_identification:_identify(/home/vboxuser/Desktop/ROS2Humble/turtlebot3_ws/src/turtlebot3/turtlebot3_cartographer) by extensions ['ros']
[19.239s] Level 1:colcon.colcon_core.package_identification:_identify(/home/vboxuser/Desktop/ROS2Humble/turtlebot3_ws/src/turtlebot3/turtlebot3_cartographer) by extension 'ros'
[19.241s] DEBUG:colcon.colcon_core.package_identification:Package '/home/vboxuser/Desktop/ROS2Humble/turtlebot3_ws/src/turtlebot3/turtlebot3_cartographer' with type 'ros.ament_cmake' and name 'turtlebot3_cartographer'
[19.248s] Level 1:colcon.colcon_core.package_identification:_identify(/home/vboxuser/Desktop/ROS2Humble/turtlebot3_ws/src/turtlebot3/turtlebot3_description) by extensions ['ignore', 'ignore_ament_install']
[19.248s] Level 1:colcon.colcon_core.package_identification:_identify(/home/vboxuser/Desktop/ROS2Humble/turtlebot3_ws/src/turtlebot3/turtlebot3_description) by extension 'ignore'
[19.248s] Level 1:colcon.colcon_core.package_identification:_identify(/home/vboxuser/Desktop/ROS2Humble/turtlebot3_ws/src/turtlebot3/turtlebot3_description) by extension 'ignore_ament_install'
[19.248s] Level 1:colcon.colcon_core.package_identification:_identify(/home/vboxuser/Desktop/ROS2Humble/turtlebot3_ws/src/turtlebot3/turtlebot3_description) by extensions ['colcon_pkg']
[19.248s] Level 1:colcon.colcon_core.package_identification:_identify(/home/vboxuser/Desktop/ROS2Humble/turtlebot3_ws/src/turtlebot3/turtlebot3_description) by extension 'colcon_pkg'
[19.249s] Level 1:colcon.colcon_core.package_identification:_identify(/home/vboxuser/Desktop/ROS2Humble/turtlebot3_ws/src/turtlebot3/turtlebot3_description) by extensions ['colcon_meta']
[19.249s] Level 1:colcon.colcon_core.package_identification:_identify(/home/vboxuser/Desktop/ROS2Humble/turtlebot3_ws/src/turtlebot3/turtlebot3_description) by extension 'colcon_meta'
[19.249s] Level 1:colcon.colcon_core.package_identification:_identify(/home/vboxuser/Desktop/ROS2Humble/turtlebot3_ws/src/turtlebot3/turtlebot3_description) by extensions ['ros']
[19.249s] Level 1:colcon.colcon_core.package_identification:_identify(/home/vboxuser/Desktop/ROS2Humble/turtlebot3_ws/src/turtlebot3/turtlebot3_description) by extension 'ros'
[19.269s] DEBUG:colcon.colcon_core.package_identification:Package '/home/vboxuser/Desktop/ROS2Humble/turtlebot3_ws/src/turtlebot3/turtlebot3_description' with type 'ros.ament_cmake' and name 'turtlebot3_description'
[19.283s] Level 1:colcon.colcon_core.package_identification:_identify(/home/vboxuser/Desktop/ROS2Humble/turtlebot3_ws/src/turtlebot3/turtlebot3_example) by extensions ['ignore', 'ignore_ament_install']
[19.290s] Level 1:colcon.colcon_core.package_identification:_identify(/home/vboxuser/Desktop/ROS2Humble/turtlebot3_ws/src/turtlebot3/turtlebot3_example) by extension 'ignore'
[19.303s] Level 1:colcon.colcon_core.package_identification:_identify(/home/vboxuser/Desktop/ROS2Humble/turtlebot3_ws/src/turtlebot3/turtlebot3_example) by extension 'ignore_ament_install'
[19.305s] Level 1:colcon.colcon_core.package_identification:_identify(/home/vboxuser/Desktop/ROS2Humble/turtlebot3_ws/src/turtlebot3/turtlebot3_example) by extensions ['colcon_pkg']
[19.305s] Level 1:colcon.colcon_core.package_identification:_identify(/home/vboxuser/Desktop/ROS2Humble/turtlebot3_ws/src/turtlebot3/turtlebot3_example) by extension 'colcon_pkg'
[19.305s] Level 1:colcon.colcon_core.package_identification:_identify(/home/vboxuser/Desktop/ROS2Humble/turtlebot3_ws/src/turtlebot3/turtlebot3_example) by extensions ['colcon_meta']
[19.305s] Level 1:colcon.colcon_core.package_identification:_identify(/home/vboxuser/Desktop/ROS2Humble/turtlebot3_ws/src/turtlebot3/turtlebot3_example) by extension 'colcon_meta'
[19.305s] Level 1:colcon.colcon_core.package_identification:_identify(/home/vboxuser/Desktop/ROS2Humble/turtlebot3_ws/src/turtlebot3/turtlebot3_example) by extensions ['ros']
[19.305s] Level 1:colcon.colcon_core.package_identification:_identify(/home/vboxuser/Desktop/ROS2Humble/turtlebot3_ws/src/turtlebot3/turtlebot3_example) by extension 'ros'
[19.307s] DEBUG:colcon.colcon_core.package_identification:Package '/home/vboxuser/Desktop/ROS2Humble/turtlebot3_ws/src/turtlebot3/turtlebot3_example' with type 'ros.ament_python' and name 'turtlebot3_example'
[19.309s] Level 1:colcon.colcon_core.package_identification:_identify(/home/vboxuser/Desktop/ROS2Humble/turtlebot3_ws/src/turtlebot3/turtlebot3_navigation2) by extensions ['ignore', 'ignore_ament_install']
[19.312s] Level 1:colcon.colcon_core.package_identification:_identify(/home/vboxuser/Desktop/ROS2Humble/turtlebot3_ws/src/turtlebot3/turtlebot3_navigation2) by extension 'ignore'
[19.312s] Level 1:colcon.colcon_core.package_identification:_identify(/home/vboxuser/Desktop/ROS2Humble/turtlebot3_ws/src/turtlebot3/turtlebot3_navigation2) by extension 'ignore_ament_install'
[19.317s] Level 1:colcon.colcon_core.package_identification:_identify(/home/vboxuser/Desktop/ROS2Humble/turtlebot3_ws/src/turtlebot3/turtlebot3_navigation2) by extensions ['colcon_pkg']
[19.324s] Level 1:colcon.colcon_core.package_identification:_identify(/home/vboxuser/Desktop/ROS2Humble/turtlebot3_ws/src/turtlebot3/turtlebot3_navigation2) by extension 'colcon_pkg'
[19.324s] Level 1:colcon.colcon_core.package_identification:_identify(/home/vboxuser/Desktop/ROS2Humble/turtlebot3_ws/src/turtlebot3/turtlebot3_navigation2) by extensions ['colcon_meta']
[19.324s] Level 1:colcon.colcon_core.package_identification:_identify(/home/vboxuser/Desktop/ROS2Humble/turtlebot3_ws/src/turtlebot3/turtlebot3_navigation2) by extension 'colcon_meta'
[19.324s] Level 1:colcon.colcon_core.package_identification:_identify(/home/vboxuser/Desktop/ROS2Humble/turtlebot3_ws/src/turtlebot3/turtlebot3_navigation2) by extensions ['ros']
[19.324s] Level 1:colcon.colcon_core.package_identification:_identify(/home/vboxuser/Desktop/ROS2Humble/turtlebot3_ws/src/turtlebot3/turtlebot3_navigation2) by extension 'ros'
[19.325s] DEBUG:colcon.colcon_core.package_identification:Package '/home/vboxuser/Desktop/ROS2Humble/turtlebot3_ws/src/turtlebot3/turtlebot3_navigation2' with type 'ros.ament_cmake' and name 'turtlebot3_navigation2'
[19.325s] Level 1:colcon.colcon_core.package_identification:_identify(/home/vboxuser/Desktop/ROS2Humble/turtlebot3_ws/src/turtlebot3/turtlebot3_node) by extensions ['ignore', 'ignore_ament_install']
[19.328s] Level 1:colcon.colcon_core.package_identification:_identify(/home/vboxuser/Desktop/ROS2Humble/turtlebot3_ws/src/turtlebot3/turtlebot3_node) by extension 'ignore'
[19.328s] Level 1:colcon.colcon_core.package_identification:_identify(/home/vboxuser/Desktop/ROS2Humble/turtlebot3_ws/src/turtlebot3/turtlebot3_node) by extension 'ignore_ament_install'
[19.329s] Level 1:colcon.colcon_core.package_identification:_identify(/home/vboxuser/Desktop/ROS2Humble/turtlebot3_ws/src/turtlebot3/turtlebot3_node) by extensions ['colcon_pkg']
[19.331s] Level 1:colcon.colcon_core.package_identification:_identify(/home/vboxuser/Desktop/ROS2Humble/turtlebot3_ws/src/turtlebot3/turtlebot3_node) by extension 'colcon_pkg'
[19.331s] Level 1:colcon.colcon_core.package_identification:_identify(/home/vboxuser/Desktop/ROS2Humble/turtlebot3_ws/src/turtlebot3/turtlebot3_node) by extensions ['colcon_meta']
[19.331s] Level 1:colcon.colcon_core.package_identification:_identify(/home/vboxuser/Desktop/ROS2Humble/turtlebot3_ws/src/turtlebot3/turtlebot3_node) by extension 'colcon_meta'
[19.331s] Level 1:colcon.colcon_core.package_identification:_identify(/home/vboxuser/Desktop/ROS2Humble/turtlebot3_ws/src/turtlebot3/turtlebot3_node) by extensions ['ros']
[19.331s] Level 1:colcon.colcon_core.package_identification:_identify(/home/vboxuser/Desktop/ROS2Humble/turtlebot3_ws/src/turtlebot3/turtlebot3_node) by extension 'ros'
[19.351s] DEBUG:colcon.colcon_core.package_identification:Package '/home/vboxuser/Desktop/ROS2Humble/turtlebot3_ws/src/turtlebot3/turtlebot3_node' with type 'ros.ament_cmake' and name 'turtlebot3_node'
[19.413s] Level 1:colcon.colcon_core.package_identification:_identify(/home/vboxuser/Desktop/ROS2Humble/turtlebot3_ws/src/turtlebot3/turtlebot3_teleop) by extensions ['ignore', 'ignore_ament_install']
[19.434s] Level 1:colcon.colcon_core.package_identification:_identify(/home/vboxuser/Desktop/ROS2Humble/turtlebot3_ws/src/turtlebot3/turtlebot3_teleop) by extension 'ignore'
[19.434s] Level 1:colcon.colcon_core.package_identification:_identify(/home/vboxuser/Desktop/ROS2Humble/turtlebot3_ws/src/turtlebot3/turtlebot3_teleop) by extension 'ignore_ament_install'
[19.434s] Level 1:colcon.colcon_core.package_identification:_identify(/home/vboxuser/Desktop/ROS2Humble/turtlebot3_ws/src/turtlebot3/turtlebot3_teleop) by extensions ['colcon_pkg']
[19.434s] Level 1:colcon.colcon_core.package_identification:_identify(/home/vboxuser/Desktop/ROS2Humble/turtlebot3_ws/src/turtlebot3/turtlebot3_teleop) by extension 'colcon_pkg'
[19.434s] Level 1:colcon.colcon_core.package_identification:_identify(/home/vboxuser/Desktop/ROS2Humble/turtlebot3_ws/src/turtlebot3/turtlebot3_teleop) by extensions ['colcon_meta']
[19.434s] Level 1:colcon.colcon_core.package_identification:_identify(/home/vboxuser/Desktop/ROS2Humble/turtlebot3_ws/src/turtlebot3/turtlebot3_teleop) by extension 'colcon_meta'
[19.434s] Level 1:colcon.colcon_core.package_identification:_identify(/home/vboxuser/Desktop/ROS2Humble/turtlebot3_ws/src/turtlebot3/turtlebot3_teleop) by extensions ['ros']
[19.434s] Level 1:colcon.colcon_core.package_identification:_identify(/home/vboxuser/Desktop/ROS2Humble/turtlebot3_ws/src/turtlebot3/turtlebot3_teleop) by extension 'ros'
[19.435s] DEBUG:colcon.colcon_core.package_identification:Package '/home/vboxuser/Desktop/ROS2Humble/turtlebot3_ws/src/turtlebot3/turtlebot3_teleop' with type 'ros.ament_python' and name 'turtlebot3_teleop'
[19.435s] Level 1:colcon.colcon_core.package_identification:_identify(/home/vboxuser/Desktop/ROS2Humble/turtlebot3_ws/src/turtlebot3_msgs) by extensions ['ignore', 'ignore_ament_install']
[19.435s] Level 1:colcon.colcon_core.package_identification:_identify(/home/vboxuser/Desktop/ROS2Humble/turtlebot3_ws/src/turtlebot3_msgs) by extension 'ignore'
[19.436s] Level 1:colcon.colcon_core.package_identification:_identify(/home/vboxuser/Desktop/ROS2Humble/turtlebot3_ws/src/turtlebot3_msgs) by extension 'ignore_ament_install'
[19.437s] Level 1:colcon.colcon_core.package_identification:_identify(/home/vboxuser/Desktop/ROS2Humble/turtlebot3_ws/src/turtlebot3_msgs) by extensions ['colcon_pkg']
[19.437s] Level 1:colcon.colcon_core.package_identification:_identify(/home/vboxuser/Desktop/ROS2Humble/turtlebot3_ws/src/turtlebot3_msgs) by extension 'colcon_pkg'
[19.437s] Level 1:colcon.colcon_core.package_identification:_identify(/home/vboxuser/Desktop/ROS2Humble/turtlebot3_ws/src/turtlebot3_msgs) by extensions ['colcon_meta']
[19.437s] Level 1:colcon.colcon_core.package_identification:_identify(/home/vboxuser/Desktop/ROS2Humble/turtlebot3_ws/src/turtlebot3_msgs) by extension 'colcon_meta'
[19.438s] Level 1:colcon.colcon_core.package_identification:_identify(/home/vboxuser/Desktop/ROS2Humble/turtlebot3_ws/src/turtlebot3_msgs) by extensions ['ros']
[19.438s] Level 1:colcon.colcon_core.package_identification:_identify(/home/vboxuser/Desktop/ROS2Humble/turtlebot3_ws/src/turtlebot3_msgs) by extension 'ros'
[19.457s] DEBUG:colcon.colcon_core.package_identification:Package '/home/vboxuser/Desktop/ROS2Humble/turtlebot3_ws/src/turtlebot3_msgs' with type 'ros.ament_cmake' and name 'turtlebot3_msgs'
[19.459s] Level 1:colcon.colcon_core.package_identification:_identify(/home/vboxuser/Desktop/ROS2Humble/turtlebot3_ws/src/turtlebot3_simulations) by extensions ['ignore', 'ignore_ament_install']
[19.459s] Level 1:colcon.colcon_core.package_identification:_identify(/home/vboxuser/Desktop/ROS2Humble/turtlebot3_ws/src/turtlebot3_simulations) by extension 'ignore'
[19.460s] Level 1:colcon.colcon_core.package_identification:_identify(/home/vboxuser/Desktop/ROS2Humble/turtlebot3_ws/src/turtlebot3_simulations) by extension 'ignore_ament_install'
[19.470s] Level 1:colcon.colcon_core.package_identification:_identify(/home/vboxuser/Desktop/ROS2Humble/turtlebot3_ws/src/turtlebot3_simulations) by extensions ['colcon_pkg']
[19.470s] Level 1:colcon.colcon_core.package_identification:_identify(/home/vboxuser/Desktop/ROS2Humble/turtlebot3_ws/src/turtlebot3_simulations) by extension 'colcon_pkg'
[19.470s] Level 1:colcon.colcon_core.package_identification:_identify(/home/vboxuser/Desktop/ROS2Humble/turtlebot3_ws/src/turtlebot3_simulations) by extensions ['colcon_meta']
[19.470s] Level 1:colcon.colcon_core.package_identification:_identify(/home/vboxuser/Desktop/ROS2Humble/turtlebot3_ws/src/turtlebot3_simulations) by extension 'colcon_meta'
[19.470s] Level 1:colcon.colcon_core.package_identification:_identify(/home/vboxuser/Desktop/ROS2Humble/turtlebot3_ws/src/turtlebot3_simulations) by extensions ['ros']
[19.470s] Level 1:colcon.colcon_core.package_identification:_identify(/home/vboxuser/Desktop/ROS2Humble/turtlebot3_ws/src/turtlebot3_simulations) by extension 'ros'
[19.518s] Level 1:colcon.colcon_core.package_identification:_identify(/home/vboxuser/Desktop/ROS2Humble/turtlebot3_ws/src/turtlebot3_simulations) by extensions ['cmake', 'python']
[19.518s] Level 1:colcon.colcon_core.package_identification:_identify(/home/vboxuser/Desktop/ROS2Humble/turtlebot3_ws/src/turtlebot3_simulations) by extension 'cmake'
[19.518s] Level 1:colcon.colcon_core.package_identification:_identify(/home/vboxuser/Desktop/ROS2Humble/turtlebot3_ws/src/turtlebot3_simulations) by extension 'python'
[19.518s] Level 1:colcon.colcon_core.package_identification:_identify(/home/vboxuser/Desktop/ROS2Humble/turtlebot3_ws/src/turtlebot3_simulations) by extensions ['python_setup_py']
[19.518s] Level 1:colcon.colcon_core.package_identification:_identify(/home/vboxuser/Desktop/ROS2Humble/turtlebot3_ws/src/turtlebot3_simulations) by extension 'python_setup_py'
[19.518s] Level 1:colcon.colcon_core.package_identification:_identify(/home/vboxuser/Desktop/ROS2Humble/turtlebot3_ws/src/turtlebot3_simulations/turtlebot3_fake_node) by extensions ['ignore', 'ignore_ament_install']
[19.535s] Level 1:colcon.colcon_core.package_identification:_identify(/home/vboxuser/Desktop/ROS2Humble/turtlebot3_ws/src/turtlebot3_simulations/turtlebot3_fake_node) by extension 'ignore'
[19.535s] Level 1:colcon.colcon_core.package_identification:_identify(/home/vboxuser/Desktop/ROS2Humble/turtlebot3_ws/src/turtlebot3_simulations/turtlebot3_fake_node) by extension 'ignore_ament_install'
[19.536s] Level 1:colcon.colcon_core.package_identification:_identify(/home/vboxuser/Desktop/ROS2Humble/turtlebot3_ws/src/turtlebot3_simulations/turtlebot3_fake_node) by extensions ['colcon_pkg']
[19.536s] Level 1:colcon.colcon_core.package_identification:_identify(/home/vboxuser/Desktop/ROS2Humble/turtlebot3_ws/src/turtlebot3_simulations/turtlebot3_fake_node) by extension 'colcon_pkg'
[19.536s] Level 1:colcon.colcon_core.package_identification:_identify(/home/vboxuser/Desktop/ROS2Humble/turtlebot3_ws/src/turtlebot3_simulations/turtlebot3_fake_node) by extensions ['colcon_meta']
[19.536s] Level 1:colcon.colcon_core.package_identification:_identify(/home/vboxuser/Desktop/ROS2Humble/turtlebot3_ws/src/turtlebot3_simulations/turtlebot3_fake_node) by extension 'colcon_meta'
[19.536s] Level 1:colcon.colcon_core.package_identification:_identify(/home/vboxuser/Desktop/ROS2Humble/turtlebot3_ws/src/turtlebot3_simulations/turtlebot3_fake_node) by extensions ['ros']
[19.536s] Level 1:colcon.colcon_core.package_identification:_identify(/home/vboxuser/Desktop/ROS2Humble/turtlebot3_ws/src/turtlebot3_simulations/turtlebot3_fake_node) by extension 'ros'
[19.606s] DEBUG:colcon.colcon_core.package_identification:Package '/home/vboxuser/Desktop/ROS2Humble/turtlebot3_ws/src/turtlebot3_simulations/turtlebot3_fake_node' with type 'ros.ament_cmake' and name 'turtlebot3_fake_node'
[19.607s] Level 1:colcon.colcon_core.package_identification:_identify(/home/vboxuser/Desktop/ROS2Humble/turtlebot3_ws/src/turtlebot3_simulations/turtlebot3_gazebo) by extensions ['ignore', 'ignore_ament_install']
[19.607s] Level 1:colcon.colcon_core.package_identification:_identify(/home/vboxuser/Desktop/ROS2Humble/turtlebot3_ws/src/turtlebot3_simulations/turtlebot3_gazebo) by extension 'ignore'
[19.609s] Level 1:colcon.colcon_core.package_identification:_identify(/home/vboxuser/Desktop/ROS2Humble/turtlebot3_ws/src/turtlebot3_simulations/turtlebot3_gazebo) by extension 'ignore_ament_install'
[19.609s] Level 1:colcon.colcon_core.package_identification:_identify(/home/vboxuser/Desktop/ROS2Humble/turtlebot3_ws/src/turtlebot3_simulations/turtlebot3_gazebo) by extensions ['colcon_pkg']
[19.609s] Level 1:colcon.colcon_core.package_identification:_identify(/home/vboxuser/Desktop/ROS2Humble/turtlebot3_ws/src/turtlebot3_simulations/turtlebot3_gazebo) by extension 'colcon_pkg'
[19.609s] Level 1:colcon.colcon_core.package_identification:_identify(/home/vboxuser/Desktop/ROS2Humble/turtlebot3_ws/src/turtlebot3_simulations/turtlebot3_gazebo) by extensions ['colcon_meta']
[19.609s] Level 1:colcon.colcon_core.package_identification:_identify(/home/vboxuser/Desktop/ROS2Humble/turtlebot3_ws/src/turtlebot3_simulations/turtlebot3_gazebo) by extension 'colcon_meta'
[19.609s] Level 1:colcon.colcon_core.package_identification:_identify(/home/vboxuser/Desktop/ROS2Humble/turtlebot3_ws/src/turtlebot3_simulations/turtlebot3_gazebo) by extensions ['ros']
[19.609s] Level 1:colcon.colcon_core.package_identification:_identify(/home/vboxuser/Desktop/ROS2Humble/turtlebot3_ws/src/turtlebot3_simulations/turtlebot3_gazebo) by extension 'ros'
[19.625s] DEBUG:colcon.colcon_core.package_identification:Package '/home/vboxuser/Desktop/ROS2Humble/turtlebot3_ws/src/turtlebot3_simulations/turtlebot3_gazebo' with type 'ros.ament_cmake' and name 'turtlebot3_gazebo'
[19.632s] Level 1:colcon.colcon_core.package_identification:_identify(/home/vboxuser/Desktop/ROS2Humble/turtlebot3_ws/src/turtlebot3_simulations/turtlebot3_simulations) by extensions ['ignore', 'ignore_ament_install']
[19.632s] Level 1:colcon.colcon_core.package_identification:_identify(/home/vboxuser/Desktop/ROS2Humble/turtlebot3_ws/src/turtlebot3_simulations/turtlebot3_simulations) by extension 'ignore'
[19.681s] Level 1:colcon.colcon_core.package_identification:_identify(/home/vboxuser/Desktop/ROS2Humble/turtlebot3_ws/src/turtlebot3_simulations/turtlebot3_simulations) by extension 'ignore_ament_install'
[19.682s] Level 1:colcon.colcon_core.package_identification:_identify(/home/vboxuser/Desktop/ROS2Humble/turtlebot3_ws/src/turtlebot3_simulations/turtlebot3_simulations) by extensions ['colcon_pkg']
[19.682s] Level 1:colcon.colcon_core.package_identification:_identify(/home/vboxuser/Desktop/ROS2Humble/turtlebot3_ws/src/turtlebot3_simulations/turtlebot3_simulations) by extension 'colcon_pkg'
[19.710s] Level 1:colcon.colcon_core.package_identification:_identify(/home/vboxuser/Desktop/ROS2Humble/turtlebot3_ws/src/turtlebot3_simulations/turtlebot3_simulations) by extensions ['colcon_meta']
[19.710s] Level 1:colcon.colcon_core.package_identification:_identify(/home/vboxuser/Desktop/ROS2Humble/turtlebot3_ws/src/turtlebot3_simulations/turtlebot3_simulations) by extension 'colcon_meta'
[19.711s] Level 1:colcon.colcon_core.package_identification:_identify(/home/vboxuser/Desktop/ROS2Humble/turtlebot3_ws/src/turtlebot3_simulations/turtlebot3_simulations) by extensions ['ros']
[19.711s] Level 1:colcon.colcon_core.package_identification:_identify(/home/vboxuser/Desktop/ROS2Humble/turtlebot3_ws/src/turtlebot3_simulations/turtlebot3_simulations) by extension 'ros'
[19.804s] DEBUG:colcon.colcon_core.package_identification:Package '/home/vboxuser/Desktop/ROS2Humble/turtlebot3_ws/src/turtlebot3_simulations/turtlebot3_simulations' with type 'ros.ament_cmake' and name 'turtlebot3_simulations'
[19.806s] Level 1:colcon.colcon_core.package_discovery:discover_packages(recursive) using defaults
