[4.181s] Invoking command in '/home/vboxuser/Desktop/ROS2Humble/turtlebot3_ws/src/turtlebot3/turtlebot3_example': AMENT_PREFIX_PATH=/home/vboxuser/Desktop/ROS2Humble/turtlebot3_ws/install/turtlebot3_msgs:${AMENT_PREFIX_PATH} CMAKE_PREFIX_PATH=/home/vboxuser/Desktop/ROS2Humble/turtlebot3_ws/install/turtlebot3_msgs:${CMAKE_PREFIX_PATH} LD_LIBRARY_PATH=/home/vboxuser/Desktop/ROS2Humble/turtlebot3_ws/install/turtlebot3_msgs/lib:${LD_LIBRARY_PATH} PYTHONPATH=/home/vboxuser/Desktop/ROS2Humble/turtlebot3_ws/build/turtlebot3_example/prefix_override:/usr/lib/python3/dist-packages/colcon_core/task/python/colcon_distutils_commands:/home/vboxuser/Desktop/ROS2Humble/turtlebot3_ws/install/turtlebot3_example/lib/python3.10/site-packages:/home/vboxuser/Desktop/ROS2Humble/turtlebot3_ws/install/turtlebot3_msgs/local/lib/python3.10/dist-packages:${PYTHONPATH} /usr/bin/python3 -W ignore:setup.py install is deprecated -W ignore:easy_install command is deprecated setup.py egg_info --egg-base ../../../build/turtlebot3_example build --build-base /home/vboxuser/Desktop/ROS2Humble/turtlebot3_ws/build/turtlebot3_example/build install --record /home/vboxuser/Desktop/ROS2Humble/turtlebot3_ws/build/turtlebot3_example/install.log --single-version-externally-managed install_data
[5.189s] running egg_info
[5.190s] creating ../../../build/turtlebot3_example/turtlebot3_example.egg-info
[5.190s] writing ../../../build/turtlebot3_example/turtlebot3_example.egg-info/PKG-INFO
[5.437s] writing dependency_links to ../../../build/turtlebot3_example/turtlebot3_example.egg-info/dependency_links.txt
[5.447s] writing entry points to ../../../build/turtlebot3_example/turtlebot3_example.egg-info/entry_points.txt
[5.447s] writing requirements to ../../../build/turtlebot3_example/turtlebot3_example.egg-info/requires.txt
[5.447s] writing top-level names to ../../../build/turtlebot3_example/turtlebot3_example.egg-info/top_level.txt
[5.448s] writing manifest file '../../../build/turtlebot3_example/turtlebot3_example.egg-info/SOURCES.txt'
[5.448s] reading manifest file '../../../build/turtlebot3_example/turtlebot3_example.egg-info/SOURCES.txt'
[5.448s] writing manifest file '../../../build/turtlebot3_example/turtlebot3_example.egg-info/SOURCES.txt'
[5.448s] running build
[5.448s] running build_py
[5.448s] creating /home/vboxuser/Desktop/ROS2Humble/turtlebot3_ws/build/turtlebot3_example/build
[5.448s] creating /home/vboxuser/Desktop/ROS2Humble/turtlebot3_ws/build/turtlebot3_example/build/lib
[5.448s] creating /home/vboxuser/Desktop/ROS2Humble/turtlebot3_ws/build/turtlebot3_example/build/lib/turtlebot3_example
[5.448s] copying turtlebot3_example/__init__.py -> /home/vboxuser/Desktop/ROS2Humble/turtlebot3_ws/build/turtlebot3_example/build/lib/turtlebot3_example
[5.448s] creating /home/vboxuser/Desktop/ROS2Humble/turtlebot3_ws/build/turtlebot3_example/build/lib/turtlebot3_example/turtlebot3_obstacle_detection
[5.448s] copying turtlebot3_example/turtlebot3_obstacle_detection/main.py -> /home/vboxuser/Desktop/ROS2Humble/turtlebot3_ws/build/turtlebot3_example/build/lib/turtlebot3_example/turtlebot3_obstacle_detection
[5.448s] copying turtlebot3_example/turtlebot3_obstacle_detection/__init__.py -> /home/vboxuser/Desktop/ROS2Humble/turtlebot3_ws/build/turtlebot3_example/build/lib/turtlebot3_example/turtlebot3_obstacle_detection
[5.448s] copying turtlebot3_example/turtlebot3_obstacle_detection/turtlebot3_obstacle_detection.py -> /home/vboxuser/Desktop/ROS2Humble/turtlebot3_ws/build/turtlebot3_example/build/lib/turtlebot3_example/turtlebot3_obstacle_detection
[5.448s] creating /home/vboxuser/Desktop/ROS2Humble/turtlebot3_ws/build/turtlebot3_example/build/lib/turtlebot3_example/turtlebot3_patrol_server
[5.448s] copying turtlebot3_example/turtlebot3_patrol_server/turtlebot3_path.py -> /home/vboxuser/Desktop/ROS2Humble/turtlebot3_ws/build/turtlebot3_example/build/lib/turtlebot3_example/turtlebot3_patrol_server
[5.450s] copying turtlebot3_example/turtlebot3_patrol_server/turtlebot3_patrol_server.py -> /home/vboxuser/Desktop/ROS2Humble/turtlebot3_ws/build/turtlebot3_example/build/lib/turtlebot3_example/turtlebot3_patrol_server
[5.464s] copying turtlebot3_example/turtlebot3_patrol_server/main.py -> /home/vboxuser/Desktop/ROS2Humble/turtlebot3_ws/build/turtlebot3_example/build/lib/turtlebot3_example/turtlebot3_patrol_server
[5.465s] copying turtlebot3_example/turtlebot3_patrol_server/__init__.py -> /home/vboxuser/Desktop/ROS2Humble/turtlebot3_ws/build/turtlebot3_example/build/lib/turtlebot3_example/turtlebot3_patrol_server
[5.465s] creating /home/vboxuser/Desktop/ROS2Humble/turtlebot3_ws/build/turtlebot3_example/build/lib/turtlebot3_example/turtlebot3_patrol_client
[5.465s] copying turtlebot3_example/turtlebot3_patrol_client/main.py -> /home/vboxuser/Desktop/ROS2Humble/turtlebot3_ws/build/turtlebot3_example/build/lib/turtlebot3_example/turtlebot3_patrol_client
[5.465s] copying turtlebot3_example/turtlebot3_patrol_client/turtlebot3_patrol_client.py -> /home/vboxuser/Desktop/ROS2Humble/turtlebot3_ws/build/turtlebot3_example/build/lib/turtlebot3_example/turtlebot3_patrol_client
[5.465s] copying turtlebot3_example/turtlebot3_patrol_client/__init__.py -> /home/vboxuser/Desktop/ROS2Humble/turtlebot3_ws/build/turtlebot3_example/build/lib/turtlebot3_example/turtlebot3_patrol_client
[5.465s] creating /home/vboxuser/Desktop/ROS2Humble/turtlebot3_ws/build/turtlebot3_example/build/lib/turtlebot3_example/turtlebot3_position_control
[5.474s] copying turtlebot3_example/turtlebot3_position_control/turtlebot3_position_control.py -> /home/vboxuser/Desktop/ROS2Humble/turtlebot3_ws/build/turtlebot3_example/build/lib/turtlebot3_example/turtlebot3_position_control
[5.475s] copying turtlebot3_example/turtlebot3_position_control/turtlebot3_path.py -> /home/vboxuser/Desktop/ROS2Humble/turtlebot3_ws/build/turtlebot3_example/build/lib/turtlebot3_example/turtlebot3_position_control
[5.475s] copying turtlebot3_example/turtlebot3_position_control/main.py -> /home/vboxuser/Desktop/ROS2Humble/turtlebot3_ws/build/turtlebot3_example/build/lib/turtlebot3_example/turtlebot3_position_control
[5.475s] copying turtlebot3_example/turtlebot3_position_control/__init__.py -> /home/vboxuser/Desktop/ROS2Humble/turtlebot3_ws/build/turtlebot3_example/build/lib/turtlebot3_example/turtlebot3_position_control
[5.475s] running install
[5.475s] running install_lib
[5.475s] creating /home/vboxuser/Desktop/ROS2Humble/turtlebot3_ws/install/turtlebot3_example/lib/python3.10/site-packages/turtlebot3_example
[5.475s] creating /home/vboxuser/Desktop/ROS2Humble/turtlebot3_ws/install/turtlebot3_example/lib/python3.10/site-packages/turtlebot3_example/turtlebot3_obstacle_detection
[5.475s] copying /home/vboxuser/Desktop/ROS2Humble/turtlebot3_ws/build/turtlebot3_example/build/lib/turtlebot3_example/turtlebot3_obstacle_detection/main.py -> /home/vboxuser/Desktop/ROS2Humble/turtlebot3_ws/install/turtlebot3_example/lib/python3.10/site-packages/turtlebot3_example/turtlebot3_obstacle_detection
[5.477s] copying /home/vboxuser/Desktop/ROS2Humble/turtlebot3_ws/build/turtlebot3_example/build/lib/turtlebot3_example/turtlebot3_obstacle_detection/__init__.py -> /home/vboxuser/Desktop/ROS2Humble/turtlebot3_ws/install/turtlebot3_example/lib/python3.10/site-packages/turtlebot3_example/turtlebot3_obstacle_detection
[5.477s] copying /home/vboxuser/Desktop/ROS2Humble/turtlebot3_ws/build/turtlebot3_example/build/lib/turtlebot3_example/turtlebot3_obstacle_detection/turtlebot3_obstacle_detection.py -> /home/vboxuser/Desktop/ROS2Humble/turtlebot3_ws/install/turtlebot3_example/lib/python3.10/site-packages/turtlebot3_example/turtlebot3_obstacle_detection
[5.477s] creating /home/vboxuser/Desktop/ROS2Humble/turtlebot3_ws/install/turtlebot3_example/lib/python3.10/site-packages/turtlebot3_example/turtlebot3_patrol_server
[5.477s] copying /home/vboxuser/Desktop/ROS2Humble/turtlebot3_ws/build/turtlebot3_example/build/lib/turtlebot3_example/turtlebot3_patrol_server/turtlebot3_path.py -> /home/vboxuser/Desktop/ROS2Humble/turtlebot3_ws/install/turtlebot3_example/lib/python3.10/site-packages/turtlebot3_example/turtlebot3_patrol_server
[5.477s] copying /home/vboxuser/Desktop/ROS2Humble/turtlebot3_ws/build/turtlebot3_example/build/lib/turtlebot3_example/turtlebot3_patrol_server/turtlebot3_patrol_server.py -> /home/vboxuser/Desktop/ROS2Humble/turtlebot3_ws/install/turtlebot3_example/lib/python3.10/site-packages/turtlebot3_example/turtlebot3_patrol_server
[5.483s] copying /home/vboxuser/Desktop/ROS2Humble/turtlebot3_ws/build/turtlebot3_example/build/lib/turtlebot3_example/turtlebot3_patrol_server/main.py -> /home/vboxuser/Desktop/ROS2Humble/turtlebot3_ws/install/turtlebot3_example/lib/python3.10/site-packages/turtlebot3_example/turtlebot3_patrol_server
[5.483s] copying /home/vboxuser/Desktop/ROS2Humble/turtlebot3_ws/build/turtlebot3_example/build/lib/turtlebot3_example/turtlebot3_patrol_server/__init__.py -> /home/vboxuser/Desktop/ROS2Humble/turtlebot3_ws/install/turtlebot3_example/lib/python3.10/site-packages/turtlebot3_example/turtlebot3_patrol_server
[5.483s] creating /home/vboxuser/Desktop/ROS2Humble/turtlebot3_ws/install/turtlebot3_example/lib/python3.10/site-packages/turtlebot3_example/turtlebot3_patrol_client
[5.483s] copying /home/vboxuser/Desktop/ROS2Humble/turtlebot3_ws/build/turtlebot3_example/build/lib/turtlebot3_example/turtlebot3_patrol_client/main.py -> /home/vboxuser/Desktop/ROS2Humble/turtlebot3_ws/install/turtlebot3_example/lib/python3.10/site-packages/turtlebot3_example/turtlebot3_patrol_client
[5.484s] copying /home/vboxuser/Desktop/ROS2Humble/turtlebot3_ws/build/turtlebot3_example/build/lib/turtlebot3_example/turtlebot3_patrol_client/turtlebot3_patrol_client.py -> /home/vboxuser/Desktop/ROS2Humble/turtlebot3_ws/install/turtlebot3_example/lib/python3.10/site-packages/turtlebot3_example/turtlebot3_patrol_client
[5.484s] copying /home/vboxuser/Desktop/ROS2Humble/turtlebot3_ws/build/turtlebot3_example/build/lib/turtlebot3_example/turtlebot3_patrol_client/__init__.py -> /home/vboxuser/Desktop/ROS2Humble/turtlebot3_ws/install/turtlebot3_example/lib/python3.10/site-packages/turtlebot3_example/turtlebot3_patrol_client
[5.484s] creating /home/vboxuser/Desktop/ROS2Humble/turtlebot3_ws/install/turtlebot3_example/lib/python3.10/site-packages/turtlebot3_example/turtlebot3_position_control
[5.484s] copying /home/vboxuser/Desktop/ROS2Humble/turtlebot3_ws/build/turtlebot3_example/build/lib/turtlebot3_example/turtlebot3_position_control/turtlebot3_position_control.py -> /home/vboxuser/Desktop/ROS2Humble/turtlebot3_ws/install/turtlebot3_example/lib/python3.10/site-packages/turtlebot3_example/turtlebot3_position_control
[5.484s] copying /home/vboxuser/Desktop/ROS2Humble/turtlebot3_ws/build/turtlebot3_example/build/lib/turtlebot3_example/turtlebot3_position_control/turtlebot3_path.py -> /home/vboxuser/Desktop/ROS2Humble/turtlebot3_ws/install/turtlebot3_example/lib/python3.10/site-packages/turtlebot3_example/turtlebot3_position_control
[5.484s] copying /home/vboxuser/Desktop/ROS2Humble/turtlebot3_ws/build/turtlebot3_example/build/lib/turtlebot3_example/turtlebot3_position_control/main.py -> /home/vboxuser/Desktop/ROS2Humble/turtlebot3_ws/install/turtlebot3_example/lib/python3.10/site-packages/turtlebot3_example/turtlebot3_position_control
[5.484s] copying /home/vboxuser/Desktop/ROS2Humble/turtlebot3_ws/build/turtlebot3_example/build/lib/turtlebot3_example/turtlebot3_position_control/__init__.py -> /home/vboxuser/Desktop/ROS2Humble/turtlebot3_ws/install/turtlebot3_example/lib/python3.10/site-packages/turtlebot3_example/turtlebot3_position_control
[5.484s] copying /home/vboxuser/Desktop/ROS2Humble/turtlebot3_ws/build/turtlebot3_example/build/lib/turtlebot3_example/__init__.py -> /home/vboxuser/Desktop/ROS2Humble/turtlebot3_ws/install/turtlebot3_example/lib/python3.10/site-packages/turtlebot3_example
[5.484s] byte-compiling /home/vboxuser/Desktop/ROS2Humble/turtlebot3_ws/install/turtlebot3_example/lib/python3.10/site-packages/turtlebot3_example/turtlebot3_obstacle_detection/main.py to main.cpython-310.pyc
[5.484s] byte-compiling /home/vboxuser/Desktop/ROS2Humble/turtlebot3_ws/install/turtlebot3_example/lib/python3.10/site-packages/turtlebot3_example/turtlebot3_obstacle_detection/__init__.py to __init__.cpython-310.pyc
[5.485s] byte-compiling /home/vboxuser/Desktop/ROS2Humble/turtlebot3_ws/install/turtlebot3_example/lib/python3.10/site-packages/turtlebot3_example/turtlebot3_obstacle_detection/turtlebot3_obstacle_detection.py to turtlebot3_obstacle_detection.cpython-310.pyc
[5.485s] byte-compiling /home/vboxuser/Desktop/ROS2Humble/turtlebot3_ws/install/turtlebot3_example/lib/python3.10/site-packages/turtlebot3_example/turtlebot3_patrol_server/turtlebot3_path.py to turtlebot3_path.cpython-310.pyc
[5.485s] byte-compiling /home/vboxuser/Desktop/ROS2Humble/turtlebot3_ws/install/turtlebot3_example/lib/python3.10/site-packages/turtlebot3_example/turtlebot3_patrol_server/turtlebot3_patrol_server.py to turtlebot3_patrol_server.cpython-310.pyc
[5.485s] byte-compiling /home/vboxuser/Desktop/ROS2Humble/turtlebot3_ws/install/turtlebot3_example/lib/python3.10/site-packages/turtlebot3_example/turtlebot3_patrol_server/main.py to main.cpython-310.pyc
[5.485s] byte-compiling /home/vboxuser/Desktop/ROS2Humble/turtlebot3_ws/install/turtlebot3_example/lib/python3.10/site-packages/turtlebot3_example/turtlebot3_patrol_server/__init__.py to __init__.cpython-310.pyc
[5.485s] byte-compiling /home/vboxuser/Desktop/ROS2Humble/turtlebot3_ws/install/turtlebot3_example/lib/python3.10/site-packages/turtlebot3_example/turtlebot3_patrol_client/main.py to main.cpython-310.pyc
[5.485s] byte-compiling /home/vboxuser/Desktop/ROS2Humble/turtlebot3_ws/install/turtlebot3_example/lib/python3.10/site-packages/turtlebot3_example/turtlebot3_patrol_client/turtlebot3_patrol_client.py to turtlebot3_patrol_client.cpython-310.pyc
[5.485s] byte-compiling /home/vboxuser/Desktop/ROS2Humble/turtlebot3_ws/install/turtlebot3_example/lib/python3.10/site-packages/turtlebot3_example/turtlebot3_patrol_client/__init__.py to __init__.cpython-310.pyc
[5.486s] byte-compiling /home/vboxuser/Desktop/ROS2Humble/turtlebot3_ws/install/turtlebot3_example/lib/python3.10/site-packages/turtlebot3_example/turtlebot3_position_control/turtlebot3_position_control.py to turtlebot3_position_control.cpython-310.pyc
[5.493s] byte-compiling /home/vboxuser/Desktop/ROS2Humble/turtlebot3_ws/install/turtlebot3_example/lib/python3.10/site-packages/turtlebot3_example/turtlebot3_position_control/turtlebot3_path.py to turtlebot3_path.cpython-310.pyc
[5.493s] byte-compiling /home/vboxuser/Desktop/ROS2Humble/turtlebot3_ws/install/turtlebot3_example/lib/python3.10/site-packages/turtlebot3_example/turtlebot3_position_control/main.py to main.cpython-310.pyc
[5.494s] byte-compiling /home/vboxuser/Desktop/ROS2Humble/turtlebot3_ws/install/turtlebot3_example/lib/python3.10/site-packages/turtlebot3_example/turtlebot3_position_control/__init__.py to __init__.cpython-310.pyc
[5.494s] byte-compiling /home/vboxuser/Desktop/ROS2Humble/turtlebot3_ws/install/turtlebot3_example/lib/python3.10/site-packages/turtlebot3_example/__init__.py to __init__.cpython-310.pyc
[5.494s] running install_data
[5.494s] creating /home/vboxuser/Desktop/ROS2Humble/turtlebot3_ws/install/turtlebot3_example/share/ament_index
[5.494s] creating /home/vboxuser/Desktop/ROS2Humble/turtlebot3_ws/install/turtlebot3_example/share/ament_index/resource_index
[5.494s] creating /home/vboxuser/Desktop/ROS2Humble/turtlebot3_ws/install/turtlebot3_example/share/ament_index/resource_index/packages
[5.494s] copying resource/turtlebot3_example -> /home/vboxuser/Desktop/ROS2Humble/turtlebot3_ws/install/turtlebot3_example/share/ament_index/resource_index/packages
[5.494s] copying package.xml -> /home/vboxuser/Desktop/ROS2Humble/turtlebot3_ws/install/turtlebot3_example/share/turtlebot3_example
[5.494s] running install_egg_info
[5.494s] Copying ../../../build/turtlebot3_example/turtlebot3_example.egg-info to /home/vboxuser/Desktop/ROS2Humble/turtlebot3_ws/install/turtlebot3_example/lib/python3.10/site-packages/turtlebot3_example-2.1.5-py3.10.egg-info
[5.494s] running install_scripts
[5.584s] Installing turtlebot3_obstacle_detection script to /home/vboxuser/Desktop/ROS2Humble/turtlebot3_ws/install/turtlebot3_example/lib/turtlebot3_example
[5.585s] Installing turtlebot3_patrol_client script to /home/vboxuser/Desktop/ROS2Humble/turtlebot3_ws/install/turtlebot3_example/lib/turtlebot3_example
[5.585s] Installing turtlebot3_patrol_server script to /home/vboxuser/Desktop/ROS2Humble/turtlebot3_ws/install/turtlebot3_example/lib/turtlebot3_example
[5.585s] Installing turtlebot3_position_control script to /home/vboxuser/Desktop/ROS2Humble/turtlebot3_ws/install/turtlebot3_example/lib/turtlebot3_example
[5.585s] writing list of installed files to '/home/vboxuser/Desktop/ROS2Humble/turtlebot3_ws/build/turtlebot3_example/install.log'
[5.693s] Invoked command in '/home/vboxuser/Desktop/ROS2Humble/turtlebot3_ws/src/turtlebot3/turtlebot3_example' returned '0': AMENT_PREFIX_PATH=/home/vboxuser/Desktop/ROS2Humble/turtlebot3_ws/install/turtlebot3_msgs:${AMENT_PREFIX_PATH} CMAKE_PREFIX_PATH=/home/vboxuser/Desktop/ROS2Humble/turtlebot3_ws/install/turtlebot3_msgs:${CMAKE_PREFIX_PATH} LD_LIBRARY_PATH=/home/vboxuser/Desktop/ROS2Humble/turtlebot3_ws/install/turtlebot3_msgs/lib:${LD_LIBRARY_PATH} PYTHONPATH=/home/vboxuser/Desktop/ROS2Humble/turtlebot3_ws/build/turtlebot3_example/prefix_override:/usr/lib/python3/dist-packages/colcon_core/task/python/colcon_distutils_commands:/home/vboxuser/Desktop/ROS2Humble/turtlebot3_ws/install/turtlebot3_example/lib/python3.10/site-packages:/home/vboxuser/Desktop/ROS2Humble/turtlebot3_ws/install/turtlebot3_msgs/local/lib/python3.10/dist-packages:${PYTHONPATH} /usr/bin/python3 -W ignore:setup.py install is deprecated -W ignore:easy_install command is deprecated setup.py egg_info --egg-base ../../../build/turtlebot3_example build --build-base /home/vboxuser/Desktop/ROS2Humble/turtlebot3_ws/build/turtlebot3_example/build install --record /home/vboxuser/Desktop/ROS2Humble/turtlebot3_ws/build/turtlebot3_example/install.log --single-version-externally-managed install_data
