[0.198s] Invoking command in '/home/vboxuser/Desktop/ROS2Humble/turtlebot3_ws/build/turtlebot3_node': AMENT_PREFIX_PATH=/home/vboxuser/Desktop/ROS2Humble/turtlebot3_ws/install/turtlebot3_msgs:/home/vboxuser/Desktop/ROS2Humble/turtlebot3_ws/install/dynamixel_sdk:${AMENT_PREFIX_PATH} CMAKE_PREFIX_PATH=/home/vboxuser/Desktop/ROS2Humble/turtlebot3_ws/install/turtlebot3_msgs:/home/vboxuser/Desktop/ROS2Humble/turtlebot3_ws/install/dynamixel_sdk:/home/vboxuser/Desktop/ROS2Humble/basic_ws/install/cpp_pubsub:/home/vboxuser/Desktop/ROS2Humble/urdf_ws/install/my_first_pkg:/opt/ros/humble/opt/openeb_vendor:/opt/ros/humble/opt/libcaer_vendor:/home/vboxuser/Desktop/ROS2Humble/basic_ws/install/pubsub:/home/vboxuser/Desktop/ROS2Humble/ros2_ws/install/my_robot_controller:/home/vboxuser/Desktop/ROS2Humble/urdf_ws/install/teleop_agv_keyboard:/opt/ros/humble LD_LIBRARY_PATH=/home/vboxuser/Desktop/ROS2Humble/turtlebot3_ws/install/turtlebot3_msgs/lib:/home/vboxuser/Desktop/ROS2Humble/turtlebot3_ws/install/dynamixel_sdk/lib:${LD_LIBRARY_PATH} PYTHONPATH=/home/vboxuser/Desktop/ROS2Humble/turtlebot3_ws/install/turtlebot3_msgs/local/lib/python3.10/dist-packages:${PYTHONPATH} /usr/bin/cmake --build /home/vboxuser/Desktop/ROS2Humble/turtlebot3_ws/build/turtlebot3_node -- -j7 -l7
[1.020s] [35m[1mConsolidate compiler generated dependencies of target turtlebot3_node_lib[0m
[1.026s] [ 85%] Built target turtlebot3_node_lib
[1.026s] [35m[1mConsolidate compiler generated dependencies of target turtlebot3_ros[0m
[1.026s] [100%] Built target turtlebot3_ros
[1.068s] Invoked command in '/home/vboxuser/Desktop/ROS2Humble/turtlebot3_ws/build/turtlebot3_node' returned '0': AMENT_PREFIX_PATH=/home/vboxuser/Desktop/ROS2Humble/turtlebot3_ws/install/turtlebot3_msgs:/home/vboxuser/Desktop/ROS2Humble/turtlebot3_ws/install/dynamixel_sdk:${AMENT_PREFIX_PATH} CMAKE_PREFIX_PATH=/home/vboxuser/Desktop/ROS2Humble/turtlebot3_ws/install/turtlebot3_msgs:/home/vboxuser/Desktop/ROS2Humble/turtlebot3_ws/install/dynamixel_sdk:/home/vboxuser/Desktop/ROS2Humble/basic_ws/install/cpp_pubsub:/home/vboxuser/Desktop/ROS2Humble/urdf_ws/install/my_first_pkg:/opt/ros/humble/opt/openeb_vendor:/opt/ros/humble/opt/libcaer_vendor:/home/vboxuser/Desktop/ROS2Humble/basic_ws/install/pubsub:/home/vboxuser/Desktop/ROS2Humble/ros2_ws/install/my_robot_controller:/home/vboxuser/Desktop/ROS2Humble/urdf_ws/install/teleop_agv_keyboard:/opt/ros/humble LD_LIBRARY_PATH=/home/vboxuser/Desktop/ROS2Humble/turtlebot3_ws/install/turtlebot3_msgs/lib:/home/vboxuser/Desktop/ROS2Humble/turtlebot3_ws/install/dynamixel_sdk/lib:${LD_LIBRARY_PATH} PYTHONPATH=/home/vboxuser/Desktop/ROS2Humble/turtlebot3_ws/install/turtlebot3_msgs/local/lib/python3.10/dist-packages:${PYTHONPATH} /usr/bin/cmake --build /home/vboxuser/Desktop/ROS2Humble/turtlebot3_ws/build/turtlebot3_node -- -j7 -l7
[1.078s] Invoking command in '/home/vboxuser/Desktop/ROS2Humble/turtlebot3_ws/build/turtlebot3_node': AMENT_PREFIX_PATH=/home/vboxuser/Desktop/ROS2Humble/turtlebot3_ws/install/turtlebot3_msgs:/home/vboxuser/Desktop/ROS2Humble/turtlebot3_ws/install/dynamixel_sdk:${AMENT_PREFIX_PATH} CMAKE_PREFIX_PATH=/home/vboxuser/Desktop/ROS2Humble/turtlebot3_ws/install/turtlebot3_msgs:/home/vboxuser/Desktop/ROS2Humble/turtlebot3_ws/install/dynamixel_sdk:/home/vboxuser/Desktop/ROS2Humble/basic_ws/install/cpp_pubsub:/home/vboxuser/Desktop/ROS2Humble/urdf_ws/install/my_first_pkg:/opt/ros/humble/opt/openeb_vendor:/opt/ros/humble/opt/libcaer_vendor:/home/vboxuser/Desktop/ROS2Humble/basic_ws/install/pubsub:/home/vboxuser/Desktop/ROS2Humble/ros2_ws/install/my_robot_controller:/home/vboxuser/Desktop/ROS2Humble/urdf_ws/install/teleop_agv_keyboard:/opt/ros/humble LD_LIBRARY_PATH=/home/vboxuser/Desktop/ROS2Humble/turtlebot3_ws/install/turtlebot3_msgs/lib:/home/vboxuser/Desktop/ROS2Humble/turtlebot3_ws/install/dynamixel_sdk/lib:${LD_LIBRARY_PATH} PYTHONPATH=/home/vboxuser/Desktop/ROS2Humble/turtlebot3_ws/install/turtlebot3_msgs/local/lib/python3.10/dist-packages:${PYTHONPATH} /usr/bin/cmake --install /home/vboxuser/Desktop/ROS2Humble/turtlebot3_ws/build/turtlebot3_node
[1.121s] -- Install configuration: ""
[1.126s] -- Up-to-date: /home/vboxuser/Desktop/ROS2Humble/turtlebot3_ws/install/turtlebot3_node/share/turtlebot3_node/param
[1.130s] -- Up-to-date: /home/vboxuser/Desktop/ROS2Humble/turtlebot3_ws/install/turtlebot3_node/share/turtlebot3_node/param/burger.yaml
[1.130s] -- Up-to-date: /home/vboxuser/Desktop/ROS2Humble/turtlebot3_ws/install/turtlebot3_node/share/turtlebot3_node/param/waffle_pi.yaml
[1.130s] -- Up-to-date: /home/vboxuser/Desktop/ROS2Humble/turtlebot3_ws/install/turtlebot3_node/share/turtlebot3_node/param/waffle.yaml
[1.159s] -- Up-to-date: /home/vboxuser/Desktop/ROS2Humble/turtlebot3_ws/install/turtlebot3_node/lib/turtlebot3_node/turtlebot3_ros
[1.159s] -- Up-to-date: /home/vboxuser/Desktop/ROS2Humble/turtlebot3_ws/install/turtlebot3_node/share/ament_index/resource_index/package_run_dependencies/turtlebot3_node
[1.161s] -- Up-to-date: /home/vboxuser/Desktop/ROS2Humble/turtlebot3_ws/install/turtlebot3_node/share/ament_index/resource_index/parent_prefix_path/turtlebot3_node
[1.171s] -- Up-to-date: /home/vboxuser/Desktop/ROS2Humble/turtlebot3_ws/install/turtlebot3_node/share/turtlebot3_node/environment/ament_prefix_path.sh
[1.171s] -- Up-to-date: /home/vboxuser/Desktop/ROS2Humble/turtlebot3_ws/install/turtlebot3_node/share/turtlebot3_node/environment/ament_prefix_path.dsv
[1.171s] -- Up-to-date: /home/vboxuser/Desktop/ROS2Humble/turtlebot3_ws/install/turtlebot3_node/share/turtlebot3_node/environment/path.sh
[1.171s] -- Up-to-date: /home/vboxuser/Desktop/ROS2Humble/turtlebot3_ws/install/turtlebot3_node/share/turtlebot3_node/environment/path.dsv
[1.171s] -- Up-to-date: /home/vboxuser/Desktop/ROS2Humble/turtlebot3_ws/install/turtlebot3_node/share/turtlebot3_node/local_setup.bash
[1.171s] -- Up-to-date: /home/vboxuser/Desktop/ROS2Humble/turtlebot3_ws/install/turtlebot3_node/share/turtlebot3_node/local_setup.sh
[1.171s] -- Up-to-date: /home/vboxuser/Desktop/ROS2Humble/turtlebot3_ws/install/turtlebot3_node/share/turtlebot3_node/local_setup.zsh
[1.171s] -- Up-to-date: /home/vboxuser/Desktop/ROS2Humble/turtlebot3_ws/install/turtlebot3_node/share/turtlebot3_node/local_setup.dsv
[1.171s] -- Installing: /home/vboxuser/Desktop/ROS2Humble/turtlebot3_ws/install/turtlebot3_node/share/turtlebot3_node/package.dsv
[1.176s] -- Up-to-date: /home/vboxuser/Desktop/ROS2Humble/turtlebot3_ws/install/turtlebot3_node/share/ament_index/resource_index/packages/turtlebot3_node
[1.178s] -- Up-to-date: /home/vboxuser/Desktop/ROS2Humble/turtlebot3_ws/install/turtlebot3_node/share/turtlebot3_node/cmake/ament_cmake_export_include_directories-extras.cmake
[1.178s] -- Up-to-date: /home/vboxuser/Desktop/ROS2Humble/turtlebot3_ws/install/turtlebot3_node/share/turtlebot3_node/cmake/turtlebot3_nodeConfig.cmake
[1.187s] -- Up-to-date: /home/vboxuser/Desktop/ROS2Humble/turtlebot3_ws/install/turtlebot3_node/share/turtlebot3_node/cmake/turtlebot3_nodeConfig-version.cmake
[1.187s] -- Up-to-date: /home/vboxuser/Desktop/ROS2Humble/turtlebot3_ws/install/turtlebot3_node/share/turtlebot3_node/package.xml
[1.284s] Invoked command in '/home/vboxuser/Desktop/ROS2Humble/turtlebot3_ws/build/turtlebot3_node' returned '0': AMENT_PREFIX_PATH=/home/vboxuser/Desktop/ROS2Humble/turtlebot3_ws/install/turtlebot3_msgs:/home/vboxuser/Desktop/ROS2Humble/turtlebot3_ws/install/dynamixel_sdk:${AMENT_PREFIX_PATH} CMAKE_PREFIX_PATH=/home/vboxuser/Desktop/ROS2Humble/turtlebot3_ws/install/turtlebot3_msgs:/home/vboxuser/Desktop/ROS2Humble/turtlebot3_ws/install/dynamixel_sdk:/home/vboxuser/Desktop/ROS2Humble/basic_ws/install/cpp_pubsub:/home/vboxuser/Desktop/ROS2Humble/urdf_ws/install/my_first_pkg:/opt/ros/humble/opt/openeb_vendor:/opt/ros/humble/opt/libcaer_vendor:/home/vboxuser/Desktop/ROS2Humble/basic_ws/install/pubsub:/home/vboxuser/Desktop/ROS2Humble/ros2_ws/install/my_robot_controller:/home/vboxuser/Desktop/ROS2Humble/urdf_ws/install/teleop_agv_keyboard:/opt/ros/humble LD_LIBRARY_PATH=/home/vboxuser/Desktop/ROS2Humble/turtlebot3_ws/install/turtlebot3_msgs/lib:/home/vboxuser/Desktop/ROS2Humble/turtlebot3_ws/install/dynamixel_sdk/lib:${LD_LIBRARY_PATH} PYTHONPATH=/home/vboxuser/Desktop/ROS2Humble/turtlebot3_ws/install/turtlebot3_msgs/local/lib/python3.10/dist-packages:${PYTHONPATH} /usr/bin/cmake --install /home/vboxuser/Desktop/ROS2Humble/turtlebot3_ws/build/turtlebot3_node
