[5.150s] Invoking command in '/home/vboxuser/Desktop/ROS2Humble/turtlebot3_ws/src/turtlebot3/turtlebot3_teleop': PYTHONPATH=/home/vboxuser/Desktop/ROS2Humble/turtlebot3_ws/build/turtlebot3_teleop/prefix_override:/usr/lib/python3/dist-packages/colcon_core/task/python/colcon_distutils_commands:/home/vboxuser/Desktop/ROS2Humble/turtlebot3_ws/install/turtlebot3_teleop/lib/python3.10/site-packages:${PYTHONPATH} /usr/bin/python3 -W ignore:setup.py install is deprecated -W ignore:easy_install command is deprecated setup.py egg_info --egg-base ../../../build/turtlebot3_teleop build --build-base /home/vboxuser/Desktop/ROS2Humble/turtlebot3_ws/build/turtlebot3_teleop/build install --record /home/vboxuser/Desktop/ROS2Humble/turtlebot3_ws/build/turtlebot3_teleop/install.log --single-version-externally-managed install_data
[5.471s] running egg_info
[5.471s] writing ../../../build/turtlebot3_teleop/turtlebot3_teleop.egg-info/PKG-INFO
[5.477s] writing dependency_links to ../../../build/turtlebot3_teleop/turtlebot3_teleop.egg-info/dependency_links.txt
[5.477s] writing entry points to ../../../build/turtlebot3_teleop/turtlebot3_teleop.egg-info/entry_points.txt
[5.477s] writing requirements to ../../../build/turtlebot3_teleop/turtlebot3_teleop.egg-info/requires.txt
[5.494s] writing top-level names to ../../../build/turtlebot3_teleop/turtlebot3_teleop.egg-info/top_level.txt
[5.510s] reading manifest file '../../../build/turtlebot3_teleop/turtlebot3_teleop.egg-info/SOURCES.txt'
[5.517s] writing manifest file '../../../build/turtlebot3_teleop/turtlebot3_teleop.egg-info/SOURCES.txt'
[5.519s] running build
[5.519s] running build_py
[5.533s] running install
[5.534s] running install_lib
[5.577s] running install_data
[5.583s] running install_egg_info
[5.587s] removing '/home/vboxuser/Desktop/ROS2Humble/turtlebot3_ws/install/turtlebot3_teleop/lib/python3.10/site-packages/turtlebot3_teleop-2.1.5-py3.10.egg-info' (and everything under it)
[5.588s] Copying ../../../build/turtlebot3_teleop/turtlebot3_teleop.egg-info to /home/vboxuser/Desktop/ROS2Humble/turtlebot3_ws/install/turtlebot3_teleop/lib/python3.10/site-packages/turtlebot3_teleop-2.1.5-py3.10.egg-info
[5.608s] running install_scripts
[5.674s] Installing teleop_keyboard script to /home/vboxuser/Desktop/ROS2Humble/turtlebot3_ws/install/turtlebot3_teleop/lib/turtlebot3_teleop
[5.676s] writing list of installed files to '/home/vboxuser/Desktop/ROS2Humble/turtlebot3_ws/build/turtlebot3_teleop/install.log'
[5.719s] Invoked command in '/home/vboxuser/Desktop/ROS2Humble/turtlebot3_ws/src/turtlebot3/turtlebot3_teleop' returned '0': PYTHONPATH=/home/vboxuser/Desktop/ROS2Humble/turtlebot3_ws/build/turtlebot3_teleop/prefix_override:/usr/lib/python3/dist-packages/colcon_core/task/python/colcon_distutils_commands:/home/vboxuser/Desktop/ROS2Humble/turtlebot3_ws/install/turtlebot3_teleop/lib/python3.10/site-packages:${PYTHONPATH} /usr/bin/python3 -W ignore:setup.py install is deprecated -W ignore:easy_install command is deprecated setup.py egg_info --egg-base ../../../build/turtlebot3_teleop build --build-base /home/vboxuser/Desktop/ROS2Humble/turtlebot3_ws/build/turtlebot3_teleop/build install --record /home/vboxuser/Desktop/ROS2Humble/turtlebot3_ws/build/turtlebot3_teleop/install.log --single-version-externally-managed install_data
