[0.088s] Invoking command in '/home/ueux/Desktop/ROS2Humble/basic_ws/build/turtlesim': CMAKE_PREFIX_PATH=/home/ueux/Desktop/ROS2Humble/basic_ws/install/my_robot_controller:/opt/ros/humble /usr/bin/cmake /home/ueux/Desktop/ROS2Humble/basic_ws/src/ros_tutorials/turtlesim -DAMENT_CMAKE_SYMLINK_INSTALL=1 -DCMAKE_INSTALL_PREFIX=/home/ueux/Desktop/ROS2Humble/basic_ws/install/turtlesim
[0.973s] -- The C compiler identification is GNU 11.4.0
[1.420s] -- The CXX compiler identification is GNU 11.4.0
[1.488s] -- Detecting C compiler ABI info
[2.008s] -- Detecting C compiler ABI info - done
[2.040s] -- Check for working C compiler: /usr/bin/cc - skipped
[2.040s] -- Detecting C compile features
[2.045s] -- Detecting C compile features - done
[2.064s] -- Detecting CXX compiler ABI info
[2.666s] -- Detecting CXX compiler ABI info - done
[2.672s] -- Check for working CXX compiler: /usr/bin/c++ - skipped
[2.672s] -- Detecting CXX compile features
[2.673s] -- Detecting CXX compile features - done
[2.675s] -- Found ament_cmake: 1.3.11 (/opt/ros/humble/share/ament_cmake/cmake)
[3.089s] -- Found Python3: /usr/bin/python3 (found version "3.10.12") found components: Interpreter 
[3.285s] -- Override CMake install command with custom implementation using symlinks instead of copying resources
[3.414s] -- Found ament_index_cpp: 1.4.0 (/opt/ros/humble/share/ament_index_cpp/cmake)
[3.479s] -- Found geometry_msgs: 4.2.4 (/opt/ros/humble/share/geometry_msgs/cmake)
[3.650s] -- Found rosidl_generator_c: 3.1.6 (/opt/ros/humble/share/rosidl_generator_c/cmake)
[3.666s] -- Found rosidl_adapter: 3.1.6 (/opt/ros/humble/share/rosidl_adapter/cmake)
[3.690s] -- Found rosidl_generator_cpp: 3.1.6 (/opt/ros/humble/share/rosidl_generator_cpp/cmake)
[3.763s] -- Using all available rosidl_typesupport_c: rosidl_typesupport_fastrtps_c;rosidl_typesupport_introspection_c
[3.831s] -- Using all available rosidl_typesupport_cpp: rosidl_typesupport_fastrtps_cpp;rosidl_typesupport_introspection_cpp
[4.016s] -- Found rclcpp: 16.0.11 (/opt/ros/humble/share/rclcpp/cmake)
[4.241s] -- Found rmw_implementation_cmake: 6.1.2 (/opt/ros/humble/share/rmw_implementation_cmake/cmake)
[4.257s] -- Found rmw_fastrtps_cpp: 6.2.7 (/opt/ros/humble/share/rmw_fastrtps_cpp/cmake)
[4.610s] -- Found OpenSSL: /usr/lib/x86_64-linux-gnu/libcrypto.so (found version "3.0.2")  
[4.660s] -- Found FastRTPS: /opt/ros/humble/include  
[4.701s] -- Using RMW implementation 'rmw_fastrtps_cpp' as default
[4.724s] -- Looking for pthread.h
[4.985s] -- Looking for pthread.h - found
[4.985s] -- Performing Test CMAKE_HAVE_LIBC_PTHREAD
[5.177s] -- Performing Test CMAKE_HAVE_LIBC_PTHREAD - Success
[5.179s] -- Found Threads: TRUE  
[5.306s] -- Found rclcpp_action: 16.0.11 (/opt/ros/humble/share/rclcpp_action/cmake)
[5.417s] -- Found rosidl_default_generators: 1.2.0 (/opt/ros/humble/share/rosidl_default_generators/cmake)
[5.436s] -- Found std_srvs: 4.2.4 (/opt/ros/humble/share/std_srvs/cmake)
[6.130s] -- Found ament_cmake_ros: 0.10.0 (/opt/ros/humble/share/ament_cmake_ros/cmake)
[6.676s] -- Using all available rosidl_typesupport_c: rosidl_typesupport_fastrtps_c;rosidl_typesupport_introspection_c
[6.903s] -- Using all available rosidl_typesupport_cpp: rosidl_typesupport_fastrtps_cpp;rosidl_typesupport_introspection_cpp
[6.943s] -- Found PythonInterp: /usr/bin/python3 (found suitable version "3.10.12", minimum required is "3.6") 
[6.963s] -- Found python_cmake_module: 0.10.0 (/opt/ros/humble/share/python_cmake_module/cmake)
[7.013s] -- Found PythonLibs: /usr/lib/x86_64-linux-gnu/libpython3.10.so (found suitable version "3.10.12", minimum required is "3.5") 
[7.013s] -- Using PYTHON_EXECUTABLE: /usr/bin/python3
[7.013s] -- Using PYTHON_INCLUDE_DIRS: /usr/include/python3.10
[7.013s] -- Using PYTHON_LIBRARIES: /usr/lib/x86_64-linux-gnu/libpython3.10.so
[7.035s] -- Found PythonExtra: .so  
[7.147s] -- Configuring done
[7.298s] -- Generating done
[7.333s] -- Build files have been written to: /home/ueux/Desktop/ROS2Humble/basic_ws/build/turtlesim
[7.405s] Invoked command in '/home/ueux/Desktop/ROS2Humble/basic_ws/build/turtlesim' returned '0': CMAKE_PREFIX_PATH=/home/ueux/Desktop/ROS2Humble/basic_ws/install/my_robot_controller:/opt/ros/humble /usr/bin/cmake /home/ueux/Desktop/ROS2Humble/basic_ws/src/ros_tutorials/turtlesim -DAMENT_CMAKE_SYMLINK_INSTALL=1 -DCMAKE_INSTALL_PREFIX=/home/ueux/Desktop/ROS2Humble/basic_ws/install/turtlesim
[7.405s] Invoking command in '/home/ueux/Desktop/ROS2Humble/basic_ws/build/turtlesim': CMAKE_PREFIX_PATH=/home/ueux/Desktop/ROS2Humble/basic_ws/install/my_robot_controller:/opt/ros/humble /usr/bin/cmake --build /home/ueux/Desktop/ROS2Humble/basic_ws/build/turtlesim -- -j8 -l8
[7.501s] [  1%] [34m[1mGenerating C code for ROS interfaces[0m
[7.559s] [  2%] [34m[1mGenerating C++ code for ROS interfaces[0m
[7.620s] [  2%] Built target ament_cmake_python_symlink_turtlesim
[8.184s] running egg_info
[8.184s] creating turtlesim.egg-info
[8.184s] writing turtlesim.egg-info/PKG-INFO
[8.204s] writing dependency_links to turtlesim.egg-info/dependency_links.txt
[8.204s] writing top-level names to turtlesim.egg-info/top_level.txt
[8.204s] writing manifest file 'turtlesim.egg-info/SOURCES.txt'
[8.234s] reading manifest file 'turtlesim.egg-info/SOURCES.txt'
[8.238s] writing manifest file 'turtlesim.egg-info/SOURCES.txt'
[8.408s] [  2%] Built target ament_cmake_python_build_turtlesim_egg
[9.526s] [  3%] [32mBuilding C object CMakeFiles/turtlesim__rosidl_generator_c.dir/rosidl_generator_c/turtlesim/action/detail/rotate_absolute__functions.c.o[0m
[9.647s] [  4%] [32mBuilding C object CMakeFiles/turtlesim__rosidl_generator_c.dir/rosidl_generator_c/turtlesim/msg/detail/color__functions.c.o[0m
[9.679s] [  5%] [32mBuilding C object CMakeFiles/turtlesim__rosidl_generator_c.dir/rosidl_generator_c/turtlesim/msg/detail/pose__functions.c.o[0m
[9.695s] [  5%] Built target turtlesim__cpp
[9.710s] [  6%] [32mBuilding C object CMakeFiles/turtlesim__rosidl_generator_c.dir/rosidl_generator_c/turtlesim/srv/detail/teleport_absolute__functions.c.o[0m
[9.710s] [  7%] [32mBuilding C object CMakeFiles/turtlesim__rosidl_generator_c.dir/rosidl_generator_c/turtlesim/srv/detail/spawn__functions.c.o[0m
[9.712s] [  8%] [32mBuilding C object CMakeFiles/turtlesim__rosidl_generator_c.dir/rosidl_generator_c/turtlesim/srv/detail/set_pen__functions.c.o[0m
[9.754s] [  9%] [32mBuilding C object CMakeFiles/turtlesim__rosidl_generator_c.dir/rosidl_generator_c/turtlesim/srv/detail/kill__functions.c.o[0m
[9.792s] [ 10%] [32mBuilding C object CMakeFiles/turtlesim__rosidl_generator_c.dir/rosidl_generator_c/turtlesim/srv/detail/teleport_relative__functions.c.o[0m
[10.520s] [ 11%] [34m[1mGenerating C++ type support dispatch for ROS interfaces[0m
[10.528s] [ 12%] [34m[1mGenerating C++ type support for eProsima Fast-RTPS[0m
[10.548s] [ 13%] [34m[1mGenerating C++ introspection for ROS interfaces[0m
[10.819s] [ 14%] [32m[1mLinking C shared library libturtlesim__rosidl_generator_c.so[0m
[11.151s] [ 14%] Built target turtlesim__rosidl_generator_c
[11.208s] [ 15%] [34m[1mGenerating C type support for eProsima Fast-RTPS[0m
[11.260s] [ 16%] [34m[1mGenerating C introspection for ROS interfaces[0m
[11.260s] [ 17%] [34m[1mGenerating C type support dispatch for ROS interfaces[0m
[12.111s] [ 18%] [32mBuilding CXX object CMakeFiles/turtlesim__rosidl_typesupport_cpp.dir/rosidl_typesupport_cpp/turtlesim/action/rotate_absolute__type_support.cpp.o[0m
[12.152s] [ 19%] [32mBuilding CXX object CMakeFiles/turtlesim__rosidl_typesupport_cpp.dir/rosidl_typesupport_cpp/turtlesim/msg/color__type_support.cpp.o[0m
[12.166s] [ 20%] [32mBuilding CXX object CMakeFiles/turtlesim__rosidl_typesupport_cpp.dir/rosidl_typesupport_cpp/turtlesim/msg/pose__type_support.cpp.o[0m
[12.178s] [ 21%] [32mBuilding CXX object CMakeFiles/turtlesim__rosidl_typesupport_introspection_cpp.dir/rosidl_typesupport_introspection_cpp/turtlesim/action/detail/rotate_absolute__type_support.cpp.o[0m
[13.523s] [ 22%] [32mBuilding CXX object CMakeFiles/turtlesim__rosidl_typesupport_c.dir/rosidl_typesupport_c/turtlesim/action/rotate_absolute__type_support.cpp.o[0m
[13.616s] [ 23%] [32mBuilding CXX object CMakeFiles/turtlesim__rosidl_typesupport_fastrtps_c.dir/rosidl_typesupport_fastrtps_c/turtlesim/action/detail/rotate_absolute__type_support_c.cpp.o[0m
[13.691s] [ 24%] [32mBuilding CXX object CMakeFiles/turtlesim__rosidl_typesupport_c.dir/rosidl_typesupport_c/turtlesim/msg/color__type_support.cpp.o[0m
[13.805s] [ 25%] [32mBuilding CXX object CMakeFiles/turtlesim__rosidl_typesupport_c.dir/rosidl_typesupport_c/turtlesim/msg/pose__type_support.cpp.o[0m
[13.817s] [ 26%] [32mBuilding CXX object CMakeFiles/turtlesim__rosidl_typesupport_fastrtps_cpp.dir/rosidl_typesupport_fastrtps_cpp/turtlesim/action/detail/dds_fastrtps/rotate_absolute__type_support.cpp.o[0m
[13.880s] [ 27%] [32mBuilding CXX object CMakeFiles/turtlesim__rosidl_typesupport_c.dir/rosidl_typesupport_c/turtlesim/srv/kill__type_support.cpp.o[0m
[13.909s] [ 28%] [32mBuilding C object CMakeFiles/turtlesim__rosidl_typesupport_introspection_c.dir/rosidl_typesupport_introspection_c/turtlesim/action/detail/rotate_absolute__type_support.c.o[0m
[13.980s] [ 29%] [32mBuilding CXX object CMakeFiles/turtlesim__rosidl_typesupport_c.dir/rosidl_typesupport_c/turtlesim/srv/set_pen__type_support.cpp.o[0m
[14.210s] [ 30%] [32mBuilding C object CMakeFiles/turtlesim__rosidl_typesupport_introspection_c.dir/rosidl_typesupport_introspection_c/turtlesim/msg/detail/color__type_support.c.o[0m
[14.329s] [ 31%] [32mBuilding CXX object CMakeFiles/turtlesim__rosidl_typesupport_c.dir/rosidl_typesupport_c/turtlesim/srv/spawn__type_support.cpp.o[0m
[14.941s] [ 32%] [32mBuilding C object CMakeFiles/turtlesim__rosidl_typesupport_introspection_c.dir/rosidl_typesupport_introspection_c/turtlesim/msg/detail/pose__type_support.c.o[0m
[14.942s] [ 33%] [32mBuilding CXX object CMakeFiles/turtlesim__rosidl_typesupport_introspection_cpp.dir/rosidl_typesupport_introspection_cpp/turtlesim/msg/detail/color__type_support.cpp.o[0m
[14.967s] [ 34%] [32mBuilding CXX object CMakeFiles/turtlesim__rosidl_typesupport_c.dir/rosidl_typesupport_c/turtlesim/srv/teleport_absolute__type_support.cpp.o[0m
[14.979s] [ 35%] [32mBuilding C object CMakeFiles/turtlesim__rosidl_typesupport_introspection_c.dir/rosidl_typesupport_introspection_c/turtlesim/srv/detail/kill__type_support.c.o[0m
[14.991s] [ 36%] [32mBuilding C object CMakeFiles/turtlesim__rosidl_typesupport_introspection_c.dir/rosidl_typesupport_introspection_c/turtlesim/srv/detail/set_pen__type_support.c.o[0m
[15.017s] [ 37%] [32mBuilding CXX object CMakeFiles/turtlesim__rosidl_typesupport_c.dir/rosidl_typesupport_c/turtlesim/srv/teleport_relative__type_support.cpp.o[0m
[15.067s] [ 38%] [32mBuilding C object CMakeFiles/turtlesim__rosidl_typesupport_introspection_c.dir/rosidl_typesupport_introspection_c/turtlesim/srv/detail/spawn__type_support.c.o[0m
[15.075s] [ 39%] [32m[1mLinking CXX shared library libturtlesim__rosidl_typesupport_c.so[0m
[15.093s] [ 40%] [32mBuilding CXX object CMakeFiles/turtlesim__rosidl_typesupport_cpp.dir/rosidl_typesupport_cpp/turtlesim/srv/kill__type_support.cpp.o[0m
[15.150s] [ 41%] [32mBuilding C object CMakeFiles/turtlesim__rosidl_typesupport_introspection_c.dir/rosidl_typesupport_introspection_c/turtlesim/srv/detail/teleport_absolute__type_support.c.o[0m
[15.180s] [ 41%] Built target turtlesim__rosidl_typesupport_c
[15.214s] [ 42%] [32mBuilding CXX object CMakeFiles/turtlesim__rosidl_typesupport_fastrtps_c.dir/rosidl_typesupport_fastrtps_c/turtlesim/msg/detail/color__type_support_c.cpp.o[0m
[15.248s] [ 43%] [32mBuilding C object CMakeFiles/turtlesim__rosidl_typesupport_introspection_c.dir/rosidl_typesupport_introspection_c/turtlesim/srv/detail/teleport_relative__type_support.c.o[0m
[15.504s] [ 44%] [32m[1mLinking C shared library libturtlesim__rosidl_typesupport_introspection_c.so[0m
[15.620s] [ 44%] Built target turtlesim__rosidl_typesupport_introspection_c
[15.660s] [ 45%] [32mBuilding CXX object CMakeFiles/turtlesim__rosidl_typesupport_fastrtps_cpp.dir/rosidl_typesupport_fastrtps_cpp/turtlesim/msg/detail/dds_fastrtps/color__type_support.cpp.o[0m
[16.009s] [ 46%] [32mBuilding CXX object CMakeFiles/turtlesim__rosidl_typesupport_fastrtps_c.dir/rosidl_typesupport_fastrtps_c/turtlesim/msg/detail/pose__type_support_c.cpp.o[0m
[16.789s] [ 47%] [32mBuilding CXX object CMakeFiles/turtlesim__rosidl_typesupport_cpp.dir/rosidl_typesupport_cpp/turtlesim/srv/set_pen__type_support.cpp.o[0m
[16.864s] [ 48%] [32mBuilding CXX object CMakeFiles/turtlesim__rosidl_typesupport_introspection_cpp.dir/rosidl_typesupport_introspection_cpp/turtlesim/msg/detail/pose__type_support.cpp.o[0m
[17.153s] [ 49%] [32mBuilding CXX object CMakeFiles/turtlesim__rosidl_typesupport_introspection_cpp.dir/rosidl_typesupport_introspection_cpp/turtlesim/srv/detail/kill__type_support.cpp.o[0m
[17.442s] [ 50%] [32mBuilding CXX object CMakeFiles/turtlesim__rosidl_typesupport_fastrtps_cpp.dir/rosidl_typesupport_fastrtps_cpp/turtlesim/msg/detail/dds_fastrtps/pose__type_support.cpp.o[0m
[17.659s] [ 51%] [32mBuilding CXX object CMakeFiles/turtlesim__rosidl_typesupport_fastrtps_c.dir/rosidl_typesupport_fastrtps_c/turtlesim/srv/detail/kill__type_support_c.cpp.o[0m
[17.903s] [ 52%] [32mBuilding CXX object CMakeFiles/turtlesim__rosidl_typesupport_fastrtps_c.dir/rosidl_typesupport_fastrtps_c/turtlesim/srv/detail/set_pen__type_support_c.cpp.o[0m
[18.042s] [ 53%] [32mBuilding CXX object CMakeFiles/turtlesim__rosidl_typesupport_introspection_cpp.dir/rosidl_typesupport_introspection_cpp/turtlesim/srv/detail/set_pen__type_support.cpp.o[0m
[18.238s] [ 54%] [32mBuilding CXX object CMakeFiles/turtlesim__rosidl_typesupport_fastrtps_c.dir/rosidl_typesupport_fastrtps_c/turtlesim/srv/detail/spawn__type_support_c.cpp.o[0m
[18.491s] [ 55%] [32mBuilding CXX object CMakeFiles/turtlesim__rosidl_typesupport_cpp.dir/rosidl_typesupport_cpp/turtlesim/srv/spawn__type_support.cpp.o[0m
[18.973s] [ 56%] [32mBuilding CXX object CMakeFiles/turtlesim__rosidl_typesupport_introspection_cpp.dir/rosidl_typesupport_introspection_cpp/turtlesim/srv/detail/spawn__type_support.cpp.o[0m
[19.252s] [ 57%] [32mBuilding CXX object CMakeFiles/turtlesim__rosidl_typesupport_fastrtps_c.dir/rosidl_typesupport_fastrtps_c/turtlesim/srv/detail/teleport_absolute__type_support_c.cpp.o[0m
[19.268s] [ 58%] [32mBuilding CXX object CMakeFiles/turtlesim__rosidl_typesupport_cpp.dir/rosidl_typesupport_cpp/turtlesim/srv/teleport_absolute__type_support.cpp.o[0m
[19.445s] [ 59%] [32mBuilding CXX object CMakeFiles/turtlesim__rosidl_typesupport_fastrtps_cpp.dir/rosidl_typesupport_fastrtps_cpp/turtlesim/srv/detail/dds_fastrtps/kill__type_support.cpp.o[0m
[19.551s] [ 60%] [32mBuilding CXX object CMakeFiles/turtlesim__rosidl_typesupport_fastrtps_cpp.dir/rosidl_typesupport_fastrtps_cpp/turtlesim/srv/detail/dds_fastrtps/set_pen__type_support.cpp.o[0m
[19.792s] [ 61%] [32mBuilding CXX object CMakeFiles/turtlesim__rosidl_typesupport_fastrtps_c.dir/rosidl_typesupport_fastrtps_c/turtlesim/srv/detail/teleport_relative__type_support_c.cpp.o[0m
[19.923s] [ 62%] [32mBuilding CXX object CMakeFiles/turtlesim__rosidl_typesupport_fastrtps_cpp.dir/rosidl_typesupport_fastrtps_cpp/turtlesim/srv/detail/dds_fastrtps/spawn__type_support.cpp.o[0m
[20.310s] [ 63%] [32mBuilding CXX object CMakeFiles/turtlesim__rosidl_typesupport_cpp.dir/rosidl_typesupport_cpp/turtlesim/srv/teleport_relative__type_support.cpp.o[0m
[20.482s] [ 64%] [32mBuilding CXX object CMakeFiles/turtlesim__rosidl_typesupport_introspection_cpp.dir/rosidl_typesupport_introspection_cpp/turtlesim/srv/detail/teleport_absolute__type_support.cpp.o[0m
[20.514s] [ 65%] [32mBuilding CXX object CMakeFiles/turtlesim__rosidl_typesupport_introspection_cpp.dir/rosidl_typesupport_introspection_cpp/turtlesim/srv/detail/teleport_relative__type_support.cpp.o[0m
[20.868s] [ 66%] [32mBuilding CXX object CMakeFiles/turtlesim__rosidl_typesupport_fastrtps_cpp.dir/rosidl_typesupport_fastrtps_cpp/turtlesim/srv/detail/dds_fastrtps/teleport_absolute__type_support.cpp.o[0m
[20.899s] [ 67%] [32mBuilding CXX object CMakeFiles/turtlesim__rosidl_typesupport_fastrtps_cpp.dir/rosidl_typesupport_fastrtps_cpp/turtlesim/srv/detail/dds_fastrtps/teleport_relative__type_support.cpp.o[0m
[20.917s] [ 68%] [32m[1mLinking CXX shared library libturtlesim__rosidl_typesupport_fastrtps_c.so[0m
[21.409s] [ 69%] [32m[1mLinking CXX shared library libturtlesim__rosidl_typesupport_cpp.so[0m
[21.593s] [ 69%] Built target turtlesim__rosidl_typesupport_cpp
[21.730s] [ 69%] Built target turtlesim__rosidl_typesupport_fastrtps_c
[21.805s] [ 70%] [34m[1mGenerating include/turtlesim/moc_turtle_frame.cpp[0m
[21.906s] [ 71%] [32mBuilding CXX object CMakeFiles/turtle_teleop_key.dir/tutorials/teleop_turtle_key.cpp.o[0m
[21.907s] [ 72%] [32mBuilding CXX object CMakeFiles/draw_square.dir/tutorials/draw_square.cpp.o[0m
[21.991s] [ 73%] [32mBuilding CXX object CMakeFiles/mimic.dir/tutorials/mimic.cpp.o[0m
[22.710s] [ 74%] [32m[1mLinking CXX shared library libturtlesim__rosidl_typesupport_introspection_cpp.so[0m
[23.460s] [ 75%] [32m[1mLinking CXX shared library libturtlesim__rosidl_typesupport_fastrtps_cpp.so[0m
[23.521s] [ 76%] [32mBuilding CXX object CMakeFiles/turtlesim_node.dir/src/turtlesim.cpp.o[0m
[23.542s] [ 77%] [32mBuilding CXX object CMakeFiles/turtlesim_node.dir/src/turtle_frame.cpp.o[0m
[23.550s] [ 78%] [32mBuilding CXX object CMakeFiles/turtlesim_node.dir/src/turtle.cpp.o[0m
[23.559s] [ 78%] Built target turtlesim__rosidl_typesupport_introspection_cpp
[23.658s] [ 79%] [32mBuilding CXX object CMakeFiles/turtlesim_node.dir/include/turtlesim/moc_turtle_frame.cpp.o[0m
[24.005s] [ 79%] Built target turtlesim__rosidl_typesupport_fastrtps_cpp
[24.314s] [ 79%] Built target turtlesim
[24.458s] [ 80%] [34m[1mGenerating Python code for ROS interfaces[0m
[27.935s] [ 80%] Built target turtlesim__py
[28.315s] [ 81%] [32mBuilding C object CMakeFiles/turtlesim__rosidl_generator_py.dir/rosidl_generator_py/turtlesim/action/_rotate_absolute_s.c.o[0m
[29.694s] [ 82%] [32mBuilding C object CMakeFiles/turtlesim__rosidl_generator_py.dir/rosidl_generator_py/turtlesim/msg/_color_s.c.o[0m
[32.172s] [ 83%] [32mBuilding C object CMakeFiles/turtlesim__rosidl_generator_py.dir/rosidl_generator_py/turtlesim/msg/_pose_s.c.o[0m
[33.103s] [ 84%] [32mBuilding C object CMakeFiles/turtlesim__rosidl_generator_py.dir/rosidl_generator_py/turtlesim/srv/_kill_s.c.o[0m
[34.967s] [ 85%] [32mBuilding C object CMakeFiles/turtlesim__rosidl_generator_py.dir/rosidl_generator_py/turtlesim/srv/_set_pen_s.c.o[0m
[39.568s] [ 86%] [32mBuilding C object CMakeFiles/turtlesim__rosidl_generator_py.dir/rosidl_generator_py/turtlesim/srv/_spawn_s.c.o[0m
[41.040s] [ 87%] [32mBuilding C object CMakeFiles/turtlesim__rosidl_generator_py.dir/rosidl_generator_py/turtlesim/srv/_teleport_absolute_s.c.o[0m
[42.502s] [ 88%] [32mBuilding C object CMakeFiles/turtlesim__rosidl_generator_py.dir/rosidl_generator_py/turtlesim/srv/_teleport_relative_s.c.o[0m
[43.311s] [ 89%] [32m[1mLinking C shared library rosidl_generator_py/turtlesim/libturtlesim__rosidl_generator_py.so[0m
[45.665s] [ 89%] Built target turtlesim__rosidl_generator_py
[46.415s] [ 90%] [32mBuilding C object CMakeFiles/turtlesim__rosidl_typesupport_fastrtps_c__pyext.dir/rosidl_generator_py/turtlesim/_turtlesim_s.ep.rosidl_typesupport_fastrtps_c.c.o[0m
[48.289s] [ 91%] [32m[1mLinking C shared library rosidl_generator_py/turtlesim/turtlesim_s__rosidl_typesupport_fastrtps_c.cpython-310-x86_64-linux-gnu.so[0m
[48.484s] [ 91%] Built target turtlesim__rosidl_typesupport_fastrtps_c__pyext
[48.594s] [ 92%] [32mBuilding C object CMakeFiles/turtlesim__rosidl_typesupport_introspection_c__pyext.dir/rosidl_generator_py/turtlesim/_turtlesim_s.ep.rosidl_typesupport_introspection_c.c.o[0m
[52.822s] [ 93%] [32m[1mLinking C shared library rosidl_generator_py/turtlesim/turtlesim_s__rosidl_typesupport_introspection_c.cpython-310-x86_64-linux-gnu.so[0m
[62.303s] [ 93%] Built target turtlesim__rosidl_typesupport_introspection_c__pyext
[62.502s] [ 94%] [32mBuilding C object CMakeFiles/turtlesim__rosidl_typesupport_c__pyext.dir/rosidl_generator_py/turtlesim/_turtlesim_s.ep.rosidl_typesupport_c.c.o[0m
[63.118s] [ 95%] [32m[1mLinking C shared library rosidl_generator_py/turtlesim/turtlesim_s__rosidl_typesupport_c.cpython-310-x86_64-linux-gnu.so[0m
[63.566s] [ 95%] Built target turtlesim__rosidl_typesupport_c__pyext
[69.758s] [ 96%] [32m[1mLinking CXX executable turtle_teleop_key[0m
[70.663s] [ 96%] Built target turtle_teleop_key
[76.467s] [ 97%] [32m[1mLinking CXX executable draw_square[0m
[78.206s] [ 97%] Built target draw_square
[83.468s] [ 98%] [32m[1mLinking CXX executable mimic[0m
[84.364s] [ 98%] Built target mimic
[86.904s] [100%] [32m[1mLinking CXX executable turtlesim_node[0m
[95.124s] [100%] Built target turtlesim_node
[95.550s] Invoked command in '/home/ueux/Desktop/ROS2Humble/basic_ws/build/turtlesim' returned '0': CMAKE_PREFIX_PATH=/home/ueux/Desktop/ROS2Humble/basic_ws/install/my_robot_controller:/opt/ros/humble /usr/bin/cmake --build /home/ueux/Desktop/ROS2Humble/basic_ws/build/turtlesim -- -j8 -l8
[95.735s] Invoking command in '/home/ueux/Desktop/ROS2Humble/basic_ws/build/turtlesim': CMAKE_PREFIX_PATH=/home/ueux/Desktop/ROS2Humble/basic_ws/install/my_robot_controller:/opt/ros/humble /usr/bin/cmake --install /home/ueux/Desktop/ROS2Humble/basic_ws/build/turtlesim
[95.837s] -- Install configuration: ""
[95.853s] -- Execute custom install script
[95.875s] -- Symlinking: /home/ueux/Desktop/ROS2Humble/basic_ws/install/turtlesim/share/ament_index/resource_index/rosidl_interfaces/turtlesim
[95.951s] -- Symlinking: /home/ueux/Desktop/ROS2Humble/basic_ws/install/turtlesim/include/turtlesim/turtlesim/action/detail/rotate_absolute__functions.h
[95.962s] -- Symlinking: /home/ueux/Desktop/ROS2Humble/basic_ws/install/turtlesim/include/turtlesim/turtlesim/action/detail/rotate_absolute__struct.h
[95.995s] -- Symlinking: /home/ueux/Desktop/ROS2Humble/basic_ws/install/turtlesim/include/turtlesim/turtlesim/action/detail/rotate_absolute__type_support.h
[96.060s] -- Symlinking: /home/ueux/Desktop/ROS2Humble/basic_ws/install/turtlesim/include/turtlesim/turtlesim/action/rotate_absolute.h
[96.116s] -- Symlinking: /home/ueux/Desktop/ROS2Humble/basic_ws/install/turtlesim/include/turtlesim/turtlesim/msg/color.h
[96.142s] -- Symlinking: /home/ueux/Desktop/ROS2Humble/basic_ws/install/turtlesim/include/turtlesim/turtlesim/msg/detail/color__functions.h
[96.158s] -- Symlinking: /home/ueux/Desktop/ROS2Humble/basic_ws/install/turtlesim/include/turtlesim/turtlesim/msg/detail/color__struct.h
[96.169s] -- Symlinking: /home/ueux/Desktop/ROS2Humble/basic_ws/install/turtlesim/include/turtlesim/turtlesim/msg/detail/color__type_support.h
[96.202s] -- Symlinking: /home/ueux/Desktop/ROS2Humble/basic_ws/install/turtlesim/include/turtlesim/turtlesim/msg/detail/pose__functions.h
[96.216s] -- Symlinking: /home/ueux/Desktop/ROS2Humble/basic_ws/install/turtlesim/include/turtlesim/turtlesim/msg/detail/pose__struct.h
[96.237s] -- Symlinking: /home/ueux/Desktop/ROS2Humble/basic_ws/install/turtlesim/include/turtlesim/turtlesim/msg/detail/pose__type_support.h
[96.248s] -- Symlinking: /home/ueux/Desktop/ROS2Humble/basic_ws/install/turtlesim/include/turtlesim/turtlesim/msg/pose.h
[96.260s] -- Symlinking: /home/ueux/Desktop/ROS2Humble/basic_ws/install/turtlesim/include/turtlesim/turtlesim/msg/rosidl_generator_c__visibility_control.h
[96.272s] -- Symlinking: /home/ueux/Desktop/ROS2Humble/basic_ws/install/turtlesim/include/turtlesim/turtlesim/srv/detail/kill__functions.h
[96.281s] -- Symlinking: /home/ueux/Desktop/ROS2Humble/basic_ws/install/turtlesim/include/turtlesim/turtlesim/srv/detail/kill__struct.h
[96.319s] -- Symlinking: /home/ueux/Desktop/ROS2Humble/basic_ws/install/turtlesim/include/turtlesim/turtlesim/srv/detail/kill__type_support.h
[96.352s] -- Symlinking: /home/ueux/Desktop/ROS2Humble/basic_ws/install/turtlesim/include/turtlesim/turtlesim/srv/detail/set_pen__functions.h
[96.374s] -- Symlinking: /home/ueux/Desktop/ROS2Humble/basic_ws/install/turtlesim/include/turtlesim/turtlesim/srv/detail/set_pen__struct.h
[96.396s] -- Symlinking: /home/ueux/Desktop/ROS2Humble/basic_ws/install/turtlesim/include/turtlesim/turtlesim/srv/detail/set_pen__type_support.h
[96.427s] -- Symlinking: /home/ueux/Desktop/ROS2Humble/basic_ws/install/turtlesim/include/turtlesim/turtlesim/srv/detail/spawn__functions.h
[96.444s] -- Symlinking: /home/ueux/Desktop/ROS2Humble/basic_ws/install/turtlesim/include/turtlesim/turtlesim/srv/detail/spawn__struct.h
[96.459s] -- Symlinking: /home/ueux/Desktop/ROS2Humble/basic_ws/install/turtlesim/include/turtlesim/turtlesim/srv/detail/spawn__type_support.h
[96.470s] -- Symlinking: /home/ueux/Desktop/ROS2Humble/basic_ws/install/turtlesim/include/turtlesim/turtlesim/srv/detail/teleport_absolute__functions.h
[96.481s] -- Symlinking: /home/ueux/Desktop/ROS2Humble/basic_ws/install/turtlesim/include/turtlesim/turtlesim/srv/detail/teleport_absolute__struct.h
[96.492s] -- Symlinking: /home/ueux/Desktop/ROS2Humble/basic_ws/install/turtlesim/include/turtlesim/turtlesim/srv/detail/teleport_absolute__type_support.h
[96.522s] -- Symlinking: /home/ueux/Desktop/ROS2Humble/basic_ws/install/turtlesim/include/turtlesim/turtlesim/srv/detail/teleport_relative__functions.h
[96.544s] -- Symlinking: /home/ueux/Desktop/ROS2Humble/basic_ws/install/turtlesim/include/turtlesim/turtlesim/srv/detail/teleport_relative__struct.h
[96.553s] -- Symlinking: /home/ueux/Desktop/ROS2Humble/basic_ws/install/turtlesim/include/turtlesim/turtlesim/srv/detail/teleport_relative__type_support.h
[96.566s] -- Symlinking: /home/ueux/Desktop/ROS2Humble/basic_ws/install/turtlesim/include/turtlesim/turtlesim/srv/kill.h
[96.577s] -- Symlinking: /home/ueux/Desktop/ROS2Humble/basic_ws/install/turtlesim/include/turtlesim/turtlesim/srv/set_pen.h
[96.599s] -- Symlinking: /home/ueux/Desktop/ROS2Humble/basic_ws/install/turtlesim/include/turtlesim/turtlesim/srv/spawn.h
[96.654s] -- Symlinking: /home/ueux/Desktop/ROS2Humble/basic_ws/install/turtlesim/include/turtlesim/turtlesim/srv/teleport_absolute.h
[96.676s] -- Symlinking: /home/ueux/Desktop/ROS2Humble/basic_ws/install/turtlesim/include/turtlesim/turtlesim/srv/teleport_relative.h
[96.707s] -- Symlinking: /home/ueux/Desktop/ROS2Humble/basic_ws/install/turtlesim/share/turtlesim/environment/library_path.sh
[96.741s] -- Symlinking: /home/ueux/Desktop/ROS2Humble/basic_ws/install/turtlesim/share/turtlesim/environment/library_path.dsv
[96.779s] -- Symlinking: /home/ueux/Desktop/ROS2Humble/basic_ws/install/turtlesim/include/turtlesim/turtlesim/action/detail/rotate_absolute__rosidl_typesupport_fastrtps_c.h
[96.788s] -- Symlinking: /home/ueux/Desktop/ROS2Humble/basic_ws/install/turtlesim/include/turtlesim/turtlesim/msg/detail/color__rosidl_typesupport_fastrtps_c.h
[96.803s] -- Symlinking: /home/ueux/Desktop/ROS2Humble/basic_ws/install/turtlesim/include/turtlesim/turtlesim/msg/detail/pose__rosidl_typesupport_fastrtps_c.h
[96.845s] -- Symlinking: /home/ueux/Desktop/ROS2Humble/basic_ws/install/turtlesim/include/turtlesim/turtlesim/msg/rosidl_typesupport_fastrtps_c__visibility_control.h
[96.869s] -- Symlinking: /home/ueux/Desktop/ROS2Humble/basic_ws/install/turtlesim/include/turtlesim/turtlesim/srv/detail/kill__rosidl_typesupport_fastrtps_c.h
[96.900s] -- Symlinking: /home/ueux/Desktop/ROS2Humble/basic_ws/install/turtlesim/include/turtlesim/turtlesim/srv/detail/set_pen__rosidl_typesupport_fastrtps_c.h
[96.941s] -- Symlinking: /home/ueux/Desktop/ROS2Humble/basic_ws/install/turtlesim/include/turtlesim/turtlesim/srv/detail/spawn__rosidl_typesupport_fastrtps_c.h
[96.959s] -- Symlinking: /home/ueux/Desktop/ROS2Humble/basic_ws/install/turtlesim/include/turtlesim/turtlesim/srv/detail/teleport_absolute__rosidl_typesupport_fastrtps_c.h
[96.980s] -- Symlinking: /home/ueux/Desktop/ROS2Humble/basic_ws/install/turtlesim/include/turtlesim/turtlesim/srv/detail/teleport_relative__rosidl_typesupport_fastrtps_c.h
[97.032s] -- Symlinking: /home/ueux/Desktop/ROS2Humble/basic_ws/install/turtlesim/include/turtlesim/turtlesim/action/detail/rotate_absolute__builder.hpp
[97.055s] -- Symlinking: /home/ueux/Desktop/ROS2Humble/basic_ws/install/turtlesim/include/turtlesim/turtlesim/action/detail/rotate_absolute__struct.hpp
[97.079s] -- Symlinking: /home/ueux/Desktop/ROS2Humble/basic_ws/install/turtlesim/include/turtlesim/turtlesim/action/detail/rotate_absolute__traits.hpp
[97.093s] -- Symlinking: /home/ueux/Desktop/ROS2Humble/basic_ws/install/turtlesim/include/turtlesim/turtlesim/action/detail/rotate_absolute__type_support.hpp
[97.120s] -- Symlinking: /home/ueux/Desktop/ROS2Humble/basic_ws/install/turtlesim/include/turtlesim/turtlesim/action/rotate_absolute.hpp
[97.152s] -- Symlinking: /home/ueux/Desktop/ROS2Humble/basic_ws/install/turtlesim/include/turtlesim/turtlesim/msg/color.hpp
[97.196s] -- Symlinking: /home/ueux/Desktop/ROS2Humble/basic_ws/install/turtlesim/include/turtlesim/turtlesim/msg/detail/color__builder.hpp
[97.213s] -- Symlinking: /home/ueux/Desktop/ROS2Humble/basic_ws/install/turtlesim/include/turtlesim/turtlesim/msg/detail/color__struct.hpp
[97.298s] -- Symlinking: /home/ueux/Desktop/ROS2Humble/basic_ws/install/turtlesim/include/turtlesim/turtlesim/msg/detail/color__traits.hpp
[97.344s] -- Symlinking: /home/ueux/Desktop/ROS2Humble/basic_ws/install/turtlesim/include/turtlesim/turtlesim/msg/detail/color__type_support.hpp
[97.365s] -- Symlinking: /home/ueux/Desktop/ROS2Humble/basic_ws/install/turtlesim/include/turtlesim/turtlesim/msg/detail/pose__builder.hpp
[97.385s] -- Symlinking: /home/ueux/Desktop/ROS2Humble/basic_ws/install/turtlesim/include/turtlesim/turtlesim/msg/detail/pose__struct.hpp
[97.396s] -- Symlinking: /home/ueux/Desktop/ROS2Humble/basic_ws/install/turtlesim/include/turtlesim/turtlesim/msg/detail/pose__traits.hpp
[97.440s] -- Symlinking: /home/ueux/Desktop/ROS2Humble/basic_ws/install/turtlesim/include/turtlesim/turtlesim/msg/detail/pose__type_support.hpp
[97.455s] -- Symlinking: /home/ueux/Desktop/ROS2Humble/basic_ws/install/turtlesim/include/turtlesim/turtlesim/msg/pose.hpp
[97.479s] -- Symlinking: /home/ueux/Desktop/ROS2Humble/basic_ws/install/turtlesim/include/turtlesim/turtlesim/msg/rosidl_generator_cpp__visibility_control.hpp
[97.495s] -- Symlinking: /home/ueux/Desktop/ROS2Humble/basic_ws/install/turtlesim/include/turtlesim/turtlesim/srv/detail/kill__builder.hpp
[97.520s] -- Symlinking: /home/ueux/Desktop/ROS2Humble/basic_ws/install/turtlesim/include/turtlesim/turtlesim/srv/detail/kill__struct.hpp
[97.559s] -- Symlinking: /home/ueux/Desktop/ROS2Humble/basic_ws/install/turtlesim/include/turtlesim/turtlesim/srv/detail/kill__traits.hpp
[97.579s] -- Symlinking: /home/ueux/Desktop/ROS2Humble/basic_ws/install/turtlesim/include/turtlesim/turtlesim/srv/detail/kill__type_support.hpp
[97.598s] -- Symlinking: /home/ueux/Desktop/ROS2Humble/basic_ws/install/turtlesim/include/turtlesim/turtlesim/srv/detail/set_pen__builder.hpp
[97.609s] -- Symlinking: /home/ueux/Desktop/ROS2Humble/basic_ws/install/turtlesim/include/turtlesim/turtlesim/srv/detail/set_pen__struct.hpp
[97.649s] -- Symlinking: /home/ueux/Desktop/ROS2Humble/basic_ws/install/turtlesim/include/turtlesim/turtlesim/srv/detail/set_pen__traits.hpp
[97.674s] -- Symlinking: /home/ueux/Desktop/ROS2Humble/basic_ws/install/turtlesim/include/turtlesim/turtlesim/srv/detail/set_pen__type_support.hpp
[97.696s] -- Symlinking: /home/ueux/Desktop/ROS2Humble/basic_ws/install/turtlesim/include/turtlesim/turtlesim/srv/detail/spawn__builder.hpp
[97.717s] -- Symlinking: /home/ueux/Desktop/ROS2Humble/basic_ws/install/turtlesim/include/turtlesim/turtlesim/srv/detail/spawn__struct.hpp
[97.784s] -- Symlinking: /home/ueux/Desktop/ROS2Humble/basic_ws/install/turtlesim/include/turtlesim/turtlesim/srv/detail/spawn__traits.hpp
[97.816s] -- Symlinking: /home/ueux/Desktop/ROS2Humble/basic_ws/install/turtlesim/include/turtlesim/turtlesim/srv/detail/spawn__type_support.hpp
[97.839s] -- Symlinking: /home/ueux/Desktop/ROS2Humble/basic_ws/install/turtlesim/include/turtlesim/turtlesim/srv/detail/teleport_absolute__builder.hpp
[97.861s] -- Symlinking: /home/ueux/Desktop/ROS2Humble/basic_ws/install/turtlesim/include/turtlesim/turtlesim/srv/detail/teleport_absolute__struct.hpp
[97.882s] -- Symlinking: /home/ueux/Desktop/ROS2Humble/basic_ws/install/turtlesim/include/turtlesim/turtlesim/srv/detail/teleport_absolute__traits.hpp
[97.901s] -- Symlinking: /home/ueux/Desktop/ROS2Humble/basic_ws/install/turtlesim/include/turtlesim/turtlesim/srv/detail/teleport_absolute__type_support.hpp
[97.932s] -- Symlinking: /home/ueux/Desktop/ROS2Humble/basic_ws/install/turtlesim/include/turtlesim/turtlesim/srv/detail/teleport_relative__builder.hpp
[97.954s] -- Symlinking: /home/ueux/Desktop/ROS2Humble/basic_ws/install/turtlesim/include/turtlesim/turtlesim/srv/detail/teleport_relative__struct.hpp
[97.964s] -- Symlinking: /home/ueux/Desktop/ROS2Humble/basic_ws/install/turtlesim/include/turtlesim/turtlesim/srv/detail/teleport_relative__traits.hpp
[97.977s] -- Symlinking: /home/ueux/Desktop/ROS2Humble/basic_ws/install/turtlesim/include/turtlesim/turtlesim/srv/detail/teleport_relative__type_support.hpp
[97.986s] -- Symlinking: /home/ueux/Desktop/ROS2Humble/basic_ws/install/turtlesim/include/turtlesim/turtlesim/srv/kill.hpp
[97.996s] -- Symlinking: /home/ueux/Desktop/ROS2Humble/basic_ws/install/turtlesim/include/turtlesim/turtlesim/srv/set_pen.hpp
[98.016s] -- Symlinking: /home/ueux/Desktop/ROS2Humble/basic_ws/install/turtlesim/include/turtlesim/turtlesim/srv/spawn.hpp
[98.070s] -- Symlinking: /home/ueux/Desktop/ROS2Humble/basic_ws/install/turtlesim/include/turtlesim/turtlesim/srv/teleport_absolute.hpp
[98.093s] -- Symlinking: /home/ueux/Desktop/ROS2Humble/basic_ws/install/turtlesim/include/turtlesim/turtlesim/srv/teleport_relative.hpp
[98.114s] -- Symlinking: /home/ueux/Desktop/ROS2Humble/basic_ws/install/turtlesim/include/turtlesim/turtlesim/action/detail/rotate_absolute__rosidl_typesupport_fastrtps_cpp.hpp
[98.125s] -- Symlinking: /home/ueux/Desktop/ROS2Humble/basic_ws/install/turtlesim/include/turtlesim/turtlesim/msg/detail/color__rosidl_typesupport_fastrtps_cpp.hpp
[98.173s] -- Symlinking: /home/ueux/Desktop/ROS2Humble/basic_ws/install/turtlesim/include/turtlesim/turtlesim/msg/detail/pose__rosidl_typesupport_fastrtps_cpp.hpp
[98.205s] -- Symlinking: /home/ueux/Desktop/ROS2Humble/basic_ws/install/turtlesim/include/turtlesim/turtlesim/msg/rosidl_typesupport_fastrtps_cpp__visibility_control.h
[98.219s] -- Symlinking: /home/ueux/Desktop/ROS2Humble/basic_ws/install/turtlesim/include/turtlesim/turtlesim/srv/detail/kill__rosidl_typesupport_fastrtps_cpp.hpp
[98.244s] -- Symlinking: /home/ueux/Desktop/ROS2Humble/basic_ws/install/turtlesim/include/turtlesim/turtlesim/srv/detail/set_pen__rosidl_typesupport_fastrtps_cpp.hpp
[98.289s] -- Symlinking: /home/ueux/Desktop/ROS2Humble/basic_ws/install/turtlesim/include/turtlesim/turtlesim/srv/detail/spawn__rosidl_typesupport_fastrtps_cpp.hpp
[98.316s] -- Symlinking: /home/ueux/Desktop/ROS2Humble/basic_ws/install/turtlesim/include/turtlesim/turtlesim/srv/detail/teleport_absolute__rosidl_typesupport_fastrtps_cpp.hpp
[98.337s] -- Symlinking: /home/ueux/Desktop/ROS2Humble/basic_ws/install/turtlesim/include/turtlesim/turtlesim/srv/detail/teleport_relative__rosidl_typesupport_fastrtps_cpp.hpp
[98.373s] -- Symlinking: /home/ueux/Desktop/ROS2Humble/basic_ws/install/turtlesim/include/turtlesim/turtlesim/action/detail/rotate_absolute__rosidl_typesupport_introspection_c.h
[98.414s] -- Symlinking: /home/ueux/Desktop/ROS2Humble/basic_ws/install/turtlesim/include/turtlesim/turtlesim/msg/detail/color__rosidl_typesupport_introspection_c.h
[98.426s] -- Symlinking: /home/ueux/Desktop/ROS2Humble/basic_ws/install/turtlesim/include/turtlesim/turtlesim/msg/detail/pose__rosidl_typesupport_introspection_c.h
[98.442s] -- Symlinking: /home/ueux/Desktop/ROS2Humble/basic_ws/install/turtlesim/include/turtlesim/turtlesim/msg/rosidl_typesupport_introspection_c__visibility_control.h
[98.458s] -- Symlinking: /home/ueux/Desktop/ROS2Humble/basic_ws/install/turtlesim/include/turtlesim/turtlesim/srv/detail/kill__rosidl_typesupport_introspection_c.h
[98.496s] -- Symlinking: /home/ueux/Desktop/ROS2Humble/basic_ws/install/turtlesim/include/turtlesim/turtlesim/srv/detail/set_pen__rosidl_typesupport_introspection_c.h
[98.541s] -- Symlinking: /home/ueux/Desktop/ROS2Humble/basic_ws/install/turtlesim/include/turtlesim/turtlesim/srv/detail/spawn__rosidl_typesupport_introspection_c.h
[98.604s] -- Symlinking: /home/ueux/Desktop/ROS2Humble/basic_ws/install/turtlesim/include/turtlesim/turtlesim/srv/detail/teleport_absolute__rosidl_typesupport_introspection_c.h
[98.629s] -- Symlinking: /home/ueux/Desktop/ROS2Humble/basic_ws/install/turtlesim/include/turtlesim/turtlesim/srv/detail/teleport_relative__rosidl_typesupport_introspection_c.h
[98.653s] -- Symlinking: /home/ueux/Desktop/ROS2Humble/basic_ws/install/turtlesim/include/turtlesim/turtlesim/action/detail/rotate_absolute__rosidl_typesupport_introspection_cpp.hpp
[98.692s] -- Symlinking: /home/ueux/Desktop/ROS2Humble/basic_ws/install/turtlesim/include/turtlesim/turtlesim/msg/detail/color__rosidl_typesupport_introspection_cpp.hpp
[98.714s] -- Symlinking: /home/ueux/Desktop/ROS2Humble/basic_ws/install/turtlesim/include/turtlesim/turtlesim/msg/detail/pose__rosidl_typesupport_introspection_cpp.hpp
[98.741s] -- Symlinking: /home/ueux/Desktop/ROS2Humble/basic_ws/install/turtlesim/include/turtlesim/turtlesim/srv/detail/kill__rosidl_typesupport_introspection_cpp.hpp
[98.818s] -- Symlinking: /home/ueux/Desktop/ROS2Humble/basic_ws/install/turtlesim/include/turtlesim/turtlesim/srv/detail/set_pen__rosidl_typesupport_introspection_cpp.hpp
[98.837s] -- Symlinking: /home/ueux/Desktop/ROS2Humble/basic_ws/install/turtlesim/include/turtlesim/turtlesim/srv/detail/spawn__rosidl_typesupport_introspection_cpp.hpp
[98.904s] -- Symlinking: /home/ueux/Desktop/ROS2Humble/basic_ws/install/turtlesim/include/turtlesim/turtlesim/srv/detail/teleport_absolute__rosidl_typesupport_introspection_cpp.hpp
[98.937s] -- Symlinking: /home/ueux/Desktop/ROS2Humble/basic_ws/install/turtlesim/include/turtlesim/turtlesim/srv/detail/teleport_relative__rosidl_typesupport_introspection_cpp.hpp
[98.986s] -- Symlinking: /home/ueux/Desktop/ROS2Humble/basic_ws/install/turtlesim/share/turtlesim/environment/pythonpath.sh
[99.058s] -- Symlinking: /home/ueux/Desktop/ROS2Humble/basic_ws/install/turtlesim/share/turtlesim/environment/pythonpath.dsv
[99.095s] -- Symlinking: /home/ueux/Desktop/ROS2Humble/basic_ws/install/turtlesim/local/lib/python3.10/dist-packages/turtlesim-1.4.2-py3.10.egg-info/PKG-INFO
[99.132s] -- Symlinking: /home/ueux/Desktop/ROS2Humble/basic_ws/install/turtlesim/local/lib/python3.10/dist-packages/turtlesim-1.4.2-py3.10.egg-info/SOURCES.txt
[99.157s] -- Symlinking: /home/ueux/Desktop/ROS2Humble/basic_ws/install/turtlesim/local/lib/python3.10/dist-packages/turtlesim-1.4.2-py3.10.egg-info/dependency_links.txt
[99.171s] -- Symlinking: /home/ueux/Desktop/ROS2Humble/basic_ws/install/turtlesim/local/lib/python3.10/dist-packages/turtlesim-1.4.2-py3.10.egg-info/top_level.txt
[99.188s] -- Symlinking: /home/ueux/Desktop/ROS2Humble/basic_ws/install/turtlesim/local/lib/python3.10/dist-packages/turtlesim/__init__.py
[99.210s] -- Symlinking: /home/ueux/Desktop/ROS2Humble/basic_ws/install/turtlesim/local/lib/python3.10/dist-packages/turtlesim/_turtlesim_s.ep.rosidl_typesupport_c.c
[99.232s] -- Symlinking: /home/ueux/Desktop/ROS2Humble/basic_ws/install/turtlesim/local/lib/python3.10/dist-packages/turtlesim/_turtlesim_s.ep.rosidl_typesupport_fastrtps_c.c
[99.243s] -- Symlinking: /home/ueux/Desktop/ROS2Humble/basic_ws/install/turtlesim/local/lib/python3.10/dist-packages/turtlesim/_turtlesim_s.ep.rosidl_typesupport_introspection_c.c
[99.261s] -- Symlinking: /home/ueux/Desktop/ROS2Humble/basic_ws/install/turtlesim/local/lib/python3.10/dist-packages/turtlesim/action/__init__.py
[99.271s] -- Symlinking: /home/ueux/Desktop/ROS2Humble/basic_ws/install/turtlesim/local/lib/python3.10/dist-packages/turtlesim/action/_rotate_absolute.py
[99.296s] -- Symlinking: /home/ueux/Desktop/ROS2Humble/basic_ws/install/turtlesim/local/lib/python3.10/dist-packages/turtlesim/action/_rotate_absolute_s.c
[99.325s] -- Symlinking: /home/ueux/Desktop/ROS2Humble/basic_ws/install/turtlesim/local/lib/python3.10/dist-packages/turtlesim/libturtlesim__rosidl_generator_py.so
[99.345s] -- Symlinking: /home/ueux/Desktop/ROS2Humble/basic_ws/install/turtlesim/local/lib/python3.10/dist-packages/turtlesim/msg/__init__.py
[99.359s] -- Symlinking: /home/ueux/Desktop/ROS2Humble/basic_ws/install/turtlesim/local/lib/python3.10/dist-packages/turtlesim/msg/_color.py
[99.373s] -- Symlinking: /home/ueux/Desktop/ROS2Humble/basic_ws/install/turtlesim/local/lib/python3.10/dist-packages/turtlesim/msg/_color_s.c
[99.390s] -- Symlinking: /home/ueux/Desktop/ROS2Humble/basic_ws/install/turtlesim/local/lib/python3.10/dist-packages/turtlesim/msg/_pose.py
[99.451s] -- Symlinking: /home/ueux/Desktop/ROS2Humble/basic_ws/install/turtlesim/local/lib/python3.10/dist-packages/turtlesim/msg/_pose_s.c
[99.475s] -- Symlinking: /home/ueux/Desktop/ROS2Humble/basic_ws/install/turtlesim/local/lib/python3.10/dist-packages/turtlesim/srv/__init__.py
[99.488s] -- Symlinking: /home/ueux/Desktop/ROS2Humble/basic_ws/install/turtlesim/local/lib/python3.10/dist-packages/turtlesim/srv/_kill.py
[99.539s] -- Symlinking: /home/ueux/Desktop/ROS2Humble/basic_ws/install/turtlesim/local/lib/python3.10/dist-packages/turtlesim/srv/_kill_s.c
[99.565s] -- Symlinking: /home/ueux/Desktop/ROS2Humble/basic_ws/install/turtlesim/local/lib/python3.10/dist-packages/turtlesim/srv/_set_pen.py
[99.585s] -- Symlinking: /home/ueux/Desktop/ROS2Humble/basic_ws/install/turtlesim/local/lib/python3.10/dist-packages/turtlesim/srv/_set_pen_s.c
[99.629s] -- Symlinking: /home/ueux/Desktop/ROS2Humble/basic_ws/install/turtlesim/local/lib/python3.10/dist-packages/turtlesim/srv/_spawn.py
[99.678s] -- Symlinking: /home/ueux/Desktop/ROS2Humble/basic_ws/install/turtlesim/local/lib/python3.10/dist-packages/turtlesim/srv/_spawn_s.c
[99.723s] -- Symlinking: /home/ueux/Desktop/ROS2Humble/basic_ws/install/turtlesim/local/lib/python3.10/dist-packages/turtlesim/srv/_teleport_absolute.py
[99.780s] -- Symlinking: /home/ueux/Desktop/ROS2Humble/basic_ws/install/turtlesim/local/lib/python3.10/dist-packages/turtlesim/srv/_teleport_absolute_s.c
[99.796s] -- Symlinking: /home/ueux/Desktop/ROS2Humble/basic_ws/install/turtlesim/local/lib/python3.10/dist-packages/turtlesim/srv/_teleport_relative.py
[99.854s] -- Symlinking: /home/ueux/Desktop/ROS2Humble/basic_ws/install/turtlesim/local/lib/python3.10/dist-packages/turtlesim/srv/_teleport_relative_s.c
[99.910s] -- Symlinking: /home/ueux/Desktop/ROS2Humble/basic_ws/install/turtlesim/local/lib/python3.10/dist-packages/turtlesim/turtlesim_s__rosidl_typesupport_c.cpython-310-x86_64-linux-gnu.so
[99.960s] -- Symlinking: /home/ueux/Desktop/ROS2Humble/basic_ws/install/turtlesim/local/lib/python3.10/dist-packages/turtlesim/turtlesim_s__rosidl_typesupport_fastrtps_c.cpython-310-x86_64-linux-gnu.so
[99.984s] -- Symlinking: /home/ueux/Desktop/ROS2Humble/basic_ws/install/turtlesim/local/lib/python3.10/dist-packages/turtlesim/turtlesim_s__rosidl_typesupport_introspection_c.cpython-310-x86_64-linux-gnu.so
[99.996s] -- Up-to-date symlink: /home/ueux/Desktop/ROS2Humble/basic_ws/install/turtlesim/local/lib/python3.10/dist-packages/turtlesim/turtlesim_s__rosidl_typesupport_fastrtps_c.cpython-310-x86_64-linux-gnu.so
[99.996s] -- Up-to-date symlink: /home/ueux/Desktop/ROS2Humble/basic_ws/install/turtlesim/local/lib/python3.10/dist-packages/turtlesim/turtlesim_s__rosidl_typesupport_introspection_c.cpython-310-x86_64-linux-gnu.so
[99.999s] -- Up-to-date symlink: /home/ueux/Desktop/ROS2Humble/basic_ws/install/turtlesim/local/lib/python3.10/dist-packages/turtlesim/turtlesim_s__rosidl_typesupport_c.cpython-310-x86_64-linux-gnu.so
[99.999s] -- Symlinking: /home/ueux/Desktop/ROS2Humble/basic_ws/install/turtlesim/share/turtlesim/action/RotateAbsolute.idl
[100.014s] -- Symlinking: /home/ueux/Desktop/ROS2Humble/basic_ws/install/turtlesim/share/turtlesim/msg/Color.idl
[100.053s] -- Symlinking: /home/ueux/Desktop/ROS2Humble/basic_ws/install/turtlesim/share/turtlesim/msg/Pose.idl
[100.075s] -- Symlinking: /home/ueux/Desktop/ROS2Humble/basic_ws/install/turtlesim/share/turtlesim/srv/Kill.idl
[100.088s] -- Symlinking: /home/ueux/Desktop/ROS2Humble/basic_ws/install/turtlesim/share/turtlesim/srv/SetPen.idl
[100.099s] -- Symlinking: /home/ueux/Desktop/ROS2Humble/basic_ws/install/turtlesim/share/turtlesim/srv/Spawn.idl
[100.131s] -- Symlinking: /home/ueux/Desktop/ROS2Humble/basic_ws/install/turtlesim/share/turtlesim/srv/TeleportAbsolute.idl
[100.163s] -- Symlinking: /home/ueux/Desktop/ROS2Humble/basic_ws/install/turtlesim/share/turtlesim/srv/TeleportRelative.idl
[100.183s] -- Symlinking: /home/ueux/Desktop/ROS2Humble/basic_ws/install/turtlesim/share/turtlesim/action/RotateAbsolute.action
[100.194s] -- Symlinking: /home/ueux/Desktop/ROS2Humble/basic_ws/install/turtlesim/share/turtlesim/msg/Color.msg
[100.206s] -- Symlinking: /home/ueux/Desktop/ROS2Humble/basic_ws/install/turtlesim/share/turtlesim/msg/Pose.msg
[100.224s] -- Symlinking: /home/ueux/Desktop/ROS2Humble/basic_ws/install/turtlesim/share/turtlesim/srv/Kill.srv
[100.287s] -- Symlinking: /home/ueux/Desktop/ROS2Humble/basic_ws/install/turtlesim/share/turtlesim/srv/Kill_Request.msg
[100.307s] -- Symlinking: /home/ueux/Desktop/ROS2Humble/basic_ws/install/turtlesim/share/turtlesim/srv/Kill_Response.msg
[100.350s] -- Symlinking: /home/ueux/Desktop/ROS2Humble/basic_ws/install/turtlesim/share/turtlesim/srv/SetPen.srv
[100.377s] -- Symlinking: /home/ueux/Desktop/ROS2Humble/basic_ws/install/turtlesim/share/turtlesim/srv/SetPen_Request.msg
[100.398s] -- Symlinking: /home/ueux/Desktop/ROS2Humble/basic_ws/install/turtlesim/share/turtlesim/srv/SetPen_Response.msg
[100.411s] -- Symlinking: /home/ueux/Desktop/ROS2Humble/basic_ws/install/turtlesim/share/turtlesim/srv/Spawn.srv
[100.424s] -- Symlinking: /home/ueux/Desktop/ROS2Humble/basic_ws/install/turtlesim/share/turtlesim/srv/Spawn_Request.msg
[100.490s] -- Symlinking: /home/ueux/Desktop/ROS2Humble/basic_ws/install/turtlesim/share/turtlesim/srv/Spawn_Response.msg
[100.512s] -- Symlinking: /home/ueux/Desktop/ROS2Humble/basic_ws/install/turtlesim/share/turtlesim/srv/TeleportAbsolute.srv
[100.557s] -- Symlinking: /home/ueux/Desktop/ROS2Humble/basic_ws/install/turtlesim/share/turtlesim/srv/TeleportAbsolute_Request.msg
[100.598s] -- Symlinking: /home/ueux/Desktop/ROS2Humble/basic_ws/install/turtlesim/share/turtlesim/srv/TeleportAbsolute_Response.msg
[100.634s] -- Symlinking: /home/ueux/Desktop/ROS2Humble/basic_ws/install/turtlesim/share/turtlesim/srv/TeleportRelative.srv
[100.713s] -- Symlinking: /home/ueux/Desktop/ROS2Humble/basic_ws/install/turtlesim/share/turtlesim/srv/TeleportRelative_Request.msg
[100.724s] -- Symlinking: /home/ueux/Desktop/ROS2Humble/basic_ws/install/turtlesim/share/turtlesim/srv/TeleportRelative_Response.msg
[100.773s] -- Symlinking: /home/ueux/Desktop/ROS2Humble/basic_ws/install/turtlesim/lib/turtlesim/turtlesim_node
[100.793s] -- Symlinking: /home/ueux/Desktop/ROS2Humble/basic_ws/install/turtlesim/lib/turtlesim/turtle_teleop_key
[100.828s] -- Symlinking: /home/ueux/Desktop/ROS2Humble/basic_ws/install/turtlesim/lib/turtlesim/draw_square
[100.867s] -- Symlinking: /home/ueux/Desktop/ROS2Humble/basic_ws/install/turtlesim/lib/turtlesim/mimic
[100.957s] -- Symlinking: /home/ueux/Desktop/ROS2Humble/basic_ws/install/turtlesim/share/turtlesim/launch/multisim.launch.py
[100.984s] -- Symlinking: /home/ueux/Desktop/ROS2Humble/basic_ws/install/turtlesim/share/ament_index/resource_index/package_run_dependencies/turtlesim
[101.013s] -- Symlinking: /home/ueux/Desktop/ROS2Humble/basic_ws/install/turtlesim/share/ament_index/resource_index/parent_prefix_path/turtlesim
[101.033s] -- Symlinking: /home/ueux/Desktop/ROS2Humble/basic_ws/install/turtlesim/share/turtlesim/environment/ament_prefix_path.sh
[101.046s] -- Symlinking: /home/ueux/Desktop/ROS2Humble/basic_ws/install/turtlesim/share/turtlesim/environment/ament_prefix_path.dsv
[101.058s] -- Symlinking: /home/ueux/Desktop/ROS2Humble/basic_ws/install/turtlesim/share/turtlesim/environment/path.sh
[101.087s] -- Symlinking: /home/ueux/Desktop/ROS2Humble/basic_ws/install/turtlesim/share/turtlesim/environment/path.dsv
[101.113s] -- Symlinking: /home/ueux/Desktop/ROS2Humble/basic_ws/install/turtlesim/share/turtlesim/local_setup.bash
[101.139s] -- Symlinking: /home/ueux/Desktop/ROS2Humble/basic_ws/install/turtlesim/share/turtlesim/local_setup.sh
[101.170s] -- Symlinking: /home/ueux/Desktop/ROS2Humble/basic_ws/install/turtlesim/share/turtlesim/local_setup.zsh
[101.194s] -- Symlinking: /home/ueux/Desktop/ROS2Humble/basic_ws/install/turtlesim/share/turtlesim/local_setup.dsv
[101.208s] -- Symlinking: /home/ueux/Desktop/ROS2Humble/basic_ws/install/turtlesim/share/turtlesim/package.dsv
[101.221s] -- Symlinking: /home/ueux/Desktop/ROS2Humble/basic_ws/install/turtlesim/share/ament_index/resource_index/packages/turtlesim
[101.238s] -- Symlinking: /home/ueux/Desktop/ROS2Humble/basic_ws/install/turtlesim/share/turtlesim/cmake/rosidl_cmake-extras.cmake
[101.264s] -- Symlinking: /home/ueux/Desktop/ROS2Humble/basic_ws/install/turtlesim/share/turtlesim/cmake/ament_cmake_export_dependencies-extras.cmake
[101.276s] -- Symlinking: /home/ueux/Desktop/ROS2Humble/basic_ws/install/turtlesim/share/turtlesim/cmake/ament_cmake_export_include_directories-extras.cmake
[101.299s] -- Symlinking: /home/ueux/Desktop/ROS2Humble/basic_ws/install/turtlesim/share/turtlesim/cmake/ament_cmake_export_libraries-extras.cmake
[101.310s] -- Symlinking: /home/ueux/Desktop/ROS2Humble/basic_ws/install/turtlesim/share/turtlesim/cmake/ament_cmake_export_targets-extras.cmake
[101.329s] -- Symlinking: /home/ueux/Desktop/ROS2Humble/basic_ws/install/turtlesim/share/turtlesim/cmake/rosidl_cmake_export_typesupport_targets-extras.cmake
[101.359s] -- Symlinking: /home/ueux/Desktop/ROS2Humble/basic_ws/install/turtlesim/share/turtlesim/cmake/rosidl_cmake_export_typesupport_libraries-extras.cmake
[101.375s] -- Symlinking: /home/ueux/Desktop/ROS2Humble/basic_ws/install/turtlesim/share/turtlesim/cmake/turtlesimConfig.cmake
[101.407s] -- Symlinking: /home/ueux/Desktop/ROS2Humble/basic_ws/install/turtlesim/share/turtlesim/cmake/turtlesimConfig-version.cmake
[101.429s] -- Symlinking: /home/ueux/Desktop/ROS2Humble/basic_ws/install/turtlesim/share/turtlesim/package.xml
[101.527s] -- Installing: /home/ueux/Desktop/ROS2Humble/basic_ws/install/turtlesim/lib/libturtlesim__rosidl_generator_c.so
[101.583s] -- Set runtime path of "/home/ueux/Desktop/ROS2Humble/basic_ws/install/turtlesim/lib/libturtlesim__rosidl_generator_c.so" to ""
[101.609s] -- Installing: /home/ueux/Desktop/ROS2Humble/basic_ws/install/turtlesim/lib/libturtlesim__rosidl_typesupport_fastrtps_c.so
[101.635s] -- Set runtime path of "/home/ueux/Desktop/ROS2Humble/basic_ws/install/turtlesim/lib/libturtlesim__rosidl_typesupport_fastrtps_c.so" to ""
[101.635s] -- Installing: /home/ueux/Desktop/ROS2Humble/basic_ws/install/turtlesim/lib/libturtlesim__rosidl_typesupport_fastrtps_cpp.so
[101.647s] -- Set runtime path of "/home/ueux/Desktop/ROS2Humble/basic_ws/install/turtlesim/lib/libturtlesim__rosidl_typesupport_fastrtps_cpp.so" to ""
[101.647s] -- Installing: /home/ueux/Desktop/ROS2Humble/basic_ws/install/turtlesim/lib/libturtlesim__rosidl_typesupport_introspection_c.so
[101.654s] -- Set runtime path of "/home/ueux/Desktop/ROS2Humble/basic_ws/install/turtlesim/lib/libturtlesim__rosidl_typesupport_introspection_c.so" to ""
[101.655s] -- Installing: /home/ueux/Desktop/ROS2Humble/basic_ws/install/turtlesim/lib/libturtlesim__rosidl_typesupport_c.so
[101.657s] -- Set runtime path of "/home/ueux/Desktop/ROS2Humble/basic_ws/install/turtlesim/lib/libturtlesim__rosidl_typesupport_c.so" to ""
[101.657s] -- Installing: /home/ueux/Desktop/ROS2Humble/basic_ws/install/turtlesim/lib/libturtlesim__rosidl_typesupport_introspection_cpp.so
[101.670s] -- Set runtime path of "/home/ueux/Desktop/ROS2Humble/basic_ws/install/turtlesim/lib/libturtlesim__rosidl_typesupport_introspection_cpp.so" to ""
[101.670s] -- Installing: /home/ueux/Desktop/ROS2Humble/basic_ws/install/turtlesim/lib/libturtlesim__rosidl_typesupport_cpp.so
[101.671s] -- Set runtime path of "/home/ueux/Desktop/ROS2Humble/basic_ws/install/turtlesim/lib/libturtlesim__rosidl_typesupport_cpp.so" to ""
[102.095s] Listing '/home/ueux/Desktop/ROS2Humble/basic_ws/install/turtlesim/local/lib/python3.10/dist-packages/turtlesim'...
[102.096s] Compiling '/home/ueux/Desktop/ROS2Humble/basic_ws/install/turtlesim/local/lib/python3.10/dist-packages/turtlesim/__init__.py'...
[102.096s] Listing '/home/ueux/Desktop/ROS2Humble/basic_ws/install/turtlesim/local/lib/python3.10/dist-packages/turtlesim/action'...
[102.096s] Compiling '/home/ueux/Desktop/ROS2Humble/basic_ws/install/turtlesim/local/lib/python3.10/dist-packages/turtlesim/action/__init__.py'...
[102.097s] Compiling '/home/ueux/Desktop/ROS2Humble/basic_ws/install/turtlesim/local/lib/python3.10/dist-packages/turtlesim/action/_rotate_absolute.py'...
[102.097s] Listing '/home/ueux/Desktop/ROS2Humble/basic_ws/install/turtlesim/local/lib/python3.10/dist-packages/turtlesim/msg'...
[102.097s] Compiling '/home/ueux/Desktop/ROS2Humble/basic_ws/install/turtlesim/local/lib/python3.10/dist-packages/turtlesim/msg/__init__.py'...
[102.097s] Compiling '/home/ueux/Desktop/ROS2Humble/basic_ws/install/turtlesim/local/lib/python3.10/dist-packages/turtlesim/msg/_color.py'...
[102.097s] Compiling '/home/ueux/Desktop/ROS2Humble/basic_ws/install/turtlesim/local/lib/python3.10/dist-packages/turtlesim/msg/_pose.py'...
[102.097s] Listing '/home/ueux/Desktop/ROS2Humble/basic_ws/install/turtlesim/local/lib/python3.10/dist-packages/turtlesim/srv'...
[102.097s] Compiling '/home/ueux/Desktop/ROS2Humble/basic_ws/install/turtlesim/local/lib/python3.10/dist-packages/turtlesim/srv/__init__.py'...
[102.097s] Compiling '/home/ueux/Desktop/ROS2Humble/basic_ws/install/turtlesim/local/lib/python3.10/dist-packages/turtlesim/srv/_kill.py'...
[102.097s] Compiling '/home/ueux/Desktop/ROS2Humble/basic_ws/install/turtlesim/local/lib/python3.10/dist-packages/turtlesim/srv/_set_pen.py'...
[102.097s] Compiling '/home/ueux/Desktop/ROS2Humble/basic_ws/install/turtlesim/local/lib/python3.10/dist-packages/turtlesim/srv/_spawn.py'...
[102.097s] Compiling '/home/ueux/Desktop/ROS2Humble/basic_ws/install/turtlesim/local/lib/python3.10/dist-packages/turtlesim/srv/_teleport_absolute.py'...
[102.097s] Compiling '/home/ueux/Desktop/ROS2Humble/basic_ws/install/turtlesim/local/lib/python3.10/dist-packages/turtlesim/srv/_teleport_relative.py'...
[102.108s] -- Installing: /home/ueux/Desktop/ROS2Humble/basic_ws/install/turtlesim/lib/libturtlesim__rosidl_generator_py.so
[102.108s] -- Set runtime path of "/home/ueux/Desktop/ROS2Humble/basic_ws/install/turtlesim/lib/libturtlesim__rosidl_generator_py.so" to ""
[102.108s] -- Installing: /home/ueux/Desktop/ROS2Humble/basic_ws/install/turtlesim/share/turtlesim/images
[102.116s] -- Installing: /home/ueux/Desktop/ROS2Humble/basic_ws/install/turtlesim/share/turtlesim/images/humble.png
[102.121s] -- Installing: /home/ueux/Desktop/ROS2Humble/basic_ws/install/turtlesim/share/turtlesim/images/dashing.png
[102.121s] -- Installing: /home/ueux/Desktop/ROS2Humble/basic_ws/install/turtlesim/share/turtlesim/images/crystal.png
[102.122s] -- Installing: /home/ueux/Desktop/ROS2Humble/basic_ws/install/turtlesim/share/turtlesim/images/galactic.png
[102.124s] -- Installing: /home/ueux/Desktop/ROS2Humble/basic_ws/install/turtlesim/share/turtlesim/images/eloquent.png
[102.125s] -- Installing: /home/ueux/Desktop/ROS2Humble/basic_ws/install/turtlesim/share/turtlesim/images/foxy.png
[102.125s] -- Installing: /home/ueux/Desktop/ROS2Humble/basic_ws/install/turtlesim/share/turtlesim/images/bouncy.png
[102.127s] -- Installing: /home/ueux/Desktop/ROS2Humble/basic_ws/install/turtlesim/share/turtlesim/images/rolling.png
[102.128s] -- Installing: /home/ueux/Desktop/ROS2Humble/basic_ws/install/turtlesim/share/turtlesim/images/ardent.png
[102.131s] -- Installing: /home/ueux/Desktop/ROS2Humble/basic_ws/install/turtlesim/share/turtlesim/cmake/export_turtlesim__rosidl_generator_cExport.cmake
[102.132s] -- Installing: /home/ueux/Desktop/ROS2Humble/basic_ws/install/turtlesim/share/turtlesim/cmake/export_turtlesim__rosidl_generator_cExport-noconfig.cmake
[102.133s] -- Installing: /home/ueux/Desktop/ROS2Humble/basic_ws/install/turtlesim/share/turtlesim/cmake/export_turtlesim__rosidl_typesupport_fastrtps_cExport.cmake
[102.134s] -- Installing: /home/ueux/Desktop/ROS2Humble/basic_ws/install/turtlesim/share/turtlesim/cmake/export_turtlesim__rosidl_typesupport_fastrtps_cExport-noconfig.cmake
[102.136s] -- Installing: /home/ueux/Desktop/ROS2Humble/basic_ws/install/turtlesim/share/turtlesim/cmake/export_turtlesim__rosidl_generator_cppExport.cmake
[102.137s] -- Installing: /home/ueux/Desktop/ROS2Humble/basic_ws/install/turtlesim/share/turtlesim/cmake/export_turtlesim__rosidl_typesupport_fastrtps_cppExport.cmake
[102.139s] -- Installing: /home/ueux/Desktop/ROS2Humble/basic_ws/install/turtlesim/share/turtlesim/cmake/export_turtlesim__rosidl_typesupport_fastrtps_cppExport-noconfig.cmake
[102.139s] -- Installing: /home/ueux/Desktop/ROS2Humble/basic_ws/install/turtlesim/share/turtlesim/cmake/turtlesim__rosidl_typesupport_introspection_cExport.cmake
[102.142s] -- Installing: /home/ueux/Desktop/ROS2Humble/basic_ws/install/turtlesim/share/turtlesim/cmake/turtlesim__rosidl_typesupport_introspection_cExport-noconfig.cmake
[102.143s] -- Installing: /home/ueux/Desktop/ROS2Humble/basic_ws/install/turtlesim/share/turtlesim/cmake/turtlesim__rosidl_typesupport_cExport.cmake
[102.143s] -- Installing: /home/ueux/Desktop/ROS2Humble/basic_ws/install/turtlesim/share/turtlesim/cmake/turtlesim__rosidl_typesupport_cExport-noconfig.cmake
[102.145s] -- Installing: /home/ueux/Desktop/ROS2Humble/basic_ws/install/turtlesim/share/turtlesim/cmake/turtlesim__rosidl_typesupport_introspection_cppExport.cmake
[102.146s] -- Installing: /home/ueux/Desktop/ROS2Humble/basic_ws/install/turtlesim/share/turtlesim/cmake/turtlesim__rosidl_typesupport_introspection_cppExport-noconfig.cmake
[102.147s] -- Installing: /home/ueux/Desktop/ROS2Humble/basic_ws/install/turtlesim/share/turtlesim/cmake/turtlesim__rosidl_typesupport_cppExport.cmake
[102.148s] -- Installing: /home/ueux/Desktop/ROS2Humble/basic_ws/install/turtlesim/share/turtlesim/cmake/turtlesim__rosidl_typesupport_cppExport-noconfig.cmake
[102.150s] -- Installing: /home/ueux/Desktop/ROS2Humble/basic_ws/install/turtlesim/share/turtlesim/cmake/export_turtlesim__rosidl_generator_pyExport.cmake
[102.152s] -- Installing: /home/ueux/Desktop/ROS2Humble/basic_ws/install/turtlesim/share/turtlesim/cmake/export_turtlesim__rosidl_generator_pyExport-noconfig.cmake
[102.198s] Invoked command in '/home/ueux/Desktop/ROS2Humble/basic_ws/build/turtlesim' returned '0': CMAKE_PREFIX_PATH=/home/ueux/Desktop/ROS2Humble/basic_ws/install/my_robot_controller:/opt/ros/humble /usr/bin/cmake --install /home/ueux/Desktop/ROS2Humble/basic_ws/build/turtlesim
