[0.264s] Invoking command in '/home/vboxuser/Desktop/ROS2Humble/turtlebot3_ws/build/dynamixel_sdk': CMAKE_PREFIX_PATH=${CMAKE_PREFIX_PATH}:/home/vboxuser/Desktop/ROS2Humble/basic_ws/install/pubsub:/home/vboxuser/Desktop/ROS2Humble/ros2_ws/install/my_robot_controller:/home/vboxuser/Desktop/ROS2Humble/urdf_ws/install/teleop_agv_keyboard:/opt/ros/humble /usr/bin/cmake /home/vboxuser/Desktop/ROS2Humble/turtlebot3_ws/src/DynamixelSDK/dynamixel_sdk -DCMAKE_INSTALL_PREFIX=/home/vboxuser/Desktop/ROS2Humble/turtlebot3_ws/install/dynamixel_sdk
[2.301s] -- The C compiler identification is GNU 11.4.0
[2.953s] -- The CXX compiler identification is GNU 11.4.0
[3.098s] -- Detecting C compiler ABI info
[3.990s] -- Detecting C compiler ABI info - done
[3.992s] -- Check for working C compiler: /usr/bin/cc - skipped
[4.003s] -- Detecting C compile features
[4.043s] -- Detecting C compile features - done
[4.066s] -- Detecting CXX compiler ABI info
[4.479s] -- Detecting CXX compiler ABI info - done
[4.516s] -- Check for working CXX compiler: /usr/bin/c++ - skipped
[4.517s] -- Detecting CXX compile features
[4.517s] -- Detecting CXX compile features - done
[4.583s] -- Found ament_cmake: 1.3.11 (/opt/ros/humble/share/ament_cmake/cmake)
[5.146s] -- Found Python3: /usr/bin/python3 (found version "3.10.12") found components: Interpreter 
[5.875s] -- Configuring done
[5.910s] -- Generating done
[6.005s] -- Build files have been written to: /home/vboxuser/Desktop/ROS2Humble/turtlebot3_ws/build/dynamixel_sdk
[6.160s] Invoked command in '/home/vboxuser/Desktop/ROS2Humble/turtlebot3_ws/build/dynamixel_sdk' returned '0': CMAKE_PREFIX_PATH=${CMAKE_PREFIX_PATH}:/home/vboxuser/Desktop/ROS2Humble/basic_ws/install/pubsub:/home/vboxuser/Desktop/ROS2Humble/ros2_ws/install/my_robot_controller:/home/vboxuser/Desktop/ROS2Humble/urdf_ws/install/teleop_agv_keyboard:/opt/ros/humble /usr/bin/cmake /home/vboxuser/Desktop/ROS2Humble/turtlebot3_ws/src/DynamixelSDK/dynamixel_sdk -DCMAKE_INSTALL_PREFIX=/home/vboxuser/Desktop/ROS2Humble/turtlebot3_ws/install/dynamixel_sdk
[6.166s] Invoking command in '/home/vboxuser/Desktop/ROS2Humble/turtlebot3_ws/build/dynamixel_sdk': CMAKE_PREFIX_PATH=${CMAKE_PREFIX_PATH}:/home/vboxuser/Desktop/ROS2Humble/basic_ws/install/pubsub:/home/vboxuser/Desktop/ROS2Humble/ros2_ws/install/my_robot_controller:/home/vboxuser/Desktop/ROS2Humble/urdf_ws/install/teleop_agv_keyboard:/opt/ros/humble /usr/bin/cmake --build /home/vboxuser/Desktop/ROS2Humble/turtlebot3_ws/build/dynamixel_sdk -- -j7 -l7
[6.610s] [ 10%] [32mBuilding CXX object CMakeFiles/dynamixel_sdk.dir/src/dynamixel_sdk/protocol1_packet_handler.cpp.o[0m
[6.611s] [ 20%] [32mBuilding CXX object CMakeFiles/dynamixel_sdk.dir/src/dynamixel_sdk/packet_handler.cpp.o[0m
[6.619s] [ 40%] [32mBuilding CXX object CMakeFiles/dynamixel_sdk.dir/src/dynamixel_sdk/group_bulk_read.cpp.o[0m
[6.619s] [ 40%] [32mBuilding CXX object CMakeFiles/dynamixel_sdk.dir/src/dynamixel_sdk/protocol2_packet_handler.cpp.o[0m
[6.619s] [ 50%] [32mBuilding CXX object CMakeFiles/dynamixel_sdk.dir/src/dynamixel_sdk/group_sync_read.cpp.o[0m
[6.620s] [ 60%] [32mBuilding CXX object CMakeFiles/dynamixel_sdk.dir/src/dynamixel_sdk/group_sync_write.cpp.o[0m
[6.690s] [ 70%] [32mBuilding CXX object CMakeFiles/dynamixel_sdk.dir/src/dynamixel_sdk/group_bulk_write.cpp.o[0m
[7.868s] [ 80%] [32mBuilding CXX object CMakeFiles/dynamixel_sdk.dir/src/dynamixel_sdk/port_handler.cpp.o[0m
[7.920s] [ 90%] [32mBuilding CXX object CMakeFiles/dynamixel_sdk.dir/src/dynamixel_sdk/port_handler_linux.cpp.o[0m
[9.937s] [100%] [32m[1mLinking CXX shared library libdynamixel_sdk.so[0m
[10.269s] [100%] Built target dynamixel_sdk
[10.325s] Invoked command in '/home/vboxuser/Desktop/ROS2Humble/turtlebot3_ws/build/dynamixel_sdk' returned '0': CMAKE_PREFIX_PATH=${CMAKE_PREFIX_PATH}:/home/vboxuser/Desktop/ROS2Humble/basic_ws/install/pubsub:/home/vboxuser/Desktop/ROS2Humble/ros2_ws/install/my_robot_controller:/home/vboxuser/Desktop/ROS2Humble/urdf_ws/install/teleop_agv_keyboard:/opt/ros/humble /usr/bin/cmake --build /home/vboxuser/Desktop/ROS2Humble/turtlebot3_ws/build/dynamixel_sdk -- -j7 -l7
[10.327s] Invoking command in '/home/vboxuser/Desktop/ROS2Humble/turtlebot3_ws/build/dynamixel_sdk': CMAKE_PREFIX_PATH=${CMAKE_PREFIX_PATH}:/home/vboxuser/Desktop/ROS2Humble/basic_ws/install/pubsub:/home/vboxuser/Desktop/ROS2Humble/ros2_ws/install/my_robot_controller:/home/vboxuser/Desktop/ROS2Humble/urdf_ws/install/teleop_agv_keyboard:/opt/ros/humble /usr/bin/cmake --install /home/vboxuser/Desktop/ROS2Humble/turtlebot3_ws/build/dynamixel_sdk
[10.356s] -- Install configuration: ""
[10.356s] -- Installing: /home/vboxuser/Desktop/ROS2Humble/turtlebot3_ws/install/dynamixel_sdk/include/
[10.356s] -- Installing: /home/vboxuser/Desktop/ROS2Humble/turtlebot3_ws/install/dynamixel_sdk/include//dynamixel_sdk
[10.356s] -- Installing: /home/vboxuser/Desktop/ROS2Humble/turtlebot3_ws/install/dynamixel_sdk/include//dynamixel_sdk/port_handler_mac.h
[10.356s] -- Installing: /home/vboxuser/Desktop/ROS2Humble/turtlebot3_ws/install/dynamixel_sdk/include//dynamixel_sdk/group_sync_read.h
[10.357s] -- Installing: /home/vboxuser/Desktop/ROS2Humble/turtlebot3_ws/install/dynamixel_sdk/include//dynamixel_sdk/protocol2_packet_handler.h
[10.358s] -- Installing: /home/vboxuser/Desktop/ROS2Humble/turtlebot3_ws/install/dynamixel_sdk/include//dynamixel_sdk/protocol1_packet_handler.h
[10.358s] -- Installing: /home/vboxuser/Desktop/ROS2Humble/turtlebot3_ws/install/dynamixel_sdk/include//dynamixel_sdk/packet_handler.h
[10.358s] -- Installing: /home/vboxuser/Desktop/ROS2Humble/turtlebot3_ws/install/dynamixel_sdk/include//dynamixel_sdk/group_bulk_write.h
[10.359s] -- Installing: /home/vboxuser/Desktop/ROS2Humble/turtlebot3_ws/install/dynamixel_sdk/include//dynamixel_sdk/port_handler_arduino.h
[10.359s] -- Installing: /home/vboxuser/Desktop/ROS2Humble/turtlebot3_ws/install/dynamixel_sdk/include//dynamixel_sdk/port_handler_windows.h
[10.359s] -- Installing: /home/vboxuser/Desktop/ROS2Humble/turtlebot3_ws/install/dynamixel_sdk/include//dynamixel_sdk/group_sync_write.h
[10.359s] -- Installing: /home/vboxuser/Desktop/ROS2Humble/turtlebot3_ws/install/dynamixel_sdk/include//dynamixel_sdk/port_handler_linux.h
[10.359s] -- Installing: /home/vboxuser/Desktop/ROS2Humble/turtlebot3_ws/install/dynamixel_sdk/include//dynamixel_sdk/dynamixel_sdk.h
[10.359s] -- Installing: /home/vboxuser/Desktop/ROS2Humble/turtlebot3_ws/install/dynamixel_sdk/include//dynamixel_sdk/group_bulk_read.h
[10.359s] -- Installing: /home/vboxuser/Desktop/ROS2Humble/turtlebot3_ws/install/dynamixel_sdk/include//dynamixel_sdk/port_handler.h
[10.361s] -- Installing: /home/vboxuser/Desktop/ROS2Humble/turtlebot3_ws/install/dynamixel_sdk/lib/libdynamixel_sdk.so
[10.361s] -- Installing: /home/vboxuser/Desktop/ROS2Humble/turtlebot3_ws/install/dynamixel_sdk/share/dynamixel_sdk/environment/library_path.sh
[10.361s] -- Installing: /home/vboxuser/Desktop/ROS2Humble/turtlebot3_ws/install/dynamixel_sdk/share/dynamixel_sdk/environment/library_path.dsv
[10.362s] -- Installing: /home/vboxuser/Desktop/ROS2Humble/turtlebot3_ws/install/dynamixel_sdk/share/ament_index/resource_index/package_run_dependencies/dynamixel_sdk
[10.362s] -- Installing: /home/vboxuser/Desktop/ROS2Humble/turtlebot3_ws/install/dynamixel_sdk/share/ament_index/resource_index/parent_prefix_path/dynamixel_sdk
[10.362s] -- Installing: /home/vboxuser/Desktop/ROS2Humble/turtlebot3_ws/install/dynamixel_sdk/share/dynamixel_sdk/environment/ament_prefix_path.sh
[10.362s] -- Installing: /home/vboxuser/Desktop/ROS2Humble/turtlebot3_ws/install/dynamixel_sdk/share/dynamixel_sdk/environment/ament_prefix_path.dsv
[10.362s] -- Installing: /home/vboxuser/Desktop/ROS2Humble/turtlebot3_ws/install/dynamixel_sdk/share/dynamixel_sdk/environment/path.sh
[10.362s] -- Installing: /home/vboxuser/Desktop/ROS2Humble/turtlebot3_ws/install/dynamixel_sdk/share/dynamixel_sdk/environment/path.dsv
[10.363s] -- Installing: /home/vboxuser/Desktop/ROS2Humble/turtlebot3_ws/install/dynamixel_sdk/share/dynamixel_sdk/local_setup.bash
[10.363s] -- Installing: /home/vboxuser/Desktop/ROS2Humble/turtlebot3_ws/install/dynamixel_sdk/share/dynamixel_sdk/local_setup.sh
[10.363s] -- Installing: /home/vboxuser/Desktop/ROS2Humble/turtlebot3_ws/install/dynamixel_sdk/share/dynamixel_sdk/local_setup.zsh
[10.364s] -- Installing: /home/vboxuser/Desktop/ROS2Humble/turtlebot3_ws/install/dynamixel_sdk/share/dynamixel_sdk/local_setup.dsv
[10.364s] -- Installing: /home/vboxuser/Desktop/ROS2Humble/turtlebot3_ws/install/dynamixel_sdk/share/dynamixel_sdk/package.dsv
[10.364s] -- Installing: /home/vboxuser/Desktop/ROS2Humble/turtlebot3_ws/install/dynamixel_sdk/share/ament_index/resource_index/packages/dynamixel_sdk
[10.364s] -- Installing: /home/vboxuser/Desktop/ROS2Humble/turtlebot3_ws/install/dynamixel_sdk/share/dynamixel_sdk/cmake/ament_cmake_export_include_directories-extras.cmake
[10.364s] -- Installing: /home/vboxuser/Desktop/ROS2Humble/turtlebot3_ws/install/dynamixel_sdk/share/dynamixel_sdk/cmake/ament_cmake_export_libraries-extras.cmake
[10.364s] -- Installing: /home/vboxuser/Desktop/ROS2Humble/turtlebot3_ws/install/dynamixel_sdk/share/dynamixel_sdk/cmake/dynamixel_sdkConfig.cmake
[10.365s] -- Installing: /home/vboxuser/Desktop/ROS2Humble/turtlebot3_ws/install/dynamixel_sdk/share/dynamixel_sdk/cmake/dynamixel_sdkConfig-version.cmake
[10.365s] -- Installing: /home/vboxuser/Desktop/ROS2Humble/turtlebot3_ws/install/dynamixel_sdk/share/dynamixel_sdk/package.xml
[10.373s] Invoked command in '/home/vboxuser/Desktop/ROS2Humble/turtlebot3_ws/build/dynamixel_sdk' returned '0': CMAKE_PREFIX_PATH=${CMAKE_PREFIX_PATH}:/home/vboxuser/Desktop/ROS2Humble/basic_ws/install/pubsub:/home/vboxuser/Desktop/ROS2Humble/ros2_ws/install/my_robot_controller:/home/vboxuser/Desktop/ROS2Humble/urdf_ws/install/teleop_agv_keyboard:/opt/ros/humble /usr/bin/cmake --install /home/vboxuser/Desktop/ROS2Humble/turtlebot3_ws/build/dynamixel_sdk
