[0.105s] Invoking command in '/home/navaneeth/Documents/course/Practice_programs/ROS2/urdf_ws/build/my_first_pkg': CMAKE_PREFIX_PATH=/opt/ros/humble /usr/bin/cmake /home/navaneeth/Documents/course/Practice_programs/ROS2/urdf_ws/src/my_first_pkg -DCMAKE_INSTALL_PREFIX=/home/navaneeth/Documents/course/Practice_programs/ROS2/urdf_ws/install/my_first_pkg
[0.161s] -- The C compiler identification is GNU 11.4.0
[0.203s] -- The CXX compiler identification is GNU 11.4.0
[0.208s] -- Detecting C compiler ABI info
[0.277s] -- Detecting C compiler ABI info - done
[0.283s] -- Check for working C compiler: /usr/bin/cc - skipped
[0.283s] -- Detecting C compile features
[0.283s] -- Detecting C compile features - done
[0.285s] -- Detecting CXX compiler ABI info
[0.360s] -- Detecting CXX compiler ABI info - done
[0.366s] -- Check for working CXX compiler: /usr/bin/c++ - skipped
[0.366s] -- Detecting CXX compile features
[0.366s] -- Detecting CXX compile features - done
[0.368s] -- Found ament_cmake: 1.3.6 (/opt/ros/humble/share/ament_cmake/cmake)
[0.510s] -- Found Python3: /usr/bin/python3.10 (found version "3.10.12") found components: Interpreter 
[0.584s] -- Found ament_lint_auto: 0.12.9 (/opt/ros/humble/share/ament_lint_auto/cmake)
[0.654s] -- Added test 'copyright' to check source files copyright and LICENSE
[0.656s] -- Added test 'cppcheck' to perform static code analysis on C / C++ code
[0.656s] -- Configured cppcheck include dirs: $<BUILD_INTERFACE:/home/navaneeth/Documents/course/Practice_programs/ROS2/urdf_ws/src/my_first_pkg/include>
[0.656s] -- Configured cppcheck exclude dirs and/or files: 
[0.658s] -- Added test 'cpplint' to check C / C++ code against the Google style
[0.658s] -- Configured cpplint exclude dirs and/or files: 
[0.659s] -- Added test 'flake8' to check Python code syntax and style conventions
[0.659s] -- Added test 'lint_cmake' to check CMake code style
[0.660s] -- Added test 'pep257' to check Python code against some of the docstring style conventions in PEP 257
[0.662s] -- Added test 'uncrustify' to check C / C++ code style
[0.662s] -- Configured uncrustify additional arguments: 
[0.662s] -- Added test 'xmllint' to check XML markup files
[0.664s] -- Configuring done
[0.668s] -- Generating done
[0.668s] -- Build files have been written to: /home/navaneeth/Documents/course/Practice_programs/ROS2/urdf_ws/build/my_first_pkg
[0.673s] Invoked command in '/home/navaneeth/Documents/course/Practice_programs/ROS2/urdf_ws/build/my_first_pkg' returned '0': CMAKE_PREFIX_PATH=/opt/ros/humble /usr/bin/cmake /home/navaneeth/Documents/course/Practice_programs/ROS2/urdf_ws/src/my_first_pkg -DCMAKE_INSTALL_PREFIX=/home/navaneeth/Documents/course/Practice_programs/ROS2/urdf_ws/install/my_first_pkg
[0.675s] Invoking command in '/home/navaneeth/Documents/course/Practice_programs/ROS2/urdf_ws/build/my_first_pkg': CMAKE_PREFIX_PATH=/opt/ros/humble /usr/bin/cmake --build /home/navaneeth/Documents/course/Practice_programs/ROS2/urdf_ws/build/my_first_pkg -- -j16 -l16
[0.720s] [ 50%] [32mBuilding CXX object CMakeFiles/my_node.dir/src/my_node.cpp.o[0m
[0.758s] [100%] [32m[1mLinking CXX executable my_node[0m
[0.802s] [100%] Built target my_node
[0.819s] Invoked command in '/home/navaneeth/Documents/course/Practice_programs/ROS2/urdf_ws/build/my_first_pkg' returned '0': CMAKE_PREFIX_PATH=/opt/ros/humble /usr/bin/cmake --build /home/navaneeth/Documents/course/Practice_programs/ROS2/urdf_ws/build/my_first_pkg -- -j16 -l16
[0.852s] Invoking command in '/home/navaneeth/Documents/course/Practice_programs/ROS2/urdf_ws/build/my_first_pkg': CMAKE_PREFIX_PATH=/opt/ros/humble /usr/bin/cmake --install /home/navaneeth/Documents/course/Practice_programs/ROS2/urdf_ws/build/my_first_pkg
[0.860s] -- Install configuration: ""
[0.860s] -- Installing: /home/navaneeth/Documents/course/Practice_programs/ROS2/urdf_ws/install/my_first_pkg/lib/my_first_pkg/my_node
[0.860s] -- Installing: /home/navaneeth/Documents/course/Practice_programs/ROS2/urdf_ws/install/my_first_pkg/share/my_first_pkg//launch
[0.860s] -- Installing: /home/navaneeth/Documents/course/Practice_programs/ROS2/urdf_ws/install/my_first_pkg/share/my_first_pkg//launch/display.launch.py
[0.860s] -- Installing: /home/navaneeth/Documents/course/Practice_programs/ROS2/urdf_ws/install/my_first_pkg/share/my_first_pkg//launch/gazebo.launch.py
[0.861s] -- Installing: /home/navaneeth/Documents/course/Practice_programs/ROS2/urdf_ws/install/my_first_pkg/share/my_first_pkg//urdf
[0.861s] -- Installing: /home/navaneeth/Documents/course/Practice_programs/ROS2/urdf_ws/install/my_first_pkg/share/my_first_pkg//urdf/my_robot.urdf
[0.861s] -- Installing: /home/navaneeth/Documents/course/Practice_programs/ROS2/urdf_ws/install/my_first_pkg/share/my_first_pkg//rviz
[0.861s] -- Installing: /home/navaneeth/Documents/course/Practice_programs/ROS2/urdf_ws/install/my_first_pkg/share/my_first_pkg//rviz/config.rviz
[0.861s] -- Installing: /home/navaneeth/Documents/course/Practice_programs/ROS2/urdf_ws/install/my_first_pkg/share/ament_index/resource_index/package_run_dependencies/my_first_pkg
[0.861s] -- Installing: /home/navaneeth/Documents/course/Practice_programs/ROS2/urdf_ws/install/my_first_pkg/share/ament_index/resource_index/parent_prefix_path/my_first_pkg
[0.861s] -- Installing: /home/navaneeth/Documents/course/Practice_programs/ROS2/urdf_ws/install/my_first_pkg/share/my_first_pkg/environment/ament_prefix_path.sh
[0.861s] -- Installing: /home/navaneeth/Documents/course/Practice_programs/ROS2/urdf_ws/install/my_first_pkg/share/my_first_pkg/environment/ament_prefix_path.dsv
[0.861s] -- Installing: /home/navaneeth/Documents/course/Practice_programs/ROS2/urdf_ws/install/my_first_pkg/share/my_first_pkg/environment/path.sh
[0.862s] -- Installing: /home/navaneeth/Documents/course/Practice_programs/ROS2/urdf_ws/install/my_first_pkg/share/my_first_pkg/environment/path.dsv
[0.862s] -- Installing: /home/navaneeth/Documents/course/Practice_programs/ROS2/urdf_ws/install/my_first_pkg/share/my_first_pkg/local_setup.bash
[0.862s] -- Installing: /home/navaneeth/Documents/course/Practice_programs/ROS2/urdf_ws/install/my_first_pkg/share/my_first_pkg/local_setup.sh
[0.862s] -- Installing: /home/navaneeth/Documents/course/Practice_programs/ROS2/urdf_ws/install/my_first_pkg/share/my_first_pkg/local_setup.zsh
[0.862s] -- Installing: /home/navaneeth/Documents/course/Practice_programs/ROS2/urdf_ws/install/my_first_pkg/share/my_first_pkg/local_setup.dsv
[0.862s] -- Installing: /home/navaneeth/Documents/course/Practice_programs/ROS2/urdf_ws/install/my_first_pkg/share/my_first_pkg/package.dsv
[0.862s] -- Installing: /home/navaneeth/Documents/course/Practice_programs/ROS2/urdf_ws/install/my_first_pkg/share/ament_index/resource_index/packages/my_first_pkg
[0.862s] -- Installing: /home/navaneeth/Documents/course/Practice_programs/ROS2/urdf_ws/install/my_first_pkg/share/my_first_pkg/cmake/my_first_pkgConfig.cmake
[0.862s] -- Installing: /home/navaneeth/Documents/course/Practice_programs/ROS2/urdf_ws/install/my_first_pkg/share/my_first_pkg/cmake/my_first_pkgConfig-version.cmake
[0.862s] -- Installing: /home/navaneeth/Documents/course/Practice_programs/ROS2/urdf_ws/install/my_first_pkg/share/my_first_pkg/package.xml
[0.864s] Invoked command in '/home/navaneeth/Documents/course/Practice_programs/ROS2/urdf_ws/build/my_first_pkg' returned '0': CMAKE_PREFIX_PATH=/opt/ros/humble /usr/bin/cmake --install /home/navaneeth/Documents/course/Practice_programs/ROS2/urdf_ws/build/my_first_pkg
