[0.669s] Invoking command in '/home/navaneeth/Documents/course/Practice_programs/ROS2/roboai_ws/src/pubsub': PYTHONPATH=/home/navaneeth/Documents/course/Practice_programs/ROS2/roboai_ws/build/pubsub/prefix_override:/home/navaneeth/Documents/course/Practice_programs/ROS2/roboai_ws/install/pubsub/lib/python3.10/site-packages:${PYTHONPATH} /usr/bin/python3 setup.py egg_info --egg-base ../../build/pubsub build --build-base /home/navaneeth/Documents/course/Practice_programs/ROS2/roboai_ws/build/pubsub/build install --record /home/navaneeth/Documents/course/Practice_programs/ROS2/roboai_ws/build/pubsub/install.log --single-version-externally-managed
[0.857s] running egg_info
[0.858s] writing ../../build/pubsub/pubsub.egg-info/PKG-INFO
[0.858s] writing dependency_links to ../../build/pubsub/pubsub.egg-info/dependency_links.txt
[0.858s] writing entry points to ../../build/pubsub/pubsub.egg-info/entry_points.txt
[0.858s] writing requirements to ../../build/pubsub/pubsub.egg-info/requires.txt
[0.858s] writing top-level names to ../../build/pubsub/pubsub.egg-info/top_level.txt
[0.859s] reading manifest file '../../build/pubsub/pubsub.egg-info/SOURCES.txt'
[0.860s] adding license file 'LICENSE'
[0.860s] writing manifest file '../../build/pubsub/pubsub.egg-info/SOURCES.txt'
[0.861s] running build
[0.861s] running build_py
[0.861s] copying pubsub/publisher.py -> /home/navaneeth/Documents/course/Practice_programs/ROS2/roboai_ws/build/pubsub/build/lib/pubsub
[0.861s] copying pubsub/subscriber.py -> /home/navaneeth/Documents/course/Practice_programs/ROS2/roboai_ws/build/pubsub/build/lib/pubsub
[0.861s] running install
[0.861s] /usr/lib/python3/dist-packages/setuptools/command/install.py:34: SetuptoolsDeprecationWarning: setup.py install is deprecated. Use build and pip and other standards-based tools.
[0.861s]   warnings.warn(
[0.862s] running install_lib
[0.862s] copying /home/navaneeth/Documents/course/Practice_programs/ROS2/roboai_ws/build/pubsub/build/lib/pubsub/publisher.py -> /home/navaneeth/Documents/course/Practice_programs/ROS2/roboai_ws/install/pubsub/lib/python3.10/site-packages/pubsub
[0.862s] copying /home/navaneeth/Documents/course/Practice_programs/ROS2/roboai_ws/build/pubsub/build/lib/pubsub/subscriber.py -> /home/navaneeth/Documents/course/Practice_programs/ROS2/roboai_ws/install/pubsub/lib/python3.10/site-packages/pubsub
[0.862s] byte-compiling /home/navaneeth/Documents/course/Practice_programs/ROS2/roboai_ws/install/pubsub/lib/python3.10/site-packages/pubsub/publisher.py to publisher.cpython-310.pyc
[0.862s] byte-compiling /home/navaneeth/Documents/course/Practice_programs/ROS2/roboai_ws/install/pubsub/lib/python3.10/site-packages/pubsub/subscriber.py to subscriber.cpython-310.pyc
[0.862s] running install_data
[0.863s] copying package.xml -> /home/navaneeth/Documents/course/Practice_programs/ROS2/roboai_ws/install/pubsub/share/pubsub
[0.863s] running install_egg_info
[0.864s] removing '/home/navaneeth/Documents/course/Practice_programs/ROS2/roboai_ws/install/pubsub/lib/python3.10/site-packages/pubsub-0.0.0-py3.10.egg-info' (and everything under it)
[0.864s] Copying ../../build/pubsub/pubsub.egg-info to /home/navaneeth/Documents/course/Practice_programs/ROS2/roboai_ws/install/pubsub/lib/python3.10/site-packages/pubsub-0.0.0-py3.10.egg-info
[0.865s] running install_scripts
[0.880s] Installing listener script to /home/navaneeth/Documents/course/Practice_programs/ROS2/roboai_ws/install/pubsub/lib/pubsub
[0.880s] Installing talker script to /home/navaneeth/Documents/course/Practice_programs/ROS2/roboai_ws/install/pubsub/lib/pubsub
[0.881s] writing list of installed files to '/home/navaneeth/Documents/course/Practice_programs/ROS2/roboai_ws/build/pubsub/install.log'
[0.896s] Invoked command in '/home/navaneeth/Documents/course/Practice_programs/ROS2/roboai_ws/src/pubsub' returned '0': PYTHONPATH=/home/navaneeth/Documents/course/Practice_programs/ROS2/roboai_ws/build/pubsub/prefix_override:/home/navaneeth/Documents/course/Practice_programs/ROS2/roboai_ws/install/pubsub/lib/python3.10/site-packages:${PYTHONPATH} /usr/bin/python3 setup.py egg_info --egg-base ../../build/pubsub build --build-base /home/navaneeth/Documents/course/Practice_programs/ROS2/roboai_ws/build/pubsub/build install --record /home/navaneeth/Documents/course/Practice_programs/ROS2/roboai_ws/build/pubsub/install.log --single-version-externally-managed
