[0.741s] Invoking command in '/home/ueux/Desktop/ROS2Humble/basic_ws/src/my_robot_controller': PYTHONPATH=/home/ueux/Desktop/ROS2Humble/basic_ws/build/my_robot_controller/prefix_override:/usr/lib/python3/dist-packages/colcon_core/task/python/colcon_distutils_commands:/home/ueux/Desktop/ROS2Humble/basic_ws/install/my_robot_controller/lib/python3.10/site-packages:${PYTHONPATH} /usr/bin/python3 -W ignore:setup.py install is deprecated -W ignore:easy_install command is deprecated setup.py egg_info --egg-base ../../build/my_robot_controller build --build-base /home/ueux/Desktop/ROS2Humble/basic_ws/build/my_robot_controller/build install --record /home/ueux/Desktop/ROS2Humble/basic_ws/build/my_robot_controller/install.log --single-version-externally-managed install_data
[0.922s] running egg_info
[0.922s] creating ../../build/my_robot_controller/my_robot_controller.egg-info
[0.923s] writing ../../build/my_robot_controller/my_robot_controller.egg-info/PKG-INFO
[0.923s] writing dependency_links to ../../build/my_robot_controller/my_robot_controller.egg-info/dependency_links.txt
[0.924s] writing entry points to ../../build/my_robot_controller/my_robot_controller.egg-info/entry_points.txt
[0.925s] writing requirements to ../../build/my_robot_controller/my_robot_controller.egg-info/requires.txt
[0.925s] writing top-level names to ../../build/my_robot_controller/my_robot_controller.egg-info/top_level.txt
[0.925s] writing manifest file '../../build/my_robot_controller/my_robot_controller.egg-info/SOURCES.txt'
[0.929s] reading manifest file '../../build/my_robot_controller/my_robot_controller.egg-info/SOURCES.txt'
[0.930s] writing manifest file '../../build/my_robot_controller/my_robot_controller.egg-info/SOURCES.txt'
[0.930s] running build
[0.930s] running build_py
[0.931s] creating /home/ueux/Desktop/ROS2Humble/basic_ws/build/my_robot_controller/build
[0.931s] creating /home/ueux/Desktop/ROS2Humble/basic_ws/build/my_robot_controller/build/lib
[0.931s] creating /home/ueux/Desktop/ROS2Humble/basic_ws/build/my_robot_controller/build/lib/my_robot_controller
[0.931s] copying my_robot_controller/pose_subscriber.py -> /home/ueux/Desktop/ROS2Humble/basic_ws/build/my_robot_controller/build/lib/my_robot_controller
[0.932s] copying my_robot_controller/my_first_node.py -> /home/ueux/Desktop/ROS2Humble/basic_ws/build/my_robot_controller/build/lib/my_robot_controller
[0.933s] copying my_robot_controller/__init__.py -> /home/ueux/Desktop/ROS2Humble/basic_ws/build/my_robot_controller/build/lib/my_robot_controller
[0.933s] copying my_robot_controller/draw_cycle.py -> /home/ueux/Desktop/ROS2Humble/basic_ws/build/my_robot_controller/build/lib/my_robot_controller
[0.934s] copying my_robot_controller/turtle_controller.py -> /home/ueux/Desktop/ROS2Humble/basic_ws/build/my_robot_controller/build/lib/my_robot_controller
[0.934s] running install
[0.935s] running install_lib
[0.936s] creating /home/ueux/Desktop/ROS2Humble/basic_ws/install/my_robot_controller/lib/python3.10/site-packages/my_robot_controller
[0.936s] copying /home/ueux/Desktop/ROS2Humble/basic_ws/build/my_robot_controller/build/lib/my_robot_controller/pose_subscriber.py -> /home/ueux/Desktop/ROS2Humble/basic_ws/install/my_robot_controller/lib/python3.10/site-packages/my_robot_controller
[0.936s] copying /home/ueux/Desktop/ROS2Humble/basic_ws/build/my_robot_controller/build/lib/my_robot_controller/my_first_node.py -> /home/ueux/Desktop/ROS2Humble/basic_ws/install/my_robot_controller/lib/python3.10/site-packages/my_robot_controller
[0.936s] copying /home/ueux/Desktop/ROS2Humble/basic_ws/build/my_robot_controller/build/lib/my_robot_controller/__init__.py -> /home/ueux/Desktop/ROS2Humble/basic_ws/install/my_robot_controller/lib/python3.10/site-packages/my_robot_controller
[0.936s] copying /home/ueux/Desktop/ROS2Humble/basic_ws/build/my_robot_controller/build/lib/my_robot_controller/draw_cycle.py -> /home/ueux/Desktop/ROS2Humble/basic_ws/install/my_robot_controller/lib/python3.10/site-packages/my_robot_controller
[0.936s] copying /home/ueux/Desktop/ROS2Humble/basic_ws/build/my_robot_controller/build/lib/my_robot_controller/turtle_controller.py -> /home/ueux/Desktop/ROS2Humble/basic_ws/install/my_robot_controller/lib/python3.10/site-packages/my_robot_controller
[0.937s] byte-compiling /home/ueux/Desktop/ROS2Humble/basic_ws/install/my_robot_controller/lib/python3.10/site-packages/my_robot_controller/pose_subscriber.py to pose_subscriber.cpython-310.pyc
[0.937s] byte-compiling /home/ueux/Desktop/ROS2Humble/basic_ws/install/my_robot_controller/lib/python3.10/site-packages/my_robot_controller/my_first_node.py to my_first_node.cpython-310.pyc
[0.938s] byte-compiling /home/ueux/Desktop/ROS2Humble/basic_ws/install/my_robot_controller/lib/python3.10/site-packages/my_robot_controller/__init__.py to __init__.cpython-310.pyc
[0.938s] byte-compiling /home/ueux/Desktop/ROS2Humble/basic_ws/install/my_robot_controller/lib/python3.10/site-packages/my_robot_controller/draw_cycle.py to draw_cycle.cpython-310.pyc
[0.939s] byte-compiling /home/ueux/Desktop/ROS2Humble/basic_ws/install/my_robot_controller/lib/python3.10/site-packages/my_robot_controller/turtle_controller.py to turtle_controller.cpython-310.pyc
[0.942s] running install_data
[0.942s] creating /home/ueux/Desktop/ROS2Humble/basic_ws/install/my_robot_controller/share/ament_index
[0.942s] creating /home/ueux/Desktop/ROS2Humble/basic_ws/install/my_robot_controller/share/ament_index/resource_index
[0.942s] creating /home/ueux/Desktop/ROS2Humble/basic_ws/install/my_robot_controller/share/ament_index/resource_index/packages
[0.942s] copying resource/my_robot_controller -> /home/ueux/Desktop/ROS2Humble/basic_ws/install/my_robot_controller/share/ament_index/resource_index/packages
[0.942s] copying package.xml -> /home/ueux/Desktop/ROS2Humble/basic_ws/install/my_robot_controller/share/my_robot_controller
[0.942s] running install_egg_info
[0.944s] Copying ../../build/my_robot_controller/my_robot_controller.egg-info to /home/ueux/Desktop/ROS2Humble/basic_ws/install/my_robot_controller/lib/python3.10/site-packages/my_robot_controller-0.0.0-py3.10.egg-info
[0.946s] running install_scripts
[0.963s] Installing draw_circle script to /home/ueux/Desktop/ROS2Humble/basic_ws/install/my_robot_controller/lib/my_robot_controller
[0.964s] Installing pose_subscriber script to /home/ueux/Desktop/ROS2Humble/basic_ws/install/my_robot_controller/lib/my_robot_controller
[0.964s] Installing test_node script to /home/ueux/Desktop/ROS2Humble/basic_ws/install/my_robot_controller/lib/my_robot_controller
[0.964s] Installing turtle_controller script to /home/ueux/Desktop/ROS2Humble/basic_ws/install/my_robot_controller/lib/my_robot_controller
[0.964s] writing list of installed files to '/home/ueux/Desktop/ROS2Humble/basic_ws/build/my_robot_controller/install.log'
[0.993s] Invoked command in '/home/ueux/Desktop/ROS2Humble/basic_ws/src/my_robot_controller' returned '0': PYTHONPATH=/home/ueux/Desktop/ROS2Humble/basic_ws/build/my_robot_controller/prefix_override:/usr/lib/python3/dist-packages/colcon_core/task/python/colcon_distutils_commands:/home/ueux/Desktop/ROS2Humble/basic_ws/install/my_robot_controller/lib/python3.10/site-packages:${PYTHONPATH} /usr/bin/python3 -W ignore:setup.py install is deprecated -W ignore:easy_install command is deprecated setup.py egg_info --egg-base ../../build/my_robot_controller build --build-base /home/ueux/Desktop/ROS2Humble/basic_ws/build/my_robot_controller/build install --record /home/ueux/Desktop/ROS2Humble/basic_ws/build/my_robot_controller/install.log --single-version-externally-managed install_data
