[0.218s] DEBUG:colcon:Command line arguments: ['/usr/bin/colcon', 'build']
[0.218s] DEBUG:colcon:Parsed command line arguments: Namespace(log_base=None, log_level=None, verb_name='build', build_base='build', install_base='install', merge_install=False, symlink_install=False, test_result_base=None, continue_on_error=False, executor='parallel', parallel_workers=7, event_handlers=None, ignore_user_meta=False, metas=['./colcon.meta'], base_paths=['.'], packages_ignore=None, packages_ignore_regex=None, paths=None, packages_up_to=None, packages_up_to_regex=None, packages_above=None, packages_above_and_dependencies=None, packages_above_depth=None, packages_select_by_dep=None, packages_skip_by_dep=None, packages_skip_up_to=None, packages_select_build_failed=False, packages_skip_build_finished=False, packages_select_test_failures=False, packages_skip_test_passed=False, packages_select=None, packages_skip=None, packages_select_regex=None, packages_skip_regex=None, packages_start=None, packages_end=None, allow_overriding=[], cmake_args=None, cmake_target=None, cmake_target_skip_unavailable=False, cmake_clean_cache=False, cmake_clean_first=False, cmake_force_configure=False, ament_cmake_args=None, catkin_cmake_args=None, catkin_skip_building_tests=False, mixin_files=None, mixin=None, verb_parser=<colcon_mixin.mixin.mixin_argument.MixinArgumentDecorator object at 0x77bee46557b0>, verb_extension=<colcon_core.verb.build.BuildVerb object at 0x77bee4762740>, main=<bound method BuildVerb.main of <colcon_core.verb.build.BuildVerb object at 0x77bee4762740>>, mixin_verb=('build',))
[0.488s] Level 1:colcon.colcon_core.package_discovery:discover_packages(colcon_meta) check parameters
[0.488s] Level 1:colcon.colcon_core.package_discovery:discover_packages(recursive) check parameters
[0.488s] Level 1:colcon.colcon_core.package_discovery:discover_packages(ignore) check parameters
[0.488s] Level 1:colcon.colcon_core.package_discovery:discover_packages(path) check parameters
[0.488s] Level 1:colcon.colcon_core.package_discovery:discover_packages(colcon_meta) discover
[0.488s] Level 1:colcon.colcon_core.package_discovery:discover_packages(recursive) discover
[0.488s] INFO:colcon.colcon_core.package_discovery:Crawling recursively for packages in '/home/vboxuser/Desktop/ROS2Humble/urdf_ws'
[0.489s] Level 1:colcon.colcon_core.package_identification:_identify(.) by extensions ['ignore', 'ignore_ament_install']
[0.489s] Level 1:colcon.colcon_core.package_identification:_identify(.) by extension 'ignore'
[0.489s] Level 1:colcon.colcon_core.package_identification:_identify(.) by extension 'ignore_ament_install'
[0.489s] Level 1:colcon.colcon_core.package_identification:_identify(.) by extensions ['colcon_pkg']
[0.489s] Level 1:colcon.colcon_core.package_identification:_identify(.) by extension 'colcon_pkg'
[0.489s] Level 1:colcon.colcon_core.package_identification:_identify(.) by extensions ['colcon_meta']
[0.489s] Level 1:colcon.colcon_core.package_identification:_identify(.) by extension 'colcon_meta'
[0.489s] Level 1:colcon.colcon_core.package_identification:_identify(.) by extensions ['ros']
[0.489s] Level 1:colcon.colcon_core.package_identification:_identify(.) by extension 'ros'
[0.521s] Level 1:colcon.colcon_core.package_identification:_identify(.) by extensions ['cmake', 'python']
[0.521s] Level 1:colcon.colcon_core.package_identification:_identify(.) by extension 'cmake'
[0.526s] Level 1:colcon.colcon_core.package_identification:_identify(.) by extension 'python'
[0.526s] Level 1:colcon.colcon_core.package_identification:_identify(.) by extensions ['python_setup_py']
[0.526s] Level 1:colcon.colcon_core.package_identification:_identify(.) by extension 'python_setup_py'
[0.527s] Level 1:colcon.colcon_core.package_identification:_identify(build) by extensions ['ignore', 'ignore_ament_install']
[0.528s] Level 1:colcon.colcon_core.package_identification:_identify(build) by extension 'ignore'
[0.528s] Level 1:colcon.colcon_core.package_identification:_identify(build) ignored
[0.529s] Level 1:colcon.colcon_core.package_identification:_identify(install) by extensions ['ignore', 'ignore_ament_install']
[0.529s] Level 1:colcon.colcon_core.package_identification:_identify(install) by extension 'ignore'
[0.529s] Level 1:colcon.colcon_core.package_identification:_identify(install) ignored
[0.530s] Level 1:colcon.colcon_core.package_identification:_identify(log) by extensions ['ignore', 'ignore_ament_install']
[0.530s] Level 1:colcon.colcon_core.package_identification:_identify(log) by extension 'ignore'
[0.530s] Level 1:colcon.colcon_core.package_identification:_identify(log) ignored
[0.530s] Level 1:colcon.colcon_core.package_identification:_identify(src) by extensions ['ignore', 'ignore_ament_install']
[0.530s] Level 1:colcon.colcon_core.package_identification:_identify(src) by extension 'ignore'
[0.530s] Level 1:colcon.colcon_core.package_identification:_identify(src) by extension 'ignore_ament_install'
[0.530s] Level 1:colcon.colcon_core.package_identification:_identify(src) by extensions ['colcon_pkg']
[0.531s] Level 1:colcon.colcon_core.package_identification:_identify(src) by extension 'colcon_pkg'
[0.531s] Level 1:colcon.colcon_core.package_identification:_identify(src) by extensions ['colcon_meta']
[0.531s] Level 1:colcon.colcon_core.package_identification:_identify(src) by extension 'colcon_meta'
[0.531s] Level 1:colcon.colcon_core.package_identification:_identify(src) by extensions ['ros']
[0.531s] Level 1:colcon.colcon_core.package_identification:_identify(src) by extension 'ros'
[0.531s] Level 1:colcon.colcon_core.package_identification:_identify(src) by extensions ['cmake', 'python']
[0.531s] Level 1:colcon.colcon_core.package_identification:_identify(src) by extension 'cmake'
[0.531s] Level 1:colcon.colcon_core.package_identification:_identify(src) by extension 'python'
[0.531s] Level 1:colcon.colcon_core.package_identification:_identify(src) by extensions ['python_setup_py']
[0.531s] Level 1:colcon.colcon_core.package_identification:_identify(src) by extension 'python_setup_py'
[0.531s] Level 1:colcon.colcon_core.package_identification:_identify(src/my_first_pkg) by extensions ['ignore', 'ignore_ament_install']
[0.531s] Level 1:colcon.colcon_core.package_identification:_identify(src/my_first_pkg) by extension 'ignore'
[0.531s] Level 1:colcon.colcon_core.package_identification:_identify(src/my_first_pkg) by extension 'ignore_ament_install'
[0.531s] Level 1:colcon.colcon_core.package_identification:_identify(src/my_first_pkg) by extensions ['colcon_pkg']
[0.531s] Level 1:colcon.colcon_core.package_identification:_identify(src/my_first_pkg) by extension 'colcon_pkg'
[0.531s] Level 1:colcon.colcon_core.package_identification:_identify(src/my_first_pkg) by extensions ['colcon_meta']
[0.531s] Level 1:colcon.colcon_core.package_identification:_identify(src/my_first_pkg) by extension 'colcon_meta'
[0.531s] Level 1:colcon.colcon_core.package_identification:_identify(src/my_first_pkg) by extensions ['ros']
[0.531s] Level 1:colcon.colcon_core.package_identification:_identify(src/my_first_pkg) by extension 'ros'
[0.535s] DEBUG:colcon.colcon_core.package_identification:Package 'src/my_first_pkg' with type 'ros.ament_cmake' and name 'my_first_pkg'
[0.535s] Level 1:colcon.colcon_core.package_identification:_identify(src/teleop_agv_keyboard) by extensions ['ignore', 'ignore_ament_install']
[0.535s] Level 1:colcon.colcon_core.package_identification:_identify(src/teleop_agv_keyboard) by extension 'ignore'
[0.535s] Level 1:colcon.colcon_core.package_identification:_identify(src/teleop_agv_keyboard) by extension 'ignore_ament_install'
[0.535s] Level 1:colcon.colcon_core.package_identification:_identify(src/teleop_agv_keyboard) by extensions ['colcon_pkg']
[0.535s] Level 1:colcon.colcon_core.package_identification:_identify(src/teleop_agv_keyboard) by extension 'colcon_pkg'
[0.535s] Level 1:colcon.colcon_core.package_identification:_identify(src/teleop_agv_keyboard) by extensions ['colcon_meta']
[0.535s] Level 1:colcon.colcon_core.package_identification:_identify(src/teleop_agv_keyboard) by extension 'colcon_meta'
[0.536s] Level 1:colcon.colcon_core.package_identification:_identify(src/teleop_agv_keyboard) by extensions ['ros']
[0.536s] Level 1:colcon.colcon_core.package_identification:_identify(src/teleop_agv_keyboard) by extension 'ros'
[0.538s] DEBUG:colcon.colcon_core.package_identification:Package 'src/teleop_agv_keyboard' with type 'ros.ament_python' and name 'teleop_agv_keyboard'
[0.538s] Level 1:colcon.colcon_core.package_discovery:discover_packages(recursive) using defaults
[0.538s] Level 1:colcon.colcon_core.package_discovery:discover_packages(ignore) discover
[0.538s] Level 1:colcon.colcon_core.package_discovery:discover_packages(ignore) using defaults
[0.538s] Level 1:colcon.colcon_core.package_discovery:discover_packages(path) discover
[0.538s] Level 1:colcon.colcon_core.package_discovery:discover_packages(path) using defaults
[0.582s] Level 1:colcon.colcon_core.package_discovery:discover_packages(prefix_path) check parameters
[0.583s] Level 1:colcon.colcon_core.package_discovery:discover_packages(prefix_path) discover
[0.586s] DEBUG:colcon.colcon_installed_package_information.package_discovery:Found 2 installed packages in /home/vboxuser/Desktop/ROS2Humble/basic_ws/install
[0.586s] DEBUG:colcon.colcon_installed_package_information.package_discovery:Found 1 installed packages in /home/vboxuser/Desktop/ROS2Humble/ros2_ws/install
[0.587s] DEBUG:colcon.colcon_installed_package_information.package_discovery:Found 2 installed packages in /home/vboxuser/Desktop/ROS2Humble/urdf_ws/install
[0.588s] DEBUG:colcon.colcon_installed_package_information.package_discovery:Found 276 installed packages in /opt/ros/humble
[0.590s] Level 1:colcon.colcon_core.package_discovery:discover_packages(prefix_path) using defaults
[0.633s] Level 5:colcon.colcon_core.verb:set package 'my_first_pkg' build argument 'cmake_args' from command line to 'None'
[0.633s] Level 5:colcon.colcon_core.verb:set package 'my_first_pkg' build argument 'cmake_target' from command line to 'None'
[0.633s] Level 5:colcon.colcon_core.verb:set package 'my_first_pkg' build argument 'cmake_target_skip_unavailable' from command line to 'False'
[0.633s] Level 5:colcon.colcon_core.verb:set package 'my_first_pkg' build argument 'cmake_clean_cache' from command line to 'False'
[0.633s] Level 5:colcon.colcon_core.verb:set package 'my_first_pkg' build argument 'cmake_clean_first' from command line to 'False'
[0.633s] Level 5:colcon.colcon_core.verb:set package 'my_first_pkg' build argument 'cmake_force_configure' from command line to 'False'
[0.633s] Level 5:colcon.colcon_core.verb:set package 'my_first_pkg' build argument 'ament_cmake_args' from command line to 'None'
[0.633s] Level 5:colcon.colcon_core.verb:set package 'my_first_pkg' build argument 'catkin_cmake_args' from command line to 'None'
[0.633s] Level 5:colcon.colcon_core.verb:set package 'my_first_pkg' build argument 'catkin_skip_building_tests' from command line to 'False'
[0.633s] DEBUG:colcon.colcon_core.verb:Building package 'my_first_pkg' with the following arguments: {'ament_cmake_args': None, 'build_base': '/home/vboxuser/Desktop/ROS2Humble/urdf_ws/build/my_first_pkg', 'catkin_cmake_args': None, 'catkin_skip_building_tests': False, 'cmake_args': None, 'cmake_clean_cache': False, 'cmake_clean_first': False, 'cmake_force_configure': False, 'cmake_target': None, 'cmake_target_skip_unavailable': False, 'install_base': '/home/vboxuser/Desktop/ROS2Humble/urdf_ws/install/my_first_pkg', 'merge_install': False, 'path': '/home/vboxuser/Desktop/ROS2Humble/urdf_ws/src/my_first_pkg', 'symlink_install': False, 'test_result_base': None}
[0.633s] Level 5:colcon.colcon_core.verb:set package 'teleop_agv_keyboard' build argument 'cmake_args' from command line to 'None'
[0.633s] Level 5:colcon.colcon_core.verb:set package 'teleop_agv_keyboard' build argument 'cmake_target' from command line to 'None'
[0.633s] Level 5:colcon.colcon_core.verb:set package 'teleop_agv_keyboard' build argument 'cmake_target_skip_unavailable' from command line to 'False'
[0.633s] Level 5:colcon.colcon_core.verb:set package 'teleop_agv_keyboard' build argument 'cmake_clean_cache' from command line to 'False'
[0.633s] Level 5:colcon.colcon_core.verb:set package 'teleop_agv_keyboard' build argument 'cmake_clean_first' from command line to 'False'
[0.634s] Level 5:colcon.colcon_core.verb:set package 'teleop_agv_keyboard' build argument 'cmake_force_configure' from command line to 'False'
[0.634s] Level 5:colcon.colcon_core.verb:set package 'teleop_agv_keyboard' build argument 'ament_cmake_args' from command line to 'None'
[0.634s] Level 5:colcon.colcon_core.verb:set package 'teleop_agv_keyboard' build argument 'catkin_cmake_args' from command line to 'None'
[0.634s] Level 5:colcon.colcon_core.verb:set package 'teleop_agv_keyboard' build argument 'catkin_skip_building_tests' from command line to 'False'
[0.634s] DEBUG:colcon.colcon_core.verb:Building package 'teleop_agv_keyboard' with the following arguments: {'ament_cmake_args': None, 'build_base': '/home/vboxuser/Desktop/ROS2Humble/urdf_ws/build/teleop_agv_keyboard', 'catkin_cmake_args': None, 'catkin_skip_building_tests': False, 'cmake_args': None, 'cmake_clean_cache': False, 'cmake_clean_first': False, 'cmake_force_configure': False, 'cmake_target': None, 'cmake_target_skip_unavailable': False, 'install_base': '/home/vboxuser/Desktop/ROS2Humble/urdf_ws/install/teleop_agv_keyboard', 'merge_install': False, 'path': '/home/vboxuser/Desktop/ROS2Humble/urdf_ws/src/teleop_agv_keyboard', 'symlink_install': False, 'test_result_base': None}
[0.634s] INFO:colcon.colcon_core.executor:Executing jobs using 'parallel' executor
[0.636s] DEBUG:colcon.colcon_parallel_executor.executor.parallel:run_until_complete
[0.637s] INFO:colcon.colcon_ros.task.ament_cmake.build:Building ROS package in '/home/vboxuser/Desktop/ROS2Humble/urdf_ws/src/my_first_pkg' with build type 'ament_cmake'
[0.637s] INFO:colcon.colcon_cmake.task.cmake.build:Building CMake package in '/home/vboxuser/Desktop/ROS2Humble/urdf_ws/src/my_first_pkg'
[0.658s] INFO:colcon.colcon_core.plugin_system:Skipping extension 'colcon_core.shell.bat': Not used on non-Windows systems
[0.660s] INFO:colcon.colcon_core.shell:Skip shell extension 'powershell' for command environment: Not usable outside of PowerShell
[0.664s] DEBUG:colcon.colcon_core.shell:Skip shell extension 'dsv' for command environment
[0.766s] INFO:colcon.colcon_ros.task.ament_python.build:Building ROS package in '/home/vboxuser/Desktop/ROS2Humble/urdf_ws/src/teleop_agv_keyboard' with build type 'ament_python'
[0.769s] Level 1:colcon.colcon_core.shell:create_environment_hook('teleop_agv_keyboard', 'ament_prefix_path')
[0.774s] INFO:colcon.colcon_core.shell:Creating environment hook '/home/vboxuser/Desktop/ROS2Humble/urdf_ws/install/teleop_agv_keyboard/share/teleop_agv_keyboard/hook/ament_prefix_path.ps1'
[0.779s] INFO:colcon.colcon_core.shell:Creating environment descriptor '/home/vboxuser/Desktop/ROS2Humble/urdf_ws/install/teleop_agv_keyboard/share/teleop_agv_keyboard/hook/ament_prefix_path.dsv'
[0.785s] INFO:colcon.colcon_core.shell:Creating environment hook '/home/vboxuser/Desktop/ROS2Humble/urdf_ws/install/teleop_agv_keyboard/share/teleop_agv_keyboard/hook/ament_prefix_path.sh'
[0.793s] INFO:colcon.colcon_core.shell:Skip shell extension 'powershell' for command environment: Not usable outside of PowerShell
[0.795s] DEBUG:colcon.colcon_core.shell:Skip shell extension 'dsv' for command environment
[0.890s] DEBUG:colcon.colcon_core.event_handler.log_command:Invoking command in '/home/vboxuser/Desktop/ROS2Humble/urdf_ws/build/my_first_pkg': CMAKE_PREFIX_PATH=${CMAKE_PREFIX_PATH}:/home/vboxuser/Desktop/ROS2Humble/basic_ws/install/pubsub:/home/vboxuser/Desktop/ROS2Humble/ros2_ws/install/my_robot_controller:/home/vboxuser/Desktop/ROS2Humble/urdf_ws/install/teleop_agv_keyboard:/opt/ros/humble /usr/bin/cmake --build /home/vboxuser/Desktop/ROS2Humble/urdf_ws/build/my_first_pkg -- -j7 -l7
[1.252s] INFO:colcon.colcon_core.task.python.build:Building Python package in '/home/vboxuser/Desktop/ROS2Humble/urdf_ws/src/teleop_agv_keyboard'
[1.253s] INFO:colcon.colcon_core.shell:Skip shell extension 'powershell' for command environment: Not usable outside of PowerShell
[1.253s] DEBUG:colcon.colcon_core.shell:Skip shell extension 'dsv' for command environment
[1.344s] DEBUG:colcon.colcon_core.event_handler.log_command:Invoked command in '/home/vboxuser/Desktop/ROS2Humble/urdf_ws/build/my_first_pkg' returned '0': CMAKE_PREFIX_PATH=${CMAKE_PREFIX_PATH}:/home/vboxuser/Desktop/ROS2Humble/basic_ws/install/pubsub:/home/vboxuser/Desktop/ROS2Humble/ros2_ws/install/my_robot_controller:/home/vboxuser/Desktop/ROS2Humble/urdf_ws/install/teleop_agv_keyboard:/opt/ros/humble /usr/bin/cmake --build /home/vboxuser/Desktop/ROS2Humble/urdf_ws/build/my_first_pkg -- -j7 -l7
[1.577s] DEBUG:colcon.colcon_core.event_handler.log_command:Invoking command in '/home/vboxuser/Desktop/ROS2Humble/urdf_ws/build/my_first_pkg': CMAKE_PREFIX_PATH=${CMAKE_PREFIX_PATH}:/home/vboxuser/Desktop/ROS2Humble/basic_ws/install/pubsub:/home/vboxuser/Desktop/ROS2Humble/ros2_ws/install/my_robot_controller:/home/vboxuser/Desktop/ROS2Humble/urdf_ws/install/teleop_agv_keyboard:/opt/ros/humble /usr/bin/cmake --install /home/vboxuser/Desktop/ROS2Humble/urdf_ws/build/my_first_pkg
[1.705s] Level 1:colcon.colcon_core.environment:create_environment_scripts_only(my_first_pkg)
[1.706s] DEBUG:colcon.colcon_core.event_handler.log_command:Invoked command in '/home/vboxuser/Desktop/ROS2Humble/urdf_ws/build/my_first_pkg' returned '0': CMAKE_PREFIX_PATH=${CMAKE_PREFIX_PATH}:/home/vboxuser/Desktop/ROS2Humble/basic_ws/install/pubsub:/home/vboxuser/Desktop/ROS2Humble/ros2_ws/install/my_robot_controller:/home/vboxuser/Desktop/ROS2Humble/urdf_ws/install/teleop_agv_keyboard:/opt/ros/humble /usr/bin/cmake --install /home/vboxuser/Desktop/ROS2Humble/urdf_ws/build/my_first_pkg
[1.714s] Level 1:colcon.colcon_core.environment:checking '/home/vboxuser/Desktop/ROS2Humble/urdf_ws/install/my_first_pkg' for CMake module files
[1.715s] Level 1:colcon.colcon_core.environment:checking '/home/vboxuser/Desktop/ROS2Humble/urdf_ws/install/my_first_pkg' for CMake config files
[1.716s] Level 1:colcon.colcon_core.shell:create_environment_hook('my_first_pkg', 'cmake_prefix_path')
[1.717s] INFO:colcon.colcon_core.shell:Creating environment hook '/home/vboxuser/Desktop/ROS2Humble/urdf_ws/install/my_first_pkg/share/my_first_pkg/hook/cmake_prefix_path.ps1'
[1.723s] INFO:colcon.colcon_core.shell:Creating environment descriptor '/home/vboxuser/Desktop/ROS2Humble/urdf_ws/install/my_first_pkg/share/my_first_pkg/hook/cmake_prefix_path.dsv'
[1.739s] INFO:colcon.colcon_core.shell:Creating environment hook '/home/vboxuser/Desktop/ROS2Humble/urdf_ws/install/my_first_pkg/share/my_first_pkg/hook/cmake_prefix_path.sh'
[1.771s] Level 1:colcon.colcon_core.environment:checking '/home/vboxuser/Desktop/ROS2Humble/urdf_ws/install/my_first_pkg/lib'
[1.773s] Level 1:colcon.colcon_core.environment:checking '/home/vboxuser/Desktop/ROS2Humble/urdf_ws/install/my_first_pkg/bin'
[1.773s] Level 1:colcon.colcon_core.environment:checking '/home/vboxuser/Desktop/ROS2Humble/urdf_ws/install/my_first_pkg/lib/pkgconfig/my_first_pkg.pc'
[1.775s] Level 1:colcon.colcon_core.environment:checking '/home/vboxuser/Desktop/ROS2Humble/urdf_ws/install/my_first_pkg/lib/python3.10/site-packages'
[1.775s] Level 1:colcon.colcon_core.environment:checking '/home/vboxuser/Desktop/ROS2Humble/urdf_ws/install/my_first_pkg/bin'
[1.778s] INFO:colcon.colcon_core.shell:Creating package script '/home/vboxuser/Desktop/ROS2Humble/urdf_ws/install/my_first_pkg/share/my_first_pkg/package.ps1'
[1.786s] INFO:colcon.colcon_core.shell:Creating package descriptor '/home/vboxuser/Desktop/ROS2Humble/urdf_ws/install/my_first_pkg/share/my_first_pkg/package.dsv'
[1.794s] INFO:colcon.colcon_core.shell:Creating package script '/home/vboxuser/Desktop/ROS2Humble/urdf_ws/install/my_first_pkg/share/my_first_pkg/package.sh'
[1.803s] INFO:colcon.colcon_core.shell:Creating package script '/home/vboxuser/Desktop/ROS2Humble/urdf_ws/install/my_first_pkg/share/my_first_pkg/package.bash'
[1.812s] INFO:colcon.colcon_core.shell:Creating package script '/home/vboxuser/Desktop/ROS2Humble/urdf_ws/install/my_first_pkg/share/my_first_pkg/package.zsh'
[1.819s] Level 1:colcon.colcon_core.environment:create_file_with_runtime_dependencies(/home/vboxuser/Desktop/ROS2Humble/urdf_ws/install/my_first_pkg/share/colcon-core/packages/my_first_pkg)
[1.822s] Level 1:colcon.colcon_core.environment:create_environment_scripts_only(my_first_pkg)
[1.823s] Level 1:colcon.colcon_core.environment:checking '/home/vboxuser/Desktop/ROS2Humble/urdf_ws/install/my_first_pkg' for CMake module files
[1.824s] Level 1:colcon.colcon_core.environment:checking '/home/vboxuser/Desktop/ROS2Humble/urdf_ws/install/my_first_pkg' for CMake config files
[1.825s] Level 1:colcon.colcon_core.shell:create_environment_hook('my_first_pkg', 'cmake_prefix_path')
[1.826s] INFO:colcon.colcon_core.shell:Creating environment hook '/home/vboxuser/Desktop/ROS2Humble/urdf_ws/install/my_first_pkg/share/my_first_pkg/hook/cmake_prefix_path.ps1'
[1.832s] INFO:colcon.colcon_core.shell:Creating environment descriptor '/home/vboxuser/Desktop/ROS2Humble/urdf_ws/install/my_first_pkg/share/my_first_pkg/hook/cmake_prefix_path.dsv'
[1.849s] INFO:colcon.colcon_core.shell:Creating environment hook '/home/vboxuser/Desktop/ROS2Humble/urdf_ws/install/my_first_pkg/share/my_first_pkg/hook/cmake_prefix_path.sh'
[1.869s] Level 1:colcon.colcon_core.environment:checking '/home/vboxuser/Desktop/ROS2Humble/urdf_ws/install/my_first_pkg/lib'
[1.870s] Level 1:colcon.colcon_core.environment:checking '/home/vboxuser/Desktop/ROS2Humble/urdf_ws/install/my_first_pkg/bin'
[1.871s] Level 1:colcon.colcon_core.environment:checking '/home/vboxuser/Desktop/ROS2Humble/urdf_ws/install/my_first_pkg/lib/pkgconfig/my_first_pkg.pc'
[1.872s] Level 1:colcon.colcon_core.environment:checking '/home/vboxuser/Desktop/ROS2Humble/urdf_ws/install/my_first_pkg/lib/python3.10/site-packages'
[1.872s] Level 1:colcon.colcon_core.environment:checking '/home/vboxuser/Desktop/ROS2Humble/urdf_ws/install/my_first_pkg/bin'
[1.874s] INFO:colcon.colcon_core.shell:Creating package script '/home/vboxuser/Desktop/ROS2Humble/urdf_ws/install/my_first_pkg/share/my_first_pkg/package.ps1'
[1.877s] INFO:colcon.colcon_core.shell:Creating package descriptor '/home/vboxuser/Desktop/ROS2Humble/urdf_ws/install/my_first_pkg/share/my_first_pkg/package.dsv'
[1.880s] INFO:colcon.colcon_core.shell:Creating package script '/home/vboxuser/Desktop/ROS2Humble/urdf_ws/install/my_first_pkg/share/my_first_pkg/package.sh'
[1.885s] INFO:colcon.colcon_core.shell:Creating package script '/home/vboxuser/Desktop/ROS2Humble/urdf_ws/install/my_first_pkg/share/my_first_pkg/package.bash'
[1.893s] INFO:colcon.colcon_core.shell:Creating package script '/home/vboxuser/Desktop/ROS2Humble/urdf_ws/install/my_first_pkg/share/my_first_pkg/package.zsh'
[1.906s] Level 1:colcon.colcon_core.environment:create_file_with_runtime_dependencies(/home/vboxuser/Desktop/ROS2Humble/urdf_ws/install/my_first_pkg/share/colcon-core/packages/my_first_pkg)
[2.711s] DEBUG:colcon.colcon_core.event_handler.log_command:Invoking command in '/home/vboxuser/Desktop/ROS2Humble/urdf_ws/src/teleop_agv_keyboard': PYTHONPATH=/home/vboxuser/Desktop/ROS2Humble/urdf_ws/build/teleop_agv_keyboard/prefix_override:/usr/lib/python3/dist-packages/colcon_core/task/python/colcon_distutils_commands:/home/vboxuser/Desktop/ROS2Humble/urdf_ws/install/teleop_agv_keyboard/lib/python3.10/site-packages:${PYTHONPATH} /usr/bin/python3 -W ignore:setup.py install is deprecated -W ignore:easy_install command is deprecated setup.py egg_info --egg-base ../../build/teleop_agv_keyboard build --build-base /home/vboxuser/Desktop/ROS2Humble/urdf_ws/build/teleop_agv_keyboard/build install --record /home/vboxuser/Desktop/ROS2Humble/urdf_ws/build/teleop_agv_keyboard/install.log --single-version-externally-managed install_data
[3.394s] Level 1:colcon.colcon_core.environment:checking '/home/vboxuser/Desktop/ROS2Humble/urdf_ws/install/teleop_agv_keyboard' for CMake module files
[3.395s] Level 1:colcon.colcon_core.environment:checking '/home/vboxuser/Desktop/ROS2Humble/urdf_ws/install/teleop_agv_keyboard' for CMake config files
[3.397s] Level 1:colcon.colcon_core.environment:checking '/home/vboxuser/Desktop/ROS2Humble/urdf_ws/install/teleop_agv_keyboard/lib'
[3.397s] Level 1:colcon.colcon_core.environment:checking '/home/vboxuser/Desktop/ROS2Humble/urdf_ws/install/teleop_agv_keyboard/bin'
[3.397s] Level 1:colcon.colcon_core.environment:checking '/home/vboxuser/Desktop/ROS2Humble/urdf_ws/install/teleop_agv_keyboard/lib/pkgconfig/teleop_agv_keyboard.pc'
[3.397s] Level 1:colcon.colcon_core.environment:checking '/home/vboxuser/Desktop/ROS2Humble/urdf_ws/install/teleop_agv_keyboard/lib/python3.10/site-packages'
[3.402s] DEBUG:colcon.colcon_core.event_handler.log_command:Invoked command in '/home/vboxuser/Desktop/ROS2Humble/urdf_ws/src/teleop_agv_keyboard' returned '0': PYTHONPATH=/home/vboxuser/Desktop/ROS2Humble/urdf_ws/build/teleop_agv_keyboard/prefix_override:/usr/lib/python3/dist-packages/colcon_core/task/python/colcon_distutils_commands:/home/vboxuser/Desktop/ROS2Humble/urdf_ws/install/teleop_agv_keyboard/lib/python3.10/site-packages:${PYTHONPATH} /usr/bin/python3 -W ignore:setup.py install is deprecated -W ignore:easy_install command is deprecated setup.py egg_info --egg-base ../../build/teleop_agv_keyboard build --build-base /home/vboxuser/Desktop/ROS2Humble/urdf_ws/build/teleop_agv_keyboard/build install --record /home/vboxuser/Desktop/ROS2Humble/urdf_ws/build/teleop_agv_keyboard/install.log --single-version-externally-managed install_data
[3.417s] Level 1:colcon.colcon_core.shell:create_environment_hook('teleop_agv_keyboard', 'pythonpath')
[3.435s] INFO:colcon.colcon_core.shell:Creating environment hook '/home/vboxuser/Desktop/ROS2Humble/urdf_ws/install/teleop_agv_keyboard/share/teleop_agv_keyboard/hook/pythonpath.ps1'
[3.504s] INFO:colcon.colcon_core.shell:Creating environment descriptor '/home/vboxuser/Desktop/ROS2Humble/urdf_ws/install/teleop_agv_keyboard/share/teleop_agv_keyboard/hook/pythonpath.dsv'
[3.509s] INFO:colcon.colcon_core.shell:Creating environment hook '/home/vboxuser/Desktop/ROS2Humble/urdf_ws/install/teleop_agv_keyboard/share/teleop_agv_keyboard/hook/pythonpath.sh'
[3.511s] Level 1:colcon.colcon_core.environment:checking '/home/vboxuser/Desktop/ROS2Humble/urdf_ws/install/teleop_agv_keyboard/bin'
[3.511s] Level 1:colcon.colcon_core.environment:create_environment_scripts_only(teleop_agv_keyboard)
[3.512s] INFO:colcon.colcon_core.shell:Creating package script '/home/vboxuser/Desktop/ROS2Humble/urdf_ws/install/teleop_agv_keyboard/share/teleop_agv_keyboard/package.ps1'
[3.514s] INFO:colcon.colcon_core.shell:Creating package descriptor '/home/vboxuser/Desktop/ROS2Humble/urdf_ws/install/teleop_agv_keyboard/share/teleop_agv_keyboard/package.dsv'
[3.515s] INFO:colcon.colcon_core.shell:Creating package script '/home/vboxuser/Desktop/ROS2Humble/urdf_ws/install/teleop_agv_keyboard/share/teleop_agv_keyboard/package.sh'
[3.516s] INFO:colcon.colcon_core.shell:Creating package script '/home/vboxuser/Desktop/ROS2Humble/urdf_ws/install/teleop_agv_keyboard/share/teleop_agv_keyboard/package.bash'
[3.517s] INFO:colcon.colcon_core.shell:Creating package script '/home/vboxuser/Desktop/ROS2Humble/urdf_ws/install/teleop_agv_keyboard/share/teleop_agv_keyboard/package.zsh'
[3.517s] Level 1:colcon.colcon_core.environment:create_file_with_runtime_dependencies(/home/vboxuser/Desktop/ROS2Humble/urdf_ws/install/teleop_agv_keyboard/share/colcon-core/packages/teleop_agv_keyboard)
[3.518s] DEBUG:colcon.colcon_parallel_executor.executor.parallel:closing loop
[3.520s] DEBUG:colcon.colcon_parallel_executor.executor.parallel:loop closed
[3.522s] DEBUG:colcon.colcon_parallel_executor.executor.parallel:run_until_complete finished with '0'
[3.523s] DEBUG:colcon.colcon_core.event_reactor:joining thread
[3.545s] INFO:colcon.colcon_core.plugin_system:Skipping extension 'colcon_notification.desktop_notification.terminal_notifier': Not used on non-Darwin systems
[3.545s] INFO:colcon.colcon_core.plugin_system:Skipping extension 'colcon_notification.desktop_notification.win32': Not used on non-Windows systems
[3.545s] INFO:colcon.colcon_notification.desktop_notification:Sending desktop notification using 'notify2'
[3.580s] DEBUG:colcon.colcon_core.event_reactor:joined thread
[3.581s] INFO:colcon.colcon_core.shell:Creating prefix script '/home/vboxuser/Desktop/ROS2Humble/urdf_ws/install/local_setup.ps1'
[3.583s] INFO:colcon.colcon_core.shell:Creating prefix util module '/home/vboxuser/Desktop/ROS2Humble/urdf_ws/install/_local_setup_util_ps1.py'
[3.585s] INFO:colcon.colcon_core.shell:Creating prefix chain script '/home/vboxuser/Desktop/ROS2Humble/urdf_ws/install/setup.ps1'
[3.589s] INFO:colcon.colcon_core.shell:Creating prefix script '/home/vboxuser/Desktop/ROS2Humble/urdf_ws/install/local_setup.sh'
[3.592s] INFO:colcon.colcon_core.shell:Creating prefix util module '/home/vboxuser/Desktop/ROS2Humble/urdf_ws/install/_local_setup_util_sh.py'
[3.602s] INFO:colcon.colcon_core.shell:Creating prefix chain script '/home/vboxuser/Desktop/ROS2Humble/urdf_ws/install/setup.sh'
[3.634s] INFO:colcon.colcon_core.shell:Creating prefix script '/home/vboxuser/Desktop/ROS2Humble/urdf_ws/install/local_setup.bash'
[3.646s] INFO:colcon.colcon_core.shell:Creating prefix chain script '/home/vboxuser/Desktop/ROS2Humble/urdf_ws/install/setup.bash'
[3.665s] INFO:colcon.colcon_core.shell:Creating prefix script '/home/vboxuser/Desktop/ROS2Humble/urdf_ws/install/local_setup.zsh'
[3.687s] INFO:colcon.colcon_core.shell:Creating prefix chain script '/home/vboxuser/Desktop/ROS2Humble/urdf_ws/install/setup.zsh'
