[0.535s] Invoking command in '/home/navaneeth/Documents/course/Practice_programs/ROS2/turtle_nav_ws/src/ROS2-Autonomous-Driving-and-Navigation-SLAM-with-TurtleBot3/autonomous_tb3': PYTHONPATH=/home/navaneeth/Documents/course/Practice_programs/ROS2/turtle_nav_ws/build/autonomous_tb3/prefix_override:/home/navaneeth/Documents/course/Practice_programs/ROS2/turtle_nav_ws/install/autonomous_tb3/lib/python3.10/site-packages:${PYTHONPATH} /usr/bin/python3 setup.py egg_info --egg-base ../../../build/autonomous_tb3 build --build-base /home/navaneeth/Documents/course/Practice_programs/ROS2/turtle_nav_ws/build/autonomous_tb3/build install --record /home/navaneeth/Documents/course/Practice_programs/ROS2/turtle_nav_ws/build/autonomous_tb3/install.log --single-version-externally-managed
[0.704s] running egg_info
[0.704s] creating ../../../build/autonomous_tb3/autonomous_tb3.egg-info
[0.704s] writing ../../../build/autonomous_tb3/autonomous_tb3.egg-info/PKG-INFO
[0.704s] writing dependency_links to ../../../build/autonomous_tb3/autonomous_tb3.egg-info/dependency_links.txt
[0.704s] writing entry points to ../../../build/autonomous_tb3/autonomous_tb3.egg-info/entry_points.txt
[0.705s] writing requirements to ../../../build/autonomous_tb3/autonomous_tb3.egg-info/requires.txt
[0.705s] writing top-level names to ../../../build/autonomous_tb3/autonomous_tb3.egg-info/top_level.txt
[0.705s] writing manifest file '../../../build/autonomous_tb3/autonomous_tb3.egg-info/SOURCES.txt'
[0.706s] reading manifest file '../../../build/autonomous_tb3/autonomous_tb3.egg-info/SOURCES.txt'
[0.707s] writing manifest file '../../../build/autonomous_tb3/autonomous_tb3.egg-info/SOURCES.txt'
[0.707s] running build
[0.707s] running build_py
[0.707s] creating /home/navaneeth/Documents/course/Practice_programs/ROS2/turtle_nav_ws/build/autonomous_tb3/build
[0.707s] creating /home/navaneeth/Documents/course/Practice_programs/ROS2/turtle_nav_ws/build/autonomous_tb3/build/lib
[0.707s] creating /home/navaneeth/Documents/course/Practice_programs/ROS2/turtle_nav_ws/build/autonomous_tb3/build/lib/autonomous_tb3
[0.707s] copying autonomous_tb3/__init__.py -> /home/navaneeth/Documents/course/Practice_programs/ROS2/turtle_nav_ws/build/autonomous_tb3/build/lib/autonomous_tb3
[0.707s] copying autonomous_tb3/occupancy_grid_pub.py -> /home/navaneeth/Documents/course/Practice_programs/ROS2/turtle_nav_ws/build/autonomous_tb3/build/lib/autonomous_tb3
[0.707s] copying autonomous_tb3/hotel_waiter_multi_button.py -> /home/navaneeth/Documents/course/Practice_programs/ROS2/turtle_nav_ws/build/autonomous_tb3/build/lib/autonomous_tb3
[0.707s] copying autonomous_tb3/maze_solver.py -> /home/navaneeth/Documents/course/Practice_programs/ROS2/turtle_nav_ws/build/autonomous_tb3/build/lib/autonomous_tb3
[0.708s] copying autonomous_tb3/hotel_waiter_single_goal.py -> /home/navaneeth/Documents/course/Practice_programs/ROS2/turtle_nav_ws/build/autonomous_tb3/build/lib/autonomous_tb3
[0.708s] copying autonomous_tb3/spawn_entity.py -> /home/navaneeth/Documents/course/Practice_programs/ROS2/turtle_nav_ws/build/autonomous_tb3/build/lib/autonomous_tb3
[0.708s] /usr/lib/python3/dist-packages/setuptools/command/install.py:34: SetuptoolsDeprecationWarning: setup.py install is deprecated. Use build and pip and other standards-based tools.
[0.708s]   warnings.warn(
[0.708s] running install
[0.708s] running install_lib
[0.708s] creating /home/navaneeth/Documents/course/Practice_programs/ROS2/turtle_nav_ws/install/autonomous_tb3/lib/python3.10/site-packages/autonomous_tb3
[0.708s] copying /home/navaneeth/Documents/course/Practice_programs/ROS2/turtle_nav_ws/build/autonomous_tb3/build/lib/autonomous_tb3/__init__.py -> /home/navaneeth/Documents/course/Practice_programs/ROS2/turtle_nav_ws/install/autonomous_tb3/lib/python3.10/site-packages/autonomous_tb3
[0.708s] copying /home/navaneeth/Documents/course/Practice_programs/ROS2/turtle_nav_ws/build/autonomous_tb3/build/lib/autonomous_tb3/occupancy_grid_pub.py -> /home/navaneeth/Documents/course/Practice_programs/ROS2/turtle_nav_ws/install/autonomous_tb3/lib/python3.10/site-packages/autonomous_tb3
[0.708s] copying /home/navaneeth/Documents/course/Practice_programs/ROS2/turtle_nav_ws/build/autonomous_tb3/build/lib/autonomous_tb3/hotel_waiter_multi_button.py -> /home/navaneeth/Documents/course/Practice_programs/ROS2/turtle_nav_ws/install/autonomous_tb3/lib/python3.10/site-packages/autonomous_tb3
[0.709s] copying /home/navaneeth/Documents/course/Practice_programs/ROS2/turtle_nav_ws/build/autonomous_tb3/build/lib/autonomous_tb3/maze_solver.py -> /home/navaneeth/Documents/course/Practice_programs/ROS2/turtle_nav_ws/install/autonomous_tb3/lib/python3.10/site-packages/autonomous_tb3
[0.709s] copying /home/navaneeth/Documents/course/Practice_programs/ROS2/turtle_nav_ws/build/autonomous_tb3/build/lib/autonomous_tb3/hotel_waiter_single_goal.py -> /home/navaneeth/Documents/course/Practice_programs/ROS2/turtle_nav_ws/install/autonomous_tb3/lib/python3.10/site-packages/autonomous_tb3
[0.709s] copying /home/navaneeth/Documents/course/Practice_programs/ROS2/turtle_nav_ws/build/autonomous_tb3/build/lib/autonomous_tb3/spawn_entity.py -> /home/navaneeth/Documents/course/Practice_programs/ROS2/turtle_nav_ws/install/autonomous_tb3/lib/python3.10/site-packages/autonomous_tb3
[0.709s] byte-compiling /home/navaneeth/Documents/course/Practice_programs/ROS2/turtle_nav_ws/install/autonomous_tb3/lib/python3.10/site-packages/autonomous_tb3/__init__.py to __init__.cpython-310.pyc
[0.709s] byte-compiling /home/navaneeth/Documents/course/Practice_programs/ROS2/turtle_nav_ws/install/autonomous_tb3/lib/python3.10/site-packages/autonomous_tb3/occupancy_grid_pub.py to occupancy_grid_pub.cpython-310.pyc
[0.709s] byte-compiling /home/navaneeth/Documents/course/Practice_programs/ROS2/turtle_nav_ws/install/autonomous_tb3/lib/python3.10/site-packages/autonomous_tb3/hotel_waiter_multi_button.py to hotel_waiter_multi_button.cpython-310.pyc
[0.709s] byte-compiling /home/navaneeth/Documents/course/Practice_programs/ROS2/turtle_nav_ws/install/autonomous_tb3/lib/python3.10/site-packages/autonomous_tb3/maze_solver.py to maze_solver.cpython-310.pyc
[0.710s] byte-compiling /home/navaneeth/Documents/course/Practice_programs/ROS2/turtle_nav_ws/install/autonomous_tb3/lib/python3.10/site-packages/autonomous_tb3/hotel_waiter_single_goal.py to hotel_waiter_single_goal.cpython-310.pyc
[0.710s] byte-compiling /home/navaneeth/Documents/course/Practice_programs/ROS2/turtle_nav_ws/install/autonomous_tb3/lib/python3.10/site-packages/autonomous_tb3/spawn_entity.py to spawn_entity.cpython-310.pyc
[0.710s] running install_data
[0.711s] creating /home/navaneeth/Documents/course/Practice_programs/ROS2/turtle_nav_ws/install/autonomous_tb3/share/ament_index
[0.711s] creating /home/navaneeth/Documents/course/Practice_programs/ROS2/turtle_nav_ws/install/autonomous_tb3/share/ament_index/resource_index
[0.711s] creating /home/navaneeth/Documents/course/Practice_programs/ROS2/turtle_nav_ws/install/autonomous_tb3/share/ament_index/resource_index/packages
[0.711s] copying resource/autonomous_tb3 -> /home/navaneeth/Documents/course/Practice_programs/ROS2/turtle_nav_ws/install/autonomous_tb3/share/ament_index/resource_index/packages
[0.711s] copying package.xml -> /home/navaneeth/Documents/course/Practice_programs/ROS2/turtle_nav_ws/install/autonomous_tb3/share/autonomous_tb3
[0.711s] creating /home/navaneeth/Documents/course/Practice_programs/ROS2/turtle_nav_ws/install/autonomous_tb3/share/autonomous_tb3/launch
[0.711s] copying launch/maze_navigation.launch.py -> /home/navaneeth/Documents/course/Practice_programs/ROS2/turtle_nav_ws/install/autonomous_tb3/share/autonomous_tb3/launch
[0.711s] copying launch/hotel_waiter.launch.py -> /home/navaneeth/Documents/course/Practice_programs/ROS2/turtle_nav_ws/install/autonomous_tb3/share/autonomous_tb3/launch
[0.712s] copying launch/tb3_world_navigation.launch.py -> /home/navaneeth/Documents/course/Practice_programs/ROS2/turtle_nav_ws/install/autonomous_tb3/share/autonomous_tb3/launch
[0.712s] copying launch/mapping.launch.py -> /home/navaneeth/Documents/course/Practice_programs/ROS2/turtle_nav_ws/install/autonomous_tb3/share/autonomous_tb3/launch
[0.712s] creating /home/navaneeth/Documents/course/Practice_programs/ROS2/turtle_nav_ws/install/autonomous_tb3/share/autonomous_tb3/config
[0.712s] copying config/maze.yaml -> /home/navaneeth/Documents/course/Practice_programs/ROS2/turtle_nav_ws/install/autonomous_tb3/share/autonomous_tb3/config
[0.712s] copying config/tb3_nav.rviz -> /home/navaneeth/Documents/course/Practice_programs/ROS2/turtle_nav_ws/install/autonomous_tb3/share/autonomous_tb3/config
[0.712s] copying config/maze.pgm -> /home/navaneeth/Documents/course/Practice_programs/ROS2/turtle_nav_ws/install/autonomous_tb3/share/autonomous_tb3/config
[0.712s] copying config/hotel_map.yaml -> /home/navaneeth/Documents/course/Practice_programs/ROS2/turtle_nav_ws/install/autonomous_tb3/share/autonomous_tb3/config
[0.712s] copying config/tb3_world.yaml -> /home/navaneeth/Documents/course/Practice_programs/ROS2/turtle_nav_ws/install/autonomous_tb3/share/autonomous_tb3/config
[0.713s] copying config/tb3_nav_params.yaml -> /home/navaneeth/Documents/course/Practice_programs/ROS2/turtle_nav_ws/install/autonomous_tb3/share/autonomous_tb3/config
[0.713s] copying config/tb3_cartographer.lua -> /home/navaneeth/Documents/course/Practice_programs/ROS2/turtle_nav_ws/install/autonomous_tb3/share/autonomous_tb3/config
[0.713s] copying config/mapping.rviz -> /home/navaneeth/Documents/course/Practice_programs/ROS2/turtle_nav_ws/install/autonomous_tb3/share/autonomous_tb3/config
[0.713s] copying config/hotel_map.pgm -> /home/navaneeth/Documents/course/Practice_programs/ROS2/turtle_nav_ws/install/autonomous_tb3/share/autonomous_tb3/config
[0.713s] copying config/tb3_world.pgm -> /home/navaneeth/Documents/course/Practice_programs/ROS2/turtle_nav_ws/install/autonomous_tb3/share/autonomous_tb3/config
[0.713s] creating /home/navaneeth/Documents/course/Practice_programs/ROS2/turtle_nav_ws/install/autonomous_tb3/share/autonomous_tb3/world
[0.713s] creating /home/navaneeth/Documents/course/Practice_programs/ROS2/turtle_nav_ws/install/autonomous_tb3/share/autonomous_tb3/world/maze
[0.713s] copying world/maze/model.sdf -> /home/navaneeth/Documents/course/Practice_programs/ROS2/turtle_nav_ws/install/autonomous_tb3/share/autonomous_tb3/world/maze
[0.713s] copying world/maze/model.config -> /home/navaneeth/Documents/course/Practice_programs/ROS2/turtle_nav_ws/install/autonomous_tb3/share/autonomous_tb3/world/maze
[0.713s] creating /home/navaneeth/Documents/course/Practice_programs/ROS2/turtle_nav_ws/install/autonomous_tb3/share/autonomous_tb3/models
[0.714s] creating /home/navaneeth/Documents/course/Practice_programs/ROS2/turtle_nav_ws/install/autonomous_tb3/share/autonomous_tb3/models/actor
[0.714s] copying models/actor/model.sdf -> /home/navaneeth/Documents/course/Practice_programs/ROS2/turtle_nav_ws/install/autonomous_tb3/share/autonomous_tb3/models/actor
[0.714s] copying models/actor/model.config -> /home/navaneeth/Documents/course/Practice_programs/ROS2/turtle_nav_ws/install/autonomous_tb3/share/autonomous_tb3/models/actor
[0.714s] creating /home/navaneeth/Documents/course/Practice_programs/ROS2/turtle_nav_ws/install/autonomous_tb3/share/autonomous_tb3/models/table
[0.714s] copying models/table/model-1_3.sdf -> /home/navaneeth/Documents/course/Practice_programs/ROS2/turtle_nav_ws/install/autonomous_tb3/share/autonomous_tb3/models/table
[0.714s] copying models/table/model-1_2.sdf -> /home/navaneeth/Documents/course/Practice_programs/ROS2/turtle_nav_ws/install/autonomous_tb3/share/autonomous_tb3/models/table
[0.714s] copying models/table/model-1_4.sdf -> /home/navaneeth/Documents/course/Practice_programs/ROS2/turtle_nav_ws/install/autonomous_tb3/share/autonomous_tb3/models/table
[0.714s] copying models/table/model.sdf -> /home/navaneeth/Documents/course/Practice_programs/ROS2/turtle_nav_ws/install/autonomous_tb3/share/autonomous_tb3/models/table
[0.714s] copying models/table/model.config -> /home/navaneeth/Documents/course/Practice_programs/ROS2/turtle_nav_ws/install/autonomous_tb3/share/autonomous_tb3/models/table
[0.714s] creating /home/navaneeth/Documents/course/Practice_programs/ROS2/turtle_nav_ws/install/autonomous_tb3/share/autonomous_tb3/models/beer
[0.715s] copying models/beer/model-1_4.sdf -> /home/navaneeth/Documents/course/Practice_programs/ROS2/turtle_nav_ws/install/autonomous_tb3/share/autonomous_tb3/models/beer
[0.715s] copying models/beer/model.sdf -> /home/navaneeth/Documents/course/Practice_programs/ROS2/turtle_nav_ws/install/autonomous_tb3/share/autonomous_tb3/models/beer
[0.715s] copying models/beer/model.config -> /home/navaneeth/Documents/course/Practice_programs/ROS2/turtle_nav_ws/install/autonomous_tb3/share/autonomous_tb3/models/beer
[0.715s] creating /home/navaneeth/Documents/course/Practice_programs/ROS2/turtle_nav_ws/install/autonomous_tb3/share/autonomous_tb3/models/beer/scripts
[0.715s] creating /home/navaneeth/Documents/course/Practice_programs/ROS2/turtle_nav_ws/install/autonomous_tb3/share/autonomous_tb3/models/beer/texutres
[0.715s] running install_egg_info
[0.715s] Copying ../../../build/autonomous_tb3/autonomous_tb3.egg-info to /home/navaneeth/Documents/course/Practice_programs/ROS2/turtle_nav_ws/install/autonomous_tb3/lib/python3.10/site-packages/autonomous_tb3-0.0.0-py3.10.egg-info
[0.715s] running install_scripts
[0.728s] Installing autonomous_waiter script to /home/navaneeth/Documents/course/Practice_programs/ROS2/turtle_nav_ws/install/autonomous_tb3/lib/autonomous_tb3
[0.728s] Installing autonomous_waiter_lite script to /home/navaneeth/Documents/course/Practice_programs/ROS2/turtle_nav_ws/install/autonomous_tb3/lib/autonomous_tb3
[0.728s] Installing maze_solver script to /home/navaneeth/Documents/course/Practice_programs/ROS2/turtle_nav_ws/install/autonomous_tb3/lib/autonomous_tb3
[0.728s] Installing occupancy_grid_pub script to /home/navaneeth/Documents/course/Practice_programs/ROS2/turtle_nav_ws/install/autonomous_tb3/lib/autonomous_tb3
[0.728s] Installing sdf_spawner script to /home/navaneeth/Documents/course/Practice_programs/ROS2/turtle_nav_ws/install/autonomous_tb3/lib/autonomous_tb3
[0.728s] writing list of installed files to '/home/navaneeth/Documents/course/Practice_programs/ROS2/turtle_nav_ws/build/autonomous_tb3/install.log'
[0.744s] Invoked command in '/home/navaneeth/Documents/course/Practice_programs/ROS2/turtle_nav_ws/src/ROS2-Autonomous-Driving-and-Navigation-SLAM-with-TurtleBot3/autonomous_tb3' returned '0': PYTHONPATH=/home/navaneeth/Documents/course/Practice_programs/ROS2/turtle_nav_ws/build/autonomous_tb3/prefix_override:/home/navaneeth/Documents/course/Practice_programs/ROS2/turtle_nav_ws/install/autonomous_tb3/lib/python3.10/site-packages:${PYTHONPATH} /usr/bin/python3 setup.py egg_info --egg-base ../../../build/autonomous_tb3 build --build-base /home/navaneeth/Documents/course/Practice_programs/ROS2/turtle_nav_ws/build/autonomous_tb3/build install --record /home/navaneeth/Documents/course/Practice_programs/ROS2/turtle_nav_ws/build/autonomous_tb3/install.log --single-version-externally-managed
