[5.288s] Invoking command in '/home/vboxuser/Desktop/ROS2Humble/urdf_ws/src/teleop_agv_keyboard': PYTHONPATH=/home/vboxuser/Desktop/ROS2Humble/urdf_ws/build/teleop_agv_keyboard/prefix_override:/usr/lib/python3/dist-packages/colcon_core/task/python/colcon_distutils_commands:/home/vboxuser/Desktop/ROS2Humble/urdf_ws/install/teleop_agv_keyboard/lib/python3.10/site-packages:${PYTHONPATH} /usr/bin/python3 -W ignore:setup.py install is deprecated -W ignore:easy_install command is deprecated setup.py egg_info --egg-base ../../build/teleop_agv_keyboard build --build-base /home/vboxuser/Desktop/ROS2Humble/urdf_ws/build/teleop_agv_keyboard/build install --record /home/vboxuser/Desktop/ROS2Humble/urdf_ws/build/teleop_agv_keyboard/install.log --single-version-externally-managed install_data
[7.825s] running egg_info
[7.882s] creating ../../build/teleop_agv_keyboard/teleop_agv_keyboard.egg-info
[7.882s] writing ../../build/teleop_agv_keyboard/teleop_agv_keyboard.egg-info/PKG-INFO
[7.884s] writing dependency_links to ../../build/teleop_agv_keyboard/teleop_agv_keyboard.egg-info/dependency_links.txt
[7.884s] writing entry points to ../../build/teleop_agv_keyboard/teleop_agv_keyboard.egg-info/entry_points.txt
[7.884s] writing requirements to ../../build/teleop_agv_keyboard/teleop_agv_keyboard.egg-info/requires.txt
[7.884s] writing top-level names to ../../build/teleop_agv_keyboard/teleop_agv_keyboard.egg-info/top_level.txt
[7.884s] writing manifest file '../../build/teleop_agv_keyboard/teleop_agv_keyboard.egg-info/SOURCES.txt'
[7.900s] reading manifest file '../../build/teleop_agv_keyboard/teleop_agv_keyboard.egg-info/SOURCES.txt'
[7.900s] writing manifest file '../../build/teleop_agv_keyboard/teleop_agv_keyboard.egg-info/SOURCES.txt'
[7.900s] running build
[7.900s] running build_py
[7.901s] creating /home/vboxuser/Desktop/ROS2Humble/urdf_ws/build/teleop_agv_keyboard/build
[7.901s] creating /home/vboxuser/Desktop/ROS2Humble/urdf_ws/build/teleop_agv_keyboard/build/lib
[7.901s] copying teleop_agv_keyboard.py -> /home/vboxuser/Desktop/ROS2Humble/urdf_ws/build/teleop_agv_keyboard/build/lib
[7.901s] running install
[7.901s] running install_lib
[7.902s] copying /home/vboxuser/Desktop/ROS2Humble/urdf_ws/build/teleop_agv_keyboard/build/lib/teleop_agv_keyboard.py -> /home/vboxuser/Desktop/ROS2Humble/urdf_ws/install/teleop_agv_keyboard/lib/python3.10/site-packages
[7.916s] byte-compiling /home/vboxuser/Desktop/ROS2Humble/urdf_ws/install/teleop_agv_keyboard/lib/python3.10/site-packages/teleop_agv_keyboard.py to teleop_agv_keyboard.cpython-310.pyc
[7.916s] running install_data
[7.916s] creating /home/vboxuser/Desktop/ROS2Humble/urdf_ws/install/teleop_agv_keyboard/share/ament_index
[7.916s] creating /home/vboxuser/Desktop/ROS2Humble/urdf_ws/install/teleop_agv_keyboard/share/ament_index/resource_index
[7.917s] creating /home/vboxuser/Desktop/ROS2Humble/urdf_ws/install/teleop_agv_keyboard/share/ament_index/resource_index/packages
[7.917s] copying resource/teleop_agv_keyboard -> /home/vboxuser/Desktop/ROS2Humble/urdf_ws/install/teleop_agv_keyboard/share/ament_index/resource_index/packages
[7.917s] copying package.xml -> /home/vboxuser/Desktop/ROS2Humble/urdf_ws/install/teleop_agv_keyboard/share/teleop_agv_keyboard
[7.917s] running install_egg_info
[7.955s] Copying ../../build/teleop_agv_keyboard/teleop_agv_keyboard.egg-info to /home/vboxuser/Desktop/ROS2Humble/urdf_ws/install/teleop_agv_keyboard/lib/python3.10/site-packages/teleop_agv_keyboard-2.3.2-py3.10.egg-info
[8.038s] running install_scripts
[8.266s] Installing teleop_agv_keyboard script to /home/vboxuser/Desktop/ROS2Humble/urdf_ws/install/teleop_agv_keyboard/lib/teleop_agv_keyboard
[8.266s] writing list of installed files to '/home/vboxuser/Desktop/ROS2Humble/urdf_ws/build/teleop_agv_keyboard/install.log'
[8.637s] Invoked command in '/home/vboxuser/Desktop/ROS2Humble/urdf_ws/src/teleop_agv_keyboard' returned '0': PYTHONPATH=/home/vboxuser/Desktop/ROS2Humble/urdf_ws/build/teleop_agv_keyboard/prefix_override:/usr/lib/python3/dist-packages/colcon_core/task/python/colcon_distutils_commands:/home/vboxuser/Desktop/ROS2Humble/urdf_ws/install/teleop_agv_keyboard/lib/python3.10/site-packages:${PYTHONPATH} /usr/bin/python3 -W ignore:setup.py install is deprecated -W ignore:easy_install command is deprecated setup.py egg_info --egg-base ../../build/teleop_agv_keyboard build --build-base /home/vboxuser/Desktop/ROS2Humble/urdf_ws/build/teleop_agv_keyboard/build install --record /home/vboxuser/Desktop/ROS2Humble/urdf_ws/build/teleop_agv_keyboard/install.log --single-version-externally-managed install_data
