[0.325s] Invoking command in '/home/vboxuser/Desktop/ROS2Humble/turtlebot3_ws/build/turtlebot3_navigation2': CMAKE_PREFIX_PATH=${CMAKE_PREFIX_PATH}:/home/vboxuser/Desktop/ROS2Humble/basic_ws/install/pubsub:/home/vboxuser/Desktop/ROS2Humble/ros2_ws/install/my_robot_controller:/home/vboxuser/Desktop/ROS2Humble/urdf_ws/install/teleop_agv_keyboard:/opt/ros/humble /usr/bin/cmake --build /home/vboxuser/Desktop/ROS2Humble/turtlebot3_ws/build/turtlebot3_navigation2 -- -j7 -l7
[0.999s] Invoked command in '/home/vboxuser/Desktop/ROS2Humble/turtlebot3_ws/build/turtlebot3_navigation2' returned '0': CMAKE_PREFIX_PATH=${CMAKE_PREFIX_PATH}:/home/vboxuser/Desktop/ROS2Humble/basic_ws/install/pubsub:/home/vboxuser/Desktop/ROS2Humble/ros2_ws/install/my_robot_controller:/home/vboxuser/Desktop/ROS2Humble/urdf_ws/install/teleop_agv_keyboard:/opt/ros/humble /usr/bin/cmake --build /home/vboxuser/Desktop/ROS2Humble/turtlebot3_ws/build/turtlebot3_navigation2 -- -j7 -l7
[1.015s] Invoking command in '/home/vboxuser/Desktop/ROS2Humble/turtlebot3_ws/build/turtlebot3_navigation2': CMAKE_PREFIX_PATH=${CMAKE_PREFIX_PATH}:/home/vboxuser/Desktop/ROS2Humble/basic_ws/install/pubsub:/home/vboxuser/Desktop/ROS2Humble/ros2_ws/install/my_robot_controller:/home/vboxuser/Desktop/ROS2Humble/urdf_ws/install/teleop_agv_keyboard:/opt/ros/humble /usr/bin/cmake --install /home/vboxuser/Desktop/ROS2Humble/turtlebot3_ws/build/turtlebot3_navigation2
[1.068s] -- Install configuration: ""
[1.068s] -- Up-to-date: /home/vboxuser/Desktop/ROS2Humble/turtlebot3_ws/install/turtlebot3_navigation2/share/turtlebot3_navigation2/launch
[1.074s] -- Up-to-date: /home/vboxuser/Desktop/ROS2Humble/turtlebot3_ws/install/turtlebot3_navigation2/share/turtlebot3_navigation2/launch/navigation2.launch.py
[1.074s] -- Up-to-date: /home/vboxuser/Desktop/ROS2Humble/turtlebot3_ws/install/turtlebot3_navigation2/share/turtlebot3_navigation2/map
[1.074s] -- Up-to-date: /home/vboxuser/Desktop/ROS2Humble/turtlebot3_ws/install/turtlebot3_navigation2/share/turtlebot3_navigation2/map/map.yaml
[1.074s] -- Up-to-date: /home/vboxuser/Desktop/ROS2Humble/turtlebot3_ws/install/turtlebot3_navigation2/share/turtlebot3_navigation2/map/map.pgm
[1.074s] -- Up-to-date: /home/vboxuser/Desktop/ROS2Humble/turtlebot3_ws/install/turtlebot3_navigation2/share/turtlebot3_navigation2/param
[1.081s] -- Up-to-date: /home/vboxuser/Desktop/ROS2Humble/turtlebot3_ws/install/turtlebot3_navigation2/share/turtlebot3_navigation2/param/burger.yaml
[1.081s] -- Up-to-date: /home/vboxuser/Desktop/ROS2Humble/turtlebot3_ws/install/turtlebot3_navigation2/share/turtlebot3_navigation2/param/waffle_pi.yaml
[1.081s] -- Up-to-date: /home/vboxuser/Desktop/ROS2Humble/turtlebot3_ws/install/turtlebot3_navigation2/share/turtlebot3_navigation2/param/waffle.yaml
[1.081s] -- Up-to-date: /home/vboxuser/Desktop/ROS2Humble/turtlebot3_ws/install/turtlebot3_navigation2/share/turtlebot3_navigation2/rviz
[1.095s] -- Up-to-date: /home/vboxuser/Desktop/ROS2Humble/turtlebot3_ws/install/turtlebot3_navigation2/share/turtlebot3_navigation2/rviz/tb3_navigation2.rviz
[1.101s] -- Up-to-date: /home/vboxuser/Desktop/ROS2Humble/turtlebot3_ws/install/turtlebot3_navigation2/share/ament_index/resource_index/package_run_dependencies/turtlebot3_navigation2
[1.115s] -- Up-to-date: /home/vboxuser/Desktop/ROS2Humble/turtlebot3_ws/install/turtlebot3_navigation2/share/ament_index/resource_index/parent_prefix_path/turtlebot3_navigation2
[1.120s] -- Up-to-date: /home/vboxuser/Desktop/ROS2Humble/turtlebot3_ws/install/turtlebot3_navigation2/share/turtlebot3_navigation2/environment/ament_prefix_path.sh
[1.120s] -- Up-to-date: /home/vboxuser/Desktop/ROS2Humble/turtlebot3_ws/install/turtlebot3_navigation2/share/turtlebot3_navigation2/environment/ament_prefix_path.dsv
[1.120s] -- Up-to-date: /home/vboxuser/Desktop/ROS2Humble/turtlebot3_ws/install/turtlebot3_navigation2/share/turtlebot3_navigation2/environment/path.sh
[1.121s] -- Up-to-date: /home/vboxuser/Desktop/ROS2Humble/turtlebot3_ws/install/turtlebot3_navigation2/share/turtlebot3_navigation2/environment/path.dsv
[1.121s] -- Up-to-date: /home/vboxuser/Desktop/ROS2Humble/turtlebot3_ws/install/turtlebot3_navigation2/share/turtlebot3_navigation2/local_setup.bash
[1.123s] -- Up-to-date: /home/vboxuser/Desktop/ROS2Humble/turtlebot3_ws/install/turtlebot3_navigation2/share/turtlebot3_navigation2/local_setup.sh
[1.145s] -- Up-to-date: /home/vboxuser/Desktop/ROS2Humble/turtlebot3_ws/install/turtlebot3_navigation2/share/turtlebot3_navigation2/local_setup.zsh
[1.150s] -- Up-to-date: /home/vboxuser/Desktop/ROS2Humble/turtlebot3_ws/install/turtlebot3_navigation2/share/turtlebot3_navigation2/local_setup.dsv
[1.192s] -- Installing: /home/vboxuser/Desktop/ROS2Humble/turtlebot3_ws/install/turtlebot3_navigation2/share/turtlebot3_navigation2/package.dsv
[1.217s] -- Up-to-date: /home/vboxuser/Desktop/ROS2Humble/turtlebot3_ws/install/turtlebot3_navigation2/share/ament_index/resource_index/packages/turtlebot3_navigation2
[1.225s] -- Up-to-date: /home/vboxuser/Desktop/ROS2Humble/turtlebot3_ws/install/turtlebot3_navigation2/share/turtlebot3_navigation2/cmake/turtlebot3_navigation2Config.cmake
[1.225s] -- Up-to-date: /home/vboxuser/Desktop/ROS2Humble/turtlebot3_ws/install/turtlebot3_navigation2/share/turtlebot3_navigation2/cmake/turtlebot3_navigation2Config-version.cmake
[1.226s] -- Up-to-date: /home/vboxuser/Desktop/ROS2Humble/turtlebot3_ws/install/turtlebot3_navigation2/share/turtlebot3_navigation2/package.xml
[1.229s] Invoked command in '/home/vboxuser/Desktop/ROS2Humble/turtlebot3_ws/build/turtlebot3_navigation2' returned '0': CMAKE_PREFIX_PATH=${CMAKE_PREFIX_PATH}:/home/vboxuser/Desktop/ROS2Humble/basic_ws/install/pubsub:/home/vboxuser/Desktop/ROS2Humble/ros2_ws/install/my_robot_controller:/home/vboxuser/Desktop/ROS2Humble/urdf_ws/install/teleop_agv_keyboard:/opt/ros/humble /usr/bin/cmake --install /home/vboxuser/Desktop/ROS2Humble/turtlebot3_ws/build/turtlebot3_navigation2
