[0.382s] Invoking command in '/home/vboxuser/Desktop/ROS2Humble/turtlebot3_ws/build/turtlebot3_description': CMAKE_PREFIX_PATH=${CMAKE_PREFIX_PATH}:/home/vboxuser/Desktop/ROS2Humble/basic_ws/install/pubsub:/home/vboxuser/Desktop/ROS2Humble/ros2_ws/install/my_robot_controller:/home/vboxuser/Desktop/ROS2Humble/urdf_ws/install/teleop_agv_keyboard:/opt/ros/humble /usr/bin/cmake --build /home/vboxuser/Desktop/ROS2Humble/turtlebot3_ws/build/turtlebot3_description -- -j7 -l7
[1.267s] Invoked command in '/home/vboxuser/Desktop/ROS2Humble/turtlebot3_ws/build/turtlebot3_description' returned '0': CMAKE_PREFIX_PATH=${CMAKE_PREFIX_PATH}:/home/vboxuser/Desktop/ROS2Humble/basic_ws/install/pubsub:/home/vboxuser/Desktop/ROS2Humble/ros2_ws/install/my_robot_controller:/home/vboxuser/Desktop/ROS2Humble/urdf_ws/install/teleop_agv_keyboard:/opt/ros/humble /usr/bin/cmake --build /home/vboxuser/Desktop/ROS2Humble/turtlebot3_ws/build/turtlebot3_description -- -j7 -l7
[1.309s] Invoking command in '/home/vboxuser/Desktop/ROS2Humble/turtlebot3_ws/build/turtlebot3_description': CMAKE_PREFIX_PATH=${CMAKE_PREFIX_PATH}:/home/vboxuser/Desktop/ROS2Humble/basic_ws/install/pubsub:/home/vboxuser/Desktop/ROS2Humble/ros2_ws/install/my_robot_controller:/home/vboxuser/Desktop/ROS2Humble/urdf_ws/install/teleop_agv_keyboard:/opt/ros/humble /usr/bin/cmake --install /home/vboxuser/Desktop/ROS2Humble/turtlebot3_ws/build/turtlebot3_description
[1.405s] -- Install configuration: ""
[1.405s] -- Up-to-date: /home/vboxuser/Desktop/ROS2Humble/turtlebot3_ws/install/turtlebot3_description/share/turtlebot3_description/meshes
[1.405s] -- Up-to-date: /home/vboxuser/Desktop/ROS2Humble/turtlebot3_ws/install/turtlebot3_description/share/turtlebot3_description/meshes/bases
[1.405s] -- Up-to-date: /home/vboxuser/Desktop/ROS2Humble/turtlebot3_ws/install/turtlebot3_description/share/turtlebot3_description/meshes/bases/burger_base.stl
[1.405s] -- Up-to-date: /home/vboxuser/Desktop/ROS2Humble/turtlebot3_ws/install/turtlebot3_description/share/turtlebot3_description/meshes/bases/waffle_pi_base.stl
[1.405s] -- Up-to-date: /home/vboxuser/Desktop/ROS2Humble/turtlebot3_ws/install/turtlebot3_description/share/turtlebot3_description/meshes/bases/waffle_base.stl
[1.405s] -- Up-to-date: /home/vboxuser/Desktop/ROS2Humble/turtlebot3_ws/install/turtlebot3_description/share/turtlebot3_description/meshes/sensors
[1.406s] -- Up-to-date: /home/vboxuser/Desktop/ROS2Humble/turtlebot3_ws/install/turtlebot3_description/share/turtlebot3_description/meshes/sensors/lds.stl
[1.406s] -- Up-to-date: /home/vboxuser/Desktop/ROS2Humble/turtlebot3_ws/install/turtlebot3_description/share/turtlebot3_description/meshes/sensors/astra.dae
[1.406s] -- Up-to-date: /home/vboxuser/Desktop/ROS2Humble/turtlebot3_ws/install/turtlebot3_description/share/turtlebot3_description/meshes/sensors/r200.jpg
[1.407s] -- Up-to-date: /home/vboxuser/Desktop/ROS2Humble/turtlebot3_ws/install/turtlebot3_description/share/turtlebot3_description/meshes/sensors/r200.dae
[1.407s] -- Up-to-date: /home/vboxuser/Desktop/ROS2Humble/turtlebot3_ws/install/turtlebot3_description/share/turtlebot3_description/meshes/sensors/astra.jpg
[1.407s] -- Up-to-date: /home/vboxuser/Desktop/ROS2Humble/turtlebot3_ws/install/turtlebot3_description/share/turtlebot3_description/meshes/wheels
[1.407s] -- Up-to-date: /home/vboxuser/Desktop/ROS2Humble/turtlebot3_ws/install/turtlebot3_description/share/turtlebot3_description/meshes/wheels/right_tire.stl
[1.407s] -- Up-to-date: /home/vboxuser/Desktop/ROS2Humble/turtlebot3_ws/install/turtlebot3_description/share/turtlebot3_description/meshes/wheels/left_tire.stl
[1.409s] -- Up-to-date: /home/vboxuser/Desktop/ROS2Humble/turtlebot3_ws/install/turtlebot3_description/share/turtlebot3_description/rviz
[1.426s] -- Up-to-date: /home/vboxuser/Desktop/ROS2Humble/turtlebot3_ws/install/turtlebot3_description/share/turtlebot3_description/rviz/model.rviz
[1.428s] -- Up-to-date: /home/vboxuser/Desktop/ROS2Humble/turtlebot3_ws/install/turtlebot3_description/share/turtlebot3_description/urdf
[1.428s] -- Up-to-date: /home/vboxuser/Desktop/ROS2Humble/turtlebot3_ws/install/turtlebot3_description/share/turtlebot3_description/urdf/turtlebot3_waffle.urdf
[1.428s] -- Up-to-date: /home/vboxuser/Desktop/ROS2Humble/turtlebot3_ws/install/turtlebot3_description/share/turtlebot3_description/urdf/common_properties.urdf
[1.429s] -- Up-to-date: /home/vboxuser/Desktop/ROS2Humble/turtlebot3_ws/install/turtlebot3_description/share/turtlebot3_description/urdf/turtlebot3_burger.urdf
[1.429s] -- Up-to-date: /home/vboxuser/Desktop/ROS2Humble/turtlebot3_ws/install/turtlebot3_description/share/turtlebot3_description/urdf/turtlebot3_waffle_pi.urdf
[1.445s] -- Up-to-date: /home/vboxuser/Desktop/ROS2Humble/turtlebot3_ws/install/turtlebot3_description/share/ament_index/resource_index/package_run_dependencies/turtlebot3_description
[1.467s] -- Up-to-date: /home/vboxuser/Desktop/ROS2Humble/turtlebot3_ws/install/turtlebot3_description/share/ament_index/resource_index/parent_prefix_path/turtlebot3_description
[1.467s] -- Up-to-date: /home/vboxuser/Desktop/ROS2Humble/turtlebot3_ws/install/turtlebot3_description/share/turtlebot3_description/environment/ament_prefix_path.sh
[1.468s] -- Up-to-date: /home/vboxuser/Desktop/ROS2Humble/turtlebot3_ws/install/turtlebot3_description/share/turtlebot3_description/environment/ament_prefix_path.dsv
[1.468s] -- Up-to-date: /home/vboxuser/Desktop/ROS2Humble/turtlebot3_ws/install/turtlebot3_description/share/turtlebot3_description/environment/path.sh
[1.468s] -- Up-to-date: /home/vboxuser/Desktop/ROS2Humble/turtlebot3_ws/install/turtlebot3_description/share/turtlebot3_description/environment/path.dsv
[1.468s] -- Up-to-date: /home/vboxuser/Desktop/ROS2Humble/turtlebot3_ws/install/turtlebot3_description/share/turtlebot3_description/local_setup.bash
[1.468s] -- Up-to-date: /home/vboxuser/Desktop/ROS2Humble/turtlebot3_ws/install/turtlebot3_description/share/turtlebot3_description/local_setup.sh
[1.468s] -- Up-to-date: /home/vboxuser/Desktop/ROS2Humble/turtlebot3_ws/install/turtlebot3_description/share/turtlebot3_description/local_setup.zsh
[1.468s] -- Up-to-date: /home/vboxuser/Desktop/ROS2Humble/turtlebot3_ws/install/turtlebot3_description/share/turtlebot3_description/local_setup.dsv
[1.468s] -- Installing: /home/vboxuser/Desktop/ROS2Humble/turtlebot3_ws/install/turtlebot3_description/share/turtlebot3_description/package.dsv
[1.468s] -- Up-to-date: /home/vboxuser/Desktop/ROS2Humble/turtlebot3_ws/install/turtlebot3_description/share/ament_index/resource_index/packages/turtlebot3_description
[1.468s] -- Up-to-date: /home/vboxuser/Desktop/ROS2Humble/turtlebot3_ws/install/turtlebot3_description/share/turtlebot3_description/cmake/turtlebot3_descriptionConfig.cmake
[1.468s] -- Up-to-date: /home/vboxuser/Desktop/ROS2Humble/turtlebot3_ws/install/turtlebot3_description/share/turtlebot3_description/cmake/turtlebot3_descriptionConfig-version.cmake
[1.469s] -- Up-to-date: /home/vboxuser/Desktop/ROS2Humble/turtlebot3_ws/install/turtlebot3_description/share/turtlebot3_description/package.xml
[2.137s] Invoked command in '/home/vboxuser/Desktop/ROS2Humble/turtlebot3_ws/build/turtlebot3_description' returned '0': CMAKE_PREFIX_PATH=${CMAKE_PREFIX_PATH}:/home/vboxuser/Desktop/ROS2Humble/basic_ws/install/pubsub:/home/vboxuser/Desktop/ROS2Humble/ros2_ws/install/my_robot_controller:/home/vboxuser/Desktop/ROS2Humble/urdf_ws/install/teleop_agv_keyboard:/opt/ros/humble /usr/bin/cmake --install /home/vboxuser/Desktop/ROS2Humble/turtlebot3_ws/build/turtlebot3_description
