[0.488s] Invoking command in '/home/navaneeth/Documents/course/opencv/object_detection_in_gazebo_ros2_ws/build/yolobot_description': CMAKE_PREFIX_PATH=${CMAKE_PREFIX_PATH}:/home/navaneeth/Documents/course/opencv/object_detection_in_gazebo_ros2_ws/install/teleop_agv_keyboard:/opt/ros/humble /usr/bin/cmake --build /home/navaneeth/Documents/course/opencv/object_detection_in_gazebo_ros2_ws/build/yolobot_description -- -j16 -l16
[0.527s] Invoked command in '/home/navaneeth/Documents/course/opencv/object_detection_in_gazebo_ros2_ws/build/yolobot_description' returned '0': CMAKE_PREFIX_PATH=${CMAKE_PREFIX_PATH}:/home/navaneeth/Documents/course/opencv/object_detection_in_gazebo_ros2_ws/install/teleop_agv_keyboard:/opt/ros/humble /usr/bin/cmake --build /home/navaneeth/Documents/course/opencv/object_detection_in_gazebo_ros2_ws/build/yolobot_description -- -j16 -l16
[0.559s] Invoking command in '/home/navaneeth/Documents/course/opencv/object_detection_in_gazebo_ros2_ws/build/yolobot_description': CMAKE_PREFIX_PATH=${CMAKE_PREFIX_PATH}:/home/navaneeth/Documents/course/opencv/object_detection_in_gazebo_ros2_ws/install/teleop_agv_keyboard:/opt/ros/humble /usr/bin/cmake --install /home/navaneeth/Documents/course/opencv/object_detection_in_gazebo_ros2_ws/build/yolobot_description
[0.565s] -- Install configuration: ""
[0.566s] -- Up-to-date: /home/navaneeth/Documents/course/opencv/object_detection_in_gazebo_ros2_ws/install/yolobot_description/share/yolobot_description//launch
[0.566s] -- Up-to-date: /home/navaneeth/Documents/course/opencv/object_detection_in_gazebo_ros2_ws/install/yolobot_description/share/yolobot_description//launch/spawn_yolobot.py
[0.566s] -- Up-to-date: /home/navaneeth/Documents/course/opencv/object_detection_in_gazebo_ros2_ws/install/yolobot_description/share/yolobot_description//launch/spawn_yolobot_launch.launch.py
[0.567s] -- Up-to-date: /home/navaneeth/Documents/course/opencv/object_detection_in_gazebo_ros2_ws/install/yolobot_description/share/yolobot_description//robot
[0.567s] -- Up-to-date: /home/navaneeth/Documents/course/opencv/object_detection_in_gazebo_ros2_ws/install/yolobot_description/share/yolobot_description//robot/yolobot.urdf
[0.567s] -- Up-to-date: /home/navaneeth/Documents/course/opencv/object_detection_in_gazebo_ros2_ws/install/yolobot_description/lib/yolobot_description/spawn_yolobot.py
[0.567s] -- Up-to-date: /home/navaneeth/Documents/course/opencv/object_detection_in_gazebo_ros2_ws/install/yolobot_description/share/ament_index/resource_index/package_run_dependencies/yolobot_description
[0.567s] -- Up-to-date: /home/navaneeth/Documents/course/opencv/object_detection_in_gazebo_ros2_ws/install/yolobot_description/share/ament_index/resource_index/parent_prefix_path/yolobot_description
[0.567s] -- Up-to-date: /home/navaneeth/Documents/course/opencv/object_detection_in_gazebo_ros2_ws/install/yolobot_description/share/yolobot_description/environment/ament_prefix_path.sh
[0.567s] -- Up-to-date: /home/navaneeth/Documents/course/opencv/object_detection_in_gazebo_ros2_ws/install/yolobot_description/share/yolobot_description/environment/ament_prefix_path.dsv
[0.567s] -- Up-to-date: /home/navaneeth/Documents/course/opencv/object_detection_in_gazebo_ros2_ws/install/yolobot_description/share/yolobot_description/environment/path.sh
[0.567s] -- Up-to-date: /home/navaneeth/Documents/course/opencv/object_detection_in_gazebo_ros2_ws/install/yolobot_description/share/yolobot_description/environment/path.dsv
[0.567s] -- Up-to-date: /home/navaneeth/Documents/course/opencv/object_detection_in_gazebo_ros2_ws/install/yolobot_description/share/yolobot_description/local_setup.bash
[0.567s] -- Up-to-date: /home/navaneeth/Documents/course/opencv/object_detection_in_gazebo_ros2_ws/install/yolobot_description/share/yolobot_description/local_setup.sh
[0.567s] -- Up-to-date: /home/navaneeth/Documents/course/opencv/object_detection_in_gazebo_ros2_ws/install/yolobot_description/share/yolobot_description/local_setup.zsh
[0.567s] -- Up-to-date: /home/navaneeth/Documents/course/opencv/object_detection_in_gazebo_ros2_ws/install/yolobot_description/share/yolobot_description/local_setup.dsv
[0.568s] -- Up-to-date: /home/navaneeth/Documents/course/opencv/object_detection_in_gazebo_ros2_ws/install/yolobot_description/share/yolobot_description/package.dsv
[0.568s] -- Up-to-date: /home/navaneeth/Documents/course/opencv/object_detection_in_gazebo_ros2_ws/install/yolobot_description/share/ament_index/resource_index/packages/yolobot_description
[0.568s] -- Up-to-date: /home/navaneeth/Documents/course/opencv/object_detection_in_gazebo_ros2_ws/install/yolobot_description/share/yolobot_description/cmake/yolobot_descriptionConfig.cmake
[0.568s] -- Up-to-date: /home/navaneeth/Documents/course/opencv/object_detection_in_gazebo_ros2_ws/install/yolobot_description/share/yolobot_description/cmake/yolobot_descriptionConfig-version.cmake
[0.568s] -- Up-to-date: /home/navaneeth/Documents/course/opencv/object_detection_in_gazebo_ros2_ws/install/yolobot_description/share/yolobot_description/package.xml
[0.579s] Invoked command in '/home/navaneeth/Documents/course/opencv/object_detection_in_gazebo_ros2_ws/build/yolobot_description' returned '0': CMAKE_PREFIX_PATH=${CMAKE_PREFIX_PATH}:/home/navaneeth/Documents/course/opencv/object_detection_in_gazebo_ros2_ws/install/teleop_agv_keyboard:/opt/ros/humble /usr/bin/cmake --install /home/navaneeth/Documents/course/opencv/object_detection_in_gazebo_ros2_ws/build/yolobot_description
